#
# A fatal error has been detected by the Java Runtime Environment:
#
#  SIGSEGV (0xb) at pc=0x00007f0398c0e9d2, pid=16402, tid=16403
#
# JRE version: OpenJDK Runtime Environment (11.0.3+1) (build 11.0.3+1-Debian-1)
# Java VM: OpenJDK 64-Bit Server VM (11.0.3+1-Debian-1, mixed mode, sharing, tiered, compressed oops, g1 gc, linux-amd64)
# Problematic frame:
# C  [libtesseract.so.4.0.0+0x27c9d2]  ERRCODE::error(char const*, TessErrorLogCode, char const*, ...) const+0x1c2
#
# No core dump will be written. Core dumps have been disabled. To enable core dumping, try "ulimit -c unlimited" before starting Java again
#
# If you would like to submit a bug report, please visit:
#   http://bugreport.java.com/bugreport/crash.jsp
# The crash happened outside the Java Virtual Machine in native code.
# See problematic frame for where to report the bug.
#

---------------  S U M M A R Y ------------

Command Line: -agentlib:jdwp=transport=dt_socket,server=n,suspend=y,address=localhost:34329 -Dfile.encoding=UTF-8 com.recognizer.Recognizer

Host: Intel(R) Core(TM) i7-8550U CPU @ 1.80GHz, 8 cores, 11G, Kali GNU/Linux Rolling
Time: Sat Apr  6 16:59:44 2019 KST elapsed time: 0 seconds (0d 0h 0m 0s)

---------------  T H R E A D  ---------------

Current thread (0x00007f03c4012800):  JavaThread "main" [_thread_in_native, id=16403, stack(0x00007f03c986a000,0x00007f03c996b000)]

Stack: [0x00007f03c986a000,0x00007f03c996b000],  sp=0x00007f03c9968410,  free space=1017k
Native frames: (J=compiled Java code, A=aot compiled Java code, j=interpreted, Vv=VM code, C=native code)
C  [libtesseract.so.4.0.0+0x27c9d2]  ERRCODE::error(char const*, TessErrorLogCode, char const*, ...) const+0x1c2

Java frames: (J=compiled Java code, j=interpreted, Vv=VM code)
j  com.sun.jna.Native.invokePointer(Lcom/sun/jna/Function;JI[Ljava/lang/Object;)J+0
j  com.sun.jna.Function.invokePointer(I[Ljava/lang/Object;)Lcom/sun/jna/Pointer;+7
j  com.sun.jna.Function.invoke([Ljava/lang/Object;Ljava/lang/Class;ZI)Ljava/lang/Object;+385
j  com.sun.jna.Function.invoke(Ljava/lang/reflect/Method;[Ljava/lang/Class;Ljava/lang/Class;[Ljava/lang/Object;Ljava/util/Map;)Ljava/lang/Object;+271
j  com.sun.jna.Library$Handler.invoke(Ljava/lang/Object;Ljava/lang/reflect/Method;[Ljava/lang/Object;)Ljava/lang/Object;+344
j  com.sun.proxy.$Proxy0.TessBaseAPICreate()Lnet/sourceforge/tess4j/ITessAPI$TessBaseAPI;+9
j  net.sourceforge.tess4j.Tesseract.init()V+12
j  net.sourceforge.tess4j.Tesseract.doOCR(Ljava/io/File;Ljava/awt/Rectangle;)Ljava/lang/String;+87
j  net.sourceforge.tess4j.Tesseract.doOCR(Ljava/io/File;)Ljava/lang/String;+3
j  com.recognizer.Recognizer.main([Ljava/lang/String;)V+29
v  ~StubRoutines::call_stub

siginfo: si_signo: 11 (SIGSEGV), si_code: 1 (SEGV_MAPERR), si_addr: 0x0000000000000000

Register to memory mapping:

RAX=0x0000000000000047 is an unknown value
RBX=0x00007f03c9968459 is pointing into the stack for thread: 0x00007f03c4012800
RCX=0x0 is NULL
RDX=0x00007f03caf5c8b0: <offset 0x00000000001bd8b0> in /lib/x86_64-linux-gnu/libc.so.6 at 0x00007f03cad9f000
RSP=0x00007f03c9968410 is pointing into the stack for thread: 0x00007f03c4012800
RBP=0x0000000000000002 is an unknown value
RSI=0x0000000000000047 is an unknown value
RDI=0x0 is NULL
R8 =0x0 is NULL
R9 =0x00007f03caf19e80: <offset 0x000000000017ae80> in /lib/x86_64-linux-gnu/libc.so.6 at 0x00007f03cad9f000
R10=0x0 is NULL
R11=0x0 is NULL
R12=0x00007f03c9968430 is pointing into the stack for thread: 0x00007f03c4012800
R13=0x00007f0398c1f080: <offset 0x000000000028d080> in /usr/lib/x86_64-linux-gnu/libtesseract.so.4.0.0 at 0x00007f0398992000
R14=0x00007f0398cd8480: <offset 0x0000000000346480> in /usr/lib/x86_64-linux-gnu/libtesseract.so.4.0.0 at 0x00007f0398992000
R15=0x00007f03c9968a70 is pointing into the stack for thread: 0x00007f03c4012800


Registers:
RAX=0x0000000000000047, RBX=0x00007f03c9968459, RCX=0x0000000000000000, RDX=0x00007f03caf5c8b0
RSP=0x00007f03c9968410, RBP=0x0000000000000002, RSI=0x0000000000000047, RDI=0x0000000000000000
R8 =0x0000000000000000, R9 =0x00007f03caf19e80, R10=0x0000000000000000, R11=0x0000000000000000
R12=0x00007f03c9968430, R13=0x00007f0398c1f080, R14=0x00007f0398cd8480, R15=0x00007f03c9968a70
RIP=0x00007f0398c0e9d2, EFLAGS=0x0000000000010246, CSGSFS=0x002b000000000033, ERR=0x0000000000000006
  TRAPNO=0x000000000000000e

Top of Stack: (sp=0x00007f03c9968410)
0x00007f03c9968410:   00007f03c9968470 0000003000000030
0x00007f03c9968420:   00007f03c9968920 00007f03c9968840
0x00007f03c9968430:   28706d6372747321 202c656c61636f6c
0x00007f03c9968440:   7272453a29224322 72657373413a726f 

Instructions: (pc=0x00007f0398c0e9d2)
0x00007f0398c0e9b2:   31 00 e8 57 fe ff ff eb b7 0f 1f 44 00 00 b8 0a
0x00007f0398c0e9c2:   00 00 00 66 89 03 e9 7c ff ff ff e8 9e da e1 ff
0x00007f0398c0e9d2:   c7 04 25 00 00 00 00 00 00 00 00 0f 0b 90 48 8b
0x00007f0398c0e9e2:   36 48 8b 3f e9 65 e2 e1 ff 90 0f 1f 40 00 41 54 

Stack slot to memory mapping:
stack at sp + 0 slots: 0x00007f03c9968470 is pointing into the stack for thread: 0x00007f03c4012800
stack at sp + 1 slots: 0x0000003000000030 is an unknown value
stack at sp + 2 slots: 0x00007f03c9968920 is pointing into the stack for thread: 0x00007f03c4012800
stack at sp + 3 slots: 0x00007f03c9968840 is pointing into the stack for thread: 0x00007f03c4012800
stack at sp + 4 slots: 0x28706d6372747321 is an unknown value
stack at sp + 5 slots: 0x202c656c61636f6c is an unknown value
stack at sp + 6 slots: 0x7272453a29224322 is an unknown value
stack at sp + 7 slots: 0x72657373413a726f is an unknown value


---------------  P R O C E S S  ---------------

Threads class SMR info:
_java_thread_list=0x00007f03704058b0, length=16, elements={
0x00007f03c4012800, 0x00007f03c416f800, 0x00007f03c4171800, 0x00007f03c417b000,
0x00007f03c417d000, 0x00007f03c417f000, 0x00007f03c4181000, 0x00007f03c41f5800,
0x00007f03c41f9000, 0x00007f0368001800, 0x00007f03c41fa800, 0x00007f03c4204800,
0x00007f0370526800, 0x00007f03c45a8800, 0x00007f03c4605000, 0x00007f0370404000
}

Java Threads: ( => current thread )
=>0x00007f03c4012800 JavaThread "main" [_thread_in_native, id=16403, stack(0x00007f03c986a000,0x00007f03c996b000)]
  0x00007f03c416f800 JavaThread "Reference Handler" daemon [_thread_blocked, id=16410, stack(0x00007f039aef4000,0x00007f039aff5000)]
  0x00007f03c4171800 JavaThread "Finalizer" daemon [_thread_blocked, id=16411, stack(0x00007f039adf3000,0x00007f039aef4000)]
  0x00007f03c417b000 JavaThread "Signal Dispatcher" daemon [_thread_blocked, id=16412, stack(0x00007f039abae000,0x00007f039acaf000)]
  0x00007f03c417d000 JavaThread "C2 CompilerThread0" daemon [_thread_blocked, id=16413, stack(0x00007f039aaad000,0x00007f039abae000)]
  0x00007f03c417f000 JavaThread "C1 CompilerThread0" daemon [_thread_blocked, id=16414, stack(0x00007f039a9ac000,0x00007f039aaad000)]
  0x00007f03c4181000 JavaThread "Sweeper thread" daemon [_thread_blocked, id=16415, stack(0x00007f039a8ab000,0x00007f039a9ac000)]
  0x00007f03c41f5800 JavaThread "JDWP Transport Listener: dt_socket" daemon [_thread_blocked, id=16417, stack(0x00007f039a7aa000,0x00007f039a8ab000)]
  0x00007f03c41f9000 JavaThread "JDWP Event Helper Thread" daemon [_thread_blocked, id=16418, stack(0x00007f039a6a9000,0x00007f039a7aa000)]
  0x00007f0368001800 JavaThread "JDWP Command Reader" daemon [_thread_in_native, id=16419, stack(0x00007f039a5a8000,0x00007f039a6a9000)]
  0x00007f03c41fa800 JavaThread "Service Thread" daemon [_thread_blocked, id=16426, stack(0x00007f039a4a7000,0x00007f039a5a8000)]
  0x00007f03c4204800 JavaThread "Common-Cleaner" daemon [_thread_blocked, id=16428, stack(0x00007f039a2a4000,0x00007f039a3a5000)]
  0x00007f0370526800 JavaThread "C2 CompilerThread1" daemon [_thread_blocked, id=16434, stack(0x00007f039a1a3000,0x00007f039a2a4000)]
  0x00007f03c45a8800 JavaThread "Java2D Disposer" daemon [_thread_blocked, id=16435, stack(0x00007f0399196000,0x00007f0399297000)]
  0x00007f03c4605000 JavaThread "process reaper" daemon [_thread_blocked, id=16437, stack(0x00007f039a04d000,0x00007f039a06f000)]
  0x00007f0370404000 JavaThread "C2 CompilerThread2" daemon [_thread_blocked, id=16438, stack(0x00007f034f8ea000,0x00007f034f9eb000)]

Other Threads:
  0x00007f03c416c800 VMThread "VM Thread" [stack: 0x00007f039aff7000,0x00007f039b0f7000] [id=16409]
  0x00007f03c41fd000 WatcherThread [stack: 0x00007f039a3a7000,0x00007f039a4a7000] [id=16427]
  0x00007f03c4028800 GCTaskThread "GC Thread#0" [stack: 0x00007f03c9501000,0x00007f03c9601000] [id=16404]
  0x00007f03c4070000 ConcurrentGCThread "G1 Main Marker" [stack: 0x00007f03ac2ac000,0x00007f03ac3ac000] [id=16405]
  0x00007f03c4072000 ConcurrentGCThread "G1 Conc#0" [stack: 0x00007f03ac1aa000,0x00007f03ac2aa000] [id=16406]
  0x00007f03c4135000 ConcurrentGCThread "G1 Refine#0" [stack: 0x00007f039b9fb000,0x00007f039bafb000] [id=16407]
  0x00007f03c4136800 ConcurrentGCThread "G1 Young RemSet Sampling" [stack: 0x00007f039b8f9000,0x00007f039b9f9000] [id=16408]

Threads with active compile tasks:

VM state:not at safepoint (normal execution)

VM Mutex/Monitor currently owned by a thread: None

Heap address: 0x0000000745c00000, size: 2980 MB, Compressed Oops mode: Zero based, Oop shift amount: 3
Narrow klass base: 0x0000000800000000, Narrow klass shift: 3
Compressed class space size: 1073741824 Address: 0x0000000840000000

Heap:
 garbage-first heap   total 194560K, used 18040K [0x0000000745c00000, 0x0000000800000000)
  region size 1024K, 19 young (19456K), 0 survivors (0K)
 Metaspace       used 6967K, capacity 7269K, committed 7552K, reserved 1056768K
  class space    used 765K, capacity 878K, committed 896K, reserved 1048576K
Heap Regions: E=young(eden), S=young(survivor), O=old, HS=humongous(starts), HC=humongous(continues), CS=collection set, F=free, A=archive, TAMS=top-at-mark-start (previous, next)
|   0|0x0000000745c00000, 0x0000000745c00000, 0x0000000745d00000|  0%| F|  |TAMS 0x0000000745c00000, 0x0000000745c00000| Untracked 
|   1|0x0000000745d00000, 0x0000000745d00000, 0x0000000745e00000|  0%| F|  |TAMS 0x0000000745d00000, 0x0000000745d00000| Untracked 
|   2|0x0000000745e00000, 0x0000000745e00000, 0x0000000745f00000|  0%| F|  |TAMS 0x0000000745e00000, 0x0000000745e00000| Untracked 
|   3|0x0000000745f00000, 0x0000000745f00000, 0x0000000746000000|  0%| F|  |TAMS 0x0000000745f00000, 0x0000000745f00000| Untracked 
|   4|0x0000000746000000, 0x0000000746000000, 0x0000000746100000|  0%| F|  |TAMS 0x0000000746000000, 0x0000000746000000| Untracked 
|   5|0x0000000746100000, 0x0000000746100000, 0x0000000746200000|  0%| F|  |TAMS 0x0000000746100000, 0x0000000746100000| Untracked 
|   6|0x0000000746200000, 0x0000000746200000, 0x0000000746300000|  0%| F|  |TAMS 0x0000000746200000, 0x0000000746200000| Untracked 
|   7|0x0000000746300000, 0x0000000746300000, 0x0000000746400000|  0%| F|  |TAMS 0x0000000746300000, 0x0000000746300000| Untracked 
|   8|0x0000000746400000, 0x0000000746400000, 0x0000000746500000|  0%| F|  |TAMS 0x0000000746400000, 0x0000000746400000| Untracked 
|   9|0x0000000746500000, 0x0000000746500000, 0x0000000746600000|  0%| F|  |TAMS 0x0000000746500000, 0x0000000746500000| Untracked 
|  10|0x0000000746600000, 0x0000000746600000, 0x0000000746700000|  0%| F|  |TAMS 0x0000000746600000, 0x0000000746600000| Untracked 
|  11|0x0000000746700000, 0x0000000746700000, 0x0000000746800000|  0%| F|  |TAMS 0x0000000746700000, 0x0000000746700000| Untracked 
|  12|0x0000000746800000, 0x0000000746800000, 0x0000000746900000|  0%| F|  |TAMS 0x0000000746800000, 0x0000000746800000| Untracked 
|  13|0x0000000746900000, 0x0000000746900000, 0x0000000746a00000|  0%| F|  |TAMS 0x0000000746900000, 0x0000000746900000| Untracked 
|  14|0x0000000746a00000, 0x0000000746a00000, 0x0000000746b00000|  0%| F|  |TAMS 0x0000000746a00000, 0x0000000746a00000| Untracked 
|  15|0x0000000746b00000, 0x0000000746b00000, 0x0000000746c00000|  0%| F|  |TAMS 0x0000000746b00000, 0x0000000746b00000| Untracked 
|  16|0x0000000746c00000, 0x0000000746c00000, 0x0000000746d00000|  0%| F|  |TAMS 0x0000000746c00000, 0x0000000746c00000| Untracked 
|  17|0x0000000746d00000, 0x0000000746d00000, 0x0000000746e00000|  0%| F|  |TAMS 0x0000000746d00000, 0x0000000746d00000| Untracked 
|  18|0x0000000746e00000, 0x0000000746e00000, 0x0000000746f00000|  0%| F|  |TAMS 0x0000000746e00000, 0x0000000746e00000| Untracked 
|  19|0x0000000746f00000, 0x0000000746f00000, 0x0000000747000000|  0%| F|  |TAMS 0x0000000746f00000, 0x0000000746f00000| Untracked 
|  20|0x0000000747000000, 0x0000000747000000, 0x0000000747100000|  0%| F|  |TAMS 0x0000000747000000, 0x0000000747000000| Untracked 
|  21|0x0000000747100000, 0x0000000747100000, 0x0000000747200000|  0%| F|  |TAMS 0x0000000747100000, 0x0000000747100000| Untracked 
|  22|0x0000000747200000, 0x0000000747200000, 0x0000000747300000|  0%| F|  |TAMS 0x0000000747200000, 0x0000000747200000| Untracked 
|  23|0x0000000747300000, 0x0000000747300000, 0x0000000747400000|  0%| F|  |TAMS 0x0000000747300000, 0x0000000747300000| Untracked 
|  24|0x0000000747400000, 0x0000000747400000, 0x0000000747500000|  0%| F|  |TAMS 0x0000000747400000, 0x0000000747400000| Untracked 
|  25|0x0000000747500000, 0x0000000747500000, 0x0000000747600000|  0%| F|  |TAMS 0x0000000747500000, 0x0000000747500000| Untracked 
|  26|0x0000000747600000, 0x0000000747600000, 0x0000000747700000|  0%| F|  |TAMS 0x0000000747600000, 0x0000000747600000| Untracked 
|  27|0x0000000747700000, 0x0000000747700000, 0x0000000747800000|  0%| F|  |TAMS 0x0000000747700000, 0x0000000747700000| Untracked 
|  28|0x0000000747800000, 0x0000000747800000, 0x0000000747900000|  0%| F|  |TAMS 0x0000000747800000, 0x0000000747800000| Untracked 
|  29|0x0000000747900000, 0x0000000747900000, 0x0000000747a00000|  0%| F|  |TAMS 0x0000000747900000, 0x0000000747900000| Untracked 
|  30|0x0000000747a00000, 0x0000000747a00000, 0x0000000747b00000|  0%| F|  |TAMS 0x0000000747a00000, 0x0000000747a00000| Untracked 
|  31|0x0000000747b00000, 0x0000000747b00000, 0x0000000747c00000|  0%| F|  |TAMS 0x0000000747b00000, 0x0000000747b00000| Untracked 
|  32|0x0000000747c00000, 0x0000000747c00000, 0x0000000747d00000|  0%| F|  |TAMS 0x0000000747c00000, 0x0000000747c00000| Untracked 
|  33|0x0000000747d00000, 0x0000000747d00000, 0x0000000747e00000|  0%| F|  |TAMS 0x0000000747d00000, 0x0000000747d00000| Untracked 
|  34|0x0000000747e00000, 0x0000000747e00000, 0x0000000747f00000|  0%| F|  |TAMS 0x0000000747e00000, 0x0000000747e00000| Untracked 
|  35|0x0000000747f00000, 0x0000000747f00000, 0x0000000748000000|  0%| F|  |TAMS 0x0000000747f00000, 0x0000000747f00000| Untracked 
|  36|0x0000000748000000, 0x0000000748000000, 0x0000000748100000|  0%| F|  |TAMS 0x0000000748000000, 0x0000000748000000| Untracked 
|  37|0x0000000748100000, 0x0000000748100000, 0x0000000748200000|  0%| F|  |TAMS 0x0000000748100000, 0x0000000748100000| Untracked 
|  38|0x0000000748200000, 0x0000000748200000, 0x0000000748300000|  0%| F|  |TAMS 0x0000000748200000, 0x0000000748200000| Untracked 
|  39|0x0000000748300000, 0x0000000748300000, 0x0000000748400000|  0%| F|  |TAMS 0x0000000748300000, 0x0000000748300000| Untracked 
|  40|0x0000000748400000, 0x0000000748400000, 0x0000000748500000|  0%| F|  |TAMS 0x0000000748400000, 0x0000000748400000| Untracked 
|  41|0x0000000748500000, 0x0000000748500000, 0x0000000748600000|  0%| F|  |TAMS 0x0000000748500000, 0x0000000748500000| Untracked 
|  42|0x0000000748600000, 0x0000000748600000, 0x0000000748700000|  0%| F|  |TAMS 0x0000000748600000, 0x0000000748600000| Untracked 
|  43|0x0000000748700000, 0x0000000748700000, 0x0000000748800000|  0%| F|  |TAMS 0x0000000748700000, 0x0000000748700000| Untracked 
|  44|0x0000000748800000, 0x0000000748800000, 0x0000000748900000|  0%| F|  |TAMS 0x0000000748800000, 0x0000000748800000| Untracked 
|  45|0x0000000748900000, 0x0000000748900000, 0x0000000748a00000|  0%| F|  |TAMS 0x0000000748900000, 0x0000000748900000| Untracked 
|  46|0x0000000748a00000, 0x0000000748a00000, 0x0000000748b00000|  0%| F|  |TAMS 0x0000000748a00000, 0x0000000748a00000| Untracked 
|  47|0x0000000748b00000, 0x0000000748b00000, 0x0000000748c00000|  0%| F|  |TAMS 0x0000000748b00000, 0x0000000748b00000| Untracked 
|  48|0x0000000748c00000, 0x0000000748c00000, 0x0000000748d00000|  0%| F|  |TAMS 0x0000000748c00000, 0x0000000748c00000| Untracked 
|  49|0x0000000748d00000, 0x0000000748d00000, 0x0000000748e00000|  0%| F|  |TAMS 0x0000000748d00000, 0x0000000748d00000| Untracked 
|  50|0x0000000748e00000, 0x0000000748e00000, 0x0000000748f00000|  0%| F|  |TAMS 0x0000000748e00000, 0x0000000748e00000| Untracked 
|  51|0x0000000748f00000, 0x0000000748f00000, 0x0000000749000000|  0%| F|  |TAMS 0x0000000748f00000, 0x0000000748f00000| Untracked 
|  52|0x0000000749000000, 0x0000000749000000, 0x0000000749100000|  0%| F|  |TAMS 0x0000000749000000, 0x0000000749000000| Untracked 
|  53|0x0000000749100000, 0x0000000749100000, 0x0000000749200000|  0%| F|  |TAMS 0x0000000749100000, 0x0000000749100000| Untracked 
|  54|0x0000000749200000, 0x0000000749200000, 0x0000000749300000|  0%| F|  |TAMS 0x0000000749200000, 0x0000000749200000| Untracked 
|  55|0x0000000749300000, 0x0000000749300000, 0x0000000749400000|  0%| F|  |TAMS 0x0000000749300000, 0x0000000749300000| Untracked 
|  56|0x0000000749400000, 0x0000000749400000, 0x0000000749500000|  0%| F|  |TAMS 0x0000000749400000, 0x0000000749400000| Untracked 
|  57|0x0000000749500000, 0x0000000749500000, 0x0000000749600000|  0%| F|  |TAMS 0x0000000749500000, 0x0000000749500000| Untracked 
|  58|0x0000000749600000, 0x0000000749600000, 0x0000000749700000|  0%| F|  |TAMS 0x0000000749600000, 0x0000000749600000| Untracked 
|  59|0x0000000749700000, 0x0000000749700000, 0x0000000749800000|  0%| F|  |TAMS 0x0000000749700000, 0x0000000749700000| Untracked 
|  60|0x0000000749800000, 0x0000000749800000, 0x0000000749900000|  0%| F|  |TAMS 0x0000000749800000, 0x0000000749800000| Untracked 
|  61|0x0000000749900000, 0x0000000749900000, 0x0000000749a00000|  0%| F|  |TAMS 0x0000000749900000, 0x0000000749900000| Untracked 
|  62|0x0000000749a00000, 0x0000000749a00000, 0x0000000749b00000|  0%| F|  |TAMS 0x0000000749a00000, 0x0000000749a00000| Untracked 
|  63|0x0000000749b00000, 0x0000000749b00000, 0x0000000749c00000|  0%| F|  |TAMS 0x0000000749b00000, 0x0000000749b00000| Untracked 
|  64|0x0000000749c00000, 0x0000000749c00000, 0x0000000749d00000|  0%| F|  |TAMS 0x0000000749c00000, 0x0000000749c00000| Untracked 
|  65|0x0000000749d00000, 0x0000000749d00000, 0x0000000749e00000|  0%| F|  |TAMS 0x0000000749d00000, 0x0000000749d00000| Untracked 
|  66|0x0000000749e00000, 0x0000000749e00000, 0x0000000749f00000|  0%| F|  |TAMS 0x0000000749e00000, 0x0000000749e00000| Untracked 
|  67|0x0000000749f00000, 0x0000000749f00000, 0x000000074a000000|  0%| F|  |TAMS 0x0000000749f00000, 0x0000000749f00000| Untracked 
|  68|0x000000074a000000, 0x000000074a000000, 0x000000074a100000|  0%| F|  |TAMS 0x000000074a000000, 0x000000074a000000| Untracked 
|  69|0x000000074a100000, 0x000000074a100000, 0x000000074a200000|  0%| F|  |TAMS 0x000000074a100000, 0x000000074a100000| Untracked 
|  70|0x000000074a200000, 0x000000074a200000, 0x000000074a300000|  0%| F|  |TAMS 0x000000074a200000, 0x000000074a200000| Untracked 
|  71|0x000000074a300000, 0x000000074a300000, 0x000000074a400000|  0%| F|  |TAMS 0x000000074a300000, 0x000000074a300000| Untracked 
|  72|0x000000074a400000, 0x000000074a400000, 0x000000074a500000|  0%| F|  |TAMS 0x000000074a400000, 0x000000074a400000| Untracked 
|  73|0x000000074a500000, 0x000000074a500000, 0x000000074a600000|  0%| F|  |TAMS 0x000000074a500000, 0x000000074a500000| Untracked 
|  74|0x000000074a600000, 0x000000074a600000, 0x000000074a700000|  0%| F|  |TAMS 0x000000074a600000, 0x000000074a600000| Untracked 
|  75|0x000000074a700000, 0x000000074a700000, 0x000000074a800000|  0%| F|  |TAMS 0x000000074a700000, 0x000000074a700000| Untracked 
|  76|0x000000074a800000, 0x000000074a800000, 0x000000074a900000|  0%| F|  |TAMS 0x000000074a800000, 0x000000074a800000| Untracked 
|  77|0x000000074a900000, 0x000000074a900000, 0x000000074aa00000|  0%| F|  |TAMS 0x000000074a900000, 0x000000074a900000| Untracked 
|  78|0x000000074aa00000, 0x000000074aa00000, 0x000000074ab00000|  0%| F|  |TAMS 0x000000074aa00000, 0x000000074aa00000| Untracked 
|  79|0x000000074ab00000, 0x000000074ab00000, 0x000000074ac00000|  0%| F|  |TAMS 0x000000074ab00000, 0x000000074ab00000| Untracked 
|  80|0x000000074ac00000, 0x000000074ac00000, 0x000000074ad00000|  0%| F|  |TAMS 0x000000074ac00000, 0x000000074ac00000| Untracked 
|  81|0x000000074ad00000, 0x000000074ad00000, 0x000000074ae00000|  0%| F|  |TAMS 0x000000074ad00000, 0x000000074ad00000| Untracked 
|  82|0x000000074ae00000, 0x000000074ae00000, 0x000000074af00000|  0%| F|  |TAMS 0x000000074ae00000, 0x000000074ae00000| Untracked 
|  83|0x000000074af00000, 0x000000074af00000, 0x000000074b000000|  0%| F|  |TAMS 0x000000074af00000, 0x000000074af00000| Untracked 
|  84|0x000000074b000000, 0x000000074b000000, 0x000000074b100000|  0%| F|  |TAMS 0x000000074b000000, 0x000000074b000000| Untracked 
|  85|0x000000074b100000, 0x000000074b100000, 0x000000074b200000|  0%| F|  |TAMS 0x000000074b100000, 0x000000074b100000| Untracked 
|  86|0x000000074b200000, 0x000000074b200000, 0x000000074b300000|  0%| F|  |TAMS 0x000000074b200000, 0x000000074b200000| Untracked 
|  87|0x000000074b300000, 0x000000074b300000, 0x000000074b400000|  0%| F|  |TAMS 0x000000074b300000, 0x000000074b300000| Untracked 
|  88|0x000000074b400000, 0x000000074b400000, 0x000000074b500000|  0%| F|  |TAMS 0x000000074b400000, 0x000000074b400000| Untracked 
|  89|0x000000074b500000, 0x000000074b500000, 0x000000074b600000|  0%| F|  |TAMS 0x000000074b500000, 0x000000074b500000| Untracked 
|  90|0x000000074b600000, 0x000000074b600000, 0x000000074b700000|  0%| F|  |TAMS 0x000000074b600000, 0x000000074b600000| Untracked 
|  91|0x000000074b700000, 0x000000074b700000, 0x000000074b800000|  0%| F|  |TAMS 0x000000074b700000, 0x000000074b700000| Untracked 
|  92|0x000000074b800000, 0x000000074b800000, 0x000000074b900000|  0%| F|  |TAMS 0x000000074b800000, 0x000000074b800000| Untracked 
|  93|0x000000074b900000, 0x000000074b900000, 0x000000074ba00000|  0%| F|  |TAMS 0x000000074b900000, 0x000000074b900000| Untracked 
|  94|0x000000074ba00000, 0x000000074ba00000, 0x000000074bb00000|  0%| F|  |TAMS 0x000000074ba00000, 0x000000074ba00000| Untracked 
|  95|0x000000074bb00000, 0x000000074bb00000, 0x000000074bc00000|  0%| F|  |TAMS 0x000000074bb00000, 0x000000074bb00000| Untracked 
|  96|0x000000074bc00000, 0x000000074bc00000, 0x000000074bd00000|  0%| F|  |TAMS 0x000000074bc00000, 0x000000074bc00000| Untracked 
|  97|0x000000074bd00000, 0x000000074bd00000, 0x000000074be00000|  0%| F|  |TAMS 0x000000074bd00000, 0x000000074bd00000| Untracked 
|  98|0x000000074be00000, 0x000000074be00000, 0x000000074bf00000|  0%| F|  |TAMS 0x000000074be00000, 0x000000074be00000| Untracked 
|  99|0x000000074bf00000, 0x000000074bf00000, 0x000000074c000000|  0%| F|  |TAMS 0x000000074bf00000, 0x000000074bf00000| Untracked 
| 100|0x000000074c000000, 0x000000074c000000, 0x000000074c100000|  0%| F|  |TAMS 0x000000074c000000, 0x000000074c000000| Untracked 
| 101|0x000000074c100000, 0x000000074c100000, 0x000000074c200000|  0%| F|  |TAMS 0x000000074c100000, 0x000000074c100000| Untracked 
| 102|0x000000074c200000, 0x000000074c200000, 0x000000074c300000|  0%| F|  |TAMS 0x000000074c200000, 0x000000074c200000| Untracked 
| 103|0x000000074c300000, 0x000000074c300000, 0x000000074c400000|  0%| F|  |TAMS 0x000000074c300000, 0x000000074c300000| Untracked 
| 104|0x000000074c400000, 0x000000074c400000, 0x000000074c500000|  0%| F|  |TAMS 0x000000074c400000, 0x000000074c400000| Untracked 
| 105|0x000000074c500000, 0x000000074c500000, 0x000000074c600000|  0%| F|  |TAMS 0x000000074c500000, 0x000000074c500000| Untracked 
| 106|0x000000074c600000, 0x000000074c600000, 0x000000074c700000|  0%| F|  |TAMS 0x000000074c600000, 0x000000074c600000| Untracked 
| 107|0x000000074c700000, 0x000000074c700000, 0x000000074c800000|  0%| F|  |TAMS 0x000000074c700000, 0x000000074c700000| Untracked 
| 108|0x000000074c800000, 0x000000074c800000, 0x000000074c900000|  0%| F|  |TAMS 0x000000074c800000, 0x000000074c800000| Untracked 
| 109|0x000000074c900000, 0x000000074c900000, 0x000000074ca00000|  0%| F|  |TAMS 0x000000074c900000, 0x000000074c900000| Untracked 
| 110|0x000000074ca00000, 0x000000074ca00000, 0x000000074cb00000|  0%| F|  |TAMS 0x000000074ca00000, 0x000000074ca00000| Untracked 
| 111|0x000000074cb00000, 0x000000074cb00000, 0x000000074cc00000|  0%| F|  |TAMS 0x000000074cb00000, 0x000000074cb00000| Untracked 
| 112|0x000000074cc00000, 0x000000074cc00000, 0x000000074cd00000|  0%| F|  |TAMS 0x000000074cc00000, 0x000000074cc00000| Untracked 
| 113|0x000000074cd00000, 0x000000074cd00000, 0x000000074ce00000|  0%| F|  |TAMS 0x000000074cd00000, 0x000000074cd00000| Untracked 
| 114|0x000000074ce00000, 0x000000074ce00000, 0x000000074cf00000|  0%| F|  |TAMS 0x000000074ce00000, 0x000000074ce00000| Untracked 
| 115|0x000000074cf00000, 0x000000074cf00000, 0x000000074d000000|  0%| F|  |TAMS 0x000000074cf00000, 0x000000074cf00000| Untracked 
| 116|0x000000074d000000, 0x000000074d000000, 0x000000074d100000|  0%| F|  |TAMS 0x000000074d000000, 0x000000074d000000| Untracked 
| 117|0x000000074d100000, 0x000000074d100000, 0x000000074d200000|  0%| F|  |TAMS 0x000000074d100000, 0x000000074d100000| Untracked 
| 118|0x000000074d200000, 0x000000074d200000, 0x000000074d300000|  0%| F|  |TAMS 0x000000074d200000, 0x000000074d200000| Untracked 
| 119|0x000000074d300000, 0x000000074d300000, 0x000000074d400000|  0%| F|  |TAMS 0x000000074d300000, 0x000000074d300000| Untracked 
| 120|0x000000074d400000, 0x000000074d400000, 0x000000074d500000|  0%| F|  |TAMS 0x000000074d400000, 0x000000074d400000| Untracked 
| 121|0x000000074d500000, 0x000000074d500000, 0x000000074d600000|  0%| F|  |TAMS 0x000000074d500000, 0x000000074d500000| Untracked 
| 122|0x000000074d600000, 0x000000074d600000, 0x000000074d700000|  0%| F|  |TAMS 0x000000074d600000, 0x000000074d600000| Untracked 
| 123|0x000000074d700000, 0x000000074d700000, 0x000000074d800000|  0%| F|  |TAMS 0x000000074d700000, 0x000000074d700000| Untracked 
| 124|0x000000074d800000, 0x000000074d800000, 0x000000074d900000|  0%| F|  |TAMS 0x000000074d800000, 0x000000074d800000| Untracked 
| 125|0x000000074d900000, 0x000000074d900000, 0x000000074da00000|  0%| F|  |TAMS 0x000000074d900000, 0x000000074d900000| Untracked 
| 126|0x000000074da00000, 0x000000074da00000, 0x000000074db00000|  0%| F|  |TAMS 0x000000074da00000, 0x000000074da00000| Untracked 
| 127|0x000000074db00000, 0x000000074db00000, 0x000000074dc00000|  0%| F|  |TAMS 0x000000074db00000, 0x000000074db00000| Untracked 
| 128|0x000000074dc00000, 0x000000074dc00000, 0x000000074dd00000|  0%| F|  |TAMS 0x000000074dc00000, 0x000000074dc00000| Untracked 
| 129|0x000000074dd00000, 0x000000074dd00000, 0x000000074de00000|  0%| F|  |TAMS 0x000000074dd00000, 0x000000074dd00000| Untracked 
| 130|0x000000074de00000, 0x000000074de00000, 0x000000074df00000|  0%| F|  |TAMS 0x000000074de00000, 0x000000074de00000| Untracked 
| 131|0x000000074df00000, 0x000000074df00000, 0x000000074e000000|  0%| F|  |TAMS 0x000000074df00000, 0x000000074df00000| Untracked 
| 132|0x000000074e000000, 0x000000074e000000, 0x000000074e100000|  0%| F|  |TAMS 0x000000074e000000, 0x000000074e000000| Untracked 
| 133|0x000000074e100000, 0x000000074e100000, 0x000000074e200000|  0%| F|  |TAMS 0x000000074e100000, 0x000000074e100000| Untracked 
| 134|0x000000074e200000, 0x000000074e200000, 0x000000074e300000|  0%| F|  |TAMS 0x000000074e200000, 0x000000074e200000| Untracked 
| 135|0x000000074e300000, 0x000000074e300000, 0x000000074e400000|  0%| F|  |TAMS 0x000000074e300000, 0x000000074e300000| Untracked 
| 136|0x000000074e400000, 0x000000074e400000, 0x000000074e500000|  0%| F|  |TAMS 0x000000074e400000, 0x000000074e400000| Untracked 
| 137|0x000000074e500000, 0x000000074e500000, 0x000000074e600000|  0%| F|  |TAMS 0x000000074e500000, 0x000000074e500000| Untracked 
| 138|0x000000074e600000, 0x000000074e600000, 0x000000074e700000|  0%| F|  |TAMS 0x000000074e600000, 0x000000074e600000| Untracked 
| 139|0x000000074e700000, 0x000000074e700000, 0x000000074e800000|  0%| F|  |TAMS 0x000000074e700000, 0x000000074e700000| Untracked 
| 140|0x000000074e800000, 0x000000074e800000, 0x000000074e900000|  0%| F|  |TAMS 0x000000074e800000, 0x000000074e800000| Untracked 
| 141|0x000000074e900000, 0x000000074e900000, 0x000000074ea00000|  0%| F|  |TAMS 0x000000074e900000, 0x000000074e900000| Untracked 
| 142|0x000000074ea00000, 0x000000074ea00000, 0x000000074eb00000|  0%| F|  |TAMS 0x000000074ea00000, 0x000000074ea00000| Untracked 
| 143|0x000000074eb00000, 0x000000074eb00000, 0x000000074ec00000|  0%| F|  |TAMS 0x000000074eb00000, 0x000000074eb00000| Untracked 
| 144|0x000000074ec00000, 0x000000074ec00000, 0x000000074ed00000|  0%| F|  |TAMS 0x000000074ec00000, 0x000000074ec00000| Untracked 
| 145|0x000000074ed00000, 0x000000074ed00000, 0x000000074ee00000|  0%| F|  |TAMS 0x000000074ed00000, 0x000000074ed00000| Untracked 
| 146|0x000000074ee00000, 0x000000074ee00000, 0x000000074ef00000|  0%| F|  |TAMS 0x000000074ee00000, 0x000000074ee00000| Untracked 
| 147|0x000000074ef00000, 0x000000074ef00000, 0x000000074f000000|  0%| F|  |TAMS 0x000000074ef00000, 0x000000074ef00000| Untracked 
| 148|0x000000074f000000, 0x000000074f000000, 0x000000074f100000|  0%| F|  |TAMS 0x000000074f000000, 0x000000074f000000| Untracked 
| 149|0x000000074f100000, 0x000000074f100000, 0x000000074f200000|  0%| F|  |TAMS 0x000000074f100000, 0x000000074f100000| Untracked 
| 150|0x000000074f200000, 0x000000074f200000, 0x000000074f300000|  0%| F|  |TAMS 0x000000074f200000, 0x000000074f200000| Untracked 
| 151|0x000000074f300000, 0x000000074f300000, 0x000000074f400000|  0%| F|  |TAMS 0x000000074f300000, 0x000000074f300000| Untracked 
| 152|0x000000074f400000, 0x000000074f400000, 0x000000074f500000|  0%| F|  |TAMS 0x000000074f400000, 0x000000074f400000| Untracked 
| 153|0x000000074f500000, 0x000000074f500000, 0x000000074f600000|  0%| F|  |TAMS 0x000000074f500000, 0x000000074f500000| Untracked 
| 154|0x000000074f600000, 0x000000074f600000, 0x000000074f700000|  0%| F|  |TAMS 0x000000074f600000, 0x000000074f600000| Untracked 
| 155|0x000000074f700000, 0x000000074f700000, 0x000000074f800000|  0%| F|  |TAMS 0x000000074f700000, 0x000000074f700000| Untracked 
| 156|0x000000074f800000, 0x000000074f800000, 0x000000074f900000|  0%| F|  |TAMS 0x000000074f800000, 0x000000074f800000| Untracked 
| 157|0x000000074f900000, 0x000000074f900000, 0x000000074fa00000|  0%| F|  |TAMS 0x000000074f900000, 0x000000074f900000| Untracked 
| 158|0x000000074fa00000, 0x000000074fa00000, 0x000000074fb00000|  0%| F|  |TAMS 0x000000074fa00000, 0x000000074fa00000| Untracked 
| 159|0x000000074fb00000, 0x000000074fb00000, 0x000000074fc00000|  0%| F|  |TAMS 0x000000074fb00000, 0x000000074fb00000| Untracked 
| 160|0x000000074fc00000, 0x000000074fc00000, 0x000000074fd00000|  0%| F|  |TAMS 0x000000074fc00000, 0x000000074fc00000| Untracked 
| 161|0x000000074fd00000, 0x000000074fd00000, 0x000000074fe00000|  0%| F|  |TAMS 0x000000074fd00000, 0x000000074fd00000| Untracked 
| 162|0x000000074fe00000, 0x000000074fe00000, 0x000000074ff00000|  0%| F|  |TAMS 0x000000074fe00000, 0x000000074fe00000| Untracked 
| 163|0x000000074ff00000, 0x000000074ff00000, 0x0000000750000000|  0%| F|  |TAMS 0x000000074ff00000, 0x000000074ff00000| Untracked 
| 164|0x0000000750000000, 0x0000000750000000, 0x0000000750100000|  0%| F|  |TAMS 0x0000000750000000, 0x0000000750000000| Untracked 
| 165|0x0000000750100000, 0x0000000750100000, 0x0000000750200000|  0%| F|  |TAMS 0x0000000750100000, 0x0000000750100000| Untracked 
| 166|0x0000000750200000, 0x0000000750200000, 0x0000000750300000|  0%| F|  |TAMS 0x0000000750200000, 0x0000000750200000| Untracked 
| 167|0x0000000750300000, 0x0000000750300000, 0x0000000750400000|  0%| F|  |TAMS 0x0000000750300000, 0x0000000750300000| Untracked 
| 168|0x0000000750400000, 0x0000000750400000, 0x0000000750500000|  0%| F|  |TAMS 0x0000000750400000, 0x0000000750400000| Untracked 
| 169|0x0000000750500000, 0x0000000750600000, 0x0000000750600000|100%| E|  |TAMS 0x0000000750500000, 0x0000000750500000| Complete 
| 170|0x0000000750600000, 0x0000000750700000, 0x0000000750700000|100%| E|CS|TAMS 0x0000000750600000, 0x0000000750600000| Complete 
| 171|0x0000000750700000, 0x0000000750800000, 0x0000000750800000|100%| E|CS|TAMS 0x0000000750700000, 0x0000000750700000| Complete 
| 172|0x0000000750800000, 0x0000000750900000, 0x0000000750900000|100%| E|CS|TAMS 0x0000000750800000, 0x0000000750800000| Complete 
| 173|0x0000000750900000, 0x0000000750a00000, 0x0000000750a00000|100%| E|CS|TAMS 0x0000000750900000, 0x0000000750900000| Complete 
| 174|0x0000000750a00000, 0x0000000750b00000, 0x0000000750b00000|100%| E|CS|TAMS 0x0000000750a00000, 0x0000000750a00000| Complete 
| 175|0x0000000750b00000, 0x0000000750c00000, 0x0000000750c00000|100%| E|  |TAMS 0x0000000750b00000, 0x0000000750b00000| Complete 
| 176|0x0000000750c00000, 0x0000000750d00000, 0x0000000750d00000|100%| E|CS|TAMS 0x0000000750c00000, 0x0000000750c00000| Complete 
| 177|0x0000000750d00000, 0x0000000750e00000, 0x0000000750e00000|100%| E|CS|TAMS 0x0000000750d00000, 0x0000000750d00000| Complete 
| 178|0x0000000750e00000, 0x0000000750f00000, 0x0000000750f00000|100%| E|CS|TAMS 0x0000000750e00000, 0x0000000750e00000| Complete 
| 179|0x0000000750f00000, 0x0000000751000000, 0x0000000751000000|100%| E|CS|TAMS 0x0000000750f00000, 0x0000000750f00000| Complete 
| 180|0x0000000751000000, 0x0000000751100000, 0x0000000751100000|100%| E|CS|TAMS 0x0000000751000000, 0x0000000751000000| Complete 
| 181|0x0000000751100000, 0x0000000751200000, 0x0000000751200000|100%| E|CS|TAMS 0x0000000751100000, 0x0000000751100000| Complete 
| 182|0x0000000751200000, 0x0000000751300000, 0x0000000751300000|100%| E|CS|TAMS 0x0000000751200000, 0x0000000751200000| Complete 
| 183|0x0000000751300000, 0x0000000751400000, 0x0000000751400000|100%| E|CS|TAMS 0x0000000751300000, 0x0000000751300000| Complete 
| 184|0x0000000751400000, 0x0000000751500000, 0x0000000751500000|100%| E|CS|TAMS 0x0000000751400000, 0x0000000751400000| Complete 
| 185|0x0000000751500000, 0x0000000751600000, 0x0000000751600000|100%| E|CS|TAMS 0x0000000751500000, 0x0000000751500000| Complete 
| 186|0x0000000751600000, 0x0000000751700000, 0x0000000751700000|100%| E|CS|TAMS 0x0000000751600000, 0x0000000751600000| Complete 
| 187|0x0000000751700000, 0x0000000751800000, 0x0000000751800000|100%| E|CS|TAMS 0x0000000751700000, 0x0000000751700000| Complete 
|1954|0x00000007bfe00000, 0x00000007bfe34000, 0x00000007bff00000| 20%|OA|  |TAMS 0x00000007bfe00000, 0x00000007bfe00000| Untracked 
|1955|0x00000007bff00000, 0x00000007bff6a000, 0x00000007c0000000| 41%|CA|  |TAMS 0x00000007bff00000, 0x00000007bff00000| Untracked 

Card table byte_map: [0x00007f03c8153000,0x00007f03c8725000] _byte_map_base: 0x00007f03c4725000

Marking Bits (Prev, Next): (CMBitMap*) 0x00007f03c40637c8, (CMBitMap*) 0x00007f03c4063800
 Prev Bits: [0x00007f03a5170000, 0x00007f03a8000000)
 Next Bits: [0x00007f03a22e0000, 0x00007f03a5170000)

Polling page: 0x00007f03cb1d6000

Metaspace:

Usage:
  Non-class:      6.24 MB capacity,     6.06 MB ( 97%) used,   172.70 KB (  3%) free+waste,    16.19 KB ( <1%) overhead. 
      Class:    878.00 KB capacity,   765.42 KB ( 87%) used,   103.52 KB ( 12%) free+waste,     9.06 KB (  1%) overhead. 
       Both:      7.10 MB capacity,     6.80 MB ( 96%) used,   276.22 KB (  4%) free+waste,    25.25 KB ( <1%) overhead. 

Virtual space:
  Non-class space:        8.00 MB reserved,       6.50 MB ( 81%) committed 
      Class space:        1.00 GB reserved,     896.00 KB ( <1%) committed 
             Both:        1.01 GB reserved,       7.38 MB ( <1%) committed 

Chunk freelists:
   Non-Class:  45.00 KB
       Class:  18.00 KB
        Both:  63.00 KB

CodeHeap 'non-profiled nmethods': size=120032Kb used=355Kb max_used=355Kb free=119676Kb
 bounds [0x00007f03b4446000, 0x00007f03b46b6000, 0x00007f03bb97e000]
CodeHeap 'profiled nmethods': size=120028Kb used=2108Kb max_used=2108Kb free=117919Kb
 bounds [0x00007f03acf0f000, 0x00007f03ad17f000, 0x00007f03b4446000]
CodeHeap 'non-nmethods': size=5700Kb used=1171Kb max_used=1195Kb free=4528Kb
 bounds [0x00007f03ac97e000, 0x00007f03acbee000, 0x00007f03acf0f000]
 total_blobs=1660 nmethods=1016 adapters=340
 compilation: enabled
              stopped_count=0, restarted_count=0
 full_count=0

Compilation events (10 events):
Event: 0.598 Thread 0x00007f03c417f000 nmethod 1005 0x00007f03ad115390 code [0x00007f03ad115560, 0x00007f03ad1157d8]
Event: 0.598 Thread 0x00007f03c417f000 1006       3       java.lang.ClassLoader::getClassLoader (11 bytes)
Event: 0.598 Thread 0x00007f03c417f000 nmethod 1006 0x00007f03ad115910 code [0x00007f03ad115ac0, 0x00007f03ad115c70]
Event: 0.598 Thread 0x00007f03c417f000 1008       3       java.lang.reflect.Method::copy (84 bytes)
Event: 0.598 Thread 0x00007f03c417f000 nmethod 1008 0x00007f03ad115d10 code [0x00007f03ad115f00, 0x00007f03ad1163d8]
Event: 0.598 Thread 0x00007f03c417f000 1007       3       java.lang.Class::reflectionData (43 bytes)
Event: 0.598 Thread 0x00007f03c417f000 nmethod 1007 0x00007f03ad116510 code [0x00007f03ad116700, 0x00007f03ad116b98]
Event: 0.599 Thread 0x00007f03c417f000 1009       3       java.util.ArrayDeque::pollFirst (36 bytes)
Event: 0.599 Thread 0x00007f03c417f000 nmethod 1009 0x00007f03ad116d10 code [0x00007f03ad116ee0, 0x00007f03ad117390]
Event: 0.600 Thread 0x00007f03c417f000 1010       3       java.lang.ClassLoader::addClass (9 bytes)

GC Heap History (0 events):
No events

Deoptimization events (7 events):
Event: 0.158 Thread 0x00007f03c4012800 Uncommon trap: reason=unstable_if action=reinterpret pc=0x00007f03b444af48 method=java.lang.String.hashCode()I @ 14 c2
Event: 0.273 Thread 0x00007f03c4012800 Uncommon trap: reason=unstable_if action=reinterpret pc=0x00007f03b445f710 method=java.io.BufferedReader.read()I @ 19 c2
Event: 0.424 Thread 0x00007f03c4012800 Uncommon trap: reason=unstable_if action=reinterpret pc=0x00007f03b444b984 method=java.lang.String.isLatin1()Z @ 10 c2
Event: 0.457 Thread 0x00007f03c4012800 Uncommon trap: reason=unstable_if action=reinterpret pc=0x00007f03b4482308 method=java.util.jar.JarFile.checkForSpecialAttributes()V @ 4 c2
Event: 0.542 Thread 0x00007f03c4012800 Uncommon trap: reason=unstable_if action=reinterpret pc=0x00007f03b4476a6c method=java.lang.StringLatin1.replace([BCC)Ljava/lang/String; @ 19 c2
Event: 0.546 Thread 0x00007f03c4012800 Uncommon trap: reason=unstable_if action=reinterpret pc=0x00007f03b4482924 method=java.lang.StringUTF16.compress([CI[BII)I @ 20 c2
Event: 0.585 Thread 0x00007f03c4012800 Uncommon trap: reason=unstable_if action=reinterpret pc=0x00007f03b44978ac method=java.util.HashMap.getNode(ILjava/lang/Object;)Ljava/util/HashMap$Node; @ 62 c2

Classes redefined (0 events):
No events

Internal exceptions (10 events):
Event: 0.310 Thread 0x00007f03c4012800 Exception <a 'java/lang/NoSuchMethodError'{0x000000075128eda0}: java.lang.invoke.DirectMethodHandle$Holder.invokeStatic(Ljava/lang/Object;Ljava/lang/Object;Ljava/lang/Object;Ljava/lang/Object;I)Ljava/lang/Object;> (0x000000075128eda0) thrown at [/build/op
Event: 0.434 Thread 0x00007f03c4012800 Exception <a 'java/lang/ClassNotFoundException'{0x0000000750ed55e0}: sun/awt/resources/spi/awtProvider> (0x0000000750ed55e0) thrown at [/build/openjdk-11-GO4RM2/openjdk-11-11.0.3+1/src/hotspot/share/classfile/systemDictionary.cpp, line 231]
Event: 0.449 Thread 0x00007f03c4012800 Exception <a 'java/io/FileNotFoundException'{0x0000000750d40098}> (0x0000000750d40098) thrown at [/build/openjdk-11-GO4RM2/openjdk-11-11.0.3+1/src/hotspot/share/prims/jni.cpp, line 615]
Event: 0.541 Thread 0x00007f03c4012800 Exception <a 'java/lang/NoSuchMethodError'{0x0000000750ae3c58}: java.lang.invoke.DirectMethodHandle$Holder.invokeStaticInit(Ljava/lang/Object;Ljava/lang/Object;JLjava/lang/Object;)Ljava/lang/Object;> (0x0000000750ae3c58) thrown at [/build/openjdk-11-GO4RM
Event: 0.541 Thread 0x00007f03c4012800 Exception <a 'java/lang/NoSuchMethodError'{0x0000000750aefc40}: java.lang.invoke.Invokers$Holder.linkToTargetMethod(Ljava/lang/Object;JLjava/lang/Object;)Ljava/lang/Object;> (0x0000000750aefc40) thrown at [/build/openjdk-11-GO4RM2/openjdk-11-11.0.3+1/src/
Event: 0.542 Thread 0x00007f03c4012800 Exception <a 'java/lang/NoSuchMethodError'{0x0000000750af6a20}: java.lang.invoke.DirectMethodHandle$Holder.invokeStatic(Ljava/lang/Object;Ljava/lang/Object;Ljava/lang/Object;I)Ljava/lang/Object;> (0x0000000750af6a20) thrown at [/build/openjdk-11-GO4RM2/op
Event: 0.543 Thread 0x00007f03c4012800 Exception <a 'java/lang/NoSuchMethodError'{0x0000000750afa338}: java.lang.invoke.DirectMethodHandle$Holder.invokeSpecial(Ljava/lang/Object;Ljava/lang/Object;Ljava/lang/Object;Ljava/lang/Object;I)Ljava/lang/Object;> (0x0000000750afa338) thrown at [/build/o
Event: 0.543 Thread 0x00007f03c4012800 Exception <a 'java/lang/NoSuchMethodError'{0x0000000750afd398}: java.lang.invoke.Invokers$Holder.linkToTargetMethod(Ljava/lang/Object;Ljava/lang/Object;ILjava/lang/Object;)Ljava/lang/Object;> (0x0000000750afd398) thrown at [/build/openjdk-11-GO4RM2/openjd
Event: 0.554 Thread 0x00007f03c4012800 Exception <a 'java/lang/UnsatisfiedLinkError'{0x0000000750974310}: libtesseract.so: 동적 오브젝트 파일을 열 수 없습니다: 그런 파일이나 디렉터리가 없습니다> (0x0000000750974310) thrown at [/build/openjdk-11-GO4RM2/openjdk-11-1
Event: 0.554 Thread 0x00007f03c4012800 Exception <a 'java/lang/UnsatisfiedLinkError'{0x0000000750975b50}: libtesseract.so: 동적 오브젝트 파일을 열 수 없습니다: 그런 파일이나 디렉터리가 없습니다> (0x0000000750975b50) thrown at [/build/openjdk-11-GO4RM2/openjdk-11-1

Events (10 events):
Event: 0.599 loading class java/lang/reflect/AnnotatedType
Event: 0.599 loading class java/lang/reflect/AnnotatedType done
Event: 0.599 loading class com/sun/jna/Library$Handler$FunctionInfo
Event: 0.599 loading class com/sun/jna/Library$Handler$FunctionInfo done
Event: 0.600 loading class com/sun/jna/NativeMappedConverter
Event: 0.600 loading class com/sun/jna/NativeMappedConverter done
Event: 0.600 loading class com/sun/jna/TypeConverter
Event: 0.600 loading class com/sun/jna/TypeConverter done
Event: 0.600 loading class com/sun/jna/Klass
Event: 0.600 loading class com/sun/jna/Klass done


Dynamic libraries:
745c00000-751800000 rw-p 00000000 00:00 0 
751800000-7bfe00000 ---p 00000000 00:00 0 
7bfe00000-7bfe34000 rw-p 0111b000 103:02 12190533                        /usr/lib/jvm/java-11-openjdk-amd64/lib/server/classes.jsa
7bfe34000-7bff00000 rw-p 00000000 00:00 0 
7bff00000-7bff6a000 rw-p 010b1000 103:02 12190533                        /usr/lib/jvm/java-11-openjdk-amd64/lib/server/classes.jsa
7bff6a000-7c0000000 rw-p 00000000 00:00 0 
7c0000000-800000000 ---p 00000000 00:00 0 
800000000-800002000 rwxp 00001000 103:02 12190533                        /usr/lib/jvm/java-11-openjdk-amd64/lib/server/classes.jsa
800002000-8010b0000 rw-p 00003000 103:02 12190533                        /usr/lib/jvm/java-11-openjdk-amd64/lib/server/classes.jsa
840000000-8400e0000 rw-p 00000000 00:00 0 
8400e0000-880000000 ---p 00000000 00:00 0 
55a5e8ee3000-55a5e8ee4000 r--p 00000000 103:02 12060292                  /usr/lib/jvm/java-11-openjdk-amd64/bin/java
55a5e8ee4000-55a5e8ee5000 r-xp 00001000 103:02 12060292                  /usr/lib/jvm/java-11-openjdk-amd64/bin/java
55a5e8ee5000-55a5e8ee6000 r--p 00002000 103:02 12060292                  /usr/lib/jvm/java-11-openjdk-amd64/bin/java
55a5e8ee6000-55a5e8ee7000 r--p 00002000 103:02 12060292                  /usr/lib/jvm/java-11-openjdk-amd64/bin/java
55a5e8ee7000-55a5e8ee8000 rw-p 00003000 103:02 12060292                  /usr/lib/jvm/java-11-openjdk-amd64/bin/java
55a5e91c9000-55a5e91ea000 rw-p 00000000 00:00 0                          [heap]
7f0344000000-7f034404c000 rw-p 00000000 00:00 0 
7f034404c000-7f0348000000 ---p 00000000 00:00 0 
7f0348000000-7f0348021000 rw-p 00000000 00:00 0 
7f0348021000-7f034c000000 ---p 00000000 00:00 0 
7f034f8ea000-7f034f8ee000 ---p 00000000 00:00 0 
7f034f8ee000-7f034f9eb000 rw-p 00000000 00:00 0 
7f034f9eb000-7f034f9f6000 r-xp 00000000 103:02 11538457                  /usr/lib/x86_64-linux-gnu/libjbig.so.0
7f034f9f6000-7f034fbf5000 ---p 0000b000 103:02 11538457                  /usr/lib/x86_64-linux-gnu/libjbig.so.0
7f034fbf5000-7f034fbf6000 r--p 0000a000 103:02 11538457                  /usr/lib/x86_64-linux-gnu/libjbig.so.0
7f034fbf6000-7f034fbf9000 rw-p 0000b000 103:02 11538457                  /usr/lib/x86_64-linux-gnu/libjbig.so.0
7f034fbf9000-7f034fbfc000 r--p 00000000 103:02 11539375                  /usr/lib/x86_64-linux-gnu/liblzma.so.5.2.4
7f034fbfc000-7f034fc14000 r-xp 00003000 103:02 11539375                  /usr/lib/x86_64-linux-gnu/liblzma.so.5.2.4
7f034fc14000-7f034fc1f000 r--p 0001b000 103:02 11539375                  /usr/lib/x86_64-linux-gnu/liblzma.so.5.2.4
7f034fc1f000-7f034fc20000 r--p 00025000 103:02 11539375                  /usr/lib/x86_64-linux-gnu/liblzma.so.5.2.4
7f034fc20000-7f034fc21000 rw-p 00026000 103:02 11539375                  /usr/lib/x86_64-linux-gnu/liblzma.so.5.2.4
7f034fc21000-7f034fc26000 r--p 00000000 103:02 11536062                  /usr/lib/x86_64-linux-gnu/libzstd.so.1.3.8
7f034fc26000-7f034fcae000 r-xp 00005000 103:02 11536062                  /usr/lib/x86_64-linux-gnu/libzstd.so.1.3.8
7f034fcae000-7f034fcbe000 r--p 0008d000 103:02 11536062                  /usr/lib/x86_64-linux-gnu/libzstd.so.1.3.8
7f034fcbe000-7f034fcbf000 ---p 0009d000 103:02 11536062                  /usr/lib/x86_64-linux-gnu/libzstd.so.1.3.8
7f034fcbf000-7f034fcc0000 r--p 0009d000 103:02 11536062                  /usr/lib/x86_64-linux-gnu/libzstd.so.1.3.8
7f034fcc0000-7f034fcc1000 rw-p 0009e000 103:02 11536062                  /usr/lib/x86_64-linux-gnu/libzstd.so.1.3.8
7f034fcc1000-7f034fcc5000 r--p 00000000 103:02 11539079                  /usr/lib/x86_64-linux-gnu/libopenjp2.so.2.3.0
7f034fcc5000-7f034fd06000 r-xp 00004000 103:02 11539079                  /usr/lib/x86_64-linux-gnu/libopenjp2.so.2.3.0
7f034fd06000-7f034fd15000 r--p 00045000 103:02 11539079                  /usr/lib/x86_64-linux-gnu/libopenjp2.so.2.3.0
7f034fd15000-7f034fd16000 ---p 00054000 103:02 11539079                  /usr/lib/x86_64-linux-gnu/libopenjp2.so.2.3.0
7f034fd16000-7f034fd17000 r--p 00054000 103:02 11539079                  /usr/lib/x86_64-linux-gnu/libopenjp2.so.2.3.0
7f034fd17000-7f034fd18000 rw-p 00055000 103:02 11539079                  /usr/lib/x86_64-linux-gnu/libopenjp2.so.2.3.0
7f034fd18000-7f034fd7e000 r-xp 00000000 103:02 11539462                  /usr/lib/x86_64-linux-gnu/libwebp.so.6.0.2
7f034fd7e000-7f034ff7d000 ---p 00066000 103:02 11539462                  /usr/lib/x86_64-linux-gnu/libwebp.so.6.0.2
7f034ff7d000-7f034ff7e000 r--p 00065000 103:02 11539462                  /usr/lib/x86_64-linux-gnu/libwebp.so.6.0.2
7f034ff7e000-7f034ff7f000 rw-p 00066000 103:02 11539462                  /usr/lib/x86_64-linux-gnu/libwebp.so.6.0.2
7f034ff7f000-7f034ff81000 rw-p 00000000 00:00 0 
7f034ff81000-7f034ff8a000 r--p 00000000 103:02 11534355                  /usr/lib/x86_64-linux-gnu/libtiff.so.5.4.0
7f034ff8a000-7f034ffcd000 r-xp 00009000 103:02 11534355                  /usr/lib/x86_64-linux-gnu/libtiff.so.5.4.0
7f034ffcd000-7f034fffb000 r--p 0004c000 103:02 11534355                  /usr/lib/x86_64-linux-gnu/libtiff.so.5.4.0
7f034fffb000-7f034ffff000 r--p 00079000 103:02 11534355                  /usr/lib/x86_64-linux-gnu/libtiff.so.5.4.0
7f034ffff000-7f0350000000 rw-p 0007d000 103:02 11534355                  /usr/lib/x86_64-linux-gnu/libtiff.so.5.4.0
7f0350000000-7f03500f4000 rw-p 00000000 00:00 0 
7f03500f4000-7f0354000000 ---p 00000000 00:00 0 
7f0354000000-7f0354021000 rw-p 00000000 00:00 0 
7f0354021000-7f0358000000 ---p 00000000 00:00 0 
7f0358000000-7f0358021000 rw-p 00000000 00:00 0 
7f0358021000-7f035c000000 ---p 00000000 00:00 0 
7f035c000000-7f035c021000 rw-p 00000000 00:00 0 
7f035c021000-7f0360000000 ---p 00000000 00:00 0 
7f0360000000-7f0360021000 rw-p 00000000 00:00 0 
7f0360021000-7f0364000000 ---p 00000000 00:00 0 
7f0364000000-7f0364021000 rw-p 00000000 00:00 0 
7f0364021000-7f0368000000 ---p 00000000 00:00 0 
7f0368000000-7f0368021000 rw-p 00000000 00:00 0 
7f0368021000-7f036c000000 ---p 00000000 00:00 0 
7f036c000000-7f036c021000 rw-p 00000000 00:00 0 
7f036c021000-7f0370000000 ---p 00000000 00:00 0 
7f0370000000-7f0370558000 rw-p 00000000 00:00 0 
7f0370558000-7f0374000000 ---p 00000000 00:00 0 
7f0374000000-7f0374021000 rw-p 00000000 00:00 0 
7f0374021000-7f0378000000 ---p 00000000 00:00 0 
7f0378000000-7f0378021000 rw-p 00000000 00:00 0 
7f0378021000-7f037c000000 ---p 00000000 00:00 0 
7f037c000000-7f037c314000 rw-p 00000000 00:00 0 
7f037c314000-7f0380000000 ---p 00000000 00:00 0 
7f0380000000-7f0380021000 rw-p 00000000 00:00 0 
7f0380021000-7f0384000000 ---p 00000000 00:00 0 
7f0384000000-7f0384021000 rw-p 00000000 00:00 0 
7f0384021000-7f0388000000 ---p 00000000 00:00 0 
7f0388000000-7f0388021000 rw-p 00000000 00:00 0 
7f0388021000-7f038c000000 ---p 00000000 00:00 0 
7f038c000000-7f038c021000 rw-p 00000000 00:00 0 
7f038c021000-7f0390000000 ---p 00000000 00:00 0 
7f0390000000-7f0390021000 rw-p 00000000 00:00 0 
7f0390021000-7f0394000000 ---p 00000000 00:00 0 
7f0394000000-7f0394021000 rw-p 00000000 00:00 0 
7f0394021000-7f0398000000 ---p 00000000 00:00 0 
7f039800c000-7f0398014000 r-xp 00000000 103:02 11538135                  /usr/lib/x86_64-linux-gnu/libgif.so.7.0.0
7f0398014000-7f0398213000 ---p 00008000 103:02 11538135                  /usr/lib/x86_64-linux-gnu/libgif.so.7.0.0
7f0398213000-7f0398214000 r--p 00007000 103:02 11538135                  /usr/lib/x86_64-linux-gnu/libgif.so.7.0.0
7f0398214000-7f0398215000 rw-p 00008000 103:02 11538135                  /usr/lib/x86_64-linux-gnu/libgif.so.7.0.0
7f0398215000-7f039827c000 r-xp 00000000 103:02 11538463                  /usr/lib/x86_64-linux-gnu/libjpeg.so.62.2.0
7f039827c000-7f039847c000 ---p 00067000 103:02 11538463                  /usr/lib/x86_64-linux-gnu/libjpeg.so.62.2.0
7f039847c000-7f039847d000 r--p 00067000 103:02 11538463                  /usr/lib/x86_64-linux-gnu/libjpeg.so.62.2.0
7f039847d000-7f039847e000 rw-p 00068000 103:02 11538463                  /usr/lib/x86_64-linux-gnu/libjpeg.so.62.2.0
7f039847e000-7f0398484000 r--p 00000000 103:02 11534376                  /usr/lib/x86_64-linux-gnu/libpng16.so.16.36.0
7f0398484000-7f03984a9000 r-xp 00006000 103:02 11534376                  /usr/lib/x86_64-linux-gnu/libpng16.so.16.36.0
7f03984a9000-7f03984b5000 r--p 0002b000 103:02 11534376                  /usr/lib/x86_64-linux-gnu/libpng16.so.16.36.0
7f03984b5000-7f03984b6000 r--p 00036000 103:02 11534376                  /usr/lib/x86_64-linux-gnu/libpng16.so.16.36.0
7f03984b6000-7f03984b7000 rw-p 00037000 103:02 11534376                  /usr/lib/x86_64-linux-gnu/libpng16.so.16.36.0
7f03984b7000-7f03984be000 r--p 00000000 103:02 11536162                  /usr/lib/x86_64-linux-gnu/libgomp.so.1.0.0
7f03984be000-7f03984dd000 r-xp 00007000 103:02 11536162                  /usr/lib/x86_64-linux-gnu/libgomp.so.1.0.0
7f03984dd000-7f03984e6000 r--p 00026000 103:02 11536162                  /usr/lib/x86_64-linux-gnu/libgomp.so.1.0.0
7f03984e6000-7f03984e7000 r--p 0002e000 103:02 11536162                  /usr/lib/x86_64-linux-gnu/libgomp.so.1.0.0
7f03984e7000-7f03984e8000 rw-p 0002f000 103:02 11536162                  /usr/lib/x86_64-linux-gnu/libgomp.so.1.0.0
7f03984e8000-7f0398757000 r-xp 00000000 103:02 11541199                  /usr/lib/x86_64-linux-gnu/liblept.so.5.0.3
7f0398757000-7f0398957000 ---p 0026f000 103:02 11541199                  /usr/lib/x86_64-linux-gnu/liblept.so.5.0.3
7f0398957000-7f0398958000 r--p 0026f000 103:02 11541199                  /usr/lib/x86_64-linux-gnu/liblept.so.5.0.3
7f0398958000-7f0398961000 rw-p 00270000 103:02 11541199                  /usr/lib/x86_64-linux-gnu/liblept.so.5.0.3
7f0398992000-7f0398a25000 r--p 00000000 103:02 11536371                  /usr/lib/x86_64-linux-gnu/libtesseract.so.4.0.0
7f0398a25000-7f0398c1f000 r-xp 00093000 103:02 11536371                  /usr/lib/x86_64-linux-gnu/libtesseract.so.4.0.0
7f0398c1f000-7f0398ccc000 r--p 0028d000 103:02 11536371                  /usr/lib/x86_64-linux-gnu/libtesseract.so.4.0.0
7f0398ccc000-7f0398cd8000 r--p 00339000 103:02 11536371                  /usr/lib/x86_64-linux-gnu/libtesseract.so.4.0.0
7f0398cd8000-7f0398cd9000 rw-p 00345000 103:02 11536371                  /usr/lib/x86_64-linux-gnu/libtesseract.so.4.0.0
7f0398cd9000-7f0398f7d000 rw-p 00000000 00:00 0 
7f0398f7d000-7f0398f95000 r-xp 00000000 103:02 7869149                   /root/.cache/JNA/temp/jna888533264306553805.tmp (deleted)
7f0398f95000-7f0399195000 ---p 00018000 103:02 7869149                   /root/.cache/JNA/temp/jna888533264306553805.tmp (deleted)
7f0399195000-7f0399196000 rw-p 00018000 103:02 7869149                   /root/.cache/JNA/temp/jna888533264306553805.tmp (deleted)
7f0399196000-7f039919a000 ---p 00000000 00:00 0 
7f039919a000-7f0399297000 rw-p 00000000 00:00 0 
7f0399297000-7f039929c000 r-xp 00000000 103:02 11537430                  /usr/lib/x86_64-linux-gnu/libXdmcp.so.6.0.0
7f039929c000-7f039949b000 ---p 00005000 103:02 11537430                  /usr/lib/x86_64-linux-gnu/libXdmcp.so.6.0.0
7f039949b000-7f039949c000 r--p 00004000 103:02 11537430                  /usr/lib/x86_64-linux-gnu/libXdmcp.so.6.0.0
7f039949c000-7f039949d000 rw-p 00005000 103:02 11537430                  /usr/lib/x86_64-linux-gnu/libXdmcp.so.6.0.0
7f039949d000-7f039949f000 r-xp 00000000 103:02 11537415                  /usr/lib/x86_64-linux-gnu/libXau.so.6.0.0
7f039949f000-7f039969f000 ---p 00002000 103:02 11537415                  /usr/lib/x86_64-linux-gnu/libXau.so.6.0.0
7f039969f000-7f03996a0000 r--p 00002000 103:02 11537415                  /usr/lib/x86_64-linux-gnu/libXau.so.6.0.0
7f03996a0000-7f03996a1000 rw-p 00003000 103:02 11537415                  /usr/lib/x86_64-linux-gnu/libXau.so.6.0.0
7f03996a1000-7f03996ad000 r--p 00000000 103:02 11539605                  /usr/lib/x86_64-linux-gnu/libxcb.so.1.1.0
7f03996ad000-7f03996c0000 r-xp 0000c000 103:02 11539605                  /usr/lib/x86_64-linux-gnu/libxcb.so.1.1.0
7f03996c0000-7f03996c9000 r--p 0001f000 103:02 11539605                  /usr/lib/x86_64-linux-gnu/libxcb.so.1.1.0
7f03996c9000-7f03996ca000 r--p 00027000 103:02 11539605                  /usr/lib/x86_64-linux-gnu/libxcb.so.1.1.0
7f03996ca000-7f03996cb000 rw-p 00028000 103:02 11539605                  /usr/lib/x86_64-linux-gnu/libxcb.so.1.1.0
7f03996cb000-7f03996da000 r-xp 00000000 103:02 11537444                  /usr/lib/x86_64-linux-gnu/libXi.so.6.1.0
7f03996da000-7f03998d9000 ---p 0000f000 103:02 11537444                  /usr/lib/x86_64-linux-gnu/libXi.so.6.1.0
7f03998d9000-7f03998da000 r--p 0000e000 103:02 11537444                  /usr/lib/x86_64-linux-gnu/libXi.so.6.1.0
7f03998da000-7f03998db000 rw-p 0000f000 103:02 11537444                  /usr/lib/x86_64-linux-gnu/libXi.so.6.1.0
7f03998db000-7f03998e0000 r-xp 00000000 103:02 11537467                  /usr/lib/x86_64-linux-gnu/libXtst.so.6.1.0
7f03998e0000-7f0399adf000 ---p 00005000 103:02 11537467                  /usr/lib/x86_64-linux-gnu/libXtst.so.6.1.0
7f0399adf000-7f0399ae0000 r--p 00004000 103:02 11537467                  /usr/lib/x86_64-linux-gnu/libXtst.so.6.1.0
7f0399ae0000-7f0399ae1000 rw-p 00005000 103:02 11537467                  /usr/lib/x86_64-linux-gnu/libXtst.so.6.1.0
7f0399ae1000-7f0399aea000 r-xp 00000000 103:02 11537459                  /usr/lib/x86_64-linux-gnu/libXrender.so.1.3.0
7f0399aea000-7f0399ce9000 ---p 00009000 103:02 11537459                  /usr/lib/x86_64-linux-gnu/libXrender.so.1.3.0
7f0399ce9000-7f0399cea000 r--p 00008000 103:02 11537459                  /usr/lib/x86_64-linux-gnu/libXrender.so.1.3.0
7f0399cea000-7f0399ceb000 rw-p 00009000 103:02 11537459                  /usr/lib/x86_64-linux-gnu/libXrender.so.1.3.0
7f0399ceb000-7f0399d07000 r--p 00000000 103:02 11537409                  /usr/lib/x86_64-linux-gnu/libX11.so.6.3.0
7f0399d07000-7f0399d91000 r-xp 0001c000 103:02 11537409                  /usr/lib/x86_64-linux-gnu/libX11.so.6.3.0
7f0399d91000-7f0399e25000 r--p 000a6000 103:02 11537409                  /usr/lib/x86_64-linux-gnu/libX11.so.6.3.0
7f0399e25000-7f0399e26000 ---p 0013a000 103:02 11537409                  /usr/lib/x86_64-linux-gnu/libX11.so.6.3.0
7f0399e26000-7f0399e27000 r--p 0013a000 103:02 11537409                  /usr/lib/x86_64-linux-gnu/libX11.so.6.3.0
7f0399e27000-7f0399e2c000 rw-p 0013b000 103:02 11537409                  /usr/lib/x86_64-linux-gnu/libX11.so.6.3.0
7f0399e2c000-7f0399e3d000 r-xp 00000000 103:02 11537434                  /usr/lib/x86_64-linux-gnu/libXext.so.6.4.0
7f0399e3d000-7f039a03c000 ---p 00011000 103:02 11537434                  /usr/lib/x86_64-linux-gnu/libXext.so.6.4.0
7f039a03c000-7f039a03d000 r--p 00010000 103:02 11537434                  /usr/lib/x86_64-linux-gnu/libXext.so.6.4.0
7f039a03d000-7f039a03e000 rw-p 00011000 103:02 11537434                  /usr/lib/x86_64-linux-gnu/libXext.so.6.4.0
7f039a04d000-7f039a051000 ---p 00000000 00:00 0 
7f039a051000-7f039a06f000 rw-p 00000000 00:00 0 
7f039a06f000-7f039a07f000 r--p 00000000 103:02 12060891                  /usr/lib/jvm/java-11-openjdk-amd64/lib/libawt_xawt.so
7f039a07f000-7f039a0bb000 r-xp 00010000 103:02 12060891                  /usr/lib/jvm/java-11-openjdk-amd64/lib/libawt_xawt.so
7f039a0bb000-7f039a0cc000 r--p 0004c000 103:02 12060891                  /usr/lib/jvm/java-11-openjdk-amd64/lib/libawt_xawt.so
7f039a0cc000-7f039a0cd000 ---p 0005d000 103:02 12060891                  /usr/lib/jvm/java-11-openjdk-amd64/lib/libawt_xawt.so
7f039a0cd000-7f039a0ce000 r--p 0005d000 103:02 12060891                  /usr/lib/jvm/java-11-openjdk-amd64/lib/libawt_xawt.so
7f039a0ce000-7f039a0d1000 rw-p 0005e000 103:02 12060891                  /usr/lib/jvm/java-11-openjdk-amd64/lib/libawt_xawt.so
7f039a0d1000-7f039a0d3000 rw-p 00000000 00:00 0 
7f039a0d3000-7f039a0ff000 r--p 00000000 103:02 12060888                  /usr/lib/jvm/java-11-openjdk-amd64/lib/libawt.so
7f039a0ff000-7f039a165000 r-xp 0002c000 103:02 12060888                  /usr/lib/jvm/java-11-openjdk-amd64/lib/libawt.so
7f039a165000-7f039a172000 r--p 00092000 103:02 12060888                  /usr/lib/jvm/java-11-openjdk-amd64/lib/libawt.so
7f039a172000-7f039a173000 r--p 0009e000 103:02 12060888                  /usr/lib/jvm/java-11-openjdk-amd64/lib/libawt.so
7f039a173000-7f039a17e000 rw-p 0009f000 103:02 12060888                  /usr/lib/jvm/java-11-openjdk-amd64/lib/libawt.so
7f039a17e000-7f039a1a3000 rw-p 00000000 00:00 0 
7f039a1a3000-7f039a1a7000 ---p 00000000 00:00 0 
7f039a1a7000-7f039a2a4000 rw-p 00000000 00:00 0 
7f039a2a4000-7f039a2a8000 ---p 00000000 00:00 0 
7f039a2a8000-7f039a3a5000 rw-p 00000000 00:00 0 
7f039a3a5000-7f039a3a6000 ---p 00000000 00:00 0 
7f039a3a6000-7f039a4a7000 rw-p 00000000 00:00 0 
7f039a4a7000-7f039a4ab000 ---p 00000000 00:00 0 
7f039a4ab000-7f039a5a8000 rw-p 00000000 00:00 0 
7f039a5a8000-7f039a5ac000 ---p 00000000 00:00 0 
7f039a5ac000-7f039a6a9000 rw-p 00000000 00:00 0 
7f039a6a9000-7f039a6ad000 ---p 00000000 00:00 0 
7f039a6ad000-7f039a7aa000 rw-p 00000000 00:00 0 
7f039a7aa000-7f039a7ae000 ---p 00000000 00:00 0 
7f039a7ae000-7f039a8ab000 rw-p 00000000 00:00 0 
7f039a8ab000-7f039a8af000 ---p 00000000 00:00 0 
7f039a8af000-7f039a9ac000 rw-p 00000000 00:00 0 
7f039a9ac000-7f039a9b0000 ---p 00000000 00:00 0 
7f039a9b0000-7f039aaad000 rw-p 00000000 00:00 0 
7f039aaad000-7f039aab1000 ---p 00000000 00:00 0 
7f039aab1000-7f039abae000 rw-p 00000000 00:00 0 
7f039abae000-7f039abb2000 ---p 00000000 00:00 0 
7f039abb2000-7f039acaf000 rw-p 00000000 00:00 0 
7f039acaf000-7f039ad64000 r--p 00000000 103:02 12193063                  /usr/lib/locale/ko_KR.utf8/LC_CTYPE
7f039ad64000-7f039adf3000 r--p 00000000 103:02 12193062                  /usr/lib/locale/ko_KR.utf8/LC_COLLATE
7f039adf3000-7f039adf7000 ---p 00000000 00:00 0 
7f039adf7000-7f039aef4000 rw-p 00000000 00:00 0 
7f039aef4000-7f039aef8000 ---p 00000000 00:00 0 
7f039aef8000-7f039aff5000 rw-p 00000000 00:00 0 
7f039aff5000-7f039aff6000 ---p 00000000 00:00 0 
7f039aff6000-7f039b777000 rw-p 00000000 00:00 0 
7f039b777000-7f039b8f7000 ---p 00000000 00:00 0 
7f039b8f7000-7f039b8f8000 ---p 00000000 00:00 0 
7f039b8f8000-7f039b9f9000 rw-p 00000000 00:00 0 
7f039b9f9000-7f039b9fa000 ---p 00000000 00:00 0 
7f039b9fa000-7f039c000000 rw-p 00000000 00:00 0 
7f039c000000-7f039c021000 rw-p 00000000 00:00 0 
7f039c021000-7f03a0000000 ---p 00000000 00:00 0 
7f03a0005000-7f03a002c000 r--p 00000000 103:02 666791                    /usr/share/locale/ko/LC_MESSAGES/libc.mo
7f03a002c000-7f03a25d0000 rw-p 00000000 00:00 0 
7f03a25d0000-7f03a4168000 ---p 00000000 00:00 0 
7f03a4168000-7f03a4170000 rw-p 00000000 00:00 0 
7f03a4170000-7f03a5170000 ---p 00000000 00:00 0 
7f03a5170000-7f03a5460000 rw-p 00000000 00:00 0 
7f03a5460000-7f03a6ff8000 ---p 00000000 00:00 0 
7f03a6ff8000-7f03a7000000 rw-p 00000000 00:00 0 
7f03a7000000-7f03a8000000 ---p 00000000 00:00 0 
7f03a8000000-7f03a8021000 rw-p 00000000 00:00 0 
7f03a8021000-7f03ac000000 ---p 00000000 00:00 0 
7f03ac006000-7f03ac00a000 r--p 00000000 103:02 11538035                  /usr/lib/x86_64-linux-gnu/libbsd.so.0.9.1
7f03ac00a000-7f03ac019000 r-xp 00004000 103:02 11538035                  /usr/lib/x86_64-linux-gnu/libbsd.so.0.9.1
7f03ac019000-7f03ac01c000 r--p 00013000 103:02 11538035                  /usr/lib/x86_64-linux-gnu/libbsd.so.0.9.1
7f03ac01c000-7f03ac01d000 ---p 00016000 103:02 11538035                  /usr/lib/x86_64-linux-gnu/libbsd.so.0.9.1
7f03ac01d000-7f03ac01e000 r--p 00016000 103:02 11538035                  /usr/lib/x86_64-linux-gnu/libbsd.so.0.9.1
7f03ac01e000-7f03ac01f000 rw-p 00017000 103:02 11538035                  /usr/lib/x86_64-linux-gnu/libbsd.so.0.9.1
7f03ac01f000-7f03ac020000 rw-p 00000000 00:00 0 
7f03ac020000-7f03ac024000 r--p 00000000 103:02 12060926                  /usr/lib/jvm/java-11-openjdk-amd64/lib/libnet.so
7f03ac024000-7f03ac033000 r-xp 00004000 103:02 12060926                  /usr/lib/jvm/java-11-openjdk-amd64/lib/libnet.so
7f03ac033000-7f03ac037000 r--p 00013000 103:02 12060926                  /usr/lib/jvm/java-11-openjdk-amd64/lib/libnet.so
7f03ac037000-7f03ac038000 r--p 00016000 103:02 12060926                  /usr/lib/jvm/java-11-openjdk-amd64/lib/libnet.so
7f03ac038000-7f03ac039000 rw-p 00017000 103:02 12060926                  /usr/lib/jvm/java-11-openjdk-amd64/lib/libnet.so
7f03ac039000-7f03ac040000 r--p 00000000 103:02 12060928                  /usr/lib/jvm/java-11-openjdk-amd64/lib/libnio.so
7f03ac040000-7f03ac047000 r-xp 00007000 103:02 12060928                  /usr/lib/jvm/java-11-openjdk-amd64/lib/libnio.so
7f03ac047000-7f03ac04a000 r--p 0000e000 103:02 12060928                  /usr/lib/jvm/java-11-openjdk-amd64/lib/libnio.so
7f03ac04a000-7f03ac04b000 r--p 00010000 103:02 12060928                  /usr/lib/jvm/java-11-openjdk-amd64/lib/libnio.so
7f03ac04b000-7f03ac04c000 rw-p 00011000 103:02 12060928                  /usr/lib/jvm/java-11-openjdk-amd64/lib/libnio.so
7f03ac04c000-7f03ac1a8000 rw-p 00000000 00:00 0 
7f03ac1a8000-7f03ac1a9000 ---p 00000000 00:00 0 
7f03ac1a9000-7f03ac2aa000 rw-p 00000000 00:00 0 
7f03ac2aa000-7f03ac2ab000 ---p 00000000 00:00 0 
7f03ac2ab000-7f03ac40a000 rw-p 00000000 00:00 0 
7f03ac40a000-7f03ac77d000 ---p 00000000 00:00 0 
7f03ac77d000-7f03ac77e000 rw-p 00000000 00:00 0 
7f03ac77e000-7f03ac97e000 ---p 00000000 00:00 0 
7f03ac97e000-7f03acbee000 rwxp 00000000 00:00 0 
7f03acbee000-7f03acf0f000 ---p 00000000 00:00 0 
7f03acf0f000-7f03ad17f000 rwxp 00000000 00:00 0 
7f03ad17f000-7f03b4446000 ---p 00000000 00:00 0 
7f03b4446000-7f03b46b6000 rwxp 00000000 00:00 0 
7f03b46b6000-7f03bb97e000 ---p 00000000 00:00 0 
7f03bb97e000-7f03c4000000 r--s 00000000 103:02 12060946                  /usr/lib/jvm/java-11-openjdk-amd64/lib/modules
7f03c4000000-7f03c488e000 rw-p 00000000 00:00 0 
7f03c488e000-7f03c8000000 ---p 00000000 00:00 0 
7f03c8011000-7f03c8012000 r--p 00000000 103:02 12060893                  /usr/lib/jvm/java-11-openjdk-amd64/lib/libdt_socket.so
7f03c8012000-7f03c8015000 r-xp 00001000 103:02 12060893                  /usr/lib/jvm/java-11-openjdk-amd64/lib/libdt_socket.so
7f03c8015000-7f03c8016000 r--p 00004000 103:02 12060893                  /usr/lib/jvm/java-11-openjdk-amd64/lib/libdt_socket.so
7f03c8016000-7f03c8017000 r--p 00004000 103:02 12060893                  /usr/lib/jvm/java-11-openjdk-amd64/lib/libdt_socket.so
7f03c8017000-7f03c8018000 rw-p 00005000 103:02 12060893                  /usr/lib/jvm/java-11-openjdk-amd64/lib/libdt_socket.so
7f03c8018000-7f03c8019000 r--p 00000000 103:02 12060389                  /usr/lib/locale/aa_ET/LC_NUMERIC
7f03c8019000-7f03c801a000 r--p 00000000 103:02 12193068                  /usr/lib/locale/ko_KR.utf8/LC_TIME
7f03c801a000-7f03c801b000 r--p 00000000 103:02 12193066                  /usr/lib/locale/ko_KR.utf8/LC_MONETARY
7f03c801b000-7f03c801c000 r--p 00000000 103:02 12193065                  /usr/lib/locale/ko_KR.utf8/LC_MESSAGES/SYS_LC_MESSAGES
7f03c801c000-7f03c801d000 r--p 00000000 103:02 12059827                  /usr/lib/locale/aa_DJ.utf8/LC_PAPER
7f03c801d000-7f03c801e000 r--p 00000000 103:02 12060419                  /usr/lib/locale/agr_PE/LC_NAME
7f03c801e000-7f03c801f000 r--p 00000000 103:02 12193061                  /usr/lib/locale/ko_KR.utf8/LC_ADDRESS
7f03c801f000-7f03c8020000 r--p 00000000 103:02 12193067                  /usr/lib/locale/ko_KR.utf8/LC_TELEPHONE
7f03c8020000-7f03c8021000 r--p 00000000 103:02 12059821                  /usr/lib/locale/aa_DJ.utf8/LC_MEASUREMENT
7f03c8021000-7f03c8028000 r--s 00000000 103:02 12064997                  /usr/lib/x86_64-linux-gnu/gconv/gconv-modules.cache
7f03c8028000-7f03c81b1000 rw-p 00000000 00:00 0 
7f03c81b1000-7f03c8524000 ---p 00000000 00:00 0 
7f03c8524000-7f03c8525000 rw-p 00000000 00:00 0 
7f03c8525000-7f03c8725000 ---p 00000000 00:00 0 
7f03c8725000-7f03c8783000 rw-p 00000000 00:00 0 
7f03c8783000-7f03c8af6000 ---p 00000000 00:00 0 
7f03c8af6000-7f03c8af7000 rw-p 00000000 00:00 0 
7f03c8af7000-7f03c8cf7000 ---p 00000000 00:00 0 
7f03c8cf7000-7f03c94ff000 rw-p 00000000 00:00 0 
7f03c94ff000-7f03c9500000 ---p 00000000 00:00 0 
7f03c9500000-7f03c9606000 rw-p 00000000 00:00 0 
7f03c9606000-7f03c96ec000 ---p 00000000 00:00 0 
7f03c96ec000-7f03c96f1000 rw-p 00000000 00:00 0 
7f03c96f1000-7f03c97d7000 ---p 00000000 00:00 0 
7f03c97d7000-7f03c97dc000 rw-p 00000000 00:00 0 
7f03c97dc000-7f03c97e3000 ---p 00000000 00:00 0 
7f03c97e3000-7f03c97e5000 r--p 00000000 103:02 12060913                  /usr/lib/jvm/java-11-openjdk-amd64/lib/libjimage.so
7f03c97e5000-7f03c97e8000 r-xp 00002000 103:02 12060913                  /usr/lib/jvm/java-11-openjdk-amd64/lib/libjimage.so
7f03c97e8000-7f03c97ea000 r--p 00005000 103:02 12060913                  /usr/lib/jvm/java-11-openjdk-amd64/lib/libjimage.so
7f03c97ea000-7f03c97eb000 r--p 00006000 103:02 12060913                  /usr/lib/jvm/java-11-openjdk-amd64/lib/libjimage.so
7f03c97eb000-7f03c97ec000 rw-p 00007000 103:02 12060913                  /usr/lib/jvm/java-11-openjdk-amd64/lib/libjimage.so
7f03c97ec000-7f03c97ee000 r--p 00000000 103:02 12060943                  /usr/lib/jvm/java-11-openjdk-amd64/lib/libzip.so
7f03c97ee000-7f03c97f2000 r-xp 00002000 103:02 12060943                  /usr/lib/jvm/java-11-openjdk-amd64/lib/libzip.so
7f03c97f2000-7f03c97f4000 r--p 00006000 103:02 12060943                  /usr/lib/jvm/java-11-openjdk-amd64/lib/libzip.so
7f03c97f4000-7f03c97f5000 r--p 00007000 103:02 12060943                  /usr/lib/jvm/java-11-openjdk-amd64/lib/libzip.so
7f03c97f5000-7f03c97f6000 rw-p 00008000 103:02 12060943                  /usr/lib/jvm/java-11-openjdk-amd64/lib/libzip.so
7f03c97f6000-7f03c97f8000 r--p 00000000 103:02 12060910                  /usr/lib/jvm/java-11-openjdk-amd64/lib/libjdwp.so
7f03c97f8000-7f03c9824000 r-xp 00002000 103:02 12060910                  /usr/lib/jvm/java-11-openjdk-amd64/lib/libjdwp.so
7f03c9824000-7f03c9832000 r--p 0002e000 103:02 12060910                  /usr/lib/jvm/java-11-openjdk-amd64/lib/libjdwp.so
7f03c9832000-7f03c9833000 r--p 0003b000 103:02 12060910                  /usr/lib/jvm/java-11-openjdk-amd64/lib/libjdwp.so
7f03c9833000-7f03c9834000 rw-p 0003c000 103:02 12060910                  /usr/lib/jvm/java-11-openjdk-amd64/lib/libjdwp.so
7f03c9834000-7f03c9841000 r--p 00000000 103:02 12060906                  /usr/lib/jvm/java-11-openjdk-amd64/lib/libjava.so
7f03c9841000-7f03c9856000 r-xp 0000d000 103:02 12060906                  /usr/lib/jvm/java-11-openjdk-amd64/lib/libjava.so
7f03c9856000-7f03c985d000 r--p 00022000 103:02 12060906                  /usr/lib/jvm/java-11-openjdk-amd64/lib/libjava.so
7f03c985d000-7f03c985e000 r--p 00028000 103:02 12060906                  /usr/lib/jvm/java-11-openjdk-amd64/lib/libjava.so
7f03c985e000-7f03c9860000 rw-p 00029000 103:02 12060906                  /usr/lib/jvm/java-11-openjdk-amd64/lib/libjava.so
7f03c9860000-7f03c9862000 r--p 00000000 103:02 11538333                  /usr/lib/x86_64-linux-gnu/librt-2.28.so
7f03c9862000-7f03c9866000 r-xp 00002000 103:02 11538333                  /usr/lib/x86_64-linux-gnu/librt-2.28.so
7f03c9866000-7f03c9868000 r--p 00006000 103:02 11538333                  /usr/lib/x86_64-linux-gnu/librt-2.28.so
7f03c9868000-7f03c9869000 r--p 00007000 103:02 11538333                  /usr/lib/x86_64-linux-gnu/librt-2.28.so
7f03c9869000-7f03c986a000 rw-p 00008000 103:02 11538333                  /usr/lib/x86_64-linux-gnu/librt-2.28.so
7f03c986a000-7f03c986e000 ---p 00000000 00:00 0 
7f03c986e000-7f03c996b000 rw-p 00000000 00:00 0 
7f03c996b000-7f03c996e000 r--p 00000000 103:02 11536893                  /usr/lib/x86_64-linux-gnu/libgcc_s.so.1
7f03c996e000-7f03c997f000 r-xp 00003000 103:02 11536893                  /usr/lib/x86_64-linux-gnu/libgcc_s.so.1
7f03c997f000-7f03c9982000 r--p 00014000 103:02 11536893                  /usr/lib/x86_64-linux-gnu/libgcc_s.so.1
7f03c9982000-7f03c9983000 ---p 00017000 103:02 11536893                  /usr/lib/x86_64-linux-gnu/libgcc_s.so.1
7f03c9983000-7f03c9984000 r--p 00017000 103:02 11536893                  /usr/lib/x86_64-linux-gnu/libgcc_s.so.1
7f03c9984000-7f03c9985000 rw-p 00018000 103:02 11536893                  /usr/lib/x86_64-linux-gnu/libgcc_s.so.1
7f03c9985000-7f03c9992000 r--p 00000000 103:02 11538227                  /usr/lib/x86_64-linux-gnu/libm-2.28.so
7f03c9992000-7f03c9a31000 r-xp 0000d000 103:02 11538227                  /usr/lib/x86_64-linux-gnu/libm-2.28.so
7f03c9a31000-7f03c9b06000 r--p 000ac000 103:02 11538227                  /usr/lib/x86_64-linux-gnu/libm-2.28.so
7f03c9b06000-7f03c9b07000 r--p 00180000 103:02 11538227                  /usr/lib/x86_64-linux-gnu/libm-2.28.so
7f03c9b07000-7f03c9b08000 rw-p 00181000 103:02 11538227                  /usr/lib/x86_64-linux-gnu/libm-2.28.so
7f03c9b08000-7f03c9b91000 r--p 00000000 103:02 11536631                  /usr/lib/x86_64-linux-gnu/libstdc++.so.6.0.25
7f03c9b91000-7f03c9c3d000 r-xp 00089000 103:02 11536631                  /usr/lib/x86_64-linux-gnu/libstdc++.so.6.0.25
7f03c9c3d000-7f03c9c7b000 r--p 00135000 103:02 11536631                  /usr/lib/x86_64-linux-gnu/libstdc++.so.6.0.25
7f03c9c7b000-7f03c9c7c000 ---p 00173000 103:02 11536631                  /usr/lib/x86_64-linux-gnu/libstdc++.so.6.0.25
7f03c9c7c000-7f03c9c86000 r--p 00173000 103:02 11536631                  /usr/lib/x86_64-linux-gnu/libstdc++.so.6.0.25
7f03c9c86000-7f03c9c88000 rw-p 0017d000 103:02 11536631                  /usr/lib/x86_64-linux-gnu/libstdc++.so.6.0.25
7f03c9c88000-7f03c9c8c000 rw-p 00000000 00:00 0 
7f03c9c8c000-7f03c9efa000 r--p 00000000 103:02 12191693                  /usr/lib/jvm/java-11-openjdk-amd64/lib/server/libjvm.so
7f03c9efa000-7f03caa18000 r-xp 0026e000 103:02 12191693                  /usr/lib/jvm/java-11-openjdk-amd64/lib/server/libjvm.so
7f03caa18000-7f03cac50000 r--p 00d8c000 103:02 12191693                  /usr/lib/jvm/java-11-openjdk-amd64/lib/server/libjvm.so
7f03cac50000-7f03cac51000 ---p 00fc4000 103:02 12191693                  /usr/lib/jvm/java-11-openjdk-amd64/lib/server/libjvm.so
7f03cac51000-7f03cad0e000 r--p 00fc4000 103:02 12191693                  /usr/lib/jvm/java-11-openjdk-amd64/lib/server/libjvm.so
7f03cad0e000-7f03cad47000 rw-p 01081000 103:02 12191693                  /usr/lib/jvm/java-11-openjdk-amd64/lib/server/libjvm.so
7f03cad47000-7f03cad9f000 rw-p 00000000 00:00 0 
7f03cad9f000-7f03cadc1000 r--p 00000000 103:02 11538219                  /usr/lib/x86_64-linux-gnu/libc-2.28.so
7f03cadc1000-7f03caf09000 r-xp 00022000 103:02 11538219                  /usr/lib/x86_64-linux-gnu/libc-2.28.so
7f03caf09000-7f03caf55000 r--p 0016a000 103:02 11538219                  /usr/lib/x86_64-linux-gnu/libc-2.28.so
7f03caf55000-7f03caf56000 ---p 001b6000 103:02 11538219                  /usr/lib/x86_64-linux-gnu/libc-2.28.so
7f03caf56000-7f03caf5a000 r--p 001b6000 103:02 11538219                  /usr/lib/x86_64-linux-gnu/libc-2.28.so
7f03caf5a000-7f03caf5c000 rw-p 001ba000 103:02 11538219                  /usr/lib/x86_64-linux-gnu/libc-2.28.so
7f03caf5c000-7f03caf60000 rw-p 00000000 00:00 0 
7f03caf60000-7f03caf61000 r--p 00000000 103:02 11538225                  /usr/lib/x86_64-linux-gnu/libdl-2.28.so
7f03caf61000-7f03caf62000 r-xp 00001000 103:02 11538225                  /usr/lib/x86_64-linux-gnu/libdl-2.28.so
7f03caf62000-7f03caf63000 r--p 00002000 103:02 11538225                  /usr/lib/x86_64-linux-gnu/libdl-2.28.so
7f03caf63000-7f03caf64000 r--p 00002000 103:02 11538225                  /usr/lib/x86_64-linux-gnu/libdl-2.28.so
7f03caf64000-7f03caf65000 rw-p 00003000 103:02 11538225                  /usr/lib/x86_64-linux-gnu/libdl-2.28.so
7f03caf65000-7f03caf68000 r--p 00000000 103:02 12191689                  /usr/lib/jvm/java-11-openjdk-amd64/lib/jli/libjli.so
7f03caf68000-7f03caf72000 r-xp 00003000 103:02 12191689                  /usr/lib/jvm/java-11-openjdk-amd64/lib/jli/libjli.so
7f03caf72000-7f03caf75000 r--p 0000d000 103:02 12191689                  /usr/lib/jvm/java-11-openjdk-amd64/lib/jli/libjli.so
7f03caf75000-7f03caf76000 r--p 0000f000 103:02 12191689                  /usr/lib/jvm/java-11-openjdk-amd64/lib/jli/libjli.so
7f03caf76000-7f03caf77000 rw-p 00010000 103:02 12191689                  /usr/lib/jvm/java-11-openjdk-amd64/lib/jli/libjli.so
7f03caf77000-7f03caf7d000 r--p 00000000 103:02 11538330                  /usr/lib/x86_64-linux-gnu/libpthread-2.28.so
7f03caf7d000-7f03caf8c000 r-xp 00006000 103:02 11538330                  /usr/lib/x86_64-linux-gnu/libpthread-2.28.so
7f03caf8c000-7f03caf92000 r--p 00015000 103:02 11538330                  /usr/lib/x86_64-linux-gnu/libpthread-2.28.so
7f03caf92000-7f03caf93000 r--p 0001a000 103:02 11538330                  /usr/lib/x86_64-linux-gnu/libpthread-2.28.so
7f03caf93000-7f03caf94000 rw-p 0001b000 103:02 11538330                  /usr/lib/x86_64-linux-gnu/libpthread-2.28.so
7f03caf94000-7f03caf98000 rw-p 00000000 00:00 0 
7f03caf98000-7f03cafb4000 r-xp 00000000 103:02 11539641                  /usr/lib/x86_64-linux-gnu/libz.so.1.2.11
7f03cafb4000-7f03cb1b4000 ---p 0001c000 103:02 11539641                  /usr/lib/x86_64-linux-gnu/libz.so.1.2.11
7f03cb1b4000-7f03cb1b5000 r--p 0001c000 103:02 11539641                  /usr/lib/x86_64-linux-gnu/libz.so.1.2.11
7f03cb1b5000-7f03cb1b6000 rw-p 0001d000 103:02 11539641                  /usr/lib/x86_64-linux-gnu/libz.so.1.2.11
7f03cb1b6000-7f03cb1b8000 rw-p 00000000 00:00 0 
7f03cb1b8000-7f03cb1b9000 r--p 00000000 103:02 12193064                  /usr/lib/locale/ko_KR.utf8/LC_IDENTIFICATION
7f03cb1b9000-7f03cb1c1000 rw-s 00000000 103:02 6292190                   /tmp/hsperfdata_root/16402
7f03cb1c1000-7f03cb1c4000 r--p 00000000 103:02 11538318                  /usr/lib/x86_64-linux-gnu/libnss_files-2.28.so
7f03cb1c4000-7f03cb1cb000 r-xp 00003000 103:02 11538318                  /usr/lib/x86_64-linux-gnu/libnss_files-2.28.so
7f03cb1cb000-7f03cb1cd000 r--p 0000a000 103:02 11538318                  /usr/lib/x86_64-linux-gnu/libnss_files-2.28.so
7f03cb1cd000-7f03cb1ce000 ---p 0000c000 103:02 11538318                  /usr/lib/x86_64-linux-gnu/libnss_files-2.28.so
7f03cb1ce000-7f03cb1cf000 r--p 0000c000 103:02 11538318                  /usr/lib/x86_64-linux-gnu/libnss_files-2.28.so
7f03cb1cf000-7f03cb1d0000 rw-p 0000d000 103:02 11538318                  /usr/lib/x86_64-linux-gnu/libnss_files-2.28.so
7f03cb1d0000-7f03cb1d6000 rw-p 00000000 00:00 0 
7f03cb1d6000-7f03cb1d7000 ---p 00000000 00:00 0 
7f03cb1d7000-7f03cb1d8000 r--p 00000000 00:00 0 
7f03cb1d8000-7f03cb1dd000 r--p 00000000 103:02 12060940                  /usr/lib/jvm/java-11-openjdk-amd64/lib/libverify.so
7f03cb1dd000-7f03cb1e4000 r-xp 00005000 103:02 12060940                  /usr/lib/jvm/java-11-openjdk-amd64/lib/libverify.so
7f03cb1e4000-7f03cb1e6000 r--p 0000c000 103:02 12060940                  /usr/lib/jvm/java-11-openjdk-amd64/lib/libverify.so
7f03cb1e6000-7f03cb1e8000 r--p 0000d000 103:02 12060940                  /usr/lib/jvm/java-11-openjdk-amd64/lib/libverify.so
7f03cb1e8000-7f03cb1e9000 rw-p 0000f000 103:02 12060940                  /usr/lib/jvm/java-11-openjdk-amd64/lib/libverify.so
7f03cb1e9000-7f03cb1ea000 r--p 00000000 103:02 11536842                  /usr/lib/x86_64-linux-gnu/ld-2.28.so
7f03cb1ea000-7f03cb208000 r-xp 00001000 103:02 11536842                  /usr/lib/x86_64-linux-gnu/ld-2.28.so
7f03cb208000-7f03cb210000 r--p 0001f000 103:02 11536842                  /usr/lib/x86_64-linux-gnu/ld-2.28.so
7f03cb210000-7f03cb211000 r--p 00026000 103:02 11536842                  /usr/lib/x86_64-linux-gnu/ld-2.28.so
7f03cb211000-7f03cb212000 rw-p 00027000 103:02 11536842                  /usr/lib/x86_64-linux-gnu/ld-2.28.so
7f03cb212000-7f03cb213000 rw-p 00000000 00:00 0 
7ffcb8738000-7ffcb875a000 rw-p 00000000 00:00 0                          [stack]
7ffcb8791000-7ffcb8794000 r--p 00000000 00:00 0                          [vvar]
7ffcb8794000-7ffcb8796000 r-xp 00000000 00:00 0                          [vdso]


VM Arguments:
jvm_args: -agentlib:jdwp=transport=dt_socket,server=n,suspend=y,address=localhost:34329 -Dfile.encoding=UTF-8 
java_command: com.recognizer.Recognizer
java_class_path (initial): /inz/git/number-plate-recognizer/target/classes:/root/.m2/repository/net/java/dev/jna/jna/5.2.0/jna-5.2.0.jar:/root/.m2/repository/com/github/jai-imageio/jai-imageio-core/1.4.0/jai-imageio-core-1.4.0.jar:/root/.m2/repository/org/ghost4j/ghost4j/1.0.1/ghost4j-1.0.1.jar:/root/.m2/repository/log4j/log4j/1.2.17/log4j-1.2.17.jar:/root/.m2/repository/commons-beanutils/commons-beanutils/1.9.2/commons-beanutils-1.9.2.jar:/root/.m2/repository/commons-collections/commons-collections/3.2.1/commons-collections-3.2.1.jar:/root/.m2/repository/org/apache/xmlgraphics/xmlgraphics-commons/1.4/xmlgraphics-commons-1.4.jar:/root/.m2/repository/com/lowagie/itext/2.1.7/itext-2.1.7.jar:/root/.m2/repository/org/apache/pdfbox/pdfbox/2.0.14/pdfbox-2.0.14.jar:/root/.m2/repository/org/apache/pdfbox/fontbox/2.0.14/fontbox-2.0.14.jar:/root/.m2/repository/commons-logging/commons-logging/1.2/commons-logging-1.2.jar:/root/.m2/repository/org/apache/pdfbox/pdfbox-tools/2.0.14/pdfbox-tools-2.0.14.jar:/root/.m2/repository/org/apache/pdfbox/pdfbox-debugger/2.0.14/pdfbox-debugger-2.0.14.jar:/root/.m2/repository/org/apache/pdfbox/jbig2-imageio/3.0.2/jbig2-imageio-3.0.2.jar:/root/.m2/repository/commons-io/commons-io/2.6/commons-io-2.6.jar:/root/.m2/repository/net/sourceforge/lept4j/lept4j/1.12.0/lept4j-1.12.0.jar:/root/.m2/repository/org/jboss/jboss-vfs/3.2.14.Final/jboss-vfs-3.2.14.Final.jar:/root/.m2/repository/org/jboss/logging/jboss-logging/3.1.4.GA/jboss-logging-3.1.4.GA.jar:/root/.m2/repository/ch/qos/logback/logback-classic/1.2.3/logback-classic-1.2.3.jar:/root/.m2/repository/ch/qos/logback/logback-core/1.2.3/logback-core-1.2.3.jar:/root/.m2/repository/org/slf4j/slf4j-api/1.7.25/slf4j-api-1.7.25.jar:/root/.m2/repository/org/slf4j/jul-to-slf4j/1.7.26/jul-to-slf4j-1.7.26.jar:/root/.m2/repository/org/slf4j/jcl-over-slf4j/1.7.26/jcl-over-slf4j-1.7.26.jar:/root/.m2/repository/org/slf4j/log4j-over-slf4j/1.7.26/log4j-over-slf4j-1.7.26.jar:/inz/lib/opencv-401.jar
Launcher Type: SUN_STANDARD

[Global flags]
     intx CICompilerCount                          = 4                                         {product} {ergonomic}
     uint ConcGCThreads                            = 2                                         {product} {ergonomic}
     uint G1ConcRefinementThreads                  = 8                                         {product} {ergonomic}
   size_t G1HeapRegionSize                         = 1048576                                   {product} {ergonomic}
    uintx GCDrainStackTargetSize                   = 64                                        {product} {ergonomic}
   size_t InitialHeapSize                          = 197132288                                 {product} {ergonomic}
   size_t MarkStackSize                            = 4194304                                   {product} {ergonomic}
   size_t MaxHeapSize                              = 3124756480                                {product} {ergonomic}
   size_t MaxNewSize                               = 1874853888                                {product} {ergonomic}
   size_t MinHeapDeltaBytes                        = 1048576                                   {product} {ergonomic}
    uintx NonNMethodCodeHeapSize                   = 5835340                                {pd product} {ergonomic}
    uintx NonProfiledCodeHeapSize                  = 122911450                              {pd product} {ergonomic}
    uintx ProfiledCodeHeapSize                     = 122911450                              {pd product} {ergonomic}
    uintx ReservedCodeCacheSize                    = 251658240                              {pd product} {ergonomic}
     bool SegmentedCodeCache                       = true                                      {product} {ergonomic}
     bool UseCompressedClassPointers               = true                                 {lp64_product} {ergonomic}
     bool UseCompressedOops                        = true                                 {lp64_product} {ergonomic}
     bool UseG1GC                                  = true                                      {product} {ergonomic}

Logging:
Log output configuration:
 #0: stdout all=warning uptime,level,tags
 #1: stderr all=off uptime,level,tags

Environment Variables:
JAVA_HOME=/usr/lib/jvm/java-11-openjdk-amd64
PATH=/bin/lscript:/bin/lscript:/usr/local/sbin:/usr/local/bin:/usr/sbin:/usr/bin:/sbin:/bin:/usr/lib/jvm/java-11-openjdk-amd64/bin:/usr/share/ant/bin
USERNAME=root
SHELL=/bin/bash
DISPLAY=:1

Signal Handlers:
SIGSEGV: [libjvm.so+0xd19af0], sa_mask[0]=11111111011111111101111111111110, sa_flags=SA_RESTART|SA_SIGINFO
SIGBUS: [libjvm.so+0xd19af0], sa_mask[0]=11111111011111111101111111111110, sa_flags=SA_RESTART|SA_SIGINFO
SIGFPE: [libjvm.so+0xd19af0], sa_mask[0]=11111111011111111101111111111110, sa_flags=SA_RESTART|SA_SIGINFO
SIGPIPE: [libjvm.so+0xb21690], sa_mask[0]=11111111011111111101111111111110, sa_flags=SA_RESTART|SA_SIGINFO
SIGXFSZ: [libjvm.so+0xb21690], sa_mask[0]=11111111011111111101111111111110, sa_flags=SA_RESTART|SA_SIGINFO
SIGILL: [libjvm.so+0xd19af0], sa_mask[0]=11111111011111111101111111111110, sa_flags=SA_RESTART|SA_SIGINFO
SIGUSR2: [libjvm.so+0xb21520], sa_mask[0]=00000000000000000000000000000000, sa_flags=SA_RESTART|SA_SIGINFO
SIGHUP: [libjvm.so+0xb21a90], sa_mask[0]=11111111011111111101111111111110, sa_flags=SA_RESTART|SA_SIGINFO
SIGINT: [libjvm.so+0xb21a90], sa_mask[0]=11111111011111111101111111111110, sa_flags=SA_RESTART|SA_SIGINFO
SIGTERM: [libjvm.so+0xb21a90], sa_mask[0]=11111111011111111101111111111110, sa_flags=SA_RESTART|SA_SIGINFO
SIGQUIT: [libjvm.so+0xb21a90], sa_mask[0]=11111111011111111101111111111110, sa_flags=SA_RESTART|SA_SIGINFO


---------------  S Y S T E M  ---------------

OS:DISTRIB_ID=Kali
DISTRIB_RELEASE=kali-rolling
DISTRIB_CODENAME=kali-rolling
DISTRIB_DESCRIPTION="Kali GNU/Linux Rolling"
uname:Linux 4.19.0-kali4-amd64 #1 SMP Debian 4.19.28-2kali1 (2019-03-18) x86_64
libc:glibc 2.28 NPTL 2.28 
rlimit: STACK 8192k, CORE 0k, NPROC 47304, NOFILE 1048576, AS infinity, DATA infinity, FSIZE infinity
load average:1.67 1.22 0.94

/proc/meminfo:
MemTotal:       12204584 kB
MemFree:         3586924 kB
MemAvailable:    7509152 kB
Buffers:          367768 kB
Cached:          4162852 kB
SwapCached:            0 kB
Active:          4874436 kB
Inactive:        3059312 kB
Active(anon):    3283680 kB
Inactive(anon):   758276 kB
Active(file):    1590756 kB
Inactive(file):  2301036 kB
Unevictable:          32 kB
Mlocked:              32 kB
SwapTotal:      12489724 kB
SwapFree:       12489724 kB
Dirty:             40756 kB
Writeback:             0 kB
AnonPages:       3220364 kB
Mapped:           915080 kB
Shmem:            774820 kB
Slab:             511716 kB
SReclaimable:     354164 kB
SUnreclaim:       157552 kB
KernelStack:       15524 kB
PageTables:        37712 kB
NFS_Unstable:          0 kB
Bounce:                0 kB
WritebackTmp:          0 kB
CommitLimit:    18592016 kB
Committed_AS:   11000276 kB
VmallocTotal:   34359738367 kB
VmallocUsed:           0 kB
VmallocChunk:          0 kB
Percpu:             3936 kB
HardwareCorrupted:     0 kB
AnonHugePages:   1249280 kB
ShmemHugePages:        0 kB
ShmemPmdMapped:        0 kB
HugePages_Total:       0
HugePages_Free:        0
HugePages_Rsvd:        0
HugePages_Surp:        0
Hugepagesize:       2048 kB
Hugetlb:               0 kB
DirectMap4k:      288372 kB
DirectMap2M:    10104832 kB
DirectMap1G:     2097152 kB


/proc/sys/kernel/threads-max (system-wide limit on the number of threads):
94608


/proc/sys/vm/max_map_count (maximum number of memory map areas a process may have):
65530


/proc/sys/kernel/pid_max (system-wide limit on number of process identifiers):
32768



container (cgroup) information:
container_type: cgroupv1
cpu_cpuset_cpus: 0-7
cpu_memory_nodes: 0
active_processor_count: 8
cpu_quota: -1
cpu_period: 100000
cpu_shares: -1
memory_limit_in_bytes: -1
memory_and_swap_limit_in_bytes: -2
memory_soft_limit_in_bytes: -1
memory_usage_in_bytes: 5223960576
memory_max_usage_in_bytes: 5373517824


CPU:total 8 (initial active 8) (4 cores per cpu, 2 threads per core) family 6 model 142 stepping 10, cmov, cx8, fxsr, mmx, sse, sse2, sse3, ssse3, sse4.1, sse4.2, popcnt, avx, avx2, aes, clmul, erms, 3dnowpref, lzcnt, ht, tsc, tscinvbit, bmi1, bmi2, adx, fma
CPU Model and flags from /proc/cpuinfo:
model name	: Intel(R) Core(TM) i7-8550U CPU @ 1.80GHz
flags		: fpu vme de pse tsc msr pae mce cx8 apic sep mtrr pge mca cmov pat pse36 clflush dts acpi mmx fxsr sse sse2 ss ht tm pbe syscall nx pdpe1gb rdtscp lm constant_tsc art arch_perfmon pebs bts rep_good nopl xtopology nonstop_tsc cpuid aperfmperf tsc_known_freq pni pclmulqdq dtes64 monitor ds_cpl vmx est tm2 ssse3 sdbg fma cx16 xtpr pdcm pcid sse4_1 sse4_2 x2apic movbe popcnt tsc_deadline_timer aes xsave avx f16c rdrand lahf_lm abm 3dnowprefetch cpuid_fault epb invpcid_single pti ssbd ibrs ibpb stibp tpr_shadow vnmi flexpriority ept vpid ept_ad fsgsbase tsc_adjust bmi1 avx2 smep bmi2 erms invpcid mpx rdseed adx smap clflushopt intel_pt xsaveopt xsavec xgetbv1 xsaves dtherm ida arat pln pts hwp hwp_notify hwp_act_window hwp_epp flush_l1d

Memory: 4k page, physical 12204584k(3586924k free), swap 12489724k(12489724k free)

vm_info: OpenJDK 64-Bit Server VM (11.0.3+1-Debian-1) for linux-amd64 JRE (11.0.3+1-Debian-1), built on Feb 27 2019 14:44:14 by "buildd" with gcc 8.2.0

END.
