#
# A fatal error has been detected by the Java Runtime Environment:
#
#  SIGSEGV (0xb) at pc=0x00007fbbfdfa99d2, pid=15907, tid=15908
#
# JRE version: OpenJDK Runtime Environment (11.0.3+1) (build 11.0.3+1-Debian-1)
# Java VM: OpenJDK 64-Bit Server VM (11.0.3+1-Debian-1, mixed mode, sharing, tiered, compressed oops, g1 gc, linux-amd64)
# Problematic frame:
# C  [libtesseract.so.4.0.0+0x27c9d2]  ERRCODE::error(char const*, TessErrorLogCode, char const*, ...) const+0x1c2
#
# No core dump will be written. Core dumps have been disabled. To enable core dumping, try "ulimit -c unlimited" before starting Java again
#
# If you would like to submit a bug report, please visit:
#   http://bugreport.java.com/bugreport/crash.jsp
# The crash happened outside the Java Virtual Machine in native code.
# See problematic frame for where to report the bug.
#

---------------  S U M M A R Y ------------

Command Line: -agentlib:jdwp=transport=dt_socket,server=n,suspend=y,address=localhost:44211 -Dfile.encoding=UTF-8 com.recognizer.Recognizer

Host: Intel(R) Core(TM) i7-8550U CPU @ 1.80GHz, 8 cores, 11G, Kali GNU/Linux Rolling
Time: Fri Apr  5 19:50:38 2019 KST elapsed time: 0 seconds (0d 0h 0m 0s)

---------------  T H R E A D  ---------------

Current thread (0x00007fbc40012800):  JavaThread "main" [_thread_in_native, id=15908, stack(0x00007fbc46c10000,0x00007fbc46d11000)]

Stack: [0x00007fbc46c10000,0x00007fbc46d11000],  sp=0x00007fbc46d0e420,  free space=1017k
Native frames: (J=compiled Java code, A=aot compiled Java code, j=interpreted, Vv=VM code, C=native code)
C  [libtesseract.so.4.0.0+0x27c9d2]  ERRCODE::error(char const*, TessErrorLogCode, char const*, ...) const+0x1c2

Java frames: (J=compiled Java code, j=interpreted, Vv=VM code)
j  com.sun.jna.Native.invokePointer(Lcom/sun/jna/Function;JI[Ljava/lang/Object;)J+0
j  com.sun.jna.Function.invokePointer(I[Ljava/lang/Object;)Lcom/sun/jna/Pointer;+7
j  com.sun.jna.Function.invoke([Ljava/lang/Object;Ljava/lang/Class;ZI)Ljava/lang/Object;+385
j  com.sun.jna.Function.invoke(Ljava/lang/reflect/Method;[Ljava/lang/Class;Ljava/lang/Class;[Ljava/lang/Object;Ljava/util/Map;)Ljava/lang/Object;+271
j  com.sun.jna.Library$Handler.invoke(Ljava/lang/Object;Ljava/lang/reflect/Method;[Ljava/lang/Object;)Ljava/lang/Object;+344
j  com.sun.proxy.$Proxy0.TessBaseAPICreate()Lnet/sourceforge/tess4j/ITessAPI$TessBaseAPI;+9
j  net.sourceforge.tess4j.Tesseract.init()V+12
j  net.sourceforge.tess4j.Tesseract.doOCR(Ljava/io/File;Ljava/awt/Rectangle;)Ljava/lang/String;+81
j  net.sourceforge.tess4j.Tesseract.doOCR(Ljava/io/File;)Ljava/lang/String;+3
j  com.recognizer.Recognizer.main([Ljava/lang/String;)V+29
v  ~StubRoutines::call_stub

siginfo: si_signo: 11 (SIGSEGV), si_code: 1 (SEGV_MAPERR), si_addr: 0x0000000000000000

Register to memory mapping:

RAX=0x0000000000000047 is an unknown value
RBX=0x00007fbc46d0e469 is pointing into the stack for thread: 0x00007fbc40012800
RCX=0x0 is NULL
RDX=0x00007fbc483028b0: <offset 0x00000000001bd8b0> in /lib/x86_64-linux-gnu/libc.so.6 at 0x00007fbc48145000
RSP=0x00007fbc46d0e420 is pointing into the stack for thread: 0x00007fbc40012800
RBP=0x0000000000000002 is an unknown value
RSI=0x0000000000000047 is an unknown value
RDI=0x0 is NULL
R8 =0x0 is NULL
R9 =0x00007fbc482bfe80: <offset 0x000000000017ae80> in /lib/x86_64-linux-gnu/libc.so.6 at 0x00007fbc48145000
R10=0x0 is NULL
R11=0x0 is NULL
R12=0x00007fbc46d0e440 is pointing into the stack for thread: 0x00007fbc40012800
R13=0x00007fbbfdfba080: <offset 0x000000000028d080> in /usr/lib/x86_64-linux-gnu/libtesseract.so.4.0.0 at 0x00007fbbfdd2d000
R14=0x00007fbbfe073480: <offset 0x0000000000346480> in /usr/lib/x86_64-linux-gnu/libtesseract.so.4.0.0 at 0x00007fbbfdd2d000
R15=0x00007fbc46d0ea80 is pointing into the stack for thread: 0x00007fbc40012800


Registers:
RAX=0x0000000000000047, RBX=0x00007fbc46d0e469, RCX=0x0000000000000000, RDX=0x00007fbc483028b0
RSP=0x00007fbc46d0e420, RBP=0x0000000000000002, RSI=0x0000000000000047, RDI=0x0000000000000000
R8 =0x0000000000000000, R9 =0x00007fbc482bfe80, R10=0x0000000000000000, R11=0x0000000000000000
R12=0x00007fbc46d0e440, R13=0x00007fbbfdfba080, R14=0x00007fbbfe073480, R15=0x00007fbc46d0ea80
RIP=0x00007fbbfdfa99d2, EFLAGS=0x0000000000010246, CSGSFS=0x002b000000000033, ERR=0x0000000000000006
  TRAPNO=0x000000000000000e

Top of Stack: (sp=0x00007fbc46d0e420)
0x00007fbc46d0e420:   00000007506eebb8 0000003000000030
0x00007fbc46d0e430:   00007fbc46d0e930 00007fbc46d0e850
0x00007fbc46d0e440:   28706d6372747321 202c656c61636f6c
0x00007fbc46d0e450:   7272453a29224322 72657373413a726f 

Instructions: (pc=0x00007fbbfdfa99d2)
0x00007fbbfdfa99b2:   31 00 e8 57 fe ff ff eb b7 0f 1f 44 00 00 b8 0a
0x00007fbbfdfa99c2:   00 00 00 66 89 03 e9 7c ff ff ff e8 9e da e1 ff
0x00007fbbfdfa99d2:   c7 04 25 00 00 00 00 00 00 00 00 0f 0b 90 48 8b
0x00007fbbfdfa99e2:   36 48 8b 3f e9 65 e2 e1 ff 90 0f 1f 40 00 41 54 

Stack slot to memory mapping:
stack at sp + 0 slots: 0x00000007506eebb8 points into unknown readable memory: 01 00 00 00 00 00 00 00
stack at sp + 1 slots: 0x0000003000000030 is an unknown value
stack at sp + 2 slots: 0x00007fbc46d0e930 is pointing into the stack for thread: 0x00007fbc40012800
stack at sp + 3 slots: 0x00007fbc46d0e850 is pointing into the stack for thread: 0x00007fbc40012800
stack at sp + 4 slots: 0x28706d6372747321 is an unknown value
stack at sp + 5 slots: 0x202c656c61636f6c is an unknown value
stack at sp + 6 slots: 0x7272453a29224322 is an unknown value
stack at sp + 7 slots: 0x72657373413a726f is an unknown value


---------------  P R O C E S S  ---------------

Threads class SMR info:
_java_thread_list=0x00007fbbd40077e0, length=16, elements={
0x00007fbc40012800, 0x00007fbc4016f800, 0x00007fbc40171800, 0x00007fbc4017b000,
0x00007fbc4017d000, 0x00007fbc4017f000, 0x00007fbc40181000, 0x00007fbc401fd000,
0x00007fbc40200800, 0x00007fbbec001800, 0x00007fbc40202800, 0x00007fbc4020c000,
0x00007fbbf428f800, 0x00007fbc40583800, 0x00007fbc405dc800, 0x00007fbbd4006000
}

Java Threads: ( => current thread )
=>0x00007fbc40012800 JavaThread "main" [_thread_in_native, id=15908, stack(0x00007fbc46c10000,0x00007fbc46d11000)]
  0x00007fbc4016f800 JavaThread "Reference Handler" daemon [_thread_blocked, id=15915, stack(0x00007fbc2807d000,0x00007fbc2817e000)]
  0x00007fbc40171800 JavaThread "Finalizer" daemon [_thread_blocked, id=15916, stack(0x00007fbc1c1df000,0x00007fbc1c2e0000)]
  0x00007fbc4017b000 JavaThread "Signal Dispatcher" daemon [_thread_blocked, id=15917, stack(0x00007fbbffeff000,0x00007fbc00000000)]
  0x00007fbc4017d000 JavaThread "C2 CompilerThread0" daemon [_thread_blocked, id=15918, stack(0x00007fbbffdfe000,0x00007fbbffeff000)]
  0x00007fbc4017f000 JavaThread "C1 CompilerThread0" daemon [_thread_blocked, id=15919, stack(0x00007fbbffcfd000,0x00007fbbffdfe000)]
  0x00007fbc40181000 JavaThread "Sweeper thread" daemon [_thread_blocked, id=15920, stack(0x00007fbbffbfc000,0x00007fbbffcfd000)]
  0x00007fbc401fd000 JavaThread "JDWP Transport Listener: dt_socket" daemon [_thread_blocked, id=15922, stack(0x00007fbbffafb000,0x00007fbbffbfc000)]
  0x00007fbc40200800 JavaThread "JDWP Event Helper Thread" daemon [_thread_blocked, id=15924, stack(0x00007fbbff9fa000,0x00007fbbffafb000)]
  0x00007fbbec001800 JavaThread "JDWP Command Reader" daemon [_thread_in_native, id=15927, stack(0x00007fbbff8f9000,0x00007fbbff9fa000)]
  0x00007fbc40202800 JavaThread "Service Thread" daemon [_thread_blocked, id=15930, stack(0x00007fbbff7f8000,0x00007fbbff8f9000)]
  0x00007fbc4020c000 JavaThread "Common-Cleaner" daemon [_thread_blocked, id=15932, stack(0x00007fbbff5f5000,0x00007fbbff6f6000)]
  0x00007fbbf428f800 JavaThread "C2 CompilerThread1" daemon [_thread_blocked, id=15933, stack(0x00007fbbff4f4000,0x00007fbbff5f5000)]
  0x00007fbc40583800 JavaThread "Java2D Disposer" daemon [_thread_blocked, id=15934, stack(0x00007fbbfe531000,0x00007fbbfe632000)]
  0x00007fbc405dc800 JavaThread "process reaper" daemon [_thread_blocked, id=15936, stack(0x00007fbbff402000,0x00007fbbff424000)]
  0x00007fbbd4006000 JavaThread "C2 CompilerThread2" daemon [_thread_blocked, id=15937, stack(0x00007fbbfcc91000,0x00007fbbfcd92000)]

Other Threads:
  0x00007fbc4016c800 VMThread "VM Thread" [stack: 0x00007fbc44010000,0x00007fbc44110000] [id=15914]
  0x00007fbc40205000 WatcherThread [stack: 0x00007fbbff6f8000,0x00007fbbff7f8000] [id=15931]
  0x00007fbc40028800 GCTaskThread "GC Thread#0" [stack: 0x00007fbc468a7000,0x00007fbc469a7000] [id=15909]
  0x00007fbc40070000 ConcurrentGCThread "G1 Main Marker" [stack: 0x00007fbc44d66000,0x00007fbc44e66000] [id=15910]
  0x00007fbc40072000 ConcurrentGCThread "G1 Conc#0" [stack: 0x00007fbc44c64000,0x00007fbc44d64000] [id=15911]
  0x00007fbc40135000 ConcurrentGCThread "G1 Refine#0" [stack: 0x00007fbc4435a000,0x00007fbc4445a000] [id=15912]
  0x00007fbc40136800 ConcurrentGCThread "G1 Young RemSet Sampling" [stack: 0x00007fbc44258000,0x00007fbc44358000] [id=15913]

Threads with active compile tasks:

VM state:not at safepoint (normal execution)

VM Mutex/Monitor currently owned by a thread: None

Heap address: 0x0000000745c00000, size: 2980 MB, Compressed Oops mode: Zero based, Oop shift amount: 3
Narrow klass base: 0x0000000800000000, Narrow klass shift: 3
Compressed class space size: 1073741824 Address: 0x0000000840000000

Heap:
 garbage-first heap   total 194560K, used 17016K [0x0000000745c00000, 0x0000000800000000)
  region size 1024K, 18 young (18432K), 0 survivors (0K)
 Metaspace       used 6777K, capacity 7093K, committed 7296K, reserved 1056768K
  class space    used 748K, capacity 846K, committed 896K, reserved 1048576K
Heap Regions: E=young(eden), S=young(survivor), O=old, HS=humongous(starts), HC=humongous(continues), CS=collection set, F=free, A=archive, TAMS=top-at-mark-start (previous, next)
|   0|0x0000000745c00000, 0x0000000745c00000, 0x0000000745d00000|  0%| F|  |TAMS 0x0000000745c00000, 0x0000000745c00000| Untracked 
|   1|0x0000000745d00000, 0x0000000745d00000, 0x0000000745e00000|  0%| F|  |TAMS 0x0000000745d00000, 0x0000000745d00000| Untracked 
|   2|0x0000000745e00000, 0x0000000745e00000, 0x0000000745f00000|  0%| F|  |TAMS 0x0000000745e00000, 0x0000000745e00000| Untracked 
|   3|0x0000000745f00000, 0x0000000745f00000, 0x0000000746000000|  0%| F|  |TAMS 0x0000000745f00000, 0x0000000745f00000| Untracked 
|   4|0x0000000746000000, 0x0000000746000000, 0x0000000746100000|  0%| F|  |TAMS 0x0000000746000000, 0x0000000746000000| Untracked 
|   5|0x0000000746100000, 0x0000000746100000, 0x0000000746200000|  0%| F|  |TAMS 0x0000000746100000, 0x0000000746100000| Untracked 
|   6|0x0000000746200000, 0x0000000746200000, 0x0000000746300000|  0%| F|  |TAMS 0x0000000746200000, 0x0000000746200000| Untracked 
|   7|0x0000000746300000, 0x0000000746300000, 0x0000000746400000|  0%| F|  |TAMS 0x0000000746300000, 0x0000000746300000| Untracked 
|   8|0x0000000746400000, 0x0000000746400000, 0x0000000746500000|  0%| F|  |TAMS 0x0000000746400000, 0x0000000746400000| Untracked 
|   9|0x0000000746500000, 0x0000000746500000, 0x0000000746600000|  0%| F|  |TAMS 0x0000000746500000, 0x0000000746500000| Untracked 
|  10|0x0000000746600000, 0x0000000746600000, 0x0000000746700000|  0%| F|  |TAMS 0x0000000746600000, 0x0000000746600000| Untracked 
|  11|0x0000000746700000, 0x0000000746700000, 0x0000000746800000|  0%| F|  |TAMS 0x0000000746700000, 0x0000000746700000| Untracked 
|  12|0x0000000746800000, 0x0000000746800000, 0x0000000746900000|  0%| F|  |TAMS 0x0000000746800000, 0x0000000746800000| Untracked 
|  13|0x0000000746900000, 0x0000000746900000, 0x0000000746a00000|  0%| F|  |TAMS 0x0000000746900000, 0x0000000746900000| Untracked 
|  14|0x0000000746a00000, 0x0000000746a00000, 0x0000000746b00000|  0%| F|  |TAMS 0x0000000746a00000, 0x0000000746a00000| Untracked 
|  15|0x0000000746b00000, 0x0000000746b00000, 0x0000000746c00000|  0%| F|  |TAMS 0x0000000746b00000, 0x0000000746b00000| Untracked 
|  16|0x0000000746c00000, 0x0000000746c00000, 0x0000000746d00000|  0%| F|  |TAMS 0x0000000746c00000, 0x0000000746c00000| Untracked 
|  17|0x0000000746d00000, 0x0000000746d00000, 0x0000000746e00000|  0%| F|  |TAMS 0x0000000746d00000, 0x0000000746d00000| Untracked 
|  18|0x0000000746e00000, 0x0000000746e00000, 0x0000000746f00000|  0%| F|  |TAMS 0x0000000746e00000, 0x0000000746e00000| Untracked 
|  19|0x0000000746f00000, 0x0000000746f00000, 0x0000000747000000|  0%| F|  |TAMS 0x0000000746f00000, 0x0000000746f00000| Untracked 
|  20|0x0000000747000000, 0x0000000747000000, 0x0000000747100000|  0%| F|  |TAMS 0x0000000747000000, 0x0000000747000000| Untracked 
|  21|0x0000000747100000, 0x0000000747100000, 0x0000000747200000|  0%| F|  |TAMS 0x0000000747100000, 0x0000000747100000| Untracked 
|  22|0x0000000747200000, 0x0000000747200000, 0x0000000747300000|  0%| F|  |TAMS 0x0000000747200000, 0x0000000747200000| Untracked 
|  23|0x0000000747300000, 0x0000000747300000, 0x0000000747400000|  0%| F|  |TAMS 0x0000000747300000, 0x0000000747300000| Untracked 
|  24|0x0000000747400000, 0x0000000747400000, 0x0000000747500000|  0%| F|  |TAMS 0x0000000747400000, 0x0000000747400000| Untracked 
|  25|0x0000000747500000, 0x0000000747500000, 0x0000000747600000|  0%| F|  |TAMS 0x0000000747500000, 0x0000000747500000| Untracked 
|  26|0x0000000747600000, 0x0000000747600000, 0x0000000747700000|  0%| F|  |TAMS 0x0000000747600000, 0x0000000747600000| Untracked 
|  27|0x0000000747700000, 0x0000000747700000, 0x0000000747800000|  0%| F|  |TAMS 0x0000000747700000, 0x0000000747700000| Untracked 
|  28|0x0000000747800000, 0x0000000747800000, 0x0000000747900000|  0%| F|  |TAMS 0x0000000747800000, 0x0000000747800000| Untracked 
|  29|0x0000000747900000, 0x0000000747900000, 0x0000000747a00000|  0%| F|  |TAMS 0x0000000747900000, 0x0000000747900000| Untracked 
|  30|0x0000000747a00000, 0x0000000747a00000, 0x0000000747b00000|  0%| F|  |TAMS 0x0000000747a00000, 0x0000000747a00000| Untracked 
|  31|0x0000000747b00000, 0x0000000747b00000, 0x0000000747c00000|  0%| F|  |TAMS 0x0000000747b00000, 0x0000000747b00000| Untracked 
|  32|0x0000000747c00000, 0x0000000747c00000, 0x0000000747d00000|  0%| F|  |TAMS 0x0000000747c00000, 0x0000000747c00000| Untracked 
|  33|0x0000000747d00000, 0x0000000747d00000, 0x0000000747e00000|  0%| F|  |TAMS 0x0000000747d00000, 0x0000000747d00000| Untracked 
|  34|0x0000000747e00000, 0x0000000747e00000, 0x0000000747f00000|  0%| F|  |TAMS 0x0000000747e00000, 0x0000000747e00000| Untracked 
|  35|0x0000000747f00000, 0x0000000747f00000, 0x0000000748000000|  0%| F|  |TAMS 0x0000000747f00000, 0x0000000747f00000| Untracked 
|  36|0x0000000748000000, 0x0000000748000000, 0x0000000748100000|  0%| F|  |TAMS 0x0000000748000000, 0x0000000748000000| Untracked 
|  37|0x0000000748100000, 0x0000000748100000, 0x0000000748200000|  0%| F|  |TAMS 0x0000000748100000, 0x0000000748100000| Untracked 
|  38|0x0000000748200000, 0x0000000748200000, 0x0000000748300000|  0%| F|  |TAMS 0x0000000748200000, 0x0000000748200000| Untracked 
|  39|0x0000000748300000, 0x0000000748300000, 0x0000000748400000|  0%| F|  |TAMS 0x0000000748300000, 0x0000000748300000| Untracked 
|  40|0x0000000748400000, 0x0000000748400000, 0x0000000748500000|  0%| F|  |TAMS 0x0000000748400000, 0x0000000748400000| Untracked 
|  41|0x0000000748500000, 0x0000000748500000, 0x0000000748600000|  0%| F|  |TAMS 0x0000000748500000, 0x0000000748500000| Untracked 
|  42|0x0000000748600000, 0x0000000748600000, 0x0000000748700000|  0%| F|  |TAMS 0x0000000748600000, 0x0000000748600000| Untracked 
|  43|0x0000000748700000, 0x0000000748700000, 0x0000000748800000|  0%| F|  |TAMS 0x0000000748700000, 0x0000000748700000| Untracked 
|  44|0x0000000748800000, 0x0000000748800000, 0x0000000748900000|  0%| F|  |TAMS 0x0000000748800000, 0x0000000748800000| Untracked 
|  45|0x0000000748900000, 0x0000000748900000, 0x0000000748a00000|  0%| F|  |TAMS 0x0000000748900000, 0x0000000748900000| Untracked 
|  46|0x0000000748a00000, 0x0000000748a00000, 0x0000000748b00000|  0%| F|  |TAMS 0x0000000748a00000, 0x0000000748a00000| Untracked 
|  47|0x0000000748b00000, 0x0000000748b00000, 0x0000000748c00000|  0%| F|  |TAMS 0x0000000748b00000, 0x0000000748b00000| Untracked 
|  48|0x0000000748c00000, 0x0000000748c00000, 0x0000000748d00000|  0%| F|  |TAMS 0x0000000748c00000, 0x0000000748c00000| Untracked 
|  49|0x0000000748d00000, 0x0000000748d00000, 0x0000000748e00000|  0%| F|  |TAMS 0x0000000748d00000, 0x0000000748d00000| Untracked 
|  50|0x0000000748e00000, 0x0000000748e00000, 0x0000000748f00000|  0%| F|  |TAMS 0x0000000748e00000, 0x0000000748e00000| Untracked 
|  51|0x0000000748f00000, 0x0000000748f00000, 0x0000000749000000|  0%| F|  |TAMS 0x0000000748f00000, 0x0000000748f00000| Untracked 
|  52|0x0000000749000000, 0x0000000749000000, 0x0000000749100000|  0%| F|  |TAMS 0x0000000749000000, 0x0000000749000000| Untracked 
|  53|0x0000000749100000, 0x0000000749100000, 0x0000000749200000|  0%| F|  |TAMS 0x0000000749100000, 0x0000000749100000| Untracked 
|  54|0x0000000749200000, 0x0000000749200000, 0x0000000749300000|  0%| F|  |TAMS 0x0000000749200000, 0x0000000749200000| Untracked 
|  55|0x0000000749300000, 0x0000000749300000, 0x0000000749400000|  0%| F|  |TAMS 0x0000000749300000, 0x0000000749300000| Untracked 
|  56|0x0000000749400000, 0x0000000749400000, 0x0000000749500000|  0%| F|  |TAMS 0x0000000749400000, 0x0000000749400000| Untracked 
|  57|0x0000000749500000, 0x0000000749500000, 0x0000000749600000|  0%| F|  |TAMS 0x0000000749500000, 0x0000000749500000| Untracked 
|  58|0x0000000749600000, 0x0000000749600000, 0x0000000749700000|  0%| F|  |TAMS 0x0000000749600000, 0x0000000749600000| Untracked 
|  59|0x0000000749700000, 0x0000000749700000, 0x0000000749800000|  0%| F|  |TAMS 0x0000000749700000, 0x0000000749700000| Untracked 
|  60|0x0000000749800000, 0x0000000749800000, 0x0000000749900000|  0%| F|  |TAMS 0x0000000749800000, 0x0000000749800000| Untracked 
|  61|0x0000000749900000, 0x0000000749900000, 0x0000000749a00000|  0%| F|  |TAMS 0x0000000749900000, 0x0000000749900000| Untracked 
|  62|0x0000000749a00000, 0x0000000749a00000, 0x0000000749b00000|  0%| F|  |TAMS 0x0000000749a00000, 0x0000000749a00000| Untracked 
|  63|0x0000000749b00000, 0x0000000749b00000, 0x0000000749c00000|  0%| F|  |TAMS 0x0000000749b00000, 0x0000000749b00000| Untracked 
|  64|0x0000000749c00000, 0x0000000749c00000, 0x0000000749d00000|  0%| F|  |TAMS 0x0000000749c00000, 0x0000000749c00000| Untracked 
|  65|0x0000000749d00000, 0x0000000749d00000, 0x0000000749e00000|  0%| F|  |TAMS 0x0000000749d00000, 0x0000000749d00000| Untracked 
|  66|0x0000000749e00000, 0x0000000749e00000, 0x0000000749f00000|  0%| F|  |TAMS 0x0000000749e00000, 0x0000000749e00000| Untracked 
|  67|0x0000000749f00000, 0x0000000749f00000, 0x000000074a000000|  0%| F|  |TAMS 0x0000000749f00000, 0x0000000749f00000| Untracked 
|  68|0x000000074a000000, 0x000000074a000000, 0x000000074a100000|  0%| F|  |TAMS 0x000000074a000000, 0x000000074a000000| Untracked 
|  69|0x000000074a100000, 0x000000074a100000, 0x000000074a200000|  0%| F|  |TAMS 0x000000074a100000, 0x000000074a100000| Untracked 
|  70|0x000000074a200000, 0x000000074a200000, 0x000000074a300000|  0%| F|  |TAMS 0x000000074a200000, 0x000000074a200000| Untracked 
|  71|0x000000074a300000, 0x000000074a300000, 0x000000074a400000|  0%| F|  |TAMS 0x000000074a300000, 0x000000074a300000| Untracked 
|  72|0x000000074a400000, 0x000000074a400000, 0x000000074a500000|  0%| F|  |TAMS 0x000000074a400000, 0x000000074a400000| Untracked 
|  73|0x000000074a500000, 0x000000074a500000, 0x000000074a600000|  0%| F|  |TAMS 0x000000074a500000, 0x000000074a500000| Untracked 
|  74|0x000000074a600000, 0x000000074a600000, 0x000000074a700000|  0%| F|  |TAMS 0x000000074a600000, 0x000000074a600000| Untracked 
|  75|0x000000074a700000, 0x000000074a700000, 0x000000074a800000|  0%| F|  |TAMS 0x000000074a700000, 0x000000074a700000| Untracked 
|  76|0x000000074a800000, 0x000000074a800000, 0x000000074a900000|  0%| F|  |TAMS 0x000000074a800000, 0x000000074a800000| Untracked 
|  77|0x000000074a900000, 0x000000074a900000, 0x000000074aa00000|  0%| F|  |TAMS 0x000000074a900000, 0x000000074a900000| Untracked 
|  78|0x000000074aa00000, 0x000000074aa00000, 0x000000074ab00000|  0%| F|  |TAMS 0x000000074aa00000, 0x000000074aa00000| Untracked 
|  79|0x000000074ab00000, 0x000000074ab00000, 0x000000074ac00000|  0%| F|  |TAMS 0x000000074ab00000, 0x000000074ab00000| Untracked 
|  80|0x000000074ac00000, 0x000000074ac00000, 0x000000074ad00000|  0%| F|  |TAMS 0x000000074ac00000, 0x000000074ac00000| Untracked 
|  81|0x000000074ad00000, 0x000000074ad00000, 0x000000074ae00000|  0%| F|  |TAMS 0x000000074ad00000, 0x000000074ad00000| Untracked 
|  82|0x000000074ae00000, 0x000000074ae00000, 0x000000074af00000|  0%| F|  |TAMS 0x000000074ae00000, 0x000000074ae00000| Untracked 
|  83|0x000000074af00000, 0x000000074af00000, 0x000000074b000000|  0%| F|  |TAMS 0x000000074af00000, 0x000000074af00000| Untracked 
|  84|0x000000074b000000, 0x000000074b000000, 0x000000074b100000|  0%| F|  |TAMS 0x000000074b000000, 0x000000074b000000| Untracked 
|  85|0x000000074b100000, 0x000000074b100000, 0x000000074b200000|  0%| F|  |TAMS 0x000000074b100000, 0x000000074b100000| Untracked 
|  86|0x000000074b200000, 0x000000074b200000, 0x000000074b300000|  0%| F|  |TAMS 0x000000074b200000, 0x000000074b200000| Untracked 
|  87|0x000000074b300000, 0x000000074b300000, 0x000000074b400000|  0%| F|  |TAMS 0x000000074b300000, 0x000000074b300000| Untracked 
|  88|0x000000074b400000, 0x000000074b400000, 0x000000074b500000|  0%| F|  |TAMS 0x000000074b400000, 0x000000074b400000| Untracked 
|  89|0x000000074b500000, 0x000000074b500000, 0x000000074b600000|  0%| F|  |TAMS 0x000000074b500000, 0x000000074b500000| Untracked 
|  90|0x000000074b600000, 0x000000074b600000, 0x000000074b700000|  0%| F|  |TAMS 0x000000074b600000, 0x000000074b600000| Untracked 
|  91|0x000000074b700000, 0x000000074b700000, 0x000000074b800000|  0%| F|  |TAMS 0x000000074b700000, 0x000000074b700000| Untracked 
|  92|0x000000074b800000, 0x000000074b800000, 0x000000074b900000|  0%| F|  |TAMS 0x000000074b800000, 0x000000074b800000| Untracked 
|  93|0x000000074b900000, 0x000000074b900000, 0x000000074ba00000|  0%| F|  |TAMS 0x000000074b900000, 0x000000074b900000| Untracked 
|  94|0x000000074ba00000, 0x000000074ba00000, 0x000000074bb00000|  0%| F|  |TAMS 0x000000074ba00000, 0x000000074ba00000| Untracked 
|  95|0x000000074bb00000, 0x000000074bb00000, 0x000000074bc00000|  0%| F|  |TAMS 0x000000074bb00000, 0x000000074bb00000| Untracked 
|  96|0x000000074bc00000, 0x000000074bc00000, 0x000000074bd00000|  0%| F|  |TAMS 0x000000074bc00000, 0x000000074bc00000| Untracked 
|  97|0x000000074bd00000, 0x000000074bd00000, 0x000000074be00000|  0%| F|  |TAMS 0x000000074bd00000, 0x000000074bd00000| Untracked 
|  98|0x000000074be00000, 0x000000074be00000, 0x000000074bf00000|  0%| F|  |TAMS 0x000000074be00000, 0x000000074be00000| Untracked 
|  99|0x000000074bf00000, 0x000000074bf00000, 0x000000074c000000|  0%| F|  |TAMS 0x000000074bf00000, 0x000000074bf00000| Untracked 
| 100|0x000000074c000000, 0x000000074c000000, 0x000000074c100000|  0%| F|  |TAMS 0x000000074c000000, 0x000000074c000000| Untracked 
| 101|0x000000074c100000, 0x000000074c100000, 0x000000074c200000|  0%| F|  |TAMS 0x000000074c100000, 0x000000074c100000| Untracked 
| 102|0x000000074c200000, 0x000000074c200000, 0x000000074c300000|  0%| F|  |TAMS 0x000000074c200000, 0x000000074c200000| Untracked 
| 103|0x000000074c300000, 0x000000074c300000, 0x000000074c400000|  0%| F|  |TAMS 0x000000074c300000, 0x000000074c300000| Untracked 
| 104|0x000000074c400000, 0x000000074c400000, 0x000000074c500000|  0%| F|  |TAMS 0x000000074c400000, 0x000000074c400000| Untracked 
| 105|0x000000074c500000, 0x000000074c500000, 0x000000074c600000|  0%| F|  |TAMS 0x000000074c500000, 0x000000074c500000| Untracked 
| 106|0x000000074c600000, 0x000000074c600000, 0x000000074c700000|  0%| F|  |TAMS 0x000000074c600000, 0x000000074c600000| Untracked 
| 107|0x000000074c700000, 0x000000074c700000, 0x000000074c800000|  0%| F|  |TAMS 0x000000074c700000, 0x000000074c700000| Untracked 
| 108|0x000000074c800000, 0x000000074c800000, 0x000000074c900000|  0%| F|  |TAMS 0x000000074c800000, 0x000000074c800000| Untracked 
| 109|0x000000074c900000, 0x000000074c900000, 0x000000074ca00000|  0%| F|  |TAMS 0x000000074c900000, 0x000000074c900000| Untracked 
| 110|0x000000074ca00000, 0x000000074ca00000, 0x000000074cb00000|  0%| F|  |TAMS 0x000000074ca00000, 0x000000074ca00000| Untracked 
| 111|0x000000074cb00000, 0x000000074cb00000, 0x000000074cc00000|  0%| F|  |TAMS 0x000000074cb00000, 0x000000074cb00000| Untracked 
| 112|0x000000074cc00000, 0x000000074cc00000, 0x000000074cd00000|  0%| F|  |TAMS 0x000000074cc00000, 0x000000074cc00000| Untracked 
| 113|0x000000074cd00000, 0x000000074cd00000, 0x000000074ce00000|  0%| F|  |TAMS 0x000000074cd00000, 0x000000074cd00000| Untracked 
| 114|0x000000074ce00000, 0x000000074ce00000, 0x000000074cf00000|  0%| F|  |TAMS 0x000000074ce00000, 0x000000074ce00000| Untracked 
| 115|0x000000074cf00000, 0x000000074cf00000, 0x000000074d000000|  0%| F|  |TAMS 0x000000074cf00000, 0x000000074cf00000| Untracked 
| 116|0x000000074d000000, 0x000000074d000000, 0x000000074d100000|  0%| F|  |TAMS 0x000000074d000000, 0x000000074d000000| Untracked 
| 117|0x000000074d100000, 0x000000074d100000, 0x000000074d200000|  0%| F|  |TAMS 0x000000074d100000, 0x000000074d100000| Untracked 
| 118|0x000000074d200000, 0x000000074d200000, 0x000000074d300000|  0%| F|  |TAMS 0x000000074d200000, 0x000000074d200000| Untracked 
| 119|0x000000074d300000, 0x000000074d300000, 0x000000074d400000|  0%| F|  |TAMS 0x000000074d300000, 0x000000074d300000| Untracked 
| 120|0x000000074d400000, 0x000000074d400000, 0x000000074d500000|  0%| F|  |TAMS 0x000000074d400000, 0x000000074d400000| Untracked 
| 121|0x000000074d500000, 0x000000074d500000, 0x000000074d600000|  0%| F|  |TAMS 0x000000074d500000, 0x000000074d500000| Untracked 
| 122|0x000000074d600000, 0x000000074d600000, 0x000000074d700000|  0%| F|  |TAMS 0x000000074d600000, 0x000000074d600000| Untracked 
| 123|0x000000074d700000, 0x000000074d700000, 0x000000074d800000|  0%| F|  |TAMS 0x000000074d700000, 0x000000074d700000| Untracked 
| 124|0x000000074d800000, 0x000000074d800000, 0x000000074d900000|  0%| F|  |TAMS 0x000000074d800000, 0x000000074d800000| Untracked 
| 125|0x000000074d900000, 0x000000074d900000, 0x000000074da00000|  0%| F|  |TAMS 0x000000074d900000, 0x000000074d900000| Untracked 
| 126|0x000000074da00000, 0x000000074da00000, 0x000000074db00000|  0%| F|  |TAMS 0x000000074da00000, 0x000000074da00000| Untracked 
| 127|0x000000074db00000, 0x000000074db00000, 0x000000074dc00000|  0%| F|  |TAMS 0x000000074db00000, 0x000000074db00000| Untracked 
| 128|0x000000074dc00000, 0x000000074dc00000, 0x000000074dd00000|  0%| F|  |TAMS 0x000000074dc00000, 0x000000074dc00000| Untracked 
| 129|0x000000074dd00000, 0x000000074dd00000, 0x000000074de00000|  0%| F|  |TAMS 0x000000074dd00000, 0x000000074dd00000| Untracked 
| 130|0x000000074de00000, 0x000000074de00000, 0x000000074df00000|  0%| F|  |TAMS 0x000000074de00000, 0x000000074de00000| Untracked 
| 131|0x000000074df00000, 0x000000074df00000, 0x000000074e000000|  0%| F|  |TAMS 0x000000074df00000, 0x000000074df00000| Untracked 
| 132|0x000000074e000000, 0x000000074e000000, 0x000000074e100000|  0%| F|  |TAMS 0x000000074e000000, 0x000000074e000000| Untracked 
| 133|0x000000074e100000, 0x000000074e100000, 0x000000074e200000|  0%| F|  |TAMS 0x000000074e100000, 0x000000074e100000| Untracked 
| 134|0x000000074e200000, 0x000000074e200000, 0x000000074e300000|  0%| F|  |TAMS 0x000000074e200000, 0x000000074e200000| Untracked 
| 135|0x000000074e300000, 0x000000074e300000, 0x000000074e400000|  0%| F|  |TAMS 0x000000074e300000, 0x000000074e300000| Untracked 
| 136|0x000000074e400000, 0x000000074e400000, 0x000000074e500000|  0%| F|  |TAMS 0x000000074e400000, 0x000000074e400000| Untracked 
| 137|0x000000074e500000, 0x000000074e500000, 0x000000074e600000|  0%| F|  |TAMS 0x000000074e500000, 0x000000074e500000| Untracked 
| 138|0x000000074e600000, 0x000000074e600000, 0x000000074e700000|  0%| F|  |TAMS 0x000000074e600000, 0x000000074e600000| Untracked 
| 139|0x000000074e700000, 0x000000074e700000, 0x000000074e800000|  0%| F|  |TAMS 0x000000074e700000, 0x000000074e700000| Untracked 
| 140|0x000000074e800000, 0x000000074e800000, 0x000000074e900000|  0%| F|  |TAMS 0x000000074e800000, 0x000000074e800000| Untracked 
| 141|0x000000074e900000, 0x000000074e900000, 0x000000074ea00000|  0%| F|  |TAMS 0x000000074e900000, 0x000000074e900000| Untracked 
| 142|0x000000074ea00000, 0x000000074ea00000, 0x000000074eb00000|  0%| F|  |TAMS 0x000000074ea00000, 0x000000074ea00000| Untracked 
| 143|0x000000074eb00000, 0x000000074eb00000, 0x000000074ec00000|  0%| F|  |TAMS 0x000000074eb00000, 0x000000074eb00000| Untracked 
| 144|0x000000074ec00000, 0x000000074ec00000, 0x000000074ed00000|  0%| F|  |TAMS 0x000000074ec00000, 0x000000074ec00000| Untracked 
| 145|0x000000074ed00000, 0x000000074ed00000, 0x000000074ee00000|  0%| F|  |TAMS 0x000000074ed00000, 0x000000074ed00000| Untracked 
| 146|0x000000074ee00000, 0x000000074ee00000, 0x000000074ef00000|  0%| F|  |TAMS 0x000000074ee00000, 0x000000074ee00000| Untracked 
| 147|0x000000074ef00000, 0x000000074ef00000, 0x000000074f000000|  0%| F|  |TAMS 0x000000074ef00000, 0x000000074ef00000| Untracked 
| 148|0x000000074f000000, 0x000000074f000000, 0x000000074f100000|  0%| F|  |TAMS 0x000000074f000000, 0x000000074f000000| Untracked 
| 149|0x000000074f100000, 0x000000074f100000, 0x000000074f200000|  0%| F|  |TAMS 0x000000074f100000, 0x000000074f100000| Untracked 
| 150|0x000000074f200000, 0x000000074f200000, 0x000000074f300000|  0%| F|  |TAMS 0x000000074f200000, 0x000000074f200000| Untracked 
| 151|0x000000074f300000, 0x000000074f300000, 0x000000074f400000|  0%| F|  |TAMS 0x000000074f300000, 0x000000074f300000| Untracked 
| 152|0x000000074f400000, 0x000000074f400000, 0x000000074f500000|  0%| F|  |TAMS 0x000000074f400000, 0x000000074f400000| Untracked 
| 153|0x000000074f500000, 0x000000074f500000, 0x000000074f600000|  0%| F|  |TAMS 0x000000074f500000, 0x000000074f500000| Untracked 
| 154|0x000000074f600000, 0x000000074f600000, 0x000000074f700000|  0%| F|  |TAMS 0x000000074f600000, 0x000000074f600000| Untracked 
| 155|0x000000074f700000, 0x000000074f700000, 0x000000074f800000|  0%| F|  |TAMS 0x000000074f700000, 0x000000074f700000| Untracked 
| 156|0x000000074f800000, 0x000000074f800000, 0x000000074f900000|  0%| F|  |TAMS 0x000000074f800000, 0x000000074f800000| Untracked 
| 157|0x000000074f900000, 0x000000074f900000, 0x000000074fa00000|  0%| F|  |TAMS 0x000000074f900000, 0x000000074f900000| Untracked 
| 158|0x000000074fa00000, 0x000000074fa00000, 0x000000074fb00000|  0%| F|  |TAMS 0x000000074fa00000, 0x000000074fa00000| Untracked 
| 159|0x000000074fb00000, 0x000000074fb00000, 0x000000074fc00000|  0%| F|  |TAMS 0x000000074fb00000, 0x000000074fb00000| Untracked 
| 160|0x000000074fc00000, 0x000000074fc00000, 0x000000074fd00000|  0%| F|  |TAMS 0x000000074fc00000, 0x000000074fc00000| Untracked 
| 161|0x000000074fd00000, 0x000000074fd00000, 0x000000074fe00000|  0%| F|  |TAMS 0x000000074fd00000, 0x000000074fd00000| Untracked 
| 162|0x000000074fe00000, 0x000000074fe00000, 0x000000074ff00000|  0%| F|  |TAMS 0x000000074fe00000, 0x000000074fe00000| Untracked 
| 163|0x000000074ff00000, 0x000000074ff00000, 0x0000000750000000|  0%| F|  |TAMS 0x000000074ff00000, 0x000000074ff00000| Untracked 
| 164|0x0000000750000000, 0x0000000750000000, 0x0000000750100000|  0%| F|  |TAMS 0x0000000750000000, 0x0000000750000000| Untracked 
| 165|0x0000000750100000, 0x0000000750100000, 0x0000000750200000|  0%| F|  |TAMS 0x0000000750100000, 0x0000000750100000| Untracked 
| 166|0x0000000750200000, 0x0000000750200000, 0x0000000750300000|  0%| F|  |TAMS 0x0000000750200000, 0x0000000750200000| Untracked 
| 167|0x0000000750300000, 0x0000000750300000, 0x0000000750400000|  0%| F|  |TAMS 0x0000000750300000, 0x0000000750300000| Untracked 
| 168|0x0000000750400000, 0x0000000750400000, 0x0000000750500000|  0%| F|  |TAMS 0x0000000750400000, 0x0000000750400000| Untracked 
| 169|0x0000000750500000, 0x0000000750500000, 0x0000000750600000|  0%| F|  |TAMS 0x0000000750500000, 0x0000000750500000| Untracked 
| 170|0x0000000750600000, 0x00000007506f6460, 0x0000000750700000| 96%| E|  |TAMS 0x0000000750600000, 0x0000000750600000| Complete 
| 171|0x0000000750700000, 0x0000000750800000, 0x0000000750800000|100%| E|CS|TAMS 0x0000000750700000, 0x0000000750700000| Complete 
| 172|0x0000000750800000, 0x0000000750900000, 0x0000000750900000|100%| E|CS|TAMS 0x0000000750800000, 0x0000000750800000| Complete 
| 173|0x0000000750900000, 0x0000000750a00000, 0x0000000750a00000|100%| E|CS|TAMS 0x0000000750900000, 0x0000000750900000| Complete 
| 174|0x0000000750a00000, 0x0000000750b00000, 0x0000000750b00000|100%| E|CS|TAMS 0x0000000750a00000, 0x0000000750a00000| Complete 
| 175|0x0000000750b00000, 0x0000000750c00000, 0x0000000750c00000|100%| E|CS|TAMS 0x0000000750b00000, 0x0000000750b00000| Complete 
| 176|0x0000000750c00000, 0x0000000750d00000, 0x0000000750d00000|100%| E|  |TAMS 0x0000000750c00000, 0x0000000750c00000| Complete 
| 177|0x0000000750d00000, 0x0000000750e00000, 0x0000000750e00000|100%| E|CS|TAMS 0x0000000750d00000, 0x0000000750d00000| Complete 
| 178|0x0000000750e00000, 0x0000000750f00000, 0x0000000750f00000|100%| E|CS|TAMS 0x0000000750e00000, 0x0000000750e00000| Complete 
| 179|0x0000000750f00000, 0x0000000751000000, 0x0000000751000000|100%| E|CS|TAMS 0x0000000750f00000, 0x0000000750f00000| Complete 
| 180|0x0000000751000000, 0x0000000751100000, 0x0000000751100000|100%| E|CS|TAMS 0x0000000751000000, 0x0000000751000000| Complete 
| 181|0x0000000751100000, 0x0000000751200000, 0x0000000751200000|100%| E|CS|TAMS 0x0000000751100000, 0x0000000751100000| Complete 
| 182|0x0000000751200000, 0x0000000751300000, 0x0000000751300000|100%| E|CS|TAMS 0x0000000751200000, 0x0000000751200000| Complete 
| 183|0x0000000751300000, 0x0000000751400000, 0x0000000751400000|100%| E|CS|TAMS 0x0000000751300000, 0x0000000751300000| Complete 
| 184|0x0000000751400000, 0x0000000751500000, 0x0000000751500000|100%| E|CS|TAMS 0x0000000751400000, 0x0000000751400000| Complete 
| 185|0x0000000751500000, 0x0000000751600000, 0x0000000751600000|100%| E|CS|TAMS 0x0000000751500000, 0x0000000751500000| Complete 
| 186|0x0000000751600000, 0x0000000751700000, 0x0000000751700000|100%| E|CS|TAMS 0x0000000751600000, 0x0000000751600000| Complete 
| 187|0x0000000751700000, 0x0000000751800000, 0x0000000751800000|100%| E|CS|TAMS 0x0000000751700000, 0x0000000751700000| Complete 
|1954|0x00000007bfe00000, 0x00000007bfe34000, 0x00000007bff00000| 20%|OA|  |TAMS 0x00000007bfe00000, 0x00000007bfe00000| Untracked 
|1955|0x00000007bff00000, 0x00000007bff6a000, 0x00000007c0000000| 41%|CA|  |TAMS 0x00000007bff00000, 0x00000007bff00000| Untracked 

Card table byte_map: [0x00007fbc454f9000,0x00007fbc45acb000] _byte_map_base: 0x00007fbc41acb000

Marking Bits (Prev, Next): (CMBitMap*) 0x00007fbc400637a8, (CMBitMap*) 0x00007fbc400637e0
 Prev Bits: [0x00007fbc21170000, 0x00007fbc24000000)
 Next Bits: [0x00007fbc1e2e0000, 0x00007fbc21170000)

Polling page: 0x00007fbc4857c000

Metaspace:

Usage:
  Non-class:      6.10 MB capacity,     5.89 MB ( 97%) used,   202.73 KB (  3%) free+waste,    15.81 KB ( <1%) overhead. 
      Class:    846.00 KB capacity,   748.66 KB ( 88%) used,    88.34 KB ( 10%) free+waste,     9.00 KB (  1%) overhead. 
       Both:      6.93 MB capacity,     6.62 MB ( 96%) used,   291.07 KB (  4%) free+waste,    24.81 KB ( <1%) overhead. 

Virtual space:
  Non-class space:        8.00 MB reserved,       6.25 MB ( 78%) committed 
      Class space:        1.00 GB reserved,     896.00 KB ( <1%) committed 
             Both:        1.01 GB reserved,       7.12 MB ( <1%) committed 

Chunk freelists:
   Non-Class:  33.00 KB
       Class:  18.00 KB
        Both:  51.00 KB

CodeHeap 'non-profiled nmethods': size=120032Kb used=342Kb max_used=342Kb free=119689Kb
 bounds [0x00007fbc30446000, 0x00007fbc306b6000, 0x00007fbc3797e000]
CodeHeap 'profiled nmethods': size=120028Kb used=2006Kb max_used=2006Kb free=118021Kb
 bounds [0x00007fbc28f0f000, 0x00007fbc2917f000, 0x00007fbc30446000]
CodeHeap 'non-nmethods': size=5700Kb used=1165Kb max_used=1192Kb free=4534Kb
 bounds [0x00007fbc2897e000, 0x00007fbc28bee000, 0x00007fbc28f0f000]
 total_blobs=1630 nmethods=1000 adapters=332
 compilation: enabled
              stopped_count=0, restarted_count=0
 full_count=0

Compilation events (10 events):
Event: 0.440 Thread 0x00007fbc4017f000  998       3       java.lang.ClassLoader::getClassLoader (11 bytes)
Event: 0.440 Thread 0x00007fbc4017f000 nmethod 998 0x00007fbc29103910 code [0x00007fbc29103ac0, 0x00007fbc29103c70]
Event: 0.440 Thread 0x00007fbc4017f000  999       3       java.lang.Class::reflectionData (43 bytes)
Event: 0.441 Thread 0x00007fbc4017d000 nmethod 982 0x00007fbc30498990 code [0x00007fbc30498b20, 0x00007fbc30498bb8]
Event: 0.441 Thread 0x00007fbc4017f000 nmethod 999 0x00007fbc29103d10 code [0x00007fbc29103f00, 0x00007fbc29104398]
Event: 0.441 Thread 0x00007fbc4017d000  970       4       java.lang.reflect.ProxyGenerator$ConstantPool$IndirectEntry::hashCode (15 bytes)
Event: 0.441 Thread 0x00007fbc4017f000 1000       3       jdk.internal.loader.Resource::<init> (5 bytes)
Event: 0.441 Thread 0x00007fbc4017f000 nmethod 1000 0x00007fbc29104510 code [0x00007fbc291046c0, 0x00007fbc29104890]
Event: 0.441 Thread 0x00007fbc4017d000 nmethod 970 0x00007fbc30498c90 code [0x00007fbc30498e20, 0x00007fbc30498e98]
Event: 0.441 Thread 0x00007fbc4017d000  950       4       java.util.HashMap::put (13 bytes)

GC Heap History (0 events):
No events

Deoptimization events (6 events):
Event: 0.093 Thread 0x00007fbc40012800 Uncommon trap: reason=unstable_if action=reinterpret pc=0x00007fbc3044a838 method=java.lang.String.hashCode()I @ 14 c2
Event: 0.176 Thread 0x00007fbc40012800 Uncommon trap: reason=unstable_if action=reinterpret pc=0x00007fbc3045e910 method=java.io.BufferedReader.read()I @ 19 c2
Event: 0.295 Thread 0x00007fbc40012800 Uncommon trap: reason=unstable_if action=reinterpret pc=0x00007fbc3044b304 method=java.lang.String.isLatin1()Z @ 10 c2
Event: 0.324 Thread 0x00007fbc40012800 Uncommon trap: reason=unstable_if action=reinterpret pc=0x00007fbc3047c908 method=java.util.jar.JarFile.checkForSpecialAttributes()V @ 4 c2
Event: 0.392 Thread 0x00007fbc40012800 Uncommon trap: reason=unstable_if action=reinterpret pc=0x00007fbc30481fe8 method=java.lang.StringLatin1.replace([BCC)Ljava/lang/String; @ 19 c2
Event: 0.396 Thread 0x00007fbc40012800 Uncommon trap: reason=unstable_if action=reinterpret pc=0x00007fbc30480fa8 method=java.lang.StringUTF16.compress([CI[BII)I @ 20 c2

Classes redefined (0 events):
No events

Internal exceptions (10 events):
Event: 0.210 Thread 0x00007fbc40012800 Exception <a 'java/lang/NoSuchMethodError'{0x000000075127de60}: java.lang.invoke.DirectMethodHandle$Holder.invokeStatic(Ljava/lang/Object;Ljava/lang/Object;Ljava/lang/Object;Ljava/lang/Object;I)Ljava/lang/Object;> (0x000000075127de60) thrown at [/build/op
Event: 0.304 Thread 0x00007fbc40012800 Exception <a 'java/lang/ClassNotFoundException'{0x0000000750eb3c88}: sun/awt/resources/spi/awtProvider> (0x0000000750eb3c88) thrown at [/build/openjdk-11-GO4RM2/openjdk-11-11.0.3+1/src/hotspot/share/classfile/systemDictionary.cpp, line 231]
Event: 0.314 Thread 0x00007fbc40012800 Exception <a 'java/io/FileNotFoundException'{0x0000000750d1e400}> (0x0000000750d1e400) thrown at [/build/openjdk-11-GO4RM2/openjdk-11-11.0.3+1/src/hotspot/share/prims/jni.cpp, line 615]
Event: 0.391 Thread 0x00007fbc40012800 Exception <a 'java/lang/NoSuchMethodError'{0x0000000750a8d888}: java.lang.invoke.DirectMethodHandle$Holder.invokeStaticInit(Ljava/lang/Object;Ljava/lang/Object;JLjava/lang/Object;)Ljava/lang/Object;> (0x0000000750a8d888) thrown at [/build/openjdk-11-GO4RM
Event: 0.391 Thread 0x00007fbc40012800 Exception <a 'java/lang/NoSuchMethodError'{0x0000000750a99870}: java.lang.invoke.Invokers$Holder.linkToTargetMethod(Ljava/lang/Object;JLjava/lang/Object;)Ljava/lang/Object;> (0x0000000750a99870) thrown at [/build/openjdk-11-GO4RM2/openjdk-11-11.0.3+1/src/
Event: 0.393 Thread 0x00007fbc40012800 Exception <a 'java/lang/NoSuchMethodError'{0x0000000750aa0650}: java.lang.invoke.DirectMethodHandle$Holder.invokeStatic(Ljava/lang/Object;Ljava/lang/Object;Ljava/lang/Object;I)Ljava/lang/Object;> (0x0000000750aa0650) thrown at [/build/openjdk-11-GO4RM2/op
Event: 0.393 Thread 0x00007fbc40012800 Exception <a 'java/lang/NoSuchMethodError'{0x0000000750aa3f68}: java.lang.invoke.DirectMethodHandle$Holder.invokeSpecial(Ljava/lang/Object;Ljava/lang/Object;Ljava/lang/Object;Ljava/lang/Object;I)Ljava/lang/Object;> (0x0000000750aa3f68) thrown at [/build/o
Event: 0.393 Thread 0x00007fbc40012800 Exception <a 'java/lang/NoSuchMethodError'{0x0000000750aa6fc8}: java.lang.invoke.Invokers$Holder.linkToTargetMethod(Ljava/lang/Object;Ljava/lang/Object;ILjava/lang/Object;)Ljava/lang/Object;> (0x0000000750aa6fc8) thrown at [/build/openjdk-11-GO4RM2/openjd
Event: 0.404 Thread 0x00007fbc40012800 Exception <a 'java/lang/UnsatisfiedLinkError'{0x000000075092f0f8}: libtesseract.so: 동적 오브젝트 파일을 열 수 없습니다: 그런 파일이나 디렉터리가 없습니다> (0x000000075092f0f8) thrown at [/build/openjdk-11-GO4RM2/openjdk-11-1
Event: 0.405 Thread 0x00007fbc40012800 Exception <a 'java/lang/UnsatisfiedLinkError'{0x0000000750930938}: libtesseract.so: 동적 오브젝트 파일을 열 수 없습니다: 그런 파일이나 디렉터리가 없습니다> (0x0000000750930938) thrown at [/build/openjdk-11-GO4RM2/openjdk-11-1

Events (10 events):
Event: 0.442 loading class java/lang/reflect/AnnotatedType
Event: 0.442 loading class java/lang/reflect/AnnotatedType done
Event: 0.442 loading class com/sun/jna/Library$Handler$FunctionInfo
Event: 0.442 loading class com/sun/jna/Library$Handler$FunctionInfo done
Event: 0.442 loading class com/sun/jna/NativeMappedConverter
Event: 0.442 loading class com/sun/jna/NativeMappedConverter done
Event: 0.442 loading class com/sun/jna/TypeConverter
Event: 0.442 loading class com/sun/jna/TypeConverter done
Event: 0.442 loading class com/sun/jna/Klass
Event: 0.442 loading class com/sun/jna/Klass done


Dynamic libraries:
745c00000-751800000 rw-p 00000000 00:00 0 
751800000-7bfe00000 ---p 00000000 00:00 0 
7bfe00000-7bfe34000 rw-p 0111b000 103:02 12190533                        /usr/lib/jvm/java-11-openjdk-amd64/lib/server/classes.jsa
7bfe34000-7bff00000 rw-p 00000000 00:00 0 
7bff00000-7bff6a000 rw-p 010b1000 103:02 12190533                        /usr/lib/jvm/java-11-openjdk-amd64/lib/server/classes.jsa
7bff6a000-7c0000000 rw-p 00000000 00:00 0 
7c0000000-800000000 ---p 00000000 00:00 0 
800000000-800002000 rwxp 00001000 103:02 12190533                        /usr/lib/jvm/java-11-openjdk-amd64/lib/server/classes.jsa
800002000-8010b0000 rw-p 00003000 103:02 12190533                        /usr/lib/jvm/java-11-openjdk-amd64/lib/server/classes.jsa
840000000-8400e0000 rw-p 00000000 00:00 0 
8400e0000-880000000 ---p 00000000 00:00 0 
55f257c50000-55f257c51000 r--p 00000000 103:02 12060292                  /usr/lib/jvm/java-11-openjdk-amd64/bin/java
55f257c51000-55f257c52000 r-xp 00001000 103:02 12060292                  /usr/lib/jvm/java-11-openjdk-amd64/bin/java
55f257c52000-55f257c53000 r--p 00002000 103:02 12060292                  /usr/lib/jvm/java-11-openjdk-amd64/bin/java
55f257c53000-55f257c54000 r--p 00002000 103:02 12060292                  /usr/lib/jvm/java-11-openjdk-amd64/bin/java
55f257c54000-55f257c55000 rw-p 00003000 103:02 12060292                  /usr/lib/jvm/java-11-openjdk-amd64/bin/java
55f25952f000-55f259550000 rw-p 00000000 00:00 0                          [heap]
7fbbc0000000-7fbbc0028000 rw-p 00000000 00:00 0 
7fbbc0028000-7fbbc4000000 ---p 00000000 00:00 0 
7fbbc8000000-7fbbc8021000 rw-p 00000000 00:00 0 
7fbbc8021000-7fbbcc000000 ---p 00000000 00:00 0 
7fbbcc000000-7fbbcc021000 rw-p 00000000 00:00 0 
7fbbcc021000-7fbbd0000000 ---p 00000000 00:00 0 
7fbbd0000000-7fbbd0021000 rw-p 00000000 00:00 0 
7fbbd0021000-7fbbd4000000 ---p 00000000 00:00 0 
7fbbd4000000-7fbbd40ff000 rw-p 00000000 00:00 0 
7fbbd40ff000-7fbbd8000000 ---p 00000000 00:00 0 
7fbbd8000000-7fbbd8021000 rw-p 00000000 00:00 0 
7fbbd8021000-7fbbdc000000 ---p 00000000 00:00 0 
7fbbdc000000-7fbbdc021000 rw-p 00000000 00:00 0 
7fbbdc021000-7fbbe0000000 ---p 00000000 00:00 0 
7fbbe0000000-7fbbe0021000 rw-p 00000000 00:00 0 
7fbbe0021000-7fbbe4000000 ---p 00000000 00:00 0 
7fbbe4000000-7fbbe4021000 rw-p 00000000 00:00 0 
7fbbe4021000-7fbbe8000000 ---p 00000000 00:00 0 
7fbbe8000000-7fbbe8021000 rw-p 00000000 00:00 0 
7fbbe8021000-7fbbec000000 ---p 00000000 00:00 0 
7fbbec000000-7fbbec021000 rw-p 00000000 00:00 0 
7fbbec021000-7fbbf0000000 ---p 00000000 00:00 0 
7fbbf0000000-7fbbf033b000 rw-p 00000000 00:00 0 
7fbbf033b000-7fbbf4000000 ---p 00000000 00:00 0 
7fbbf4000000-7fbbf4422000 rw-p 00000000 00:00 0 
7fbbf4422000-7fbbf8000000 ---p 00000000 00:00 0 
7fbbf8000000-7fbbf8021000 rw-p 00000000 00:00 0 
7fbbf8021000-7fbbfc000000 ---p 00000000 00:00 0 
7fbbfcc91000-7fbbfcc95000 ---p 00000000 00:00 0 
7fbbfcc95000-7fbbfcd92000 rw-p 00000000 00:00 0 
7fbbfcd92000-7fbbfcd9d000 r-xp 00000000 103:02 11538457                  /usr/lib/x86_64-linux-gnu/libjbig.so.0
7fbbfcd9d000-7fbbfcf9c000 ---p 0000b000 103:02 11538457                  /usr/lib/x86_64-linux-gnu/libjbig.so.0
7fbbfcf9c000-7fbbfcf9d000 r--p 0000a000 103:02 11538457                  /usr/lib/x86_64-linux-gnu/libjbig.so.0
7fbbfcf9d000-7fbbfcfa0000 rw-p 0000b000 103:02 11538457                  /usr/lib/x86_64-linux-gnu/libjbig.so.0
7fbbfcfa0000-7fbbfcfa3000 r--p 00000000 103:02 11539375                  /usr/lib/x86_64-linux-gnu/liblzma.so.5.2.4
7fbbfcfa3000-7fbbfcfbb000 r-xp 00003000 103:02 11539375                  /usr/lib/x86_64-linux-gnu/liblzma.so.5.2.4
7fbbfcfbb000-7fbbfcfc6000 r--p 0001b000 103:02 11539375                  /usr/lib/x86_64-linux-gnu/liblzma.so.5.2.4
7fbbfcfc6000-7fbbfcfc7000 r--p 00025000 103:02 11539375                  /usr/lib/x86_64-linux-gnu/liblzma.so.5.2.4
7fbbfcfc7000-7fbbfcfc8000 rw-p 00026000 103:02 11539375                  /usr/lib/x86_64-linux-gnu/liblzma.so.5.2.4
7fbbfcfc8000-7fbbfcfcd000 r--p 00000000 103:02 11536062                  /usr/lib/x86_64-linux-gnu/libzstd.so.1.3.8
7fbbfcfcd000-7fbbfd055000 r-xp 00005000 103:02 11536062                  /usr/lib/x86_64-linux-gnu/libzstd.so.1.3.8
7fbbfd055000-7fbbfd065000 r--p 0008d000 103:02 11536062                  /usr/lib/x86_64-linux-gnu/libzstd.so.1.3.8
7fbbfd065000-7fbbfd066000 ---p 0009d000 103:02 11536062                  /usr/lib/x86_64-linux-gnu/libzstd.so.1.3.8
7fbbfd066000-7fbbfd067000 r--p 0009d000 103:02 11536062                  /usr/lib/x86_64-linux-gnu/libzstd.so.1.3.8
7fbbfd067000-7fbbfd068000 rw-p 0009e000 103:02 11536062                  /usr/lib/x86_64-linux-gnu/libzstd.so.1.3.8
7fbbfd068000-7fbbfd06c000 r--p 00000000 103:02 11539079                  /usr/lib/x86_64-linux-gnu/libopenjp2.so.2.3.0
7fbbfd06c000-7fbbfd0ad000 r-xp 00004000 103:02 11539079                  /usr/lib/x86_64-linux-gnu/libopenjp2.so.2.3.0
7fbbfd0ad000-7fbbfd0bc000 r--p 00045000 103:02 11539079                  /usr/lib/x86_64-linux-gnu/libopenjp2.so.2.3.0
7fbbfd0bc000-7fbbfd0bd000 ---p 00054000 103:02 11539079                  /usr/lib/x86_64-linux-gnu/libopenjp2.so.2.3.0
7fbbfd0bd000-7fbbfd0be000 r--p 00054000 103:02 11539079                  /usr/lib/x86_64-linux-gnu/libopenjp2.so.2.3.0
7fbbfd0be000-7fbbfd0bf000 rw-p 00055000 103:02 11539079                  /usr/lib/x86_64-linux-gnu/libopenjp2.so.2.3.0
7fbbfd0bf000-7fbbfd125000 r-xp 00000000 103:02 11539462                  /usr/lib/x86_64-linux-gnu/libwebp.so.6.0.2
7fbbfd125000-7fbbfd324000 ---p 00066000 103:02 11539462                  /usr/lib/x86_64-linux-gnu/libwebp.so.6.0.2
7fbbfd324000-7fbbfd325000 r--p 00065000 103:02 11539462                  /usr/lib/x86_64-linux-gnu/libwebp.so.6.0.2
7fbbfd325000-7fbbfd326000 rw-p 00066000 103:02 11539462                  /usr/lib/x86_64-linux-gnu/libwebp.so.6.0.2
7fbbfd326000-7fbbfd328000 rw-p 00000000 00:00 0 
7fbbfd328000-7fbbfd331000 r--p 00000000 103:02 11534355                  /usr/lib/x86_64-linux-gnu/libtiff.so.5.4.0
7fbbfd331000-7fbbfd374000 r-xp 00009000 103:02 11534355                  /usr/lib/x86_64-linux-gnu/libtiff.so.5.4.0
7fbbfd374000-7fbbfd3a2000 r--p 0004c000 103:02 11534355                  /usr/lib/x86_64-linux-gnu/libtiff.so.5.4.0
7fbbfd3a2000-7fbbfd3a6000 r--p 00079000 103:02 11534355                  /usr/lib/x86_64-linux-gnu/libtiff.so.5.4.0
7fbbfd3a6000-7fbbfd3a7000 rw-p 0007d000 103:02 11534355                  /usr/lib/x86_64-linux-gnu/libtiff.so.5.4.0
7fbbfd3a7000-7fbbfd3af000 r-xp 00000000 103:02 11538135                  /usr/lib/x86_64-linux-gnu/libgif.so.7.0.0
7fbbfd3af000-7fbbfd5ae000 ---p 00008000 103:02 11538135                  /usr/lib/x86_64-linux-gnu/libgif.so.7.0.0
7fbbfd5ae000-7fbbfd5af000 r--p 00007000 103:02 11538135                  /usr/lib/x86_64-linux-gnu/libgif.so.7.0.0
7fbbfd5af000-7fbbfd5b0000 rw-p 00008000 103:02 11538135                  /usr/lib/x86_64-linux-gnu/libgif.so.7.0.0
7fbbfd5b0000-7fbbfd617000 r-xp 00000000 103:02 11538463                  /usr/lib/x86_64-linux-gnu/libjpeg.so.62.2.0
7fbbfd617000-7fbbfd817000 ---p 00067000 103:02 11538463                  /usr/lib/x86_64-linux-gnu/libjpeg.so.62.2.0
7fbbfd817000-7fbbfd818000 r--p 00067000 103:02 11538463                  /usr/lib/x86_64-linux-gnu/libjpeg.so.62.2.0
7fbbfd818000-7fbbfd819000 rw-p 00068000 103:02 11538463                  /usr/lib/x86_64-linux-gnu/libjpeg.so.62.2.0
7fbbfd819000-7fbbfd81f000 r--p 00000000 103:02 11534376                  /usr/lib/x86_64-linux-gnu/libpng16.so.16.36.0
7fbbfd81f000-7fbbfd844000 r-xp 00006000 103:02 11534376                  /usr/lib/x86_64-linux-gnu/libpng16.so.16.36.0
7fbbfd844000-7fbbfd850000 r--p 0002b000 103:02 11534376                  /usr/lib/x86_64-linux-gnu/libpng16.so.16.36.0
7fbbfd850000-7fbbfd851000 r--p 00036000 103:02 11534376                  /usr/lib/x86_64-linux-gnu/libpng16.so.16.36.0
7fbbfd851000-7fbbfd852000 rw-p 00037000 103:02 11534376                  /usr/lib/x86_64-linux-gnu/libpng16.so.16.36.0
7fbbfd852000-7fbbfd859000 r--p 00000000 103:02 11538076                  /usr/lib/x86_64-linux-gnu/libgomp.so.1.0.0
7fbbfd859000-7fbbfd878000 r-xp 00007000 103:02 11538076                  /usr/lib/x86_64-linux-gnu/libgomp.so.1.0.0
7fbbfd878000-7fbbfd881000 r--p 00026000 103:02 11538076                  /usr/lib/x86_64-linux-gnu/libgomp.so.1.0.0
7fbbfd881000-7fbbfd882000 r--p 0002e000 103:02 11538076                  /usr/lib/x86_64-linux-gnu/libgomp.so.1.0.0
7fbbfd882000-7fbbfd883000 rw-p 0002f000 103:02 11538076                  /usr/lib/x86_64-linux-gnu/libgomp.so.1.0.0
7fbbfd883000-7fbbfdaf2000 r-xp 00000000 103:02 11541199                  /usr/lib/x86_64-linux-gnu/liblept.so.5.0.3
7fbbfdaf2000-7fbbfdcf2000 ---p 0026f000 103:02 11541199                  /usr/lib/x86_64-linux-gnu/liblept.so.5.0.3
7fbbfdcf2000-7fbbfdcf3000 r--p 0026f000 103:02 11541199                  /usr/lib/x86_64-linux-gnu/liblept.so.5.0.3
7fbbfdcf3000-7fbbfdcfc000 rw-p 00270000 103:02 11541199                  /usr/lib/x86_64-linux-gnu/liblept.so.5.0.3
7fbbfdd2d000-7fbbfddc0000 r--p 00000000 103:02 11536371                  /usr/lib/x86_64-linux-gnu/libtesseract.so.4.0.0
7fbbfddc0000-7fbbfdfba000 r-xp 00093000 103:02 11536371                  /usr/lib/x86_64-linux-gnu/libtesseract.so.4.0.0
7fbbfdfba000-7fbbfe067000 r--p 0028d000 103:02 11536371                  /usr/lib/x86_64-linux-gnu/libtesseract.so.4.0.0
7fbbfe067000-7fbbfe073000 r--p 00339000 103:02 11536371                  /usr/lib/x86_64-linux-gnu/libtesseract.so.4.0.0
7fbbfe073000-7fbbfe074000 rw-p 00345000 103:02 11536371                  /usr/lib/x86_64-linux-gnu/libtesseract.so.4.0.0
7fbbfe074000-7fbbfe318000 rw-p 00000000 00:00 0 
7fbbfe318000-7fbbfe330000 r-xp 00000000 103:02 7869117                   /root/.cache/JNA/temp/jna8306619181587745967.tmp (deleted)
7fbbfe330000-7fbbfe530000 ---p 00018000 103:02 7869117                   /root/.cache/JNA/temp/jna8306619181587745967.tmp (deleted)
7fbbfe530000-7fbbfe531000 rw-p 00018000 103:02 7869117                   /root/.cache/JNA/temp/jna8306619181587745967.tmp (deleted)
7fbbfe531000-7fbbfe535000 ---p 00000000 00:00 0 
7fbbfe535000-7fbbfe632000 rw-p 00000000 00:00 0 
7fbbfe632000-7fbbfe636000 r--p 00000000 103:02 11538035                  /usr/lib/x86_64-linux-gnu/libbsd.so.0.9.1
7fbbfe636000-7fbbfe645000 r-xp 00004000 103:02 11538035                  /usr/lib/x86_64-linux-gnu/libbsd.so.0.9.1
7fbbfe645000-7fbbfe648000 r--p 00013000 103:02 11538035                  /usr/lib/x86_64-linux-gnu/libbsd.so.0.9.1
7fbbfe648000-7fbbfe649000 ---p 00016000 103:02 11538035                  /usr/lib/x86_64-linux-gnu/libbsd.so.0.9.1
7fbbfe649000-7fbbfe64a000 r--p 00016000 103:02 11538035                  /usr/lib/x86_64-linux-gnu/libbsd.so.0.9.1
7fbbfe64a000-7fbbfe64b000 rw-p 00017000 103:02 11538035                  /usr/lib/x86_64-linux-gnu/libbsd.so.0.9.1
7fbbfe64b000-7fbbfe64c000 rw-p 00000000 00:00 0 
7fbbfe64c000-7fbbfe651000 r-xp 00000000 103:02 11537430                  /usr/lib/x86_64-linux-gnu/libXdmcp.so.6.0.0
7fbbfe651000-7fbbfe850000 ---p 00005000 103:02 11537430                  /usr/lib/x86_64-linux-gnu/libXdmcp.so.6.0.0
7fbbfe850000-7fbbfe851000 r--p 00004000 103:02 11537430                  /usr/lib/x86_64-linux-gnu/libXdmcp.so.6.0.0
7fbbfe851000-7fbbfe852000 rw-p 00005000 103:02 11537430                  /usr/lib/x86_64-linux-gnu/libXdmcp.so.6.0.0
7fbbfe852000-7fbbfe854000 r-xp 00000000 103:02 11537415                  /usr/lib/x86_64-linux-gnu/libXau.so.6.0.0
7fbbfe854000-7fbbfea54000 ---p 00002000 103:02 11537415                  /usr/lib/x86_64-linux-gnu/libXau.so.6.0.0
7fbbfea54000-7fbbfea55000 r--p 00002000 103:02 11537415                  /usr/lib/x86_64-linux-gnu/libXau.so.6.0.0
7fbbfea55000-7fbbfea56000 rw-p 00003000 103:02 11537415                  /usr/lib/x86_64-linux-gnu/libXau.so.6.0.0
7fbbfea56000-7fbbfea62000 r--p 00000000 103:02 11539605                  /usr/lib/x86_64-linux-gnu/libxcb.so.1.1.0
7fbbfea62000-7fbbfea75000 r-xp 0000c000 103:02 11539605                  /usr/lib/x86_64-linux-gnu/libxcb.so.1.1.0
7fbbfea75000-7fbbfea7e000 r--p 0001f000 103:02 11539605                  /usr/lib/x86_64-linux-gnu/libxcb.so.1.1.0
7fbbfea7e000-7fbbfea7f000 r--p 00027000 103:02 11539605                  /usr/lib/x86_64-linux-gnu/libxcb.so.1.1.0
7fbbfea7f000-7fbbfea80000 rw-p 00028000 103:02 11539605                  /usr/lib/x86_64-linux-gnu/libxcb.so.1.1.0
7fbbfea80000-7fbbfea8f000 r-xp 00000000 103:02 11537444                  /usr/lib/x86_64-linux-gnu/libXi.so.6.1.0
7fbbfea8f000-7fbbfec8e000 ---p 0000f000 103:02 11537444                  /usr/lib/x86_64-linux-gnu/libXi.so.6.1.0
7fbbfec8e000-7fbbfec8f000 r--p 0000e000 103:02 11537444                  /usr/lib/x86_64-linux-gnu/libXi.so.6.1.0
7fbbfec8f000-7fbbfec90000 rw-p 0000f000 103:02 11537444                  /usr/lib/x86_64-linux-gnu/libXi.so.6.1.0
7fbbfec90000-7fbbfec95000 r-xp 00000000 103:02 11537467                  /usr/lib/x86_64-linux-gnu/libXtst.so.6.1.0
7fbbfec95000-7fbbfee94000 ---p 00005000 103:02 11537467                  /usr/lib/x86_64-linux-gnu/libXtst.so.6.1.0
7fbbfee94000-7fbbfee95000 r--p 00004000 103:02 11537467                  /usr/lib/x86_64-linux-gnu/libXtst.so.6.1.0
7fbbfee95000-7fbbfee96000 rw-p 00005000 103:02 11537467                  /usr/lib/x86_64-linux-gnu/libXtst.so.6.1.0
7fbbfee96000-7fbbfee9f000 r-xp 00000000 103:02 11537459                  /usr/lib/x86_64-linux-gnu/libXrender.so.1.3.0
7fbbfee9f000-7fbbff09e000 ---p 00009000 103:02 11537459                  /usr/lib/x86_64-linux-gnu/libXrender.so.1.3.0
7fbbff09e000-7fbbff09f000 r--p 00008000 103:02 11537459                  /usr/lib/x86_64-linux-gnu/libXrender.so.1.3.0
7fbbff09f000-7fbbff0a0000 rw-p 00009000 103:02 11537459                  /usr/lib/x86_64-linux-gnu/libXrender.so.1.3.0
7fbbff0a0000-7fbbff0bc000 r--p 00000000 103:02 11537409                  /usr/lib/x86_64-linux-gnu/libX11.so.6.3.0
7fbbff0bc000-7fbbff146000 r-xp 0001c000 103:02 11537409                  /usr/lib/x86_64-linux-gnu/libX11.so.6.3.0
7fbbff146000-7fbbff1da000 r--p 000a6000 103:02 11537409                  /usr/lib/x86_64-linux-gnu/libX11.so.6.3.0
7fbbff1da000-7fbbff1db000 ---p 0013a000 103:02 11537409                  /usr/lib/x86_64-linux-gnu/libX11.so.6.3.0
7fbbff1db000-7fbbff1dc000 r--p 0013a000 103:02 11537409                  /usr/lib/x86_64-linux-gnu/libX11.so.6.3.0
7fbbff1dc000-7fbbff1e1000 rw-p 0013b000 103:02 11537409                  /usr/lib/x86_64-linux-gnu/libX11.so.6.3.0
7fbbff1e1000-7fbbff1f2000 r-xp 00000000 103:02 11537434                  /usr/lib/x86_64-linux-gnu/libXext.so.6.4.0
7fbbff1f2000-7fbbff3f1000 ---p 00011000 103:02 11537434                  /usr/lib/x86_64-linux-gnu/libXext.so.6.4.0
7fbbff3f1000-7fbbff3f2000 r--p 00010000 103:02 11537434                  /usr/lib/x86_64-linux-gnu/libXext.so.6.4.0
7fbbff3f2000-7fbbff3f3000 rw-p 00011000 103:02 11537434                  /usr/lib/x86_64-linux-gnu/libXext.so.6.4.0
7fbbff402000-7fbbff406000 ---p 00000000 00:00 0 
7fbbff406000-7fbbff424000 rw-p 00000000 00:00 0 
7fbbff424000-7fbbff450000 r--p 00000000 103:02 12060888                  /usr/lib/jvm/java-11-openjdk-amd64/lib/libawt.so
7fbbff450000-7fbbff4b6000 r-xp 0002c000 103:02 12060888                  /usr/lib/jvm/java-11-openjdk-amd64/lib/libawt.so
7fbbff4b6000-7fbbff4c3000 r--p 00092000 103:02 12060888                  /usr/lib/jvm/java-11-openjdk-amd64/lib/libawt.so
7fbbff4c3000-7fbbff4c4000 r--p 0009e000 103:02 12060888                  /usr/lib/jvm/java-11-openjdk-amd64/lib/libawt.so
7fbbff4c4000-7fbbff4cf000 rw-p 0009f000 103:02 12060888                  /usr/lib/jvm/java-11-openjdk-amd64/lib/libawt.so
7fbbff4cf000-7fbbff4f4000 rw-p 00000000 00:00 0 
7fbbff4f4000-7fbbff4f8000 ---p 00000000 00:00 0 
7fbbff4f8000-7fbbff5f5000 rw-p 00000000 00:00 0 
7fbbff5f5000-7fbbff5f9000 ---p 00000000 00:00 0 
7fbbff5f9000-7fbbff6f6000 rw-p 00000000 00:00 0 
7fbbff6f6000-7fbbff6f7000 ---p 00000000 00:00 0 
7fbbff6f7000-7fbbff7f8000 rw-p 00000000 00:00 0 
7fbbff7f8000-7fbbff7fc000 ---p 00000000 00:00 0 
7fbbff7fc000-7fbbff8f9000 rw-p 00000000 00:00 0 
7fbbff8f9000-7fbbff8fd000 ---p 00000000 00:00 0 
7fbbff8fd000-7fbbff9fa000 rw-p 00000000 00:00 0 
7fbbff9fa000-7fbbff9fe000 ---p 00000000 00:00 0 
7fbbff9fe000-7fbbffafb000 rw-p 00000000 00:00 0 
7fbbffafb000-7fbbffaff000 ---p 00000000 00:00 0 
7fbbffaff000-7fbbffbfc000 rw-p 00000000 00:00 0 
7fbbffbfc000-7fbbffc00000 ---p 00000000 00:00 0 
7fbbffc00000-7fbbffcfd000 rw-p 00000000 00:00 0 
7fbbffcfd000-7fbbffd01000 ---p 00000000 00:00 0 
7fbbffd01000-7fbbffdfe000 rw-p 00000000 00:00 0 
7fbbffdfe000-7fbbffe02000 ---p 00000000 00:00 0 
7fbbffe02000-7fbbffeff000 rw-p 00000000 00:00 0 
7fbbffeff000-7fbbfff03000 ---p 00000000 00:00 0 
7fbbfff03000-7fbc00000000 rw-p 00000000 00:00 0 
7fbc00000000-7fbc00021000 rw-p 00000000 00:00 0 
7fbc00021000-7fbc04000000 ---p 00000000 00:00 0 
7fbc04000000-7fbc04021000 rw-p 00000000 00:00 0 
7fbc04021000-7fbc08000000 ---p 00000000 00:00 0 
7fbc08000000-7fbc08021000 rw-p 00000000 00:00 0 
7fbc08021000-7fbc0c000000 ---p 00000000 00:00 0 
7fbc0c000000-7fbc0c021000 rw-p 00000000 00:00 0 
7fbc0c021000-7fbc10000000 ---p 00000000 00:00 0 
7fbc10000000-7fbc10021000 rw-p 00000000 00:00 0 
7fbc10021000-7fbc14000000 ---p 00000000 00:00 0 
7fbc14000000-7fbc14021000 rw-p 00000000 00:00 0 
7fbc14021000-7fbc18000000 ---p 00000000 00:00 0 
7fbc18000000-7fbc18021000 rw-p 00000000 00:00 0 
7fbc18021000-7fbc1c000000 ---p 00000000 00:00 0 
7fbc1c010000-7fbc1c020000 r--p 00000000 103:02 12060891                  /usr/lib/jvm/java-11-openjdk-amd64/lib/libawt_xawt.so
7fbc1c020000-7fbc1c05c000 r-xp 00010000 103:02 12060891                  /usr/lib/jvm/java-11-openjdk-amd64/lib/libawt_xawt.so
7fbc1c05c000-7fbc1c06d000 r--p 0004c000 103:02 12060891                  /usr/lib/jvm/java-11-openjdk-amd64/lib/libawt_xawt.so
7fbc1c06d000-7fbc1c06e000 ---p 0005d000 103:02 12060891                  /usr/lib/jvm/java-11-openjdk-amd64/lib/libawt_xawt.so
7fbc1c06e000-7fbc1c06f000 r--p 0005d000 103:02 12060891                  /usr/lib/jvm/java-11-openjdk-amd64/lib/libawt_xawt.so
7fbc1c06f000-7fbc1c072000 rw-p 0005e000 103:02 12060891                  /usr/lib/jvm/java-11-openjdk-amd64/lib/libawt_xawt.so
7fbc1c072000-7fbc1c074000 rw-p 00000000 00:00 0 
7fbc1c074000-7fbc1c09b000 r--p 00000000 103:02 666791                    /usr/share/locale/ko/LC_MESSAGES/libc.mo
7fbc1c09b000-7fbc1c150000 r--p 00000000 103:02 12193063                  /usr/lib/locale/ko_KR.utf8/LC_CTYPE
7fbc1c150000-7fbc1c1df000 r--p 00000000 103:02 12193062                  /usr/lib/locale/ko_KR.utf8/LC_COLLATE
7fbc1c1df000-7fbc1c1e3000 ---p 00000000 00:00 0 
7fbc1c1e3000-7fbc1e5d0000 rw-p 00000000 00:00 0 
7fbc1e5d0000-7fbc20168000 ---p 00000000 00:00 0 
7fbc20168000-7fbc20170000 rw-p 00000000 00:00 0 
7fbc20170000-7fbc21170000 ---p 00000000 00:00 0 
7fbc21170000-7fbc21460000 rw-p 00000000 00:00 0 
7fbc21460000-7fbc22ff8000 ---p 00000000 00:00 0 
7fbc22ff8000-7fbc23000000 rw-p 00000000 00:00 0 
7fbc23000000-7fbc24000000 ---p 00000000 00:00 0 
7fbc24000000-7fbc24021000 rw-p 00000000 00:00 0 
7fbc24021000-7fbc28000000 ---p 00000000 00:00 0 
7fbc28017000-7fbc28048000 rw-p 00000000 00:00 0 
7fbc28048000-7fbc2804c000 r--p 00000000 103:02 12060926                  /usr/lib/jvm/java-11-openjdk-amd64/lib/libnet.so
7fbc2804c000-7fbc2805b000 r-xp 00004000 103:02 12060926                  /usr/lib/jvm/java-11-openjdk-amd64/lib/libnet.so
7fbc2805b000-7fbc2805f000 r--p 00013000 103:02 12060926                  /usr/lib/jvm/java-11-openjdk-amd64/lib/libnet.so
7fbc2805f000-7fbc28060000 r--p 00016000 103:02 12060926                  /usr/lib/jvm/java-11-openjdk-amd64/lib/libnet.so
7fbc28060000-7fbc28061000 rw-p 00017000 103:02 12060926                  /usr/lib/jvm/java-11-openjdk-amd64/lib/libnet.so
7fbc28061000-7fbc28068000 r--p 00000000 103:02 12060928                  /usr/lib/jvm/java-11-openjdk-amd64/lib/libnio.so
7fbc28068000-7fbc2806f000 r-xp 00007000 103:02 12060928                  /usr/lib/jvm/java-11-openjdk-amd64/lib/libnio.so
7fbc2806f000-7fbc28072000 r--p 0000e000 103:02 12060928                  /usr/lib/jvm/java-11-openjdk-amd64/lib/libnio.so
7fbc28072000-7fbc28073000 r--p 00010000 103:02 12060928                  /usr/lib/jvm/java-11-openjdk-amd64/lib/libnio.so
7fbc28073000-7fbc28074000 rw-p 00011000 103:02 12060928                  /usr/lib/jvm/java-11-openjdk-amd64/lib/libnio.so
7fbc28074000-7fbc28075000 r--p 00000000 103:02 12060893                  /usr/lib/jvm/java-11-openjdk-amd64/lib/libdt_socket.so
7fbc28075000-7fbc28078000 r-xp 00001000 103:02 12060893                  /usr/lib/jvm/java-11-openjdk-amd64/lib/libdt_socket.so
7fbc28078000-7fbc28079000 r--p 00004000 103:02 12060893                  /usr/lib/jvm/java-11-openjdk-amd64/lib/libdt_socket.so
7fbc28079000-7fbc2807a000 r--p 00004000 103:02 12060893                  /usr/lib/jvm/java-11-openjdk-amd64/lib/libdt_socket.so
7fbc2807a000-7fbc2807b000 rw-p 00005000 103:02 12060893                  /usr/lib/jvm/java-11-openjdk-amd64/lib/libdt_socket.so
7fbc2807b000-7fbc2807c000 r--p 00000000 103:02 12060389                  /usr/lib/locale/aa_ET/LC_NUMERIC
7fbc2807c000-7fbc2807d000 r--p 00000000 103:02 12193068                  /usr/lib/locale/ko_KR.utf8/LC_TIME
7fbc2807d000-7fbc28081000 ---p 00000000 00:00 0 
7fbc28081000-7fbc287be000 rw-p 00000000 00:00 0 
7fbc287be000-7fbc2897e000 ---p 00000000 00:00 0 
7fbc2897e000-7fbc28bee000 rwxp 00000000 00:00 0 
7fbc28bee000-7fbc28f0f000 ---p 00000000 00:00 0 
7fbc28f0f000-7fbc2917f000 rwxp 00000000 00:00 0 
7fbc2917f000-7fbc30446000 ---p 00000000 00:00 0 
7fbc30446000-7fbc306b6000 rwxp 00000000 00:00 0 
7fbc306b6000-7fbc3797e000 ---p 00000000 00:00 0 
7fbc3797e000-7fbc40000000 r--s 00000000 103:02 12060946                  /usr/lib/jvm/java-11-openjdk-amd64/lib/modules
7fbc40000000-7fbc40865000 rw-p 00000000 00:00 0 
7fbc40865000-7fbc44000000 ---p 00000000 00:00 0 
7fbc44000000-7fbc44001000 r--p 00000000 103:02 12193066                  /usr/lib/locale/ko_KR.utf8/LC_MONETARY
7fbc44001000-7fbc44002000 r--p 00000000 103:02 12193065                  /usr/lib/locale/ko_KR.utf8/LC_MESSAGES/SYS_LC_MESSAGES
7fbc44002000-7fbc44003000 r--p 00000000 103:02 12059827                  /usr/lib/locale/aa_DJ.utf8/LC_PAPER
7fbc44003000-7fbc44004000 r--p 00000000 103:02 12060419                  /usr/lib/locale/agr_PE/LC_NAME
7fbc44004000-7fbc44005000 r--p 00000000 103:02 12193061                  /usr/lib/locale/ko_KR.utf8/LC_ADDRESS
7fbc44005000-7fbc44006000 r--p 00000000 103:02 12193067                  /usr/lib/locale/ko_KR.utf8/LC_TELEPHONE
7fbc44006000-7fbc44007000 r--p 00000000 103:02 12059821                  /usr/lib/locale/aa_DJ.utf8/LC_MEASUREMENT
7fbc44007000-7fbc4400e000 r--s 00000000 103:02 12064997                  /usr/lib/x86_64-linux-gnu/gconv/gconv-modules.cache
7fbc4400e000-7fbc4400f000 ---p 00000000 00:00 0 
7fbc4400f000-7fbc44256000 rw-p 00000000 00:00 0 
7fbc44256000-7fbc44257000 ---p 00000000 00:00 0 
7fbc44257000-7fbc44358000 rw-p 00000000 00:00 0 
7fbc44358000-7fbc44359000 ---p 00000000 00:00 0 
7fbc44359000-7fbc44c62000 rw-p 00000000 00:00 0 
7fbc44c62000-7fbc44c63000 ---p 00000000 00:00 0 
7fbc44c63000-7fbc44d64000 rw-p 00000000 00:00 0 
7fbc44d64000-7fbc44d65000 ---p 00000000 00:00 0 
7fbc44d65000-7fbc44f85000 rw-p 00000000 00:00 0 
7fbc44f85000-7fbc452f8000 ---p 00000000 00:00 0 
7fbc452f8000-7fbc452f9000 rw-p 00000000 00:00 0 
7fbc452f9000-7fbc454f9000 ---p 00000000 00:00 0 
7fbc454f9000-7fbc45557000 rw-p 00000000 00:00 0 
7fbc45557000-7fbc458ca000 ---p 00000000 00:00 0 
7fbc458ca000-7fbc458cb000 rw-p 00000000 00:00 0 
7fbc458cb000-7fbc45acb000 ---p 00000000 00:00 0 
7fbc45acb000-7fbc45b29000 rw-p 00000000 00:00 0 
7fbc45b29000-7fbc45e9c000 ---p 00000000 00:00 0 
7fbc45e9c000-7fbc45e9d000 rw-p 00000000 00:00 0 
7fbc45e9d000-7fbc4609d000 ---p 00000000 00:00 0 
7fbc4609d000-7fbc468a5000 rw-p 00000000 00:00 0 
7fbc468a5000-7fbc468a6000 ---p 00000000 00:00 0 
7fbc468a6000-7fbc469ac000 rw-p 00000000 00:00 0 
7fbc469ac000-7fbc46a92000 ---p 00000000 00:00 0 
7fbc46a92000-7fbc46a97000 rw-p 00000000 00:00 0 
7fbc46a97000-7fbc46b7d000 ---p 00000000 00:00 0 
7fbc46b7d000-7fbc46b82000 rw-p 00000000 00:00 0 
7fbc46b82000-7fbc46b89000 ---p 00000000 00:00 0 
7fbc46b89000-7fbc46b8b000 r--p 00000000 103:02 12060913                  /usr/lib/jvm/java-11-openjdk-amd64/lib/libjimage.so
7fbc46b8b000-7fbc46b8e000 r-xp 00002000 103:02 12060913                  /usr/lib/jvm/java-11-openjdk-amd64/lib/libjimage.so
7fbc46b8e000-7fbc46b90000 r--p 00005000 103:02 12060913                  /usr/lib/jvm/java-11-openjdk-amd64/lib/libjimage.so
7fbc46b90000-7fbc46b91000 r--p 00006000 103:02 12060913                  /usr/lib/jvm/java-11-openjdk-amd64/lib/libjimage.so
7fbc46b91000-7fbc46b92000 rw-p 00007000 103:02 12060913                  /usr/lib/jvm/java-11-openjdk-amd64/lib/libjimage.so
7fbc46b92000-7fbc46b94000 r--p 00000000 103:02 12060943                  /usr/lib/jvm/java-11-openjdk-amd64/lib/libzip.so
7fbc46b94000-7fbc46b98000 r-xp 00002000 103:02 12060943                  /usr/lib/jvm/java-11-openjdk-amd64/lib/libzip.so
7fbc46b98000-7fbc46b9a000 r--p 00006000 103:02 12060943                  /usr/lib/jvm/java-11-openjdk-amd64/lib/libzip.so
7fbc46b9a000-7fbc46b9b000 r--p 00007000 103:02 12060943                  /usr/lib/jvm/java-11-openjdk-amd64/lib/libzip.so
7fbc46b9b000-7fbc46b9c000 rw-p 00008000 103:02 12060943                  /usr/lib/jvm/java-11-openjdk-amd64/lib/libzip.so
7fbc46b9c000-7fbc46b9e000 r--p 00000000 103:02 12060910                  /usr/lib/jvm/java-11-openjdk-amd64/lib/libjdwp.so
7fbc46b9e000-7fbc46bca000 r-xp 00002000 103:02 12060910                  /usr/lib/jvm/java-11-openjdk-amd64/lib/libjdwp.so
7fbc46bca000-7fbc46bd8000 r--p 0002e000 103:02 12060910                  /usr/lib/jvm/java-11-openjdk-amd64/lib/libjdwp.so
7fbc46bd8000-7fbc46bd9000 r--p 0003b000 103:02 12060910                  /usr/lib/jvm/java-11-openjdk-amd64/lib/libjdwp.so
7fbc46bd9000-7fbc46bda000 rw-p 0003c000 103:02 12060910                  /usr/lib/jvm/java-11-openjdk-amd64/lib/libjdwp.so
7fbc46bda000-7fbc46be7000 r--p 00000000 103:02 12060906                  /usr/lib/jvm/java-11-openjdk-amd64/lib/libjava.so
7fbc46be7000-7fbc46bfc000 r-xp 0000d000 103:02 12060906                  /usr/lib/jvm/java-11-openjdk-amd64/lib/libjava.so
7fbc46bfc000-7fbc46c03000 r--p 00022000 103:02 12060906                  /usr/lib/jvm/java-11-openjdk-amd64/lib/libjava.so
7fbc46c03000-7fbc46c04000 r--p 00028000 103:02 12060906                  /usr/lib/jvm/java-11-openjdk-amd64/lib/libjava.so
7fbc46c04000-7fbc46c06000 rw-p 00029000 103:02 12060906                  /usr/lib/jvm/java-11-openjdk-amd64/lib/libjava.so
7fbc46c06000-7fbc46c08000 r--p 00000000 103:02 11538333                  /usr/lib/x86_64-linux-gnu/librt-2.28.so
7fbc46c08000-7fbc46c0c000 r-xp 00002000 103:02 11538333                  /usr/lib/x86_64-linux-gnu/librt-2.28.so
7fbc46c0c000-7fbc46c0e000 r--p 00006000 103:02 11538333                  /usr/lib/x86_64-linux-gnu/librt-2.28.so
7fbc46c0e000-7fbc46c0f000 r--p 00007000 103:02 11538333                  /usr/lib/x86_64-linux-gnu/librt-2.28.so
7fbc46c0f000-7fbc46c10000 rw-p 00008000 103:02 11538333                  /usr/lib/x86_64-linux-gnu/librt-2.28.so
7fbc46c10000-7fbc46c14000 ---p 00000000 00:00 0 
7fbc46c14000-7fbc46d11000 rw-p 00000000 00:00 0 
7fbc46d11000-7fbc46d14000 r--p 00000000 103:02 11537664                  /usr/lib/x86_64-linux-gnu/libgcc_s.so.1
7fbc46d14000-7fbc46d25000 r-xp 00003000 103:02 11537664                  /usr/lib/x86_64-linux-gnu/libgcc_s.so.1
7fbc46d25000-7fbc46d28000 r--p 00014000 103:02 11537664                  /usr/lib/x86_64-linux-gnu/libgcc_s.so.1
7fbc46d28000-7fbc46d29000 ---p 00017000 103:02 11537664                  /usr/lib/x86_64-linux-gnu/libgcc_s.so.1
7fbc46d29000-7fbc46d2a000 r--p 00017000 103:02 11537664                  /usr/lib/x86_64-linux-gnu/libgcc_s.so.1
7fbc46d2a000-7fbc46d2b000 rw-p 00018000 103:02 11537664                  /usr/lib/x86_64-linux-gnu/libgcc_s.so.1
7fbc46d2b000-7fbc46d38000 r--p 00000000 103:02 11538227                  /usr/lib/x86_64-linux-gnu/libm-2.28.so
7fbc46d38000-7fbc46dd7000 r-xp 0000d000 103:02 11538227                  /usr/lib/x86_64-linux-gnu/libm-2.28.so
7fbc46dd7000-7fbc46eac000 r--p 000ac000 103:02 11538227                  /usr/lib/x86_64-linux-gnu/libm-2.28.so
7fbc46eac000-7fbc46ead000 r--p 00180000 103:02 11538227                  /usr/lib/x86_64-linux-gnu/libm-2.28.so
7fbc46ead000-7fbc46eae000 rw-p 00181000 103:02 11538227                  /usr/lib/x86_64-linux-gnu/libm-2.28.so
7fbc46eae000-7fbc46f37000 r--p 00000000 103:02 11536901                  /usr/lib/x86_64-linux-gnu/libstdc++.so.6.0.25
7fbc46f37000-7fbc46fe3000 r-xp 00089000 103:02 11536901                  /usr/lib/x86_64-linux-gnu/libstdc++.so.6.0.25
7fbc46fe3000-7fbc47021000 r--p 00135000 103:02 11536901                  /usr/lib/x86_64-linux-gnu/libstdc++.so.6.0.25
7fbc47021000-7fbc47022000 ---p 00173000 103:02 11536901                  /usr/lib/x86_64-linux-gnu/libstdc++.so.6.0.25
7fbc47022000-7fbc4702c000 r--p 00173000 103:02 11536901                  /usr/lib/x86_64-linux-gnu/libstdc++.so.6.0.25
7fbc4702c000-7fbc4702e000 rw-p 0017d000 103:02 11536901                  /usr/lib/x86_64-linux-gnu/libstdc++.so.6.0.25
7fbc4702e000-7fbc47032000 rw-p 00000000 00:00 0 
7fbc47032000-7fbc472a0000 r--p 00000000 103:02 12191693                  /usr/lib/jvm/java-11-openjdk-amd64/lib/server/libjvm.so
7fbc472a0000-7fbc47dbe000 r-xp 0026e000 103:02 12191693                  /usr/lib/jvm/java-11-openjdk-amd64/lib/server/libjvm.so
7fbc47dbe000-7fbc47ff6000 r--p 00d8c000 103:02 12191693                  /usr/lib/jvm/java-11-openjdk-amd64/lib/server/libjvm.so
7fbc47ff6000-7fbc47ff7000 ---p 00fc4000 103:02 12191693                  /usr/lib/jvm/java-11-openjdk-amd64/lib/server/libjvm.so
7fbc47ff7000-7fbc480b4000 r--p 00fc4000 103:02 12191693                  /usr/lib/jvm/java-11-openjdk-amd64/lib/server/libjvm.so
7fbc480b4000-7fbc480ed000 rw-p 01081000 103:02 12191693                  /usr/lib/jvm/java-11-openjdk-amd64/lib/server/libjvm.so
7fbc480ed000-7fbc48145000 rw-p 00000000 00:00 0 
7fbc48145000-7fbc48167000 r--p 00000000 103:02 11538219                  /usr/lib/x86_64-linux-gnu/libc-2.28.so
7fbc48167000-7fbc482af000 r-xp 00022000 103:02 11538219                  /usr/lib/x86_64-linux-gnu/libc-2.28.so
7fbc482af000-7fbc482fb000 r--p 0016a000 103:02 11538219                  /usr/lib/x86_64-linux-gnu/libc-2.28.so
7fbc482fb000-7fbc482fc000 ---p 001b6000 103:02 11538219                  /usr/lib/x86_64-linux-gnu/libc-2.28.so
7fbc482fc000-7fbc48300000 r--p 001b6000 103:02 11538219                  /usr/lib/x86_64-linux-gnu/libc-2.28.so
7fbc48300000-7fbc48302000 rw-p 001ba000 103:02 11538219                  /usr/lib/x86_64-linux-gnu/libc-2.28.so
7fbc48302000-7fbc48306000 rw-p 00000000 00:00 0 
7fbc48306000-7fbc48307000 r--p 00000000 103:02 11538225                  /usr/lib/x86_64-linux-gnu/libdl-2.28.so
7fbc48307000-7fbc48308000 r-xp 00001000 103:02 11538225                  /usr/lib/x86_64-linux-gnu/libdl-2.28.so
7fbc48308000-7fbc48309000 r--p 00002000 103:02 11538225                  /usr/lib/x86_64-linux-gnu/libdl-2.28.so
7fbc48309000-7fbc4830a000 r--p 00002000 103:02 11538225                  /usr/lib/x86_64-linux-gnu/libdl-2.28.so
7fbc4830a000-7fbc4830b000 rw-p 00003000 103:02 11538225                  /usr/lib/x86_64-linux-gnu/libdl-2.28.so
7fbc4830b000-7fbc4830e000 r--p 00000000 103:02 12191689                  /usr/lib/jvm/java-11-openjdk-amd64/lib/jli/libjli.so
7fbc4830e000-7fbc48318000 r-xp 00003000 103:02 12191689                  /usr/lib/jvm/java-11-openjdk-amd64/lib/jli/libjli.so
7fbc48318000-7fbc4831b000 r--p 0000d000 103:02 12191689                  /usr/lib/jvm/java-11-openjdk-amd64/lib/jli/libjli.so
7fbc4831b000-7fbc4831c000 r--p 0000f000 103:02 12191689                  /usr/lib/jvm/java-11-openjdk-amd64/lib/jli/libjli.so
7fbc4831c000-7fbc4831d000 rw-p 00010000 103:02 12191689                  /usr/lib/jvm/java-11-openjdk-amd64/lib/jli/libjli.so
7fbc4831d000-7fbc48323000 r--p 00000000 103:02 11538330                  /usr/lib/x86_64-linux-gnu/libpthread-2.28.so
7fbc48323000-7fbc48332000 r-xp 00006000 103:02 11538330                  /usr/lib/x86_64-linux-gnu/libpthread-2.28.so
7fbc48332000-7fbc48338000 r--p 00015000 103:02 11538330                  /usr/lib/x86_64-linux-gnu/libpthread-2.28.so
7fbc48338000-7fbc48339000 r--p 0001a000 103:02 11538330                  /usr/lib/x86_64-linux-gnu/libpthread-2.28.so
7fbc48339000-7fbc4833a000 rw-p 0001b000 103:02 11538330                  /usr/lib/x86_64-linux-gnu/libpthread-2.28.so
7fbc4833a000-7fbc4833e000 rw-p 00000000 00:00 0 
7fbc4833e000-7fbc4835a000 r-xp 00000000 103:02 11539641                  /usr/lib/x86_64-linux-gnu/libz.so.1.2.11
7fbc4835a000-7fbc4855a000 ---p 0001c000 103:02 11539641                  /usr/lib/x86_64-linux-gnu/libz.so.1.2.11
7fbc4855a000-7fbc4855b000 r--p 0001c000 103:02 11539641                  /usr/lib/x86_64-linux-gnu/libz.so.1.2.11
7fbc4855b000-7fbc4855c000 rw-p 0001d000 103:02 11539641                  /usr/lib/x86_64-linux-gnu/libz.so.1.2.11
7fbc4855c000-7fbc4855e000 rw-p 00000000 00:00 0 
7fbc4855e000-7fbc4855f000 r--p 00000000 103:02 12193064                  /usr/lib/locale/ko_KR.utf8/LC_IDENTIFICATION
7fbc4855f000-7fbc48567000 rw-s 00000000 103:02 6298183                   /tmp/hsperfdata_root/15907
7fbc48567000-7fbc4856a000 r--p 00000000 103:02 11538318                  /usr/lib/x86_64-linux-gnu/libnss_files-2.28.so
7fbc4856a000-7fbc48571000 r-xp 00003000 103:02 11538318                  /usr/lib/x86_64-linux-gnu/libnss_files-2.28.so
7fbc48571000-7fbc48573000 r--p 0000a000 103:02 11538318                  /usr/lib/x86_64-linux-gnu/libnss_files-2.28.so
7fbc48573000-7fbc48574000 ---p 0000c000 103:02 11538318                  /usr/lib/x86_64-linux-gnu/libnss_files-2.28.so
7fbc48574000-7fbc48575000 r--p 0000c000 103:02 11538318                  /usr/lib/x86_64-linux-gnu/libnss_files-2.28.so
7fbc48575000-7fbc48576000 rw-p 0000d000 103:02 11538318                  /usr/lib/x86_64-linux-gnu/libnss_files-2.28.so
7fbc48576000-7fbc4857c000 rw-p 00000000 00:00 0 
7fbc4857c000-7fbc4857d000 ---p 00000000 00:00 0 
7fbc4857d000-7fbc4857e000 r--p 00000000 00:00 0 
7fbc4857e000-7fbc48583000 r--p 00000000 103:02 12060940                  /usr/lib/jvm/java-11-openjdk-amd64/lib/libverify.so
7fbc48583000-7fbc4858a000 r-xp 00005000 103:02 12060940                  /usr/lib/jvm/java-11-openjdk-amd64/lib/libverify.so
7fbc4858a000-7fbc4858c000 r--p 0000c000 103:02 12060940                  /usr/lib/jvm/java-11-openjdk-amd64/lib/libverify.so
7fbc4858c000-7fbc4858e000 r--p 0000d000 103:02 12060940                  /usr/lib/jvm/java-11-openjdk-amd64/lib/libverify.so
7fbc4858e000-7fbc4858f000 rw-p 0000f000 103:02 12060940                  /usr/lib/jvm/java-11-openjdk-amd64/lib/libverify.so
7fbc4858f000-7fbc48590000 r--p 00000000 103:02 11536842                  /usr/lib/x86_64-linux-gnu/ld-2.28.so
7fbc48590000-7fbc485ae000 r-xp 00001000 103:02 11536842                  /usr/lib/x86_64-linux-gnu/ld-2.28.so
7fbc485ae000-7fbc485b6000 r--p 0001f000 103:02 11536842                  /usr/lib/x86_64-linux-gnu/ld-2.28.so
7fbc485b6000-7fbc485b7000 r--p 00026000 103:02 11536842                  /usr/lib/x86_64-linux-gnu/ld-2.28.so
7fbc485b7000-7fbc485b8000 rw-p 00027000 103:02 11536842                  /usr/lib/x86_64-linux-gnu/ld-2.28.so
7fbc485b8000-7fbc485b9000 rw-p 00000000 00:00 0 
7ffef91fb000-7ffef921d000 rw-p 00000000 00:00 0                          [stack]
7ffef921d000-7ffef9220000 r--p 00000000 00:00 0                          [vvar]
7ffef9220000-7ffef9222000 r-xp 00000000 00:00 0                          [vdso]


VM Arguments:
jvm_args: -agentlib:jdwp=transport=dt_socket,server=n,suspend=y,address=localhost:44211 -Dfile.encoding=UTF-8 
java_command: com.recognizer.Recognizer
java_class_path (initial): /inz/git/tess4j/target/classes:/root/.m2/repository/net/java/dev/jna/jna/5.2.0/jna-5.2.0.jar:/root/.m2/repository/com/github/jai-imageio/jai-imageio-core/1.4.0/jai-imageio-core-1.4.0.jar:/root/.m2/repository/org/ghost4j/ghost4j/1.0.1/ghost4j-1.0.1.jar:/root/.m2/repository/log4j/log4j/1.2.17/log4j-1.2.17.jar:/root/.m2/repository/commons-beanutils/commons-beanutils/1.9.2/commons-beanutils-1.9.2.jar:/root/.m2/repository/commons-collections/commons-collections/3.2.1/commons-collections-3.2.1.jar:/root/.m2/repository/org/apache/xmlgraphics/xmlgraphics-commons/1.4/xmlgraphics-commons-1.4.jar:/root/.m2/repository/com/lowagie/itext/2.1.7/itext-2.1.7.jar:/root/.m2/repository/org/apache/pdfbox/pdfbox/2.0.14/pdfbox-2.0.14.jar:/root/.m2/repository/org/apache/pdfbox/fontbox/2.0.14/fontbox-2.0.14.jar:/root/.m2/repository/commons-logging/commons-logging/1.2/commons-logging-1.2.jar:/root/.m2/repository/org/apache/pdfbox/pdfbox-tools/2.0.14/pdfbox-tools-2.0.14.jar:/root/.m2/repository/org/apache/pdfbox/pdfbox-debugger/2.0.14/pdfbox-debugger-2.0.14.jar:/root/.m2/repository/org/apache/pdfbox/jbig2-imageio/3.0.2/jbig2-imageio-3.0.2.jar:/root/.m2/repository/commons-io/commons-io/2.6/commons-io-2.6.jar:/root/.m2/repository/net/sourceforge/lept4j/lept4j/1.12.0/lept4j-1.12.0.jar:/root/.m2/repository/org/jboss/jboss-vfs/3.2.14.Final/jboss-vfs-3.2.14.Final.jar:/root/.m2/repository/org/jboss/logging/jboss-logging/3.1.4.GA/jboss-logging-3.1.4.GA.jar:/root/.m2/repository/ch/qos/logback/logback-classic/1.2.3/logback-classic-1.2.3.jar:/root/.m2/repository/ch/qos/logback/logback-core/1.2.3/logback-core-1.2.3.jar:/root/.m2/repository/org/slf4j/slf4j-api/1.7.25/slf4j-api-1.7.25.jar:/root/.m2/repository/org/slf4j/jul-to-slf4j/1.7.26/jul-to-slf4j-1.7.26.jar:/root/.m2/repository/org/slf4j/jcl-over-slf4j/1.7.26/jcl-over-slf4j-1.7.26.jar:/root/.m2/repository/org/slf4j/log4j-over-slf4j/1.7.26/log4j-over-slf4j-1.7.26.jar
Launcher Type: SUN_STANDARD

[Global flags]
     intx CICompilerCount                          = 4                                         {product} {ergonomic}
     uint ConcGCThreads                            = 2                                         {product} {ergonomic}
     uint G1ConcRefinementThreads                  = 8                                         {product} {ergonomic}
   size_t G1HeapRegionSize                         = 1048576                                   {product} {ergonomic}
    uintx GCDrainStackTargetSize                   = 64                                        {product} {ergonomic}
   size_t InitialHeapSize                          = 197132288                                 {product} {ergonomic}
   size_t MarkStackSize                            = 4194304                                   {product} {ergonomic}
   size_t MaxHeapSize                              = 3124756480                                {product} {ergonomic}
   size_t MaxNewSize                               = 1874853888                                {product} {ergonomic}
   size_t MinHeapDeltaBytes                        = 1048576                                   {product} {ergonomic}
    uintx NonNMethodCodeHeapSize                   = 5835340                                {pd product} {ergonomic}
    uintx NonProfiledCodeHeapSize                  = 122911450                              {pd product} {ergonomic}
    uintx ProfiledCodeHeapSize                     = 122911450                              {pd product} {ergonomic}
    uintx ReservedCodeCacheSize                    = 251658240                              {pd product} {ergonomic}
     bool SegmentedCodeCache                       = true                                      {product} {ergonomic}
     bool UseCompressedClassPointers               = true                                 {lp64_product} {ergonomic}
     bool UseCompressedOops                        = true                                 {lp64_product} {ergonomic}
     bool UseG1GC                                  = true                                      {product} {ergonomic}

Logging:
Log output configuration:
 #0: stdout all=warning uptime,level,tags
 #1: stderr all=off uptime,level,tags

Environment Variables:
JAVA_HOME=/usr/lib/jvm/java-11-openjdk-amd64
PATH=/bin/lscript:/bin/lscript:/usr/local/sbin:/usr/local/bin:/usr/sbin:/usr/bin:/sbin:/bin:/usr/lib/jvm/java-11-openjdk-amd64/bin:/usr/share/ant/bin
USERNAME=root
SHELL=/bin/bash
DISPLAY=:1

Signal Handlers:
SIGSEGV: [libjvm.so+0xd19af0], sa_mask[0]=11111111011111111101111111111110, sa_flags=SA_RESTART|SA_SIGINFO
SIGBUS: [libjvm.so+0xd19af0], sa_mask[0]=11111111011111111101111111111110, sa_flags=SA_RESTART|SA_SIGINFO
SIGFPE: [libjvm.so+0xd19af0], sa_mask[0]=11111111011111111101111111111110, sa_flags=SA_RESTART|SA_SIGINFO
SIGPIPE: [libjvm.so+0xb21690], sa_mask[0]=11111111011111111101111111111110, sa_flags=SA_RESTART|SA_SIGINFO
SIGXFSZ: [libjvm.so+0xb21690], sa_mask[0]=11111111011111111101111111111110, sa_flags=SA_RESTART|SA_SIGINFO
SIGILL: [libjvm.so+0xd19af0], sa_mask[0]=11111111011111111101111111111110, sa_flags=SA_RESTART|SA_SIGINFO
SIGUSR2: [libjvm.so+0xb21520], sa_mask[0]=00000000000000000000000000000000, sa_flags=SA_RESTART|SA_SIGINFO
SIGHUP: [libjvm.so+0xb21a90], sa_mask[0]=11111111011111111101111111111110, sa_flags=SA_RESTART|SA_SIGINFO
SIGINT: [libjvm.so+0xb21a90], sa_mask[0]=11111111011111111101111111111110, sa_flags=SA_RESTART|SA_SIGINFO
SIGTERM: [libjvm.so+0xb21a90], sa_mask[0]=11111111011111111101111111111110, sa_flags=SA_RESTART|SA_SIGINFO
SIGQUIT: [libjvm.so+0xb21a90], sa_mask[0]=11111111011111111101111111111110, sa_flags=SA_RESTART|SA_SIGINFO


---------------  S Y S T E M  ---------------

OS:DISTRIB_ID=Kali
DISTRIB_RELEASE=kali-rolling
DISTRIB_CODENAME=kali-rolling
DISTRIB_DESCRIPTION="Kali GNU/Linux Rolling"
uname:Linux 4.19.0-kali4-amd64 #1 SMP Debian 4.19.28-2kali1 (2019-03-18) x86_64
libc:glibc 2.28 NPTL 2.28 
rlimit: STACK 8192k, CORE 0k, NPROC 47304, NOFILE 1048576, AS infinity, DATA infinity, FSIZE infinity
load average:2.15 1.36 1.11

/proc/meminfo:
MemTotal:       12204584 kB
MemFree:         2697920 kB
MemAvailable:    7037036 kB
Buffers:          527268 kB
Cached:          4124800 kB
SwapCached:            0 kB
Active:          6074760 kB
Inactive:        2587360 kB
Active(anon):    3865008 kB
Inactive(anon):   614588 kB
Active(file):    2209752 kB
Inactive(file):  1972772 kB
Unevictable:          32 kB
Mlocked:              32 kB
SwapTotal:      12489724 kB
SwapFree:       12489724 kB
Dirty:               196 kB
Writeback:             0 kB
AnonPages:       3884356 kB
Mapped:           788552 kB
Shmem:            636204 kB
Slab:             637480 kB
SReclaimable:     480656 kB
SUnreclaim:       156824 kB
KernelStack:       20720 kB
PageTables:        53376 kB
NFS_Unstable:          0 kB
Bounce:                0 kB
WritebackTmp:          0 kB
CommitLimit:    18592016 kB
Committed_AS:   15220636 kB
VmallocTotal:   34359738367 kB
VmallocUsed:           0 kB
VmallocChunk:          0 kB
Percpu:             3648 kB
HardwareCorrupted:     0 kB
AnonHugePages:   1417216 kB
ShmemHugePages:        0 kB
ShmemPmdMapped:        0 kB
HugePages_Total:       0
HugePages_Free:        0
HugePages_Rsvd:        0
HugePages_Surp:        0
Hugepagesize:       2048 kB
Hugetlb:               0 kB
DirectMap4k:      300660 kB
DirectMap2M:    12189696 kB
DirectMap1G:           0 kB


/proc/sys/kernel/threads-max (system-wide limit on the number of threads):
94608


/proc/sys/vm/max_map_count (maximum number of memory map areas a process may have):
65530


/proc/sys/kernel/pid_max (system-wide limit on number of process identifiers):
32768



container (cgroup) information:
container_type: cgroupv1
cpu_cpuset_cpus: 0-7
cpu_memory_nodes: 0
active_processor_count: 8
cpu_quota: -1
cpu_period: 100000
cpu_shares: -1
memory_limit_in_bytes: -1
memory_and_swap_limit_in_bytes: -2
memory_soft_limit_in_bytes: -1
memory_usage_in_bytes: 6228496384
memory_max_usage_in_bytes: 6229741568


CPU:total 8 (initial active 8) (4 cores per cpu, 2 threads per core) family 6 model 142 stepping 10, cmov, cx8, fxsr, mmx, sse, sse2, sse3, ssse3, sse4.1, sse4.2, popcnt, avx, avx2, aes, clmul, erms, 3dnowpref, lzcnt, ht, tsc, tscinvbit, bmi1, bmi2, adx, fma
CPU Model and flags from /proc/cpuinfo:
model name	: Intel(R) Core(TM) i7-8550U CPU @ 1.80GHz
flags		: fpu vme de pse tsc msr pae mce cx8 apic sep mtrr pge mca cmov pat pse36 clflush dts acpi mmx fxsr sse sse2 ss ht tm pbe syscall nx pdpe1gb rdtscp lm constant_tsc art arch_perfmon pebs bts rep_good nopl xtopology nonstop_tsc cpuid aperfmperf tsc_known_freq pni pclmulqdq dtes64 monitor ds_cpl vmx est tm2 ssse3 sdbg fma cx16 xtpr pdcm pcid sse4_1 sse4_2 x2apic movbe popcnt tsc_deadline_timer aes xsave avx f16c rdrand lahf_lm abm 3dnowprefetch cpuid_fault epb invpcid_single pti ssbd ibrs ibpb stibp tpr_shadow vnmi flexpriority ept vpid ept_ad fsgsbase tsc_adjust bmi1 avx2 smep bmi2 erms invpcid mpx rdseed adx smap clflushopt intel_pt xsaveopt xsavec xgetbv1 xsaves dtherm ida arat pln pts hwp hwp_notify hwp_act_window hwp_epp flush_l1d

Memory: 4k page, physical 12204584k(2697920k free), swap 12489724k(12489724k free)

vm_info: OpenJDK 64-Bit Server VM (11.0.3+1-Debian-1) for linux-amd64 JRE (11.0.3+1-Debian-1), built on Feb 27 2019 14:44:14 by "buildd" with gcc 8.2.0

END.
