#
# A fatal error has been detected by the Java Runtime Environment:
#
#  SIGSEGV (0xb) at pc=0x00007fa670f429d2, pid=16668, tid=16669
#
# JRE version: OpenJDK Runtime Environment (11.0.3+1) (build 11.0.3+1-Debian-1)
# Java VM: OpenJDK 64-Bit Server VM (11.0.3+1-Debian-1, mixed mode, sharing, tiered, compressed oops, g1 gc, linux-amd64)
# Problematic frame:
# C  [libtesseract.so.4.0.0+0x27c9d2]  ERRCODE::error(char const*, TessErrorLogCode, char const*, ...) const+0x1c2
#
# No core dump will be written. Core dumps have been disabled. To enable core dumping, try "ulimit -c unlimited" before starting Java again
#
# If you would like to submit a bug report, please visit:
#   http://bugreport.java.com/bugreport/crash.jsp
# The crash happened outside the Java Virtual Machine in native code.
# See problematic frame for where to report the bug.
#

---------------  S U M M A R Y ------------

Command Line: -agentlib:jdwp=transport=dt_socket,server=n,suspend=y,address=localhost:46447 -Dfile.encoding=UTF-8 com.recognizer.Recognizer

Host: Intel(R) Core(TM) i7-8550U CPU @ 1.80GHz, 8 cores, 11G, Kali GNU/Linux Rolling
Time: Fri Apr  5 19:57:33 2019 KST elapsed time: 0 seconds (0d 0h 0m 0s)

---------------  T H R E A D  ---------------

Current thread (0x00007fa69c012800):  JavaThread "main" [_thread_in_native, id=16669, stack(0x00007fa6a1b8f000,0x00007fa6a1c90000)]

Stack: [0x00007fa6a1b8f000,0x00007fa6a1c90000],  sp=0x00007fa6a1c8d410,  free space=1017k
Native frames: (J=compiled Java code, A=aot compiled Java code, j=interpreted, Vv=VM code, C=native code)
C  [libtesseract.so.4.0.0+0x27c9d2]  ERRCODE::error(char const*, TessErrorLogCode, char const*, ...) const+0x1c2

Java frames: (J=compiled Java code, j=interpreted, Vv=VM code)
j  com.sun.jna.Native.invokePointer(Lcom/sun/jna/Function;JI[Ljava/lang/Object;)J+0
j  com.sun.jna.Function.invokePointer(I[Ljava/lang/Object;)Lcom/sun/jna/Pointer;+7
j  com.sun.jna.Function.invoke([Ljava/lang/Object;Ljava/lang/Class;ZI)Ljava/lang/Object;+385
j  com.sun.jna.Function.invoke(Ljava/lang/reflect/Method;[Ljava/lang/Class;Ljava/lang/Class;[Ljava/lang/Object;Ljava/util/Map;)Ljava/lang/Object;+271
j  com.sun.jna.Library$Handler.invoke(Ljava/lang/Object;Ljava/lang/reflect/Method;[Ljava/lang/Object;)Ljava/lang/Object;+344
j  com.sun.proxy.$Proxy0.TessBaseAPICreate()Lnet/sourceforge/tess4j/ITessAPI$TessBaseAPI;+9
j  net.sourceforge.tess4j.Tesseract.init()V+12
j  net.sourceforge.tess4j.Tesseract.doOCR(Ljava/io/File;Ljava/awt/Rectangle;)Ljava/lang/String;+87
j  net.sourceforge.tess4j.Tesseract.doOCR(Ljava/io/File;)Ljava/lang/String;+3
j  com.recognizer.Recognizer.main([Ljava/lang/String;)V+29
v  ~StubRoutines::call_stub

siginfo: si_signo: 11 (SIGSEGV), si_code: 1 (SEGV_MAPERR), si_addr: 0x0000000000000000

Register to memory mapping:

RAX=0x0000000000000047 is an unknown value
RBX=0x00007fa6a1c8d459 is pointing into the stack for thread: 0x00007fa69c012800
RCX=0x0 is NULL
RDX=0x00007fa6a32818b0: <offset 0x00000000001bd8b0> in /lib/x86_64-linux-gnu/libc.so.6 at 0x00007fa6a30c4000
RSP=0x00007fa6a1c8d410 is pointing into the stack for thread: 0x00007fa69c012800
RBP=0x0000000000000002 is an unknown value
RSI=0x0000000000000047 is an unknown value
RDI=0x0 is NULL
R8 =0x0 is NULL
R9 =0x00007fa6a323ee80: <offset 0x000000000017ae80> in /lib/x86_64-linux-gnu/libc.so.6 at 0x00007fa6a30c4000
R10=0x0 is NULL
R11=0x0 is NULL
R12=0x00007fa6a1c8d430 is pointing into the stack for thread: 0x00007fa69c012800
R13=0x00007fa670f53080: <offset 0x000000000028d080> in /usr/lib/x86_64-linux-gnu/libtesseract.so.4.0.0 at 0x00007fa670cc6000
R14=0x00007fa67100c480: <offset 0x0000000000346480> in /usr/lib/x86_64-linux-gnu/libtesseract.so.4.0.0 at 0x00007fa670cc6000
R15=0x00007fa6a1c8da70 is pointing into the stack for thread: 0x00007fa69c012800


Registers:
RAX=0x0000000000000047, RBX=0x00007fa6a1c8d459, RCX=0x0000000000000000, RDX=0x00007fa6a32818b0
RSP=0x00007fa6a1c8d410, RBP=0x0000000000000002, RSI=0x0000000000000047, RDI=0x0000000000000000
R8 =0x0000000000000000, R9 =0x00007fa6a323ee80, R10=0x0000000000000000, R11=0x0000000000000000
R12=0x00007fa6a1c8d430, R13=0x00007fa670f53080, R14=0x00007fa67100c480, R15=0x00007fa6a1c8da70
RIP=0x00007fa670f429d2, EFLAGS=0x0000000000010246, CSGSFS=0x002b000000000033, ERR=0x0000000000000006
  TRAPNO=0x000000000000000e

Top of Stack: (sp=0x00007fa6a1c8d410)
0x00007fa6a1c8d410:   000000075057fa78 0000003000000030
0x00007fa6a1c8d420:   00007fa6a1c8d920 00007fa6a1c8d840
0x00007fa6a1c8d430:   28706d6372747321 202c656c61636f6c
0x00007fa6a1c8d440:   7272453a29224322 72657373413a726f 

Instructions: (pc=0x00007fa670f429d2)
0x00007fa670f429b2:   31 00 e8 57 fe ff ff eb b7 0f 1f 44 00 00 b8 0a
0x00007fa670f429c2:   00 00 00 66 89 03 e9 7c ff ff ff e8 9e da e1 ff
0x00007fa670f429d2:   c7 04 25 00 00 00 00 00 00 00 00 0f 0b 90 48 8b
0x00007fa670f429e2:   36 48 8b 3f e9 65 e2 e1 ff 90 0f 1f 40 00 41 54 

Stack slot to memory mapping:
stack at sp + 0 slots: 0x000000075057fa78 points into unknown readable memory: 01 00 00 00 00 00 00 00
stack at sp + 1 slots: 0x0000003000000030 is an unknown value
stack at sp + 2 slots: 0x00007fa6a1c8d920 is pointing into the stack for thread: 0x00007fa69c012800
stack at sp + 3 slots: 0x00007fa6a1c8d840 is pointing into the stack for thread: 0x00007fa69c012800
stack at sp + 4 slots: 0x28706d6372747321 is an unknown value
stack at sp + 5 slots: 0x202c656c61636f6c is an unknown value
stack at sp + 6 slots: 0x7272453a29224322 is an unknown value
stack at sp + 7 slots: 0x72657373413a726f is an unknown value


---------------  P R O C E S S  ---------------

Threads class SMR info:
_java_thread_list=0x00007fa6482c5000, length=16, elements={
0x00007fa69c012800, 0x00007fa69c16f800, 0x00007fa69c171800, 0x00007fa69c17b000,
0x00007fa69c17d000, 0x00007fa69c17f000, 0x00007fa69c181000, 0x00007fa69c1ed000,
0x00007fa69c1f1000, 0x00007fa640001800, 0x00007fa69c1f2800, 0x00007fa69c1fc000,
0x00007fa6483f9800, 0x00007fa69c5a6800, 0x00007fa69c5fb800, 0x00007fa6482c3800
}

Java Threads: ( => current thread )
=>0x00007fa69c012800 JavaThread "main" [_thread_in_native, id=16669, stack(0x00007fa6a1b8f000,0x00007fa6a1c90000)]
  0x00007fa69c16f800 JavaThread "Reference Handler" daemon [_thread_blocked, id=16676, stack(0x00007fa6731f7000,0x00007fa6732f8000)]
  0x00007fa69c171800 JavaThread "Finalizer" daemon [_thread_blocked, id=16677, stack(0x00007fa6730f6000,0x00007fa6731f7000)]
  0x00007fa69c17b000 JavaThread "Signal Dispatcher" daemon [_thread_blocked, id=16678, stack(0x00007fa672eb1000,0x00007fa672fb2000)]
  0x00007fa69c17d000 JavaThread "C2 CompilerThread0" daemon [_thread_blocked, id=16679, stack(0x00007fa672db0000,0x00007fa672eb1000)]
  0x00007fa69c17f000 JavaThread "C1 CompilerThread0" daemon [_thread_blocked, id=16680, stack(0x00007fa672caf000,0x00007fa672db0000)]
  0x00007fa69c181000 JavaThread "Sweeper thread" daemon [_thread_blocked, id=16681, stack(0x00007fa672bae000,0x00007fa672caf000)]
  0x00007fa69c1ed000 JavaThread "JDWP Transport Listener: dt_socket" daemon [_thread_blocked, id=16683, stack(0x00007fa672aad000,0x00007fa672bae000)]
  0x00007fa69c1f1000 JavaThread "JDWP Event Helper Thread" daemon [_thread_blocked, id=16684, stack(0x00007fa6729ac000,0x00007fa672aad000)]
  0x00007fa640001800 JavaThread "JDWP Command Reader" daemon [_thread_in_native, id=16685, stack(0x00007fa6728ab000,0x00007fa6729ac000)]
  0x00007fa69c1f2800 JavaThread "Service Thread" daemon [_thread_blocked, id=16692, stack(0x00007fa6727aa000,0x00007fa6728ab000)]
  0x00007fa69c1fc000 JavaThread "Common-Cleaner" daemon [_thread_blocked, id=16694, stack(0x00007fa6725a7000,0x00007fa6726a8000)]
  0x00007fa6483f9800 JavaThread "C2 CompilerThread1" daemon [_thread_blocked, id=16695, stack(0x00007fa6715cb000,0x00007fa6716cc000)]
  0x00007fa69c5a6800 JavaThread "Java2D Disposer" daemon [_thread_blocked, id=16696, stack(0x00007fa6714ca000,0x00007fa6715cb000)]
  0x00007fa69c5fb800 JavaThread "process reaper" daemon [_thread_blocked, id=16698, stack(0x00007fa678014000,0x00007fa678036000)]
  0x00007fa6482c3800 JavaThread "C2 CompilerThread2" daemon [_thread_blocked, id=16699, stack(0x00007fa627c29000,0x00007fa627d2a000)]

Other Threads:
  0x00007fa69c16c800 VMThread "VM Thread" [stack: 0x00007fa6732fa000,0x00007fa6733fa000] [id=16675]
  0x00007fa69c1f5000 WatcherThread [stack: 0x00007fa6726aa000,0x00007fa6727aa000] [id=16693]
  0x00007fa69c028800 GCTaskThread "GC Thread#0" [stack: 0x00007fa6a1826000,0x00007fa6a1926000] [id=16670]
  0x00007fa69c070000 ConcurrentGCThread "G1 Main Marker" [stack: 0x00007fa6a02b7000,0x00007fa6a03b7000] [id=16671]
  0x00007fa69c072000 ConcurrentGCThread "G1 Conc#0" [stack: 0x00007fa6a01b5000,0x00007fa6a02b5000] [id=16672]
  0x00007fa69c135000 ConcurrentGCThread "G1 Refine#0" [stack: 0x00007fa673cfe000,0x00007fa673dfe000] [id=16673]
  0x00007fa69c136800 ConcurrentGCThread "G1 Young RemSet Sampling" [stack: 0x00007fa673bfc000,0x00007fa673cfc000] [id=16674]

Threads with active compile tasks:

VM state:not at safepoint (normal execution)

VM Mutex/Monitor currently owned by a thread: None

Heap address: 0x0000000745c00000, size: 2980 MB, Compressed Oops mode: Zero based, Oop shift amount: 3
Narrow klass base: 0x0000000800000000, Narrow klass shift: 3
Compressed class space size: 1073741824 Address: 0x0000000840000000

Heap:
 garbage-first heap   total 194560K, used 18040K [0x0000000745c00000, 0x0000000800000000)
  region size 1024K, 19 young (19456K), 0 survivors (0K)
 Metaspace       used 6774K, capacity 7093K, committed 7296K, reserved 1056768K
  class space    used 748K, capacity 846K, committed 896K, reserved 1048576K
Heap Regions: E=young(eden), S=young(survivor), O=old, HS=humongous(starts), HC=humongous(continues), CS=collection set, F=free, A=archive, TAMS=top-at-mark-start (previous, next)
|   0|0x0000000745c00000, 0x0000000745c00000, 0x0000000745d00000|  0%| F|  |TAMS 0x0000000745c00000, 0x0000000745c00000| Untracked 
|   1|0x0000000745d00000, 0x0000000745d00000, 0x0000000745e00000|  0%| F|  |TAMS 0x0000000745d00000, 0x0000000745d00000| Untracked 
|   2|0x0000000745e00000, 0x0000000745e00000, 0x0000000745f00000|  0%| F|  |TAMS 0x0000000745e00000, 0x0000000745e00000| Untracked 
|   3|0x0000000745f00000, 0x0000000745f00000, 0x0000000746000000|  0%| F|  |TAMS 0x0000000745f00000, 0x0000000745f00000| Untracked 
|   4|0x0000000746000000, 0x0000000746000000, 0x0000000746100000|  0%| F|  |TAMS 0x0000000746000000, 0x0000000746000000| Untracked 
|   5|0x0000000746100000, 0x0000000746100000, 0x0000000746200000|  0%| F|  |TAMS 0x0000000746100000, 0x0000000746100000| Untracked 
|   6|0x0000000746200000, 0x0000000746200000, 0x0000000746300000|  0%| F|  |TAMS 0x0000000746200000, 0x0000000746200000| Untracked 
|   7|0x0000000746300000, 0x0000000746300000, 0x0000000746400000|  0%| F|  |TAMS 0x0000000746300000, 0x0000000746300000| Untracked 
|   8|0x0000000746400000, 0x0000000746400000, 0x0000000746500000|  0%| F|  |TAMS 0x0000000746400000, 0x0000000746400000| Untracked 
|   9|0x0000000746500000, 0x0000000746500000, 0x0000000746600000|  0%| F|  |TAMS 0x0000000746500000, 0x0000000746500000| Untracked 
|  10|0x0000000746600000, 0x0000000746600000, 0x0000000746700000|  0%| F|  |TAMS 0x0000000746600000, 0x0000000746600000| Untracked 
|  11|0x0000000746700000, 0x0000000746700000, 0x0000000746800000|  0%| F|  |TAMS 0x0000000746700000, 0x0000000746700000| Untracked 
|  12|0x0000000746800000, 0x0000000746800000, 0x0000000746900000|  0%| F|  |TAMS 0x0000000746800000, 0x0000000746800000| Untracked 
|  13|0x0000000746900000, 0x0000000746900000, 0x0000000746a00000|  0%| F|  |TAMS 0x0000000746900000, 0x0000000746900000| Untracked 
|  14|0x0000000746a00000, 0x0000000746a00000, 0x0000000746b00000|  0%| F|  |TAMS 0x0000000746a00000, 0x0000000746a00000| Untracked 
|  15|0x0000000746b00000, 0x0000000746b00000, 0x0000000746c00000|  0%| F|  |TAMS 0x0000000746b00000, 0x0000000746b00000| Untracked 
|  16|0x0000000746c00000, 0x0000000746c00000, 0x0000000746d00000|  0%| F|  |TAMS 0x0000000746c00000, 0x0000000746c00000| Untracked 
|  17|0x0000000746d00000, 0x0000000746d00000, 0x0000000746e00000|  0%| F|  |TAMS 0x0000000746d00000, 0x0000000746d00000| Untracked 
|  18|0x0000000746e00000, 0x0000000746e00000, 0x0000000746f00000|  0%| F|  |TAMS 0x0000000746e00000, 0x0000000746e00000| Untracked 
|  19|0x0000000746f00000, 0x0000000746f00000, 0x0000000747000000|  0%| F|  |TAMS 0x0000000746f00000, 0x0000000746f00000| Untracked 
|  20|0x0000000747000000, 0x0000000747000000, 0x0000000747100000|  0%| F|  |TAMS 0x0000000747000000, 0x0000000747000000| Untracked 
|  21|0x0000000747100000, 0x0000000747100000, 0x0000000747200000|  0%| F|  |TAMS 0x0000000747100000, 0x0000000747100000| Untracked 
|  22|0x0000000747200000, 0x0000000747200000, 0x0000000747300000|  0%| F|  |TAMS 0x0000000747200000, 0x0000000747200000| Untracked 
|  23|0x0000000747300000, 0x0000000747300000, 0x0000000747400000|  0%| F|  |TAMS 0x0000000747300000, 0x0000000747300000| Untracked 
|  24|0x0000000747400000, 0x0000000747400000, 0x0000000747500000|  0%| F|  |TAMS 0x0000000747400000, 0x0000000747400000| Untracked 
|  25|0x0000000747500000, 0x0000000747500000, 0x0000000747600000|  0%| F|  |TAMS 0x0000000747500000, 0x0000000747500000| Untracked 
|  26|0x0000000747600000, 0x0000000747600000, 0x0000000747700000|  0%| F|  |TAMS 0x0000000747600000, 0x0000000747600000| Untracked 
|  27|0x0000000747700000, 0x0000000747700000, 0x0000000747800000|  0%| F|  |TAMS 0x0000000747700000, 0x0000000747700000| Untracked 
|  28|0x0000000747800000, 0x0000000747800000, 0x0000000747900000|  0%| F|  |TAMS 0x0000000747800000, 0x0000000747800000| Untracked 
|  29|0x0000000747900000, 0x0000000747900000, 0x0000000747a00000|  0%| F|  |TAMS 0x0000000747900000, 0x0000000747900000| Untracked 
|  30|0x0000000747a00000, 0x0000000747a00000, 0x0000000747b00000|  0%| F|  |TAMS 0x0000000747a00000, 0x0000000747a00000| Untracked 
|  31|0x0000000747b00000, 0x0000000747b00000, 0x0000000747c00000|  0%| F|  |TAMS 0x0000000747b00000, 0x0000000747b00000| Untracked 
|  32|0x0000000747c00000, 0x0000000747c00000, 0x0000000747d00000|  0%| F|  |TAMS 0x0000000747c00000, 0x0000000747c00000| Untracked 
|  33|0x0000000747d00000, 0x0000000747d00000, 0x0000000747e00000|  0%| F|  |TAMS 0x0000000747d00000, 0x0000000747d00000| Untracked 
|  34|0x0000000747e00000, 0x0000000747e00000, 0x0000000747f00000|  0%| F|  |TAMS 0x0000000747e00000, 0x0000000747e00000| Untracked 
|  35|0x0000000747f00000, 0x0000000747f00000, 0x0000000748000000|  0%| F|  |TAMS 0x0000000747f00000, 0x0000000747f00000| Untracked 
|  36|0x0000000748000000, 0x0000000748000000, 0x0000000748100000|  0%| F|  |TAMS 0x0000000748000000, 0x0000000748000000| Untracked 
|  37|0x0000000748100000, 0x0000000748100000, 0x0000000748200000|  0%| F|  |TAMS 0x0000000748100000, 0x0000000748100000| Untracked 
|  38|0x0000000748200000, 0x0000000748200000, 0x0000000748300000|  0%| F|  |TAMS 0x0000000748200000, 0x0000000748200000| Untracked 
|  39|0x0000000748300000, 0x0000000748300000, 0x0000000748400000|  0%| F|  |TAMS 0x0000000748300000, 0x0000000748300000| Untracked 
|  40|0x0000000748400000, 0x0000000748400000, 0x0000000748500000|  0%| F|  |TAMS 0x0000000748400000, 0x0000000748400000| Untracked 
|  41|0x0000000748500000, 0x0000000748500000, 0x0000000748600000|  0%| F|  |TAMS 0x0000000748500000, 0x0000000748500000| Untracked 
|  42|0x0000000748600000, 0x0000000748600000, 0x0000000748700000|  0%| F|  |TAMS 0x0000000748600000, 0x0000000748600000| Untracked 
|  43|0x0000000748700000, 0x0000000748700000, 0x0000000748800000|  0%| F|  |TAMS 0x0000000748700000, 0x0000000748700000| Untracked 
|  44|0x0000000748800000, 0x0000000748800000, 0x0000000748900000|  0%| F|  |TAMS 0x0000000748800000, 0x0000000748800000| Untracked 
|  45|0x0000000748900000, 0x0000000748900000, 0x0000000748a00000|  0%| F|  |TAMS 0x0000000748900000, 0x0000000748900000| Untracked 
|  46|0x0000000748a00000, 0x0000000748a00000, 0x0000000748b00000|  0%| F|  |TAMS 0x0000000748a00000, 0x0000000748a00000| Untracked 
|  47|0x0000000748b00000, 0x0000000748b00000, 0x0000000748c00000|  0%| F|  |TAMS 0x0000000748b00000, 0x0000000748b00000| Untracked 
|  48|0x0000000748c00000, 0x0000000748c00000, 0x0000000748d00000|  0%| F|  |TAMS 0x0000000748c00000, 0x0000000748c00000| Untracked 
|  49|0x0000000748d00000, 0x0000000748d00000, 0x0000000748e00000|  0%| F|  |TAMS 0x0000000748d00000, 0x0000000748d00000| Untracked 
|  50|0x0000000748e00000, 0x0000000748e00000, 0x0000000748f00000|  0%| F|  |TAMS 0x0000000748e00000, 0x0000000748e00000| Untracked 
|  51|0x0000000748f00000, 0x0000000748f00000, 0x0000000749000000|  0%| F|  |TAMS 0x0000000748f00000, 0x0000000748f00000| Untracked 
|  52|0x0000000749000000, 0x0000000749000000, 0x0000000749100000|  0%| F|  |TAMS 0x0000000749000000, 0x0000000749000000| Untracked 
|  53|0x0000000749100000, 0x0000000749100000, 0x0000000749200000|  0%| F|  |TAMS 0x0000000749100000, 0x0000000749100000| Untracked 
|  54|0x0000000749200000, 0x0000000749200000, 0x0000000749300000|  0%| F|  |TAMS 0x0000000749200000, 0x0000000749200000| Untracked 
|  55|0x0000000749300000, 0x0000000749300000, 0x0000000749400000|  0%| F|  |TAMS 0x0000000749300000, 0x0000000749300000| Untracked 
|  56|0x0000000749400000, 0x0000000749400000, 0x0000000749500000|  0%| F|  |TAMS 0x0000000749400000, 0x0000000749400000| Untracked 
|  57|0x0000000749500000, 0x0000000749500000, 0x0000000749600000|  0%| F|  |TAMS 0x0000000749500000, 0x0000000749500000| Untracked 
|  58|0x0000000749600000, 0x0000000749600000, 0x0000000749700000|  0%| F|  |TAMS 0x0000000749600000, 0x0000000749600000| Untracked 
|  59|0x0000000749700000, 0x0000000749700000, 0x0000000749800000|  0%| F|  |TAMS 0x0000000749700000, 0x0000000749700000| Untracked 
|  60|0x0000000749800000, 0x0000000749800000, 0x0000000749900000|  0%| F|  |TAMS 0x0000000749800000, 0x0000000749800000| Untracked 
|  61|0x0000000749900000, 0x0000000749900000, 0x0000000749a00000|  0%| F|  |TAMS 0x0000000749900000, 0x0000000749900000| Untracked 
|  62|0x0000000749a00000, 0x0000000749a00000, 0x0000000749b00000|  0%| F|  |TAMS 0x0000000749a00000, 0x0000000749a00000| Untracked 
|  63|0x0000000749b00000, 0x0000000749b00000, 0x0000000749c00000|  0%| F|  |TAMS 0x0000000749b00000, 0x0000000749b00000| Untracked 
|  64|0x0000000749c00000, 0x0000000749c00000, 0x0000000749d00000|  0%| F|  |TAMS 0x0000000749c00000, 0x0000000749c00000| Untracked 
|  65|0x0000000749d00000, 0x0000000749d00000, 0x0000000749e00000|  0%| F|  |TAMS 0x0000000749d00000, 0x0000000749d00000| Untracked 
|  66|0x0000000749e00000, 0x0000000749e00000, 0x0000000749f00000|  0%| F|  |TAMS 0x0000000749e00000, 0x0000000749e00000| Untracked 
|  67|0x0000000749f00000, 0x0000000749f00000, 0x000000074a000000|  0%| F|  |TAMS 0x0000000749f00000, 0x0000000749f00000| Untracked 
|  68|0x000000074a000000, 0x000000074a000000, 0x000000074a100000|  0%| F|  |TAMS 0x000000074a000000, 0x000000074a000000| Untracked 
|  69|0x000000074a100000, 0x000000074a100000, 0x000000074a200000|  0%| F|  |TAMS 0x000000074a100000, 0x000000074a100000| Untracked 
|  70|0x000000074a200000, 0x000000074a200000, 0x000000074a300000|  0%| F|  |TAMS 0x000000074a200000, 0x000000074a200000| Untracked 
|  71|0x000000074a300000, 0x000000074a300000, 0x000000074a400000|  0%| F|  |TAMS 0x000000074a300000, 0x000000074a300000| Untracked 
|  72|0x000000074a400000, 0x000000074a400000, 0x000000074a500000|  0%| F|  |TAMS 0x000000074a400000, 0x000000074a400000| Untracked 
|  73|0x000000074a500000, 0x000000074a500000, 0x000000074a600000|  0%| F|  |TAMS 0x000000074a500000, 0x000000074a500000| Untracked 
|  74|0x000000074a600000, 0x000000074a600000, 0x000000074a700000|  0%| F|  |TAMS 0x000000074a600000, 0x000000074a600000| Untracked 
|  75|0x000000074a700000, 0x000000074a700000, 0x000000074a800000|  0%| F|  |TAMS 0x000000074a700000, 0x000000074a700000| Untracked 
|  76|0x000000074a800000, 0x000000074a800000, 0x000000074a900000|  0%| F|  |TAMS 0x000000074a800000, 0x000000074a800000| Untracked 
|  77|0x000000074a900000, 0x000000074a900000, 0x000000074aa00000|  0%| F|  |TAMS 0x000000074a900000, 0x000000074a900000| Untracked 
|  78|0x000000074aa00000, 0x000000074aa00000, 0x000000074ab00000|  0%| F|  |TAMS 0x000000074aa00000, 0x000000074aa00000| Untracked 
|  79|0x000000074ab00000, 0x000000074ab00000, 0x000000074ac00000|  0%| F|  |TAMS 0x000000074ab00000, 0x000000074ab00000| Untracked 
|  80|0x000000074ac00000, 0x000000074ac00000, 0x000000074ad00000|  0%| F|  |TAMS 0x000000074ac00000, 0x000000074ac00000| Untracked 
|  81|0x000000074ad00000, 0x000000074ad00000, 0x000000074ae00000|  0%| F|  |TAMS 0x000000074ad00000, 0x000000074ad00000| Untracked 
|  82|0x000000074ae00000, 0x000000074ae00000, 0x000000074af00000|  0%| F|  |TAMS 0x000000074ae00000, 0x000000074ae00000| Untracked 
|  83|0x000000074af00000, 0x000000074af00000, 0x000000074b000000|  0%| F|  |TAMS 0x000000074af00000, 0x000000074af00000| Untracked 
|  84|0x000000074b000000, 0x000000074b000000, 0x000000074b100000|  0%| F|  |TAMS 0x000000074b000000, 0x000000074b000000| Untracked 
|  85|0x000000074b100000, 0x000000074b100000, 0x000000074b200000|  0%| F|  |TAMS 0x000000074b100000, 0x000000074b100000| Untracked 
|  86|0x000000074b200000, 0x000000074b200000, 0x000000074b300000|  0%| F|  |TAMS 0x000000074b200000, 0x000000074b200000| Untracked 
|  87|0x000000074b300000, 0x000000074b300000, 0x000000074b400000|  0%| F|  |TAMS 0x000000074b300000, 0x000000074b300000| Untracked 
|  88|0x000000074b400000, 0x000000074b400000, 0x000000074b500000|  0%| F|  |TAMS 0x000000074b400000, 0x000000074b400000| Untracked 
|  89|0x000000074b500000, 0x000000074b500000, 0x000000074b600000|  0%| F|  |TAMS 0x000000074b500000, 0x000000074b500000| Untracked 
|  90|0x000000074b600000, 0x000000074b600000, 0x000000074b700000|  0%| F|  |TAMS 0x000000074b600000, 0x000000074b600000| Untracked 
|  91|0x000000074b700000, 0x000000074b700000, 0x000000074b800000|  0%| F|  |TAMS 0x000000074b700000, 0x000000074b700000| Untracked 
|  92|0x000000074b800000, 0x000000074b800000, 0x000000074b900000|  0%| F|  |TAMS 0x000000074b800000, 0x000000074b800000| Untracked 
|  93|0x000000074b900000, 0x000000074b900000, 0x000000074ba00000|  0%| F|  |TAMS 0x000000074b900000, 0x000000074b900000| Untracked 
|  94|0x000000074ba00000, 0x000000074ba00000, 0x000000074bb00000|  0%| F|  |TAMS 0x000000074ba00000, 0x000000074ba00000| Untracked 
|  95|0x000000074bb00000, 0x000000074bb00000, 0x000000074bc00000|  0%| F|  |TAMS 0x000000074bb00000, 0x000000074bb00000| Untracked 
|  96|0x000000074bc00000, 0x000000074bc00000, 0x000000074bd00000|  0%| F|  |TAMS 0x000000074bc00000, 0x000000074bc00000| Untracked 
|  97|0x000000074bd00000, 0x000000074bd00000, 0x000000074be00000|  0%| F|  |TAMS 0x000000074bd00000, 0x000000074bd00000| Untracked 
|  98|0x000000074be00000, 0x000000074be00000, 0x000000074bf00000|  0%| F|  |TAMS 0x000000074be00000, 0x000000074be00000| Untracked 
|  99|0x000000074bf00000, 0x000000074bf00000, 0x000000074c000000|  0%| F|  |TAMS 0x000000074bf00000, 0x000000074bf00000| Untracked 
| 100|0x000000074c000000, 0x000000074c000000, 0x000000074c100000|  0%| F|  |TAMS 0x000000074c000000, 0x000000074c000000| Untracked 
| 101|0x000000074c100000, 0x000000074c100000, 0x000000074c200000|  0%| F|  |TAMS 0x000000074c100000, 0x000000074c100000| Untracked 
| 102|0x000000074c200000, 0x000000074c200000, 0x000000074c300000|  0%| F|  |TAMS 0x000000074c200000, 0x000000074c200000| Untracked 
| 103|0x000000074c300000, 0x000000074c300000, 0x000000074c400000|  0%| F|  |TAMS 0x000000074c300000, 0x000000074c300000| Untracked 
| 104|0x000000074c400000, 0x000000074c400000, 0x000000074c500000|  0%| F|  |TAMS 0x000000074c400000, 0x000000074c400000| Untracked 
| 105|0x000000074c500000, 0x000000074c500000, 0x000000074c600000|  0%| F|  |TAMS 0x000000074c500000, 0x000000074c500000| Untracked 
| 106|0x000000074c600000, 0x000000074c600000, 0x000000074c700000|  0%| F|  |TAMS 0x000000074c600000, 0x000000074c600000| Untracked 
| 107|0x000000074c700000, 0x000000074c700000, 0x000000074c800000|  0%| F|  |TAMS 0x000000074c700000, 0x000000074c700000| Untracked 
| 108|0x000000074c800000, 0x000000074c800000, 0x000000074c900000|  0%| F|  |TAMS 0x000000074c800000, 0x000000074c800000| Untracked 
| 109|0x000000074c900000, 0x000000074c900000, 0x000000074ca00000|  0%| F|  |TAMS 0x000000074c900000, 0x000000074c900000| Untracked 
| 110|0x000000074ca00000, 0x000000074ca00000, 0x000000074cb00000|  0%| F|  |TAMS 0x000000074ca00000, 0x000000074ca00000| Untracked 
| 111|0x000000074cb00000, 0x000000074cb00000, 0x000000074cc00000|  0%| F|  |TAMS 0x000000074cb00000, 0x000000074cb00000| Untracked 
| 112|0x000000074cc00000, 0x000000074cc00000, 0x000000074cd00000|  0%| F|  |TAMS 0x000000074cc00000, 0x000000074cc00000| Untracked 
| 113|0x000000074cd00000, 0x000000074cd00000, 0x000000074ce00000|  0%| F|  |TAMS 0x000000074cd00000, 0x000000074cd00000| Untracked 
| 114|0x000000074ce00000, 0x000000074ce00000, 0x000000074cf00000|  0%| F|  |TAMS 0x000000074ce00000, 0x000000074ce00000| Untracked 
| 115|0x000000074cf00000, 0x000000074cf00000, 0x000000074d000000|  0%| F|  |TAMS 0x000000074cf00000, 0x000000074cf00000| Untracked 
| 116|0x000000074d000000, 0x000000074d000000, 0x000000074d100000|  0%| F|  |TAMS 0x000000074d000000, 0x000000074d000000| Untracked 
| 117|0x000000074d100000, 0x000000074d100000, 0x000000074d200000|  0%| F|  |TAMS 0x000000074d100000, 0x000000074d100000| Untracked 
| 118|0x000000074d200000, 0x000000074d200000, 0x000000074d300000|  0%| F|  |TAMS 0x000000074d200000, 0x000000074d200000| Untracked 
| 119|0x000000074d300000, 0x000000074d300000, 0x000000074d400000|  0%| F|  |TAMS 0x000000074d300000, 0x000000074d300000| Untracked 
| 120|0x000000074d400000, 0x000000074d400000, 0x000000074d500000|  0%| F|  |TAMS 0x000000074d400000, 0x000000074d400000| Untracked 
| 121|0x000000074d500000, 0x000000074d500000, 0x000000074d600000|  0%| F|  |TAMS 0x000000074d500000, 0x000000074d500000| Untracked 
| 122|0x000000074d600000, 0x000000074d600000, 0x000000074d700000|  0%| F|  |TAMS 0x000000074d600000, 0x000000074d600000| Untracked 
| 123|0x000000074d700000, 0x000000074d700000, 0x000000074d800000|  0%| F|  |TAMS 0x000000074d700000, 0x000000074d700000| Untracked 
| 124|0x000000074d800000, 0x000000074d800000, 0x000000074d900000|  0%| F|  |TAMS 0x000000074d800000, 0x000000074d800000| Untracked 
| 125|0x000000074d900000, 0x000000074d900000, 0x000000074da00000|  0%| F|  |TAMS 0x000000074d900000, 0x000000074d900000| Untracked 
| 126|0x000000074da00000, 0x000000074da00000, 0x000000074db00000|  0%| F|  |TAMS 0x000000074da00000, 0x000000074da00000| Untracked 
| 127|0x000000074db00000, 0x000000074db00000, 0x000000074dc00000|  0%| F|  |TAMS 0x000000074db00000, 0x000000074db00000| Untracked 
| 128|0x000000074dc00000, 0x000000074dc00000, 0x000000074dd00000|  0%| F|  |TAMS 0x000000074dc00000, 0x000000074dc00000| Untracked 
| 129|0x000000074dd00000, 0x000000074dd00000, 0x000000074de00000|  0%| F|  |TAMS 0x000000074dd00000, 0x000000074dd00000| Untracked 
| 130|0x000000074de00000, 0x000000074de00000, 0x000000074df00000|  0%| F|  |TAMS 0x000000074de00000, 0x000000074de00000| Untracked 
| 131|0x000000074df00000, 0x000000074df00000, 0x000000074e000000|  0%| F|  |TAMS 0x000000074df00000, 0x000000074df00000| Untracked 
| 132|0x000000074e000000, 0x000000074e000000, 0x000000074e100000|  0%| F|  |TAMS 0x000000074e000000, 0x000000074e000000| Untracked 
| 133|0x000000074e100000, 0x000000074e100000, 0x000000074e200000|  0%| F|  |TAMS 0x000000074e100000, 0x000000074e100000| Untracked 
| 134|0x000000074e200000, 0x000000074e200000, 0x000000074e300000|  0%| F|  |TAMS 0x000000074e200000, 0x000000074e200000| Untracked 
| 135|0x000000074e300000, 0x000000074e300000, 0x000000074e400000|  0%| F|  |TAMS 0x000000074e300000, 0x000000074e300000| Untracked 
| 136|0x000000074e400000, 0x000000074e400000, 0x000000074e500000|  0%| F|  |TAMS 0x000000074e400000, 0x000000074e400000| Untracked 
| 137|0x000000074e500000, 0x000000074e500000, 0x000000074e600000|  0%| F|  |TAMS 0x000000074e500000, 0x000000074e500000| Untracked 
| 138|0x000000074e600000, 0x000000074e600000, 0x000000074e700000|  0%| F|  |TAMS 0x000000074e600000, 0x000000074e600000| Untracked 
| 139|0x000000074e700000, 0x000000074e700000, 0x000000074e800000|  0%| F|  |TAMS 0x000000074e700000, 0x000000074e700000| Untracked 
| 140|0x000000074e800000, 0x000000074e800000, 0x000000074e900000|  0%| F|  |TAMS 0x000000074e800000, 0x000000074e800000| Untracked 
| 141|0x000000074e900000, 0x000000074e900000, 0x000000074ea00000|  0%| F|  |TAMS 0x000000074e900000, 0x000000074e900000| Untracked 
| 142|0x000000074ea00000, 0x000000074ea00000, 0x000000074eb00000|  0%| F|  |TAMS 0x000000074ea00000, 0x000000074ea00000| Untracked 
| 143|0x000000074eb00000, 0x000000074eb00000, 0x000000074ec00000|  0%| F|  |TAMS 0x000000074eb00000, 0x000000074eb00000| Untracked 
| 144|0x000000074ec00000, 0x000000074ec00000, 0x000000074ed00000|  0%| F|  |TAMS 0x000000074ec00000, 0x000000074ec00000| Untracked 
| 145|0x000000074ed00000, 0x000000074ed00000, 0x000000074ee00000|  0%| F|  |TAMS 0x000000074ed00000, 0x000000074ed00000| Untracked 
| 146|0x000000074ee00000, 0x000000074ee00000, 0x000000074ef00000|  0%| F|  |TAMS 0x000000074ee00000, 0x000000074ee00000| Untracked 
| 147|0x000000074ef00000, 0x000000074ef00000, 0x000000074f000000|  0%| F|  |TAMS 0x000000074ef00000, 0x000000074ef00000| Untracked 
| 148|0x000000074f000000, 0x000000074f000000, 0x000000074f100000|  0%| F|  |TAMS 0x000000074f000000, 0x000000074f000000| Untracked 
| 149|0x000000074f100000, 0x000000074f100000, 0x000000074f200000|  0%| F|  |TAMS 0x000000074f100000, 0x000000074f100000| Untracked 
| 150|0x000000074f200000, 0x000000074f200000, 0x000000074f300000|  0%| F|  |TAMS 0x000000074f200000, 0x000000074f200000| Untracked 
| 151|0x000000074f300000, 0x000000074f300000, 0x000000074f400000|  0%| F|  |TAMS 0x000000074f300000, 0x000000074f300000| Untracked 
| 152|0x000000074f400000, 0x000000074f400000, 0x000000074f500000|  0%| F|  |TAMS 0x000000074f400000, 0x000000074f400000| Untracked 
| 153|0x000000074f500000, 0x000000074f500000, 0x000000074f600000|  0%| F|  |TAMS 0x000000074f500000, 0x000000074f500000| Untracked 
| 154|0x000000074f600000, 0x000000074f600000, 0x000000074f700000|  0%| F|  |TAMS 0x000000074f600000, 0x000000074f600000| Untracked 
| 155|0x000000074f700000, 0x000000074f700000, 0x000000074f800000|  0%| F|  |TAMS 0x000000074f700000, 0x000000074f700000| Untracked 
| 156|0x000000074f800000, 0x000000074f800000, 0x000000074f900000|  0%| F|  |TAMS 0x000000074f800000, 0x000000074f800000| Untracked 
| 157|0x000000074f900000, 0x000000074f900000, 0x000000074fa00000|  0%| F|  |TAMS 0x000000074f900000, 0x000000074f900000| Untracked 
| 158|0x000000074fa00000, 0x000000074fa00000, 0x000000074fb00000|  0%| F|  |TAMS 0x000000074fa00000, 0x000000074fa00000| Untracked 
| 159|0x000000074fb00000, 0x000000074fb00000, 0x000000074fc00000|  0%| F|  |TAMS 0x000000074fb00000, 0x000000074fb00000| Untracked 
| 160|0x000000074fc00000, 0x000000074fc00000, 0x000000074fd00000|  0%| F|  |TAMS 0x000000074fc00000, 0x000000074fc00000| Untracked 
| 161|0x000000074fd00000, 0x000000074fd00000, 0x000000074fe00000|  0%| F|  |TAMS 0x000000074fd00000, 0x000000074fd00000| Untracked 
| 162|0x000000074fe00000, 0x000000074fe00000, 0x000000074ff00000|  0%| F|  |TAMS 0x000000074fe00000, 0x000000074fe00000| Untracked 
| 163|0x000000074ff00000, 0x000000074ff00000, 0x0000000750000000|  0%| F|  |TAMS 0x000000074ff00000, 0x000000074ff00000| Untracked 
| 164|0x0000000750000000, 0x0000000750000000, 0x0000000750100000|  0%| F|  |TAMS 0x0000000750000000, 0x0000000750000000| Untracked 
| 165|0x0000000750100000, 0x0000000750100000, 0x0000000750200000|  0%| F|  |TAMS 0x0000000750100000, 0x0000000750100000| Untracked 
| 166|0x0000000750200000, 0x0000000750200000, 0x0000000750300000|  0%| F|  |TAMS 0x0000000750200000, 0x0000000750200000| Untracked 
| 167|0x0000000750300000, 0x0000000750300000, 0x0000000750400000|  0%| F|  |TAMS 0x0000000750300000, 0x0000000750300000| Untracked 
| 168|0x0000000750400000, 0x0000000750400000, 0x0000000750500000|  0%| F|  |TAMS 0x0000000750400000, 0x0000000750400000| Untracked 
| 169|0x0000000750500000, 0x00000007505f6468, 0x0000000750600000| 96%| E|  |TAMS 0x0000000750500000, 0x0000000750500000| Complete 
| 170|0x0000000750600000, 0x0000000750700000, 0x0000000750700000|100%| E|CS|TAMS 0x0000000750600000, 0x0000000750600000| Complete 
| 171|0x0000000750700000, 0x0000000750800000, 0x0000000750800000|100%| E|CS|TAMS 0x0000000750700000, 0x0000000750700000| Complete 
| 172|0x0000000750800000, 0x0000000750900000, 0x0000000750900000|100%| E|CS|TAMS 0x0000000750800000, 0x0000000750800000| Complete 
| 173|0x0000000750900000, 0x0000000750a00000, 0x0000000750a00000|100%| E|CS|TAMS 0x0000000750900000, 0x0000000750900000| Complete 
| 174|0x0000000750a00000, 0x0000000750b00000, 0x0000000750b00000|100%| E|CS|TAMS 0x0000000750a00000, 0x0000000750a00000| Complete 
| 175|0x0000000750b00000, 0x0000000750c00000, 0x0000000750c00000|100%| E|CS|TAMS 0x0000000750b00000, 0x0000000750b00000| Complete 
| 176|0x0000000750c00000, 0x0000000750d00000, 0x0000000750d00000|100%| E|  |TAMS 0x0000000750c00000, 0x0000000750c00000| Complete 
| 177|0x0000000750d00000, 0x0000000750e00000, 0x0000000750e00000|100%| E|CS|TAMS 0x0000000750d00000, 0x0000000750d00000| Complete 
| 178|0x0000000750e00000, 0x0000000750f00000, 0x0000000750f00000|100%| E|CS|TAMS 0x0000000750e00000, 0x0000000750e00000| Complete 
| 179|0x0000000750f00000, 0x0000000751000000, 0x0000000751000000|100%| E|CS|TAMS 0x0000000750f00000, 0x0000000750f00000| Complete 
| 180|0x0000000751000000, 0x0000000751100000, 0x0000000751100000|100%| E|CS|TAMS 0x0000000751000000, 0x0000000751000000| Complete 
| 181|0x0000000751100000, 0x0000000751200000, 0x0000000751200000|100%| E|CS|TAMS 0x0000000751100000, 0x0000000751100000| Complete 
| 182|0x0000000751200000, 0x0000000751300000, 0x0000000751300000|100%| E|CS|TAMS 0x0000000751200000, 0x0000000751200000| Complete 
| 183|0x0000000751300000, 0x0000000751400000, 0x0000000751400000|100%| E|CS|TAMS 0x0000000751300000, 0x0000000751300000| Complete 
| 184|0x0000000751400000, 0x0000000751500000, 0x0000000751500000|100%| E|CS|TAMS 0x0000000751400000, 0x0000000751400000| Complete 
| 185|0x0000000751500000, 0x0000000751600000, 0x0000000751600000|100%| E|CS|TAMS 0x0000000751500000, 0x0000000751500000| Complete 
| 186|0x0000000751600000, 0x0000000751700000, 0x0000000751700000|100%| E|CS|TAMS 0x0000000751600000, 0x0000000751600000| Complete 
| 187|0x0000000751700000, 0x0000000751800000, 0x0000000751800000|100%| E|CS|TAMS 0x0000000751700000, 0x0000000751700000| Complete 
|1954|0x00000007bfe00000, 0x00000007bfe34000, 0x00000007bff00000| 20%|OA|  |TAMS 0x00000007bfe00000, 0x00000007bfe00000| Untracked 
|1955|0x00000007bff00000, 0x00000007bff6a000, 0x00000007c0000000| 41%|CA|  |TAMS 0x00000007bff00000, 0x00000007bff00000| Untracked 

Card table byte_map: [0x00007fa6a0478000,0x00007fa6a0a4a000] _byte_map_base: 0x00007fa69ca4a000

Marking Bits (Prev, Next): (CMBitMap*) 0x00007fa69c0637b8, (CMBitMap*) 0x00007fa69c0637f0
 Prev Bits: [0x00007fa67d170000, 0x00007fa680000000)
 Next Bits: [0x00007fa67a2e0000, 0x00007fa67d170000)

Polling page: 0x00007fa6a34fb000

Metaspace:

Usage:
  Non-class:      6.10 MB capacity,     5.88 MB ( 96%) used,   205.60 KB (  3%) free+waste,    15.81 KB ( <1%) overhead. 
      Class:    846.00 KB capacity,   748.66 KB ( 88%) used,    88.34 KB ( 10%) free+waste,     9.00 KB (  1%) overhead. 
       Both:      6.93 MB capacity,     6.62 MB ( 96%) used,   293.95 KB (  4%) free+waste,    24.81 KB ( <1%) overhead. 

Virtual space:
  Non-class space:        8.00 MB reserved,       6.25 MB ( 78%) committed 
      Class space:        1.00 GB reserved,     896.00 KB ( <1%) committed 
             Both:        1.01 GB reserved,       7.12 MB ( <1%) committed 

Chunk freelists:
   Non-Class:  49.00 KB
       Class:  18.00 KB
        Both:  67.00 KB

CodeHeap 'non-profiled nmethods': size=120032Kb used=317Kb max_used=317Kb free=119714Kb
 bounds [0x00007fa68c446000, 0x00007fa68c6b6000, 0x00007fa69397e000]
CodeHeap 'profiled nmethods': size=120028Kb used=2032Kb max_used=2032Kb free=117995Kb
 bounds [0x00007fa684f0f000, 0x00007fa68517f000, 0x00007fa68c446000]
CodeHeap 'non-nmethods': size=5700Kb used=1165Kb max_used=1190Kb free=4534Kb
 bounds [0x00007fa68497e000, 0x00007fa684bee000, 0x00007fa684f0f000]
 total_blobs=1604 nmethods=988 adapters=332
 compilation: enabled
              stopped_count=0, restarted_count=0
 full_count=0

Compilation events (10 events):
Event: 0.617 Thread 0x00007fa69c17f000 nmethod 981 0x00007fa685107f10 code [0x00007fa685108100, 0x00007fa6851085d8]
Event: 0.617 Thread 0x00007fa69c17f000  987       3       java.lang.PublicMethods$MethodList::filter (104 bytes)
Event: 0.618 Thread 0x00007fa69c17d000 nmethod 959 0x00007fa68c494710 code [0x00007fa68c4948c0, 0x00007fa68c494bb8]
Event: 0.618 Thread 0x00007fa69c17f000 nmethod 987 0x00007fa685108710 code [0x00007fa685108980, 0x00007fa685109598]
Event: 0.618 Thread 0x00007fa69c17f000  982       3       java.lang.reflect.Method::<init> (68 bytes)
Event: 0.618 Thread 0x00007fa69c17f000 nmethod 982 0x00007fa685109a90 code [0x00007fa685109c80, 0x00007fa68510a2d0]
Event: 0.618 Thread 0x00007fa69c17f000  983       3       java.lang.PublicMethods$MethodList::<init> (10 bytes)
Event: 0.619 Thread 0x00007fa69c17f000 nmethod 983 0x00007fa68510a410 code [0x00007fa68510a5c0, 0x00007fa68510a7f0]
Event: 0.619 Thread 0x00007fa69c17f000  988       3       java.util.ArrayDeque::pollFirst (36 bytes)
Event: 0.619 Thread 0x00007fa69c17f000 nmethod 988 0x00007fa68510a890 code [0x00007fa68510aa60, 0x00007fa68510af10]

GC Heap History (0 events):
No events

Deoptimization events (10 events):
Event: 0.221 Thread 0x00007fa69c012800 Uncommon trap: reason=unstable_if action=reinterpret pc=0x00007fa68c44ab38 method=java.lang.String.hashCode()I @ 14 c2
Event: 0.329 Thread 0x00007fa69c012800 Uncommon trap: reason=unstable_if action=reinterpret pc=0x00007fa68c45f010 method=java.io.BufferedReader.read()I @ 19 c2
Event: 0.478 Thread 0x00007fa69c012800 Uncommon trap: reason=unstable_if action=reinterpret pc=0x00007fa68c44b604 method=java.lang.String.isLatin1()Z @ 10 c2
Event: 0.507 Thread 0x00007fa69c012800 Uncommon trap: reason=unstable_if action=reinterpret pc=0x00007fa68c47a408 method=java.util.jar.JarFile.checkForSpecialAttributes()V @ 4 c2
Event: 0.574 Thread 0x00007fa69c012800 Uncommon trap: reason=unstable_if action=reinterpret pc=0x00007fa68c47dd24 method=java.lang.StringUTF16.compress([CI[BII)I @ 20 c2
Event: 0.603 Thread 0x00007fa69c012800 Uncommon trap: reason=class_check action=maybe_recompile pc=0x00007fa68c488090 method=java.util.HashMap.putVal(ILjava/lang/Object;Ljava/lang/Object;ZZ)Ljava/lang/Object; @ 91 c2
Event: 0.603 Thread 0x00007fa69c012800 Uncommon trap: reason=class_check action=maybe_recompile pc=0x00007fa68c488090 method=java.util.HashMap.putVal(ILjava/lang/Object;Ljava/lang/Object;ZZ)Ljava/lang/Object; @ 91 c2
Event: 0.603 Thread 0x00007fa69c012800 Uncommon trap: reason=class_check action=maybe_recompile pc=0x00007fa68c488090 method=java.util.HashMap.putVal(ILjava/lang/Object;Ljava/lang/Object;ZZ)Ljava/lang/Object; @ 91 c2
Event: 0.603 Thread 0x00007fa69c012800 Uncommon trap: reason=class_check action=maybe_recompile pc=0x00007fa68c488058 method=java.util.HashMap.putVal(ILjava/lang/Object;Ljava/lang/Object;ZZ)Ljava/lang/Object; @ 203 c2
Event: 0.603 Thread 0x00007fa69c012800 Uncommon trap: reason=class_check action=maybe_recompile pc=0x00007fa68c488090 method=java.util.HashMap.putVal(ILjava/lang/Object;Ljava/lang/Object;ZZ)Ljava/lang/Object; @ 91 c2

Classes redefined (0 events):
No events

Internal exceptions (10 events):
Event: 0.382 Thread 0x00007fa69c012800 Exception <a 'java/lang/NoSuchMethodError'{0x0000000751285658}: java.lang.invoke.DirectMethodHandle$Holder.invokeStatic(Ljava/lang/Object;Ljava/lang/Object;Ljava/lang/Object;Ljava/lang/Object;I)Ljava/lang/Object;> (0x0000000751285658) thrown at [/build/op
Event: 0.488 Thread 0x00007fa69c012800 Exception <a 'java/lang/ClassNotFoundException'{0x0000000750ecc8a8}: sun/awt/resources/spi/awtProvider> (0x0000000750ecc8a8) thrown at [/build/openjdk-11-GO4RM2/openjdk-11-11.0.3+1/src/hotspot/share/classfile/systemDictionary.cpp, line 231]
Event: 0.496 Thread 0x00007fa69c012800 Exception <a 'java/io/FileNotFoundException'{0x0000000750d370f8}> (0x0000000750d370f8) thrown at [/build/openjdk-11-GO4RM2/openjdk-11-11.0.3+1/src/hotspot/share/prims/jni.cpp, line 615]
Event: 0.569 Thread 0x00007fa69c012800 Exception <a 'java/lang/NoSuchMethodError'{0x0000000750ab14d0}: java.lang.invoke.DirectMethodHandle$Holder.invokeStaticInit(Ljava/lang/Object;Ljava/lang/Object;JLjava/lang/Object;)Ljava/lang/Object;> (0x0000000750ab14d0) thrown at [/build/openjdk-11-GO4RM
Event: 0.569 Thread 0x00007fa69c012800 Exception <a 'java/lang/NoSuchMethodError'{0x0000000750abd4b8}: java.lang.invoke.Invokers$Holder.linkToTargetMethod(Ljava/lang/Object;JLjava/lang/Object;)Ljava/lang/Object;> (0x0000000750abd4b8) thrown at [/build/openjdk-11-GO4RM2/openjdk-11-11.0.3+1/src/
Event: 0.571 Thread 0x00007fa69c012800 Exception <a 'java/lang/NoSuchMethodError'{0x0000000750ac4298}: java.lang.invoke.DirectMethodHandle$Holder.invokeStatic(Ljava/lang/Object;Ljava/lang/Object;Ljava/lang/Object;I)Ljava/lang/Object;> (0x0000000750ac4298) thrown at [/build/openjdk-11-GO4RM2/op
Event: 0.571 Thread 0x00007fa69c012800 Exception <a 'java/lang/NoSuchMethodError'{0x0000000750ac7bb0}: java.lang.invoke.DirectMethodHandle$Holder.invokeSpecial(Ljava/lang/Object;Ljava/lang/Object;Ljava/lang/Object;Ljava/lang/Object;I)Ljava/lang/Object;> (0x0000000750ac7bb0) thrown at [/build/o
Event: 0.571 Thread 0x00007fa69c012800 Exception <a 'java/lang/NoSuchMethodError'{0x0000000750acac10}: java.lang.invoke.Invokers$Holder.linkToTargetMethod(Ljava/lang/Object;Ljava/lang/Object;ILjava/lang/Object;)Ljava/lang/Object;> (0x0000000750acac10) thrown at [/build/openjdk-11-GO4RM2/openjd
Event: 0.580 Thread 0x00007fa69c012800 Exception <a 'java/lang/UnsatisfiedLinkError'{0x0000000750941e18}: libtesseract.so: 동적 오브젝트 파일을 열 수 없습니다: 그런 파일이나 디렉터리가 없습니다> (0x0000000750941e18) thrown at [/build/openjdk-11-GO4RM2/openjdk-11-1
Event: 0.581 Thread 0x00007fa69c012800 Exception <a 'java/lang/UnsatisfiedLinkError'{0x0000000750943658}: libtesseract.so: 동적 오브젝트 파일을 열 수 없습니다: 그런 파일이나 디렉터리가 없습니다> (0x0000000750943658) thrown at [/build/openjdk-11-GO4RM2/openjdk-11-1

Events (10 events):
Event: 0.619 loading class java/lang/reflect/AnnotatedType
Event: 0.619 loading class java/lang/reflect/AnnotatedType done
Event: 0.619 loading class com/sun/jna/Library$Handler$FunctionInfo
Event: 0.619 loading class com/sun/jna/Library$Handler$FunctionInfo done
Event: 0.619 loading class com/sun/jna/NativeMappedConverter
Event: 0.619 loading class com/sun/jna/NativeMappedConverter done
Event: 0.619 loading class com/sun/jna/TypeConverter
Event: 0.619 loading class com/sun/jna/TypeConverter done
Event: 0.619 loading class com/sun/jna/Klass
Event: 0.619 loading class com/sun/jna/Klass done


Dynamic libraries:
745c00000-751800000 rw-p 00000000 00:00 0 
751800000-7bfe00000 ---p 00000000 00:00 0 
7bfe00000-7bfe34000 rw-p 0111b000 103:02 12190533                        /usr/lib/jvm/java-11-openjdk-amd64/lib/server/classes.jsa
7bfe34000-7bff00000 rw-p 00000000 00:00 0 
7bff00000-7bff6a000 rw-p 010b1000 103:02 12190533                        /usr/lib/jvm/java-11-openjdk-amd64/lib/server/classes.jsa
7bff6a000-7c0000000 rw-p 00000000 00:00 0 
7c0000000-800000000 ---p 00000000 00:00 0 
800000000-800002000 rwxp 00001000 103:02 12190533                        /usr/lib/jvm/java-11-openjdk-amd64/lib/server/classes.jsa
800002000-8010b0000 rw-p 00003000 103:02 12190533                        /usr/lib/jvm/java-11-openjdk-amd64/lib/server/classes.jsa
840000000-8400e0000 rw-p 00000000 00:00 0 
8400e0000-880000000 ---p 00000000 00:00 0 
55ffe5fd1000-55ffe5fd2000 r--p 00000000 103:02 12060292                  /usr/lib/jvm/java-11-openjdk-amd64/bin/java
55ffe5fd2000-55ffe5fd3000 r-xp 00001000 103:02 12060292                  /usr/lib/jvm/java-11-openjdk-amd64/bin/java
55ffe5fd3000-55ffe5fd4000 r--p 00002000 103:02 12060292                  /usr/lib/jvm/java-11-openjdk-amd64/bin/java
55ffe5fd4000-55ffe5fd5000 r--p 00002000 103:02 12060292                  /usr/lib/jvm/java-11-openjdk-amd64/bin/java
55ffe5fd5000-55ffe5fd6000 rw-p 00003000 103:02 12060292                  /usr/lib/jvm/java-11-openjdk-amd64/bin/java
55ffe68cc000-55ffe68ed000 rw-p 00000000 00:00 0                          [heap]
7fa61c000000-7fa61c029000 rw-p 00000000 00:00 0 
7fa61c029000-7fa620000000 ---p 00000000 00:00 0 
7fa620000000-7fa620021000 rw-p 00000000 00:00 0 
7fa620021000-7fa624000000 ---p 00000000 00:00 0 
7fa627c29000-7fa627c2d000 ---p 00000000 00:00 0 
7fa627c2d000-7fa627d2a000 rw-p 00000000 00:00 0 
7fa627d2a000-7fa627d35000 r-xp 00000000 103:02 11538457                  /usr/lib/x86_64-linux-gnu/libjbig.so.0
7fa627d35000-7fa627f34000 ---p 0000b000 103:02 11538457                  /usr/lib/x86_64-linux-gnu/libjbig.so.0
7fa627f34000-7fa627f35000 r--p 0000a000 103:02 11538457                  /usr/lib/x86_64-linux-gnu/libjbig.so.0
7fa627f35000-7fa627f38000 rw-p 0000b000 103:02 11538457                  /usr/lib/x86_64-linux-gnu/libjbig.so.0
7fa627f38000-7fa627f3b000 r--p 00000000 103:02 11539375                  /usr/lib/x86_64-linux-gnu/liblzma.so.5.2.4
7fa627f3b000-7fa627f53000 r-xp 00003000 103:02 11539375                  /usr/lib/x86_64-linux-gnu/liblzma.so.5.2.4
7fa627f53000-7fa627f5e000 r--p 0001b000 103:02 11539375                  /usr/lib/x86_64-linux-gnu/liblzma.so.5.2.4
7fa627f5e000-7fa627f5f000 r--p 00025000 103:02 11539375                  /usr/lib/x86_64-linux-gnu/liblzma.so.5.2.4
7fa627f5f000-7fa627f60000 rw-p 00026000 103:02 11539375                  /usr/lib/x86_64-linux-gnu/liblzma.so.5.2.4
7fa627f60000-7fa627f65000 r--p 00000000 103:02 11536062                  /usr/lib/x86_64-linux-gnu/libzstd.so.1.3.8
7fa627f65000-7fa627fed000 r-xp 00005000 103:02 11536062                  /usr/lib/x86_64-linux-gnu/libzstd.so.1.3.8
7fa627fed000-7fa627ffd000 r--p 0008d000 103:02 11536062                  /usr/lib/x86_64-linux-gnu/libzstd.so.1.3.8
7fa627ffd000-7fa627ffe000 ---p 0009d000 103:02 11536062                  /usr/lib/x86_64-linux-gnu/libzstd.so.1.3.8
7fa627ffe000-7fa627fff000 r--p 0009d000 103:02 11536062                  /usr/lib/x86_64-linux-gnu/libzstd.so.1.3.8
7fa627fff000-7fa628000000 rw-p 0009e000 103:02 11536062                  /usr/lib/x86_64-linux-gnu/libzstd.so.1.3.8
7fa628000000-7fa62809b000 rw-p 00000000 00:00 0 
7fa62809b000-7fa62c000000 ---p 00000000 00:00 0 
7fa62c000000-7fa62c021000 rw-p 00000000 00:00 0 
7fa62c021000-7fa630000000 ---p 00000000 00:00 0 
7fa630000000-7fa630021000 rw-p 00000000 00:00 0 
7fa630021000-7fa634000000 ---p 00000000 00:00 0 
7fa634000000-7fa634021000 rw-p 00000000 00:00 0 
7fa634021000-7fa638000000 ---p 00000000 00:00 0 
7fa638000000-7fa638021000 rw-p 00000000 00:00 0 
7fa638021000-7fa63c000000 ---p 00000000 00:00 0 
7fa63c000000-7fa63c021000 rw-p 00000000 00:00 0 
7fa63c021000-7fa640000000 ---p 00000000 00:00 0 
7fa640000000-7fa640021000 rw-p 00000000 00:00 0 
7fa640021000-7fa644000000 ---p 00000000 00:00 0 
7fa644000000-7fa644021000 rw-p 00000000 00:00 0 
7fa644021000-7fa648000000 ---p 00000000 00:00 0 
7fa648000000-7fa64843b000 rw-p 00000000 00:00 0 
7fa64843b000-7fa64c000000 ---p 00000000 00:00 0 
7fa64c000000-7fa64c021000 rw-p 00000000 00:00 0 
7fa64c021000-7fa650000000 ---p 00000000 00:00 0 
7fa650000000-7fa650021000 rw-p 00000000 00:00 0 
7fa650021000-7fa654000000 ---p 00000000 00:00 0 
7fa654000000-7fa654304000 rw-p 00000000 00:00 0 
7fa654304000-7fa658000000 ---p 00000000 00:00 0 
7fa658000000-7fa658021000 rw-p 00000000 00:00 0 
7fa658021000-7fa65c000000 ---p 00000000 00:00 0 
7fa65c000000-7fa65c021000 rw-p 00000000 00:00 0 
7fa65c021000-7fa660000000 ---p 00000000 00:00 0 
7fa660000000-7fa660021000 rw-p 00000000 00:00 0 
7fa660021000-7fa664000000 ---p 00000000 00:00 0 
7fa664000000-7fa664021000 rw-p 00000000 00:00 0 
7fa664021000-7fa668000000 ---p 00000000 00:00 0 
7fa668000000-7fa668021000 rw-p 00000000 00:00 0 
7fa668021000-7fa66c000000 ---p 00000000 00:00 0 
7fa66c000000-7fa66c021000 rw-p 00000000 00:00 0 
7fa66c021000-7fa670000000 ---p 00000000 00:00 0 
7fa670001000-7fa670005000 r--p 00000000 103:02 11539079                  /usr/lib/x86_64-linux-gnu/libopenjp2.so.2.3.0
7fa670005000-7fa670046000 r-xp 00004000 103:02 11539079                  /usr/lib/x86_64-linux-gnu/libopenjp2.so.2.3.0
7fa670046000-7fa670055000 r--p 00045000 103:02 11539079                  /usr/lib/x86_64-linux-gnu/libopenjp2.so.2.3.0
7fa670055000-7fa670056000 ---p 00054000 103:02 11539079                  /usr/lib/x86_64-linux-gnu/libopenjp2.so.2.3.0
7fa670056000-7fa670057000 r--p 00054000 103:02 11539079                  /usr/lib/x86_64-linux-gnu/libopenjp2.so.2.3.0
7fa670057000-7fa670058000 rw-p 00055000 103:02 11539079                  /usr/lib/x86_64-linux-gnu/libopenjp2.so.2.3.0
7fa670058000-7fa6700be000 r-xp 00000000 103:02 11539462                  /usr/lib/x86_64-linux-gnu/libwebp.so.6.0.2
7fa6700be000-7fa6702bd000 ---p 00066000 103:02 11539462                  /usr/lib/x86_64-linux-gnu/libwebp.so.6.0.2
7fa6702bd000-7fa6702be000 r--p 00065000 103:02 11539462                  /usr/lib/x86_64-linux-gnu/libwebp.so.6.0.2
7fa6702be000-7fa6702bf000 rw-p 00066000 103:02 11539462                  /usr/lib/x86_64-linux-gnu/libwebp.so.6.0.2
7fa6702bf000-7fa6702c1000 rw-p 00000000 00:00 0 
7fa6702c1000-7fa6702ca000 r--p 00000000 103:02 11534355                  /usr/lib/x86_64-linux-gnu/libtiff.so.5.4.0
7fa6702ca000-7fa67030d000 r-xp 00009000 103:02 11534355                  /usr/lib/x86_64-linux-gnu/libtiff.so.5.4.0
7fa67030d000-7fa67033b000 r--p 0004c000 103:02 11534355                  /usr/lib/x86_64-linux-gnu/libtiff.so.5.4.0
7fa67033b000-7fa67033f000 r--p 00079000 103:02 11534355                  /usr/lib/x86_64-linux-gnu/libtiff.so.5.4.0
7fa67033f000-7fa670340000 rw-p 0007d000 103:02 11534355                  /usr/lib/x86_64-linux-gnu/libtiff.so.5.4.0
7fa670340000-7fa670348000 r-xp 00000000 103:02 11538135                  /usr/lib/x86_64-linux-gnu/libgif.so.7.0.0
7fa670348000-7fa670547000 ---p 00008000 103:02 11538135                  /usr/lib/x86_64-linux-gnu/libgif.so.7.0.0
7fa670547000-7fa670548000 r--p 00007000 103:02 11538135                  /usr/lib/x86_64-linux-gnu/libgif.so.7.0.0
7fa670548000-7fa670549000 rw-p 00008000 103:02 11538135                  /usr/lib/x86_64-linux-gnu/libgif.so.7.0.0
7fa670549000-7fa6705b0000 r-xp 00000000 103:02 11538463                  /usr/lib/x86_64-linux-gnu/libjpeg.so.62.2.0
7fa6705b0000-7fa6707b0000 ---p 00067000 103:02 11538463                  /usr/lib/x86_64-linux-gnu/libjpeg.so.62.2.0
7fa6707b0000-7fa6707b1000 r--p 00067000 103:02 11538463                  /usr/lib/x86_64-linux-gnu/libjpeg.so.62.2.0
7fa6707b1000-7fa6707b2000 rw-p 00068000 103:02 11538463                  /usr/lib/x86_64-linux-gnu/libjpeg.so.62.2.0
7fa6707b2000-7fa6707b8000 r--p 00000000 103:02 11534376                  /usr/lib/x86_64-linux-gnu/libpng16.so.16.36.0
7fa6707b8000-7fa6707dd000 r-xp 00006000 103:02 11534376                  /usr/lib/x86_64-linux-gnu/libpng16.so.16.36.0
7fa6707dd000-7fa6707e9000 r--p 0002b000 103:02 11534376                  /usr/lib/x86_64-linux-gnu/libpng16.so.16.36.0
7fa6707e9000-7fa6707ea000 r--p 00036000 103:02 11534376                  /usr/lib/x86_64-linux-gnu/libpng16.so.16.36.0
7fa6707ea000-7fa6707eb000 rw-p 00037000 103:02 11534376                  /usr/lib/x86_64-linux-gnu/libpng16.so.16.36.0
7fa6707eb000-7fa6707f2000 r--p 00000000 103:02 11538076                  /usr/lib/x86_64-linux-gnu/libgomp.so.1.0.0
7fa6707f2000-7fa670811000 r-xp 00007000 103:02 11538076                  /usr/lib/x86_64-linux-gnu/libgomp.so.1.0.0
7fa670811000-7fa67081a000 r--p 00026000 103:02 11538076                  /usr/lib/x86_64-linux-gnu/libgomp.so.1.0.0
7fa67081a000-7fa67081b000 r--p 0002e000 103:02 11538076                  /usr/lib/x86_64-linux-gnu/libgomp.so.1.0.0
7fa67081b000-7fa67081c000 rw-p 0002f000 103:02 11538076                  /usr/lib/x86_64-linux-gnu/libgomp.so.1.0.0
7fa67081c000-7fa670a8b000 r-xp 00000000 103:02 11541199                  /usr/lib/x86_64-linux-gnu/liblept.so.5.0.3
7fa670a8b000-7fa670c8b000 ---p 0026f000 103:02 11541199                  /usr/lib/x86_64-linux-gnu/liblept.so.5.0.3
7fa670c8b000-7fa670c8c000 r--p 0026f000 103:02 11541199                  /usr/lib/x86_64-linux-gnu/liblept.so.5.0.3
7fa670c8c000-7fa670c95000 rw-p 00270000 103:02 11541199                  /usr/lib/x86_64-linux-gnu/liblept.so.5.0.3
7fa670cc6000-7fa670d59000 r--p 00000000 103:02 11536371                  /usr/lib/x86_64-linux-gnu/libtesseract.so.4.0.0
7fa670d59000-7fa670f53000 r-xp 00093000 103:02 11536371                  /usr/lib/x86_64-linux-gnu/libtesseract.so.4.0.0
7fa670f53000-7fa671000000 r--p 0028d000 103:02 11536371                  /usr/lib/x86_64-linux-gnu/libtesseract.so.4.0.0
7fa671000000-7fa67100c000 r--p 00339000 103:02 11536371                  /usr/lib/x86_64-linux-gnu/libtesseract.so.4.0.0
7fa67100c000-7fa67100d000 rw-p 00345000 103:02 11536371                  /usr/lib/x86_64-linux-gnu/libtesseract.so.4.0.0
7fa67100d000-7fa6712b1000 rw-p 00000000 00:00 0 
7fa6712b1000-7fa6712c9000 r-xp 00000000 103:02 7869117                   /root/.cache/JNA/temp/jna5850849638219258803.tmp (deleted)
7fa6712c9000-7fa6714c9000 ---p 00018000 103:02 7869117                   /root/.cache/JNA/temp/jna5850849638219258803.tmp (deleted)
7fa6714c9000-7fa6714ca000 rw-p 00018000 103:02 7869117                   /root/.cache/JNA/temp/jna5850849638219258803.tmp (deleted)
7fa6714ca000-7fa6714ce000 ---p 00000000 00:00 0 
7fa6714ce000-7fa6715cb000 rw-p 00000000 00:00 0 
7fa6715cb000-7fa6715cf000 ---p 00000000 00:00 0 
7fa6715cf000-7fa6716cc000 rw-p 00000000 00:00 0 
7fa6716cc000-7fa6716d1000 r-xp 00000000 103:02 11537430                  /usr/lib/x86_64-linux-gnu/libXdmcp.so.6.0.0
7fa6716d1000-7fa6718d0000 ---p 00005000 103:02 11537430                  /usr/lib/x86_64-linux-gnu/libXdmcp.so.6.0.0
7fa6718d0000-7fa6718d1000 r--p 00004000 103:02 11537430                  /usr/lib/x86_64-linux-gnu/libXdmcp.so.6.0.0
7fa6718d1000-7fa6718d2000 rw-p 00005000 103:02 11537430                  /usr/lib/x86_64-linux-gnu/libXdmcp.so.6.0.0
7fa6718d2000-7fa6718d4000 r-xp 00000000 103:02 11537415                  /usr/lib/x86_64-linux-gnu/libXau.so.6.0.0
7fa6718d4000-7fa671ad4000 ---p 00002000 103:02 11537415                  /usr/lib/x86_64-linux-gnu/libXau.so.6.0.0
7fa671ad4000-7fa671ad5000 r--p 00002000 103:02 11537415                  /usr/lib/x86_64-linux-gnu/libXau.so.6.0.0
7fa671ad5000-7fa671ad6000 rw-p 00003000 103:02 11537415                  /usr/lib/x86_64-linux-gnu/libXau.so.6.0.0
7fa671ad6000-7fa671ae2000 r--p 00000000 103:02 11539605                  /usr/lib/x86_64-linux-gnu/libxcb.so.1.1.0
7fa671ae2000-7fa671af5000 r-xp 0000c000 103:02 11539605                  /usr/lib/x86_64-linux-gnu/libxcb.so.1.1.0
7fa671af5000-7fa671afe000 r--p 0001f000 103:02 11539605                  /usr/lib/x86_64-linux-gnu/libxcb.so.1.1.0
7fa671afe000-7fa671aff000 r--p 00027000 103:02 11539605                  /usr/lib/x86_64-linux-gnu/libxcb.so.1.1.0
7fa671aff000-7fa671b00000 rw-p 00028000 103:02 11539605                  /usr/lib/x86_64-linux-gnu/libxcb.so.1.1.0
7fa671b00000-7fa671b0f000 r-xp 00000000 103:02 11537444                  /usr/lib/x86_64-linux-gnu/libXi.so.6.1.0
7fa671b0f000-7fa671d0e000 ---p 0000f000 103:02 11537444                  /usr/lib/x86_64-linux-gnu/libXi.so.6.1.0
7fa671d0e000-7fa671d0f000 r--p 0000e000 103:02 11537444                  /usr/lib/x86_64-linux-gnu/libXi.so.6.1.0
7fa671d0f000-7fa671d10000 rw-p 0000f000 103:02 11537444                  /usr/lib/x86_64-linux-gnu/libXi.so.6.1.0
7fa671d10000-7fa671d15000 r-xp 00000000 103:02 11537467                  /usr/lib/x86_64-linux-gnu/libXtst.so.6.1.0
7fa671d15000-7fa671f14000 ---p 00005000 103:02 11537467                  /usr/lib/x86_64-linux-gnu/libXtst.so.6.1.0
7fa671f14000-7fa671f15000 r--p 00004000 103:02 11537467                  /usr/lib/x86_64-linux-gnu/libXtst.so.6.1.0
7fa671f15000-7fa671f16000 rw-p 00005000 103:02 11537467                  /usr/lib/x86_64-linux-gnu/libXtst.so.6.1.0
7fa671f16000-7fa671f1f000 r-xp 00000000 103:02 11537459                  /usr/lib/x86_64-linux-gnu/libXrender.so.1.3.0
7fa671f1f000-7fa67211e000 ---p 00009000 103:02 11537459                  /usr/lib/x86_64-linux-gnu/libXrender.so.1.3.0
7fa67211e000-7fa67211f000 r--p 00008000 103:02 11537459                  /usr/lib/x86_64-linux-gnu/libXrender.so.1.3.0
7fa67211f000-7fa672120000 rw-p 00009000 103:02 11537459                  /usr/lib/x86_64-linux-gnu/libXrender.so.1.3.0
7fa672120000-7fa67213c000 r--p 00000000 103:02 11537409                  /usr/lib/x86_64-linux-gnu/libX11.so.6.3.0
7fa67213c000-7fa6721c6000 r-xp 0001c000 103:02 11537409                  /usr/lib/x86_64-linux-gnu/libX11.so.6.3.0
7fa6721c6000-7fa67225a000 r--p 000a6000 103:02 11537409                  /usr/lib/x86_64-linux-gnu/libX11.so.6.3.0
7fa67225a000-7fa67225b000 ---p 0013a000 103:02 11537409                  /usr/lib/x86_64-linux-gnu/libX11.so.6.3.0
7fa67225b000-7fa67225c000 r--p 0013a000 103:02 11537409                  /usr/lib/x86_64-linux-gnu/libX11.so.6.3.0
7fa67225c000-7fa672261000 rw-p 0013b000 103:02 11537409                  /usr/lib/x86_64-linux-gnu/libX11.so.6.3.0
7fa672261000-7fa672272000 r-xp 00000000 103:02 11537434                  /usr/lib/x86_64-linux-gnu/libXext.so.6.4.0
7fa672272000-7fa672471000 ---p 00011000 103:02 11537434                  /usr/lib/x86_64-linux-gnu/libXext.so.6.4.0
7fa672471000-7fa672472000 r--p 00010000 103:02 11537434                  /usr/lib/x86_64-linux-gnu/libXext.so.6.4.0
7fa672472000-7fa672473000 rw-p 00011000 103:02 11537434                  /usr/lib/x86_64-linux-gnu/libXext.so.6.4.0
7fa672473000-7fa672483000 r--p 00000000 103:02 12060891                  /usr/lib/jvm/java-11-openjdk-amd64/lib/libawt_xawt.so
7fa672483000-7fa6724bf000 r-xp 00010000 103:02 12060891                  /usr/lib/jvm/java-11-openjdk-amd64/lib/libawt_xawt.so
7fa6724bf000-7fa6724d0000 r--p 0004c000 103:02 12060891                  /usr/lib/jvm/java-11-openjdk-amd64/lib/libawt_xawt.so
7fa6724d0000-7fa6724d1000 ---p 0005d000 103:02 12060891                  /usr/lib/jvm/java-11-openjdk-amd64/lib/libawt_xawt.so
7fa6724d1000-7fa6724d2000 r--p 0005d000 103:02 12060891                  /usr/lib/jvm/java-11-openjdk-amd64/lib/libawt_xawt.so
7fa6724d2000-7fa6724d5000 rw-p 0005e000 103:02 12060891                  /usr/lib/jvm/java-11-openjdk-amd64/lib/libawt_xawt.so
7fa6724d5000-7fa6724d7000 rw-p 00000000 00:00 0 
7fa6724d7000-7fa672503000 r--p 00000000 103:02 12060888                  /usr/lib/jvm/java-11-openjdk-amd64/lib/libawt.so
7fa672503000-7fa672569000 r-xp 0002c000 103:02 12060888                  /usr/lib/jvm/java-11-openjdk-amd64/lib/libawt.so
7fa672569000-7fa672576000 r--p 00092000 103:02 12060888                  /usr/lib/jvm/java-11-openjdk-amd64/lib/libawt.so
7fa672576000-7fa672577000 r--p 0009e000 103:02 12060888                  /usr/lib/jvm/java-11-openjdk-amd64/lib/libawt.so
7fa672577000-7fa672582000 rw-p 0009f000 103:02 12060888                  /usr/lib/jvm/java-11-openjdk-amd64/lib/libawt.so
7fa672582000-7fa6725a7000 rw-p 00000000 00:00 0 
7fa6725a7000-7fa6725ab000 ---p 00000000 00:00 0 
7fa6725ab000-7fa6726a8000 rw-p 00000000 00:00 0 
7fa6726a8000-7fa6726a9000 ---p 00000000 00:00 0 
7fa6726a9000-7fa6727aa000 rw-p 00000000 00:00 0 
7fa6727aa000-7fa6727ae000 ---p 00000000 00:00 0 
7fa6727ae000-7fa6728ab000 rw-p 00000000 00:00 0 
7fa6728ab000-7fa6728af000 ---p 00000000 00:00 0 
7fa6728af000-7fa6729ac000 rw-p 00000000 00:00 0 
7fa6729ac000-7fa6729b0000 ---p 00000000 00:00 0 
7fa6729b0000-7fa672aad000 rw-p 00000000 00:00 0 
7fa672aad000-7fa672ab1000 ---p 00000000 00:00 0 
7fa672ab1000-7fa672bae000 rw-p 00000000 00:00 0 
7fa672bae000-7fa672bb2000 ---p 00000000 00:00 0 
7fa672bb2000-7fa672caf000 rw-p 00000000 00:00 0 
7fa672caf000-7fa672cb3000 ---p 00000000 00:00 0 
7fa672cb3000-7fa672db0000 rw-p 00000000 00:00 0 
7fa672db0000-7fa672db4000 ---p 00000000 00:00 0 
7fa672db4000-7fa672eb1000 rw-p 00000000 00:00 0 
7fa672eb1000-7fa672eb5000 ---p 00000000 00:00 0 
7fa672eb5000-7fa672fb2000 rw-p 00000000 00:00 0 
7fa672fb2000-7fa673067000 r--p 00000000 103:02 12193063                  /usr/lib/locale/ko_KR.utf8/LC_CTYPE
7fa673067000-7fa6730f6000 r--p 00000000 103:02 12193062                  /usr/lib/locale/ko_KR.utf8/LC_COLLATE
7fa6730f6000-7fa6730fa000 ---p 00000000 00:00 0 
7fa6730fa000-7fa6731f7000 rw-p 00000000 00:00 0 
7fa6731f7000-7fa6731fb000 ---p 00000000 00:00 0 
7fa6731fb000-7fa6732f8000 rw-p 00000000 00:00 0 
7fa6732f8000-7fa6732f9000 ---p 00000000 00:00 0 
7fa6732f9000-7fa673a3a000 rw-p 00000000 00:00 0 
7fa673a3a000-7fa673bfa000 ---p 00000000 00:00 0 
7fa673bfa000-7fa673bfb000 ---p 00000000 00:00 0 
7fa673bfb000-7fa673cfc000 rw-p 00000000 00:00 0 
7fa673cfc000-7fa673cfd000 ---p 00000000 00:00 0 
7fa673cfd000-7fa674000000 rw-p 00000000 00:00 0 
7fa674000000-7fa674021000 rw-p 00000000 00:00 0 
7fa674021000-7fa678000000 ---p 00000000 00:00 0 
7fa678014000-7fa678018000 ---p 00000000 00:00 0 
7fa678018000-7fa678036000 rw-p 00000000 00:00 0 
7fa678036000-7fa67805d000 r--p 00000000 103:02 666791                    /usr/share/locale/ko/LC_MESSAGES/libc.mo
7fa67805d000-7fa67a5d0000 rw-p 00000000 00:00 0 
7fa67a5d0000-7fa67c168000 ---p 00000000 00:00 0 
7fa67c168000-7fa67c170000 rw-p 00000000 00:00 0 
7fa67c170000-7fa67d170000 ---p 00000000 00:00 0 
7fa67d170000-7fa67d460000 rw-p 00000000 00:00 0 
7fa67d460000-7fa67eff8000 ---p 00000000 00:00 0 
7fa67eff8000-7fa67f000000 rw-p 00000000 00:00 0 
7fa67f000000-7fa680000000 ---p 00000000 00:00 0 
7fa680000000-7fa680021000 rw-p 00000000 00:00 0 
7fa680021000-7fa684000000 ---p 00000000 00:00 0 
7fa684003000-7fa684007000 r--p 00000000 103:02 11538035                  /usr/lib/x86_64-linux-gnu/libbsd.so.0.9.1
7fa684007000-7fa684016000 r-xp 00004000 103:02 11538035                  /usr/lib/x86_64-linux-gnu/libbsd.so.0.9.1
7fa684016000-7fa684019000 r--p 00013000 103:02 11538035                  /usr/lib/x86_64-linux-gnu/libbsd.so.0.9.1
7fa684019000-7fa68401a000 ---p 00016000 103:02 11538035                  /usr/lib/x86_64-linux-gnu/libbsd.so.0.9.1
7fa68401a000-7fa68401b000 r--p 00016000 103:02 11538035                  /usr/lib/x86_64-linux-gnu/libbsd.so.0.9.1
7fa68401b000-7fa68401c000 rw-p 00017000 103:02 11538035                  /usr/lib/x86_64-linux-gnu/libbsd.so.0.9.1
7fa68401c000-7fa68440a000 rw-p 00000000 00:00 0 
7fa68440a000-7fa68477d000 ---p 00000000 00:00 0 
7fa68477d000-7fa68477e000 rw-p 00000000 00:00 0 
7fa68477e000-7fa68497e000 ---p 00000000 00:00 0 
7fa68497e000-7fa684bee000 rwxp 00000000 00:00 0 
7fa684bee000-7fa684f0f000 ---p 00000000 00:00 0 
7fa684f0f000-7fa68517f000 rwxp 00000000 00:00 0 
7fa68517f000-7fa68c446000 ---p 00000000 00:00 0 
7fa68c446000-7fa68c6b6000 rwxp 00000000 00:00 0 
7fa68c6b6000-7fa69397e000 ---p 00000000 00:00 0 
7fa69397e000-7fa69c000000 r--s 00000000 103:02 12060946                  /usr/lib/jvm/java-11-openjdk-amd64/lib/modules
7fa69c000000-7fa69c887000 rw-p 00000000 00:00 0 
7fa69c887000-7fa6a0000000 ---p 00000000 00:00 0 
7fa6a0005000-7fa6a0009000 r--p 00000000 103:02 12060926                  /usr/lib/jvm/java-11-openjdk-amd64/lib/libnet.so
7fa6a0009000-7fa6a0018000 r-xp 00004000 103:02 12060926                  /usr/lib/jvm/java-11-openjdk-amd64/lib/libnet.so
7fa6a0018000-7fa6a001c000 r--p 00013000 103:02 12060926                  /usr/lib/jvm/java-11-openjdk-amd64/lib/libnet.so
7fa6a001c000-7fa6a001d000 r--p 00016000 103:02 12060926                  /usr/lib/jvm/java-11-openjdk-amd64/lib/libnet.so
7fa6a001d000-7fa6a001e000 rw-p 00017000 103:02 12060926                  /usr/lib/jvm/java-11-openjdk-amd64/lib/libnet.so
7fa6a001e000-7fa6a0025000 r--p 00000000 103:02 12060928                  /usr/lib/jvm/java-11-openjdk-amd64/lib/libnio.so
7fa6a0025000-7fa6a002c000 r-xp 00007000 103:02 12060928                  /usr/lib/jvm/java-11-openjdk-amd64/lib/libnio.so
7fa6a002c000-7fa6a002f000 r--p 0000e000 103:02 12060928                  /usr/lib/jvm/java-11-openjdk-amd64/lib/libnio.so
7fa6a002f000-7fa6a0030000 r--p 00010000 103:02 12060928                  /usr/lib/jvm/java-11-openjdk-amd64/lib/libnio.so
7fa6a0030000-7fa6a0031000 rw-p 00011000 103:02 12060928                  /usr/lib/jvm/java-11-openjdk-amd64/lib/libnio.so
7fa6a0031000-7fa6a0032000 r--p 00000000 103:02 12060893                  /usr/lib/jvm/java-11-openjdk-amd64/lib/libdt_socket.so
7fa6a0032000-7fa6a0035000 r-xp 00001000 103:02 12060893                  /usr/lib/jvm/java-11-openjdk-amd64/lib/libdt_socket.so
7fa6a0035000-7fa6a0036000 r--p 00004000 103:02 12060893                  /usr/lib/jvm/java-11-openjdk-amd64/lib/libdt_socket.so
7fa6a0036000-7fa6a0037000 r--p 00004000 103:02 12060893                  /usr/lib/jvm/java-11-openjdk-amd64/lib/libdt_socket.so
7fa6a0037000-7fa6a0038000 rw-p 00005000 103:02 12060893                  /usr/lib/jvm/java-11-openjdk-amd64/lib/libdt_socket.so
7fa6a0038000-7fa6a0039000 r--p 00000000 103:02 12060389                  /usr/lib/locale/aa_ET/LC_NUMERIC
7fa6a0039000-7fa6a003a000 r--p 00000000 103:02 12193068                  /usr/lib/locale/ko_KR.utf8/LC_TIME
7fa6a003a000-7fa6a003b000 r--p 00000000 103:02 12193066                  /usr/lib/locale/ko_KR.utf8/LC_MONETARY
7fa6a003b000-7fa6a003c000 r--p 00000000 103:02 12193065                  /usr/lib/locale/ko_KR.utf8/LC_MESSAGES/SYS_LC_MESSAGES
7fa6a003c000-7fa6a003d000 r--p 00000000 103:02 12059827                  /usr/lib/locale/aa_DJ.utf8/LC_PAPER
7fa6a003d000-7fa6a003e000 r--p 00000000 103:02 12060419                  /usr/lib/locale/agr_PE/LC_NAME
7fa6a003e000-7fa6a003f000 r--p 00000000 103:02 12193061                  /usr/lib/locale/ko_KR.utf8/LC_ADDRESS
7fa6a003f000-7fa6a0040000 r--p 00000000 103:02 12193067                  /usr/lib/locale/ko_KR.utf8/LC_TELEPHONE
7fa6a0040000-7fa6a0041000 r--p 00000000 103:02 12059821                  /usr/lib/locale/aa_DJ.utf8/LC_MEASUREMENT
7fa6a0041000-7fa6a0048000 r--s 00000000 103:02 12064997                  /usr/lib/x86_64-linux-gnu/gconv/gconv-modules.cache
7fa6a0048000-7fa6a01b3000 rw-p 00000000 00:00 0 
7fa6a01b3000-7fa6a01b4000 ---p 00000000 00:00 0 
7fa6a01b4000-7fa6a02b5000 rw-p 00000000 00:00 0 
7fa6a02b5000-7fa6a02b6000 ---p 00000000 00:00 0 
7fa6a02b6000-7fa6a04d6000 rw-p 00000000 00:00 0 
7fa6a04d6000-7fa6a0849000 ---p 00000000 00:00 0 
7fa6a0849000-7fa6a084a000 rw-p 00000000 00:00 0 
7fa6a084a000-7fa6a0a4a000 ---p 00000000 00:00 0 
7fa6a0a4a000-7fa6a0aa8000 rw-p 00000000 00:00 0 
7fa6a0aa8000-7fa6a0e1b000 ---p 00000000 00:00 0 
7fa6a0e1b000-7fa6a0e1c000 rw-p 00000000 00:00 0 
7fa6a0e1c000-7fa6a101c000 ---p 00000000 00:00 0 
7fa6a101c000-7fa6a1824000 rw-p 00000000 00:00 0 
7fa6a1824000-7fa6a1825000 ---p 00000000 00:00 0 
7fa6a1825000-7fa6a192b000 rw-p 00000000 00:00 0 
7fa6a192b000-7fa6a1a11000 ---p 00000000 00:00 0 
7fa6a1a11000-7fa6a1a16000 rw-p 00000000 00:00 0 
7fa6a1a16000-7fa6a1afc000 ---p 00000000 00:00 0 
7fa6a1afc000-7fa6a1b01000 rw-p 00000000 00:00 0 
7fa6a1b01000-7fa6a1b08000 ---p 00000000 00:00 0 
7fa6a1b08000-7fa6a1b0a000 r--p 00000000 103:02 12060913                  /usr/lib/jvm/java-11-openjdk-amd64/lib/libjimage.so
7fa6a1b0a000-7fa6a1b0d000 r-xp 00002000 103:02 12060913                  /usr/lib/jvm/java-11-openjdk-amd64/lib/libjimage.so
7fa6a1b0d000-7fa6a1b0f000 r--p 00005000 103:02 12060913                  /usr/lib/jvm/java-11-openjdk-amd64/lib/libjimage.so
7fa6a1b0f000-7fa6a1b10000 r--p 00006000 103:02 12060913                  /usr/lib/jvm/java-11-openjdk-amd64/lib/libjimage.so
7fa6a1b10000-7fa6a1b11000 rw-p 00007000 103:02 12060913                  /usr/lib/jvm/java-11-openjdk-amd64/lib/libjimage.so
7fa6a1b11000-7fa6a1b13000 r--p 00000000 103:02 12060943                  /usr/lib/jvm/java-11-openjdk-amd64/lib/libzip.so
7fa6a1b13000-7fa6a1b17000 r-xp 00002000 103:02 12060943                  /usr/lib/jvm/java-11-openjdk-amd64/lib/libzip.so
7fa6a1b17000-7fa6a1b19000 r--p 00006000 103:02 12060943                  /usr/lib/jvm/java-11-openjdk-amd64/lib/libzip.so
7fa6a1b19000-7fa6a1b1a000 r--p 00007000 103:02 12060943                  /usr/lib/jvm/java-11-openjdk-amd64/lib/libzip.so
7fa6a1b1a000-7fa6a1b1b000 rw-p 00008000 103:02 12060943                  /usr/lib/jvm/java-11-openjdk-amd64/lib/libzip.so
7fa6a1b1b000-7fa6a1b1d000 r--p 00000000 103:02 12060910                  /usr/lib/jvm/java-11-openjdk-amd64/lib/libjdwp.so
7fa6a1b1d000-7fa6a1b49000 r-xp 00002000 103:02 12060910                  /usr/lib/jvm/java-11-openjdk-amd64/lib/libjdwp.so
7fa6a1b49000-7fa6a1b57000 r--p 0002e000 103:02 12060910                  /usr/lib/jvm/java-11-openjdk-amd64/lib/libjdwp.so
7fa6a1b57000-7fa6a1b58000 r--p 0003b000 103:02 12060910                  /usr/lib/jvm/java-11-openjdk-amd64/lib/libjdwp.so
7fa6a1b58000-7fa6a1b59000 rw-p 0003c000 103:02 12060910                  /usr/lib/jvm/java-11-openjdk-amd64/lib/libjdwp.so
7fa6a1b59000-7fa6a1b66000 r--p 00000000 103:02 12060906                  /usr/lib/jvm/java-11-openjdk-amd64/lib/libjava.so
7fa6a1b66000-7fa6a1b7b000 r-xp 0000d000 103:02 12060906                  /usr/lib/jvm/java-11-openjdk-amd64/lib/libjava.so
7fa6a1b7b000-7fa6a1b82000 r--p 00022000 103:02 12060906                  /usr/lib/jvm/java-11-openjdk-amd64/lib/libjava.so
7fa6a1b82000-7fa6a1b83000 r--p 00028000 103:02 12060906                  /usr/lib/jvm/java-11-openjdk-amd64/lib/libjava.so
7fa6a1b83000-7fa6a1b85000 rw-p 00029000 103:02 12060906                  /usr/lib/jvm/java-11-openjdk-amd64/lib/libjava.so
7fa6a1b85000-7fa6a1b87000 r--p 00000000 103:02 11538333                  /usr/lib/x86_64-linux-gnu/librt-2.28.so
7fa6a1b87000-7fa6a1b8b000 r-xp 00002000 103:02 11538333                  /usr/lib/x86_64-linux-gnu/librt-2.28.so
7fa6a1b8b000-7fa6a1b8d000 r--p 00006000 103:02 11538333                  /usr/lib/x86_64-linux-gnu/librt-2.28.so
7fa6a1b8d000-7fa6a1b8e000 r--p 00007000 103:02 11538333                  /usr/lib/x86_64-linux-gnu/librt-2.28.so
7fa6a1b8e000-7fa6a1b8f000 rw-p 00008000 103:02 11538333                  /usr/lib/x86_64-linux-gnu/librt-2.28.so
7fa6a1b8f000-7fa6a1b93000 ---p 00000000 00:00 0 
7fa6a1b93000-7fa6a1c90000 rw-p 00000000 00:00 0 
7fa6a1c90000-7fa6a1c93000 r--p 00000000 103:02 11537664                  /usr/lib/x86_64-linux-gnu/libgcc_s.so.1
7fa6a1c93000-7fa6a1ca4000 r-xp 00003000 103:02 11537664                  /usr/lib/x86_64-linux-gnu/libgcc_s.so.1
7fa6a1ca4000-7fa6a1ca7000 r--p 00014000 103:02 11537664                  /usr/lib/x86_64-linux-gnu/libgcc_s.so.1
7fa6a1ca7000-7fa6a1ca8000 ---p 00017000 103:02 11537664                  /usr/lib/x86_64-linux-gnu/libgcc_s.so.1
7fa6a1ca8000-7fa6a1ca9000 r--p 00017000 103:02 11537664                  /usr/lib/x86_64-linux-gnu/libgcc_s.so.1
7fa6a1ca9000-7fa6a1caa000 rw-p 00018000 103:02 11537664                  /usr/lib/x86_64-linux-gnu/libgcc_s.so.1
7fa6a1caa000-7fa6a1cb7000 r--p 00000000 103:02 11538227                  /usr/lib/x86_64-linux-gnu/libm-2.28.so
7fa6a1cb7000-7fa6a1d56000 r-xp 0000d000 103:02 11538227                  /usr/lib/x86_64-linux-gnu/libm-2.28.so
7fa6a1d56000-7fa6a1e2b000 r--p 000ac000 103:02 11538227                  /usr/lib/x86_64-linux-gnu/libm-2.28.so
7fa6a1e2b000-7fa6a1e2c000 r--p 00180000 103:02 11538227                  /usr/lib/x86_64-linux-gnu/libm-2.28.so
7fa6a1e2c000-7fa6a1e2d000 rw-p 00181000 103:02 11538227                  /usr/lib/x86_64-linux-gnu/libm-2.28.so
7fa6a1e2d000-7fa6a1eb6000 r--p 00000000 103:02 11536901                  /usr/lib/x86_64-linux-gnu/libstdc++.so.6.0.25
7fa6a1eb6000-7fa6a1f62000 r-xp 00089000 103:02 11536901                  /usr/lib/x86_64-linux-gnu/libstdc++.so.6.0.25
7fa6a1f62000-7fa6a1fa0000 r--p 00135000 103:02 11536901                  /usr/lib/x86_64-linux-gnu/libstdc++.so.6.0.25
7fa6a1fa0000-7fa6a1fa1000 ---p 00173000 103:02 11536901                  /usr/lib/x86_64-linux-gnu/libstdc++.so.6.0.25
7fa6a1fa1000-7fa6a1fab000 r--p 00173000 103:02 11536901                  /usr/lib/x86_64-linux-gnu/libstdc++.so.6.0.25
7fa6a1fab000-7fa6a1fad000 rw-p 0017d000 103:02 11536901                  /usr/lib/x86_64-linux-gnu/libstdc++.so.6.0.25
7fa6a1fad000-7fa6a1fb1000 rw-p 00000000 00:00 0 
7fa6a1fb1000-7fa6a221f000 r--p 00000000 103:02 12191693                  /usr/lib/jvm/java-11-openjdk-amd64/lib/server/libjvm.so
7fa6a221f000-7fa6a2d3d000 r-xp 0026e000 103:02 12191693                  /usr/lib/jvm/java-11-openjdk-amd64/lib/server/libjvm.so
7fa6a2d3d000-7fa6a2f75000 r--p 00d8c000 103:02 12191693                  /usr/lib/jvm/java-11-openjdk-amd64/lib/server/libjvm.so
7fa6a2f75000-7fa6a2f76000 ---p 00fc4000 103:02 12191693                  /usr/lib/jvm/java-11-openjdk-amd64/lib/server/libjvm.so
7fa6a2f76000-7fa6a3033000 r--p 00fc4000 103:02 12191693                  /usr/lib/jvm/java-11-openjdk-amd64/lib/server/libjvm.so
7fa6a3033000-7fa6a306c000 rw-p 01081000 103:02 12191693                  /usr/lib/jvm/java-11-openjdk-amd64/lib/server/libjvm.so
7fa6a306c000-7fa6a30c4000 rw-p 00000000 00:00 0 
7fa6a30c4000-7fa6a30e6000 r--p 00000000 103:02 11538219                  /usr/lib/x86_64-linux-gnu/libc-2.28.so
7fa6a30e6000-7fa6a322e000 r-xp 00022000 103:02 11538219                  /usr/lib/x86_64-linux-gnu/libc-2.28.so
7fa6a322e000-7fa6a327a000 r--p 0016a000 103:02 11538219                  /usr/lib/x86_64-linux-gnu/libc-2.28.so
7fa6a327a000-7fa6a327b000 ---p 001b6000 103:02 11538219                  /usr/lib/x86_64-linux-gnu/libc-2.28.so
7fa6a327b000-7fa6a327f000 r--p 001b6000 103:02 11538219                  /usr/lib/x86_64-linux-gnu/libc-2.28.so
7fa6a327f000-7fa6a3281000 rw-p 001ba000 103:02 11538219                  /usr/lib/x86_64-linux-gnu/libc-2.28.so
7fa6a3281000-7fa6a3285000 rw-p 00000000 00:00 0 
7fa6a3285000-7fa6a3286000 r--p 00000000 103:02 11538225                  /usr/lib/x86_64-linux-gnu/libdl-2.28.so
7fa6a3286000-7fa6a3287000 r-xp 00001000 103:02 11538225                  /usr/lib/x86_64-linux-gnu/libdl-2.28.so
7fa6a3287000-7fa6a3288000 r--p 00002000 103:02 11538225                  /usr/lib/x86_64-linux-gnu/libdl-2.28.so
7fa6a3288000-7fa6a3289000 r--p 00002000 103:02 11538225                  /usr/lib/x86_64-linux-gnu/libdl-2.28.so
7fa6a3289000-7fa6a328a000 rw-p 00003000 103:02 11538225                  /usr/lib/x86_64-linux-gnu/libdl-2.28.so
7fa6a328a000-7fa6a328d000 r--p 00000000 103:02 12191689                  /usr/lib/jvm/java-11-openjdk-amd64/lib/jli/libjli.so
7fa6a328d000-7fa6a3297000 r-xp 00003000 103:02 12191689                  /usr/lib/jvm/java-11-openjdk-amd64/lib/jli/libjli.so
7fa6a3297000-7fa6a329a000 r--p 0000d000 103:02 12191689                  /usr/lib/jvm/java-11-openjdk-amd64/lib/jli/libjli.so
7fa6a329a000-7fa6a329b000 r--p 0000f000 103:02 12191689                  /usr/lib/jvm/java-11-openjdk-amd64/lib/jli/libjli.so
7fa6a329b000-7fa6a329c000 rw-p 00010000 103:02 12191689                  /usr/lib/jvm/java-11-openjdk-amd64/lib/jli/libjli.so
7fa6a329c000-7fa6a32a2000 r--p 00000000 103:02 11538330                  /usr/lib/x86_64-linux-gnu/libpthread-2.28.so
7fa6a32a2000-7fa6a32b1000 r-xp 00006000 103:02 11538330                  /usr/lib/x86_64-linux-gnu/libpthread-2.28.so
7fa6a32b1000-7fa6a32b7000 r--p 00015000 103:02 11538330                  /usr/lib/x86_64-linux-gnu/libpthread-2.28.so
7fa6a32b7000-7fa6a32b8000 r--p 0001a000 103:02 11538330                  /usr/lib/x86_64-linux-gnu/libpthread-2.28.so
7fa6a32b8000-7fa6a32b9000 rw-p 0001b000 103:02 11538330                  /usr/lib/x86_64-linux-gnu/libpthread-2.28.so
7fa6a32b9000-7fa6a32bd000 rw-p 00000000 00:00 0 
7fa6a32bd000-7fa6a32d9000 r-xp 00000000 103:02 11539641                  /usr/lib/x86_64-linux-gnu/libz.so.1.2.11
7fa6a32d9000-7fa6a34d9000 ---p 0001c000 103:02 11539641                  /usr/lib/x86_64-linux-gnu/libz.so.1.2.11
7fa6a34d9000-7fa6a34da000 r--p 0001c000 103:02 11539641                  /usr/lib/x86_64-linux-gnu/libz.so.1.2.11
7fa6a34da000-7fa6a34db000 rw-p 0001d000 103:02 11539641                  /usr/lib/x86_64-linux-gnu/libz.so.1.2.11
7fa6a34db000-7fa6a34dd000 rw-p 00000000 00:00 0 
7fa6a34dd000-7fa6a34de000 r--p 00000000 103:02 12193064                  /usr/lib/locale/ko_KR.utf8/LC_IDENTIFICATION
7fa6a34de000-7fa6a34e6000 rw-s 00000000 103:02 6298184                   /tmp/hsperfdata_root/16668
7fa6a34e6000-7fa6a34e9000 r--p 00000000 103:02 11538318                  /usr/lib/x86_64-linux-gnu/libnss_files-2.28.so
7fa6a34e9000-7fa6a34f0000 r-xp 00003000 103:02 11538318                  /usr/lib/x86_64-linux-gnu/libnss_files-2.28.so
7fa6a34f0000-7fa6a34f2000 r--p 0000a000 103:02 11538318                  /usr/lib/x86_64-linux-gnu/libnss_files-2.28.so
7fa6a34f2000-7fa6a34f3000 ---p 0000c000 103:02 11538318                  /usr/lib/x86_64-linux-gnu/libnss_files-2.28.so
7fa6a34f3000-7fa6a34f4000 r--p 0000c000 103:02 11538318                  /usr/lib/x86_64-linux-gnu/libnss_files-2.28.so
7fa6a34f4000-7fa6a34f5000 rw-p 0000d000 103:02 11538318                  /usr/lib/x86_64-linux-gnu/libnss_files-2.28.so
7fa6a34f5000-7fa6a34fb000 rw-p 00000000 00:00 0 
7fa6a34fb000-7fa6a34fc000 ---p 00000000 00:00 0 
7fa6a34fc000-7fa6a34fd000 r--p 00000000 00:00 0 
7fa6a34fd000-7fa6a3502000 r--p 00000000 103:02 12060940                  /usr/lib/jvm/java-11-openjdk-amd64/lib/libverify.so
7fa6a3502000-7fa6a3509000 r-xp 00005000 103:02 12060940                  /usr/lib/jvm/java-11-openjdk-amd64/lib/libverify.so
7fa6a3509000-7fa6a350b000 r--p 0000c000 103:02 12060940                  /usr/lib/jvm/java-11-openjdk-amd64/lib/libverify.so
7fa6a350b000-7fa6a350d000 r--p 0000d000 103:02 12060940                  /usr/lib/jvm/java-11-openjdk-amd64/lib/libverify.so
7fa6a350d000-7fa6a350e000 rw-p 0000f000 103:02 12060940                  /usr/lib/jvm/java-11-openjdk-amd64/lib/libverify.so
7fa6a350e000-7fa6a350f000 r--p 00000000 103:02 11536842                  /usr/lib/x86_64-linux-gnu/ld-2.28.so
7fa6a350f000-7fa6a352d000 r-xp 00001000 103:02 11536842                  /usr/lib/x86_64-linux-gnu/ld-2.28.so
7fa6a352d000-7fa6a3535000 r--p 0001f000 103:02 11536842                  /usr/lib/x86_64-linux-gnu/ld-2.28.so
7fa6a3535000-7fa6a3536000 r--p 00026000 103:02 11536842                  /usr/lib/x86_64-linux-gnu/ld-2.28.so
7fa6a3536000-7fa6a3537000 rw-p 00027000 103:02 11536842                  /usr/lib/x86_64-linux-gnu/ld-2.28.so
7fa6a3537000-7fa6a3538000 rw-p 00000000 00:00 0 
7ffe92036000-7ffe92058000 rw-p 00000000 00:00 0                          [stack]
7ffe921f7000-7ffe921fa000 r--p 00000000 00:00 0                          [vvar]
7ffe921fa000-7ffe921fc000 r-xp 00000000 00:00 0                          [vdso]


VM Arguments:
jvm_args: -agentlib:jdwp=transport=dt_socket,server=n,suspend=y,address=localhost:46447 -Dfile.encoding=UTF-8 
java_command: com.recognizer.Recognizer
java_class_path (initial): /inz/git/number-plate-recognizer/target/classes:/root/.m2/repository/net/java/dev/jna/jna/5.2.0/jna-5.2.0.jar:/root/.m2/repository/com/github/jai-imageio/jai-imageio-core/1.4.0/jai-imageio-core-1.4.0.jar:/root/.m2/repository/org/ghost4j/ghost4j/1.0.1/ghost4j-1.0.1.jar:/root/.m2/repository/log4j/log4j/1.2.17/log4j-1.2.17.jar:/root/.m2/repository/commons-beanutils/commons-beanutils/1.9.2/commons-beanutils-1.9.2.jar:/root/.m2/repository/commons-collections/commons-collections/3.2.1/commons-collections-3.2.1.jar:/root/.m2/repository/org/apache/xmlgraphics/xmlgraphics-commons/1.4/xmlgraphics-commons-1.4.jar:/root/.m2/repository/com/lowagie/itext/2.1.7/itext-2.1.7.jar:/root/.m2/repository/org/apache/pdfbox/pdfbox/2.0.14/pdfbox-2.0.14.jar:/root/.m2/repository/org/apache/pdfbox/fontbox/2.0.14/fontbox-2.0.14.jar:/root/.m2/repository/commons-logging/commons-logging/1.2/commons-logging-1.2.jar:/root/.m2/repository/org/apache/pdfbox/pdfbox-tools/2.0.14/pdfbox-tools-2.0.14.jar:/root/.m2/repository/org/apache/pdfbox/pdfbox-debugger/2.0.14/pdfbox-debugger-2.0.14.jar:/root/.m2/repository/org/apache/pdfbox/jbig2-imageio/3.0.2/jbig2-imageio-3.0.2.jar:/root/.m2/repository/commons-io/commons-io/2.6/commons-io-2.6.jar:/root/.m2/repository/net/sourceforge/lept4j/lept4j/1.12.0/lept4j-1.12.0.jar:/root/.m2/repository/org/jboss/jboss-vfs/3.2.14.Final/jboss-vfs-3.2.14.Final.jar:/root/.m2/repository/org/jboss/logging/jboss-logging/3.1.4.GA/jboss-logging-3.1.4.GA.jar:/root/.m2/repository/ch/qos/logback/logback-classic/1.2.3/logback-classic-1.2.3.jar:/root/.m2/repository/ch/qos/logback/logback-core/1.2.3/logback-core-1.2.3.jar:/root/.m2/repository/org/slf4j/slf4j-api/1.7.25/slf4j-api-1.7.25.jar:/root/.m2/repository/org/slf4j/jul-to-slf4j/1.7.26/jul-to-slf4j-1.7.26.jar:/root/.m2/repository/org/slf4j/jcl-over-slf4j/1.7.26/jcl-over-slf4j-1.7.26.jar:/root/.m2/repository/org/slf4j/log4j-over-slf4j/1.7.26/log4j-over-slf4j-1.7.26.jar
Launcher Type: SUN_STANDARD

[Global flags]
     intx CICompilerCount                          = 4                                         {product} {ergonomic}
     uint ConcGCThreads                            = 2                                         {product} {ergonomic}
     uint G1ConcRefinementThreads                  = 8                                         {product} {ergonomic}
   size_t G1HeapRegionSize                         = 1048576                                   {product} {ergonomic}
    uintx GCDrainStackTargetSize                   = 64                                        {product} {ergonomic}
   size_t InitialHeapSize                          = 197132288                                 {product} {ergonomic}
   size_t MarkStackSize                            = 4194304                                   {product} {ergonomic}
   size_t MaxHeapSize                              = 3124756480                                {product} {ergonomic}
   size_t MaxNewSize                               = 1874853888                                {product} {ergonomic}
   size_t MinHeapDeltaBytes                        = 1048576                                   {product} {ergonomic}
    uintx NonNMethodCodeHeapSize                   = 5835340                                {pd product} {ergonomic}
    uintx NonProfiledCodeHeapSize                  = 122911450                              {pd product} {ergonomic}
    uintx ProfiledCodeHeapSize                     = 122911450                              {pd product} {ergonomic}
    uintx ReservedCodeCacheSize                    = 251658240                              {pd product} {ergonomic}
     bool SegmentedCodeCache                       = true                                      {product} {ergonomic}
     bool UseCompressedClassPointers               = true                                 {lp64_product} {ergonomic}
     bool UseCompressedOops                        = true                                 {lp64_product} {ergonomic}
     bool UseG1GC                                  = true                                      {product} {ergonomic}

Logging:
Log output configuration:
 #0: stdout all=warning uptime,level,tags
 #1: stderr all=off uptime,level,tags

Environment Variables:
JAVA_HOME=/usr/lib/jvm/java-11-openjdk-amd64
PATH=/bin/lscript:/bin/lscript:/usr/local/sbin:/usr/local/bin:/usr/sbin:/usr/bin:/sbin:/bin:/usr/lib/jvm/java-11-openjdk-amd64/bin:/usr/share/ant/bin
USERNAME=root
SHELL=/bin/bash
DISPLAY=:1

Signal Handlers:
SIGSEGV: [libjvm.so+0xd19af0], sa_mask[0]=11111111011111111101111111111110, sa_flags=SA_RESTART|SA_SIGINFO
SIGBUS: [libjvm.so+0xd19af0], sa_mask[0]=11111111011111111101111111111110, sa_flags=SA_RESTART|SA_SIGINFO
SIGFPE: [libjvm.so+0xd19af0], sa_mask[0]=11111111011111111101111111111110, sa_flags=SA_RESTART|SA_SIGINFO
SIGPIPE: [libjvm.so+0xb21690], sa_mask[0]=11111111011111111101111111111110, sa_flags=SA_RESTART|SA_SIGINFO
SIGXFSZ: [libjvm.so+0xb21690], sa_mask[0]=11111111011111111101111111111110, sa_flags=SA_RESTART|SA_SIGINFO
SIGILL: [libjvm.so+0xd19af0], sa_mask[0]=11111111011111111101111111111110, sa_flags=SA_RESTART|SA_SIGINFO
SIGUSR2: [libjvm.so+0xb21520], sa_mask[0]=00000000000000000000000000000000, sa_flags=SA_RESTART|SA_SIGINFO
SIGHUP: [libjvm.so+0xb21a90], sa_mask[0]=11111111011111111101111111111110, sa_flags=SA_RESTART|SA_SIGINFO
SIGINT: [libjvm.so+0xb21a90], sa_mask[0]=11111111011111111101111111111110, sa_flags=SA_RESTART|SA_SIGINFO
SIGTERM: [libjvm.so+0xb21a90], sa_mask[0]=11111111011111111101111111111110, sa_flags=SA_RESTART|SA_SIGINFO
SIGQUIT: [libjvm.so+0xb21a90], sa_mask[0]=11111111011111111101111111111110, sa_flags=SA_RESTART|SA_SIGINFO


---------------  S Y S T E M  ---------------

OS:DISTRIB_ID=Kali
DISTRIB_RELEASE=kali-rolling
DISTRIB_CODENAME=kali-rolling
DISTRIB_DESCRIPTION="Kali GNU/Linux Rolling"
uname:Linux 4.19.0-kali4-amd64 #1 SMP Debian 4.19.28-2kali1 (2019-03-18) x86_64
libc:glibc 2.28 NPTL 2.28 
rlimit: STACK 8192k, CORE 0k, NPROC 47304, NOFILE 1048576, AS infinity, DATA infinity, FSIZE infinity
load average:2.34 1.46 1.21

/proc/meminfo:
MemTotal:       12204584 kB
MemFree:         3968380 kB
MemAvailable:    8303208 kB
Buffers:          530452 kB
Cached:          4175216 kB
SwapCached:            0 kB
Active:          4993580 kB
Inactive:        2501448 kB
Active(anon):    2730188 kB
Inactive(anon):   530588 kB
Active(file):    2263392 kB
Inactive(file):  1970860 kB
Unevictable:          32 kB
Mlocked:              32 kB
SwapTotal:      12489724 kB
SwapFree:       12489724 kB
Dirty:             65772 kB
Writeback:             0 kB
AnonPages:       2676916 kB
Mapped:           767404 kB
Shmem:            549468 kB
Slab:             575896 kB
SReclaimable:     424628 kB
SUnreclaim:       151268 kB
KernelStack:       15328 kB
PageTables:        34512 kB
NFS_Unstable:          0 kB
Bounce:                0 kB
WritebackTmp:          0 kB
CommitLimit:    18592016 kB
Committed_AS:   10771356 kB
VmallocTotal:   34359738367 kB
VmallocUsed:           0 kB
VmallocChunk:          0 kB
Percpu:             3744 kB
HardwareCorrupted:     0 kB
AnonHugePages:    968704 kB
ShmemHugePages:        0 kB
ShmemPmdMapped:        0 kB
HugePages_Total:       0
HugePages_Free:        0
HugePages_Rsvd:        0
HugePages_Surp:        0
Hugepagesize:       2048 kB
Hugetlb:               0 kB
DirectMap4k:      312948 kB
DirectMap2M:    12177408 kB
DirectMap1G:           0 kB


/proc/sys/kernel/threads-max (system-wide limit on the number of threads):
94608


/proc/sys/vm/max_map_count (maximum number of memory map areas a process may have):
65530


/proc/sys/kernel/pid_max (system-wide limit on number of process identifiers):
32768



container (cgroup) information:
container_type: cgroupv1
cpu_cpuset_cpus: 0-7
cpu_memory_nodes: 0
active_processor_count: 8
cpu_quota: -1
cpu_period: 100000
cpu_shares: -1
memory_limit_in_bytes: -1
memory_and_swap_limit_in_bytes: -2
memory_soft_limit_in_bytes: -1
memory_usage_in_bytes: 4938772480
memory_max_usage_in_bytes: 6285438976


CPU:total 8 (initial active 8) (4 cores per cpu, 2 threads per core) family 6 model 142 stepping 10, cmov, cx8, fxsr, mmx, sse, sse2, sse3, ssse3, sse4.1, sse4.2, popcnt, avx, avx2, aes, clmul, erms, 3dnowpref, lzcnt, ht, tsc, tscinvbit, bmi1, bmi2, adx, fma
CPU Model and flags from /proc/cpuinfo:
model name	: Intel(R) Core(TM) i7-8550U CPU @ 1.80GHz
flags		: fpu vme de pse tsc msr pae mce cx8 apic sep mtrr pge mca cmov pat pse36 clflush dts acpi mmx fxsr sse sse2 ss ht tm pbe syscall nx pdpe1gb rdtscp lm constant_tsc art arch_perfmon pebs bts rep_good nopl xtopology nonstop_tsc cpuid aperfmperf tsc_known_freq pni pclmulqdq dtes64 monitor ds_cpl vmx est tm2 ssse3 sdbg fma cx16 xtpr pdcm pcid sse4_1 sse4_2 x2apic movbe popcnt tsc_deadline_timer aes xsave avx f16c rdrand lahf_lm abm 3dnowprefetch cpuid_fault epb invpcid_single pti ssbd ibrs ibpb stibp tpr_shadow vnmi flexpriority ept vpid ept_ad fsgsbase tsc_adjust bmi1 avx2 smep bmi2 erms invpcid mpx rdseed adx smap clflushopt intel_pt xsaveopt xsavec xgetbv1 xsaves dtherm ida arat pln pts hwp hwp_notify hwp_act_window hwp_epp flush_l1d

Memory: 4k page, physical 12204584k(3968380k free), swap 12489724k(12489724k free)

vm_info: OpenJDK 64-Bit Server VM (11.0.3+1-Debian-1) for linux-amd64 JRE (11.0.3+1-Debian-1), built on Feb 27 2019 14:44:14 by "buildd" with gcc 8.2.0

END.
