#
# A fatal error has been detected by the Java Runtime Environment:
#
#  SIGSEGV (0xb) at pc=0x00007fd2717419d2, pid=16800, tid=16801
#
# JRE version: OpenJDK Runtime Environment (11.0.3+1) (build 11.0.3+1-Debian-1)
# Java VM: OpenJDK 64-Bit Server VM (11.0.3+1-Debian-1, mixed mode, sharing, tiered, compressed oops, g1 gc, linux-amd64)
# Problematic frame:
# C  [libtesseract.so.4.0.0+0x27c9d2]  ERRCODE::error(char const*, TessErrorLogCode, char const*, ...) const+0x1c2
#
# No core dump will be written. Core dumps have been disabled. To enable core dumping, try "ulimit -c unlimited" before starting Java again
#
# If you would like to submit a bug report, please visit:
#   http://bugreport.java.com/bugreport/crash.jsp
# The crash happened outside the Java Virtual Machine in native code.
# See problematic frame for where to report the bug.
#

---------------  S U M M A R Y ------------

Command Line: -agentlib:jdwp=transport=dt_socket,server=n,suspend=y,address=localhost:42435 -Dfile.encoding=UTF-8 com.recognizer.Recognizer

Host: Intel(R) Core(TM) i7-8550U CPU @ 1.80GHz, 8 cores, 11G, Kali GNU/Linux Rolling
Time: Fri Apr  5 19:58:25 2019 KST elapsed time: 0 seconds (0d 0h 0m 0s)

---------------  T H R E A D  ---------------

Current thread (0x00007fd2a4012800):  JavaThread "main" [_thread_in_native, id=16801, stack(0x00007fd2aa517000,0x00007fd2aa618000)]

Stack: [0x00007fd2aa517000,0x00007fd2aa618000],  sp=0x00007fd2aa615410,  free space=1017k
Native frames: (J=compiled Java code, A=aot compiled Java code, j=interpreted, Vv=VM code, C=native code)
C  [libtesseract.so.4.0.0+0x27c9d2]  ERRCODE::error(char const*, TessErrorLogCode, char const*, ...) const+0x1c2

Java frames: (J=compiled Java code, j=interpreted, Vv=VM code)
j  com.sun.jna.Native.invokePointer(Lcom/sun/jna/Function;JI[Ljava/lang/Object;)J+0
j  com.sun.jna.Function.invokePointer(I[Ljava/lang/Object;)Lcom/sun/jna/Pointer;+7
j  com.sun.jna.Function.invoke([Ljava/lang/Object;Ljava/lang/Class;ZI)Ljava/lang/Object;+385
j  com.sun.jna.Function.invoke(Ljava/lang/reflect/Method;[Ljava/lang/Class;Ljava/lang/Class;[Ljava/lang/Object;Ljava/util/Map;)Ljava/lang/Object;+271
j  com.sun.jna.Library$Handler.invoke(Ljava/lang/Object;Ljava/lang/reflect/Method;[Ljava/lang/Object;)Ljava/lang/Object;+344
j  com.sun.proxy.$Proxy0.TessBaseAPICreate()Lnet/sourceforge/tess4j/ITessAPI$TessBaseAPI;+9
j  net.sourceforge.tess4j.Tesseract.init()V+12
j  net.sourceforge.tess4j.Tesseract.doOCR(Ljava/io/File;Ljava/awt/Rectangle;)Ljava/lang/String;+87
j  net.sourceforge.tess4j.Tesseract.doOCR(Ljava/io/File;)Ljava/lang/String;+3
j  com.recognizer.Recognizer.main([Ljava/lang/String;)V+29
v  ~StubRoutines::call_stub

siginfo: si_signo: 11 (SIGSEGV), si_code: 1 (SEGV_MAPERR), si_addr: 0x0000000000000000

Register to memory mapping:

RAX=0x0000000000000047 is an unknown value
RBX=0x00007fd2aa615459 is pointing into the stack for thread: 0x00007fd2a4012800
RCX=0x0 is NULL
RDX=0x00007fd2abc098b0: <offset 0x00000000001bd8b0> in /lib/x86_64-linux-gnu/libc.so.6 at 0x00007fd2aba4c000
RSP=0x00007fd2aa615410 is pointing into the stack for thread: 0x00007fd2a4012800
RBP=0x0000000000000002 is an unknown value
RSI=0x0000000000000047 is an unknown value
RDI=0x0 is NULL
R8 =0x0 is NULL
R9 =0x00007fd2abbc6e80: <offset 0x000000000017ae80> in /lib/x86_64-linux-gnu/libc.so.6 at 0x00007fd2aba4c000
R10=0x0 is NULL
R11=0x0 is NULL
R12=0x00007fd2aa615430 is pointing into the stack for thread: 0x00007fd2a4012800
R13=0x00007fd271752080: <offset 0x000000000028d080> in /usr/lib/x86_64-linux-gnu/libtesseract.so.4.0.0 at 0x00007fd2714c5000
R14=0x00007fd27180b480: <offset 0x0000000000346480> in /usr/lib/x86_64-linux-gnu/libtesseract.so.4.0.0 at 0x00007fd2714c5000
R15=0x00007fd2aa615a70 is pointing into the stack for thread: 0x00007fd2a4012800


Registers:
RAX=0x0000000000000047, RBX=0x00007fd2aa615459, RCX=0x0000000000000000, RDX=0x00007fd2abc098b0
RSP=0x00007fd2aa615410, RBP=0x0000000000000002, RSI=0x0000000000000047, RDI=0x0000000000000000
R8 =0x0000000000000000, R9 =0x00007fd2abbc6e80, R10=0x0000000000000000, R11=0x0000000000000000
R12=0x00007fd2aa615430, R13=0x00007fd271752080, R14=0x00007fd27180b480, R15=0x00007fd2aa615a70
RIP=0x00007fd2717419d2, EFLAGS=0x0000000000010246, CSGSFS=0x002b000000000033, ERR=0x0000000000000006
  TRAPNO=0x000000000000000e

Top of Stack: (sp=0x00007fd2aa615410)
0x00007fd2aa615410:   0000000750580750 0000003000000030
0x00007fd2aa615420:   00007fd2aa615920 00007fd2aa615840
0x00007fd2aa615430:   28706d6372747321 202c656c61636f6c
0x00007fd2aa615440:   7272453a29224322 72657373413a726f 

Instructions: (pc=0x00007fd2717419d2)
0x00007fd2717419b2:   31 00 e8 57 fe ff ff eb b7 0f 1f 44 00 00 b8 0a
0x00007fd2717419c2:   00 00 00 66 89 03 e9 7c ff ff ff e8 9e da e1 ff
0x00007fd2717419d2:   c7 04 25 00 00 00 00 00 00 00 00 0f 0b 90 48 8b
0x00007fd2717419e2:   36 48 8b 3f e9 65 e2 e1 ff 90 0f 1f 40 00 41 54 

Stack slot to memory mapping:
stack at sp + 0 slots: 0x0000000750580750 points into unknown readable memory: 01 00 00 00 00 00 00 00
stack at sp + 1 slots: 0x0000003000000030 is an unknown value
stack at sp + 2 slots: 0x00007fd2aa615920 is pointing into the stack for thread: 0x00007fd2a4012800
stack at sp + 3 slots: 0x00007fd2aa615840 is pointing into the stack for thread: 0x00007fd2a4012800
stack at sp + 4 slots: 0x28706d6372747321 is an unknown value
stack at sp + 5 slots: 0x202c656c61636f6c is an unknown value
stack at sp + 6 slots: 0x7272453a29224322 is an unknown value
stack at sp + 7 slots: 0x72657373413a726f is an unknown value


---------------  P R O C E S S  ---------------

Threads class SMR info:
_java_thread_list=0x00007fd25030b390, length=16, elements={
0x00007fd2a4012800, 0x00007fd2a416f800, 0x00007fd2a4171800, 0x00007fd2a417b000,
0x00007fd2a417d000, 0x00007fd2a417f000, 0x00007fd2a4181000, 0x00007fd2a41e5800,
0x00007fd2a41e9000, 0x00007fd248001800, 0x00007fd2a41eb000, 0x00007fd2a41f4800,
0x00007fd2502bf800, 0x00007fd2a4556000, 0x00007fd2a45ae000, 0x00007fd250309800
}

Java Threads: ( => current thread )
=>0x00007fd2a4012800 JavaThread "main" [_thread_in_native, id=16801, stack(0x00007fd2aa517000,0x00007fd2aa618000)]
  0x00007fd2a416f800 JavaThread "Reference Handler" daemon [_thread_blocked, id=16808, stack(0x00007fd28c170000,0x00007fd28c271000)]
  0x00007fd2a4171800 JavaThread "Finalizer" daemon [_thread_blocked, id=16809, stack(0x00007fd28c06f000,0x00007fd28c170000)]
  0x00007fd2a417b000 JavaThread "Signal Dispatcher" daemon [_thread_blocked, id=16810, stack(0x00007fd28009b000,0x00007fd28019c000)]
  0x00007fd2a417d000 JavaThread "C2 CompilerThread0" daemon [_thread_blocked, id=16811, stack(0x00007fd2736ff000,0x00007fd273800000)]
  0x00007fd2a417f000 JavaThread "C1 CompilerThread0" daemon [_thread_blocked, id=16812, stack(0x00007fd2735fe000,0x00007fd2736ff000)]
  0x00007fd2a4181000 JavaThread "Sweeper thread" daemon [_thread_blocked, id=16813, stack(0x00007fd2734fd000,0x00007fd2735fe000)]
  0x00007fd2a41e5800 JavaThread "JDWP Transport Listener: dt_socket" daemon [_thread_blocked, id=16815, stack(0x00007fd2733fc000,0x00007fd2734fd000)]
  0x00007fd2a41e9000 JavaThread "JDWP Event Helper Thread" daemon [_thread_blocked, id=16817, stack(0x00007fd2732fb000,0x00007fd2733fc000)]
  0x00007fd248001800 JavaThread "JDWP Command Reader" daemon [_thread_in_native, id=16819, stack(0x00007fd2731fa000,0x00007fd2732fb000)]
  0x00007fd2a41eb000 JavaThread "Service Thread" daemon [_thread_blocked, id=16822, stack(0x00007fd2730f9000,0x00007fd2731fa000)]
  0x00007fd2a41f4800 JavaThread "Common-Cleaner" daemon [_thread_blocked, id=16824, stack(0x00007fd272ef6000,0x00007fd272ff7000)]
  0x00007fd2502bf800 JavaThread "C2 CompilerThread1" daemon [_thread_blocked, id=16825, stack(0x00007fd272df5000,0x00007fd272ef6000)]
  0x00007fd2a4556000 JavaThread "Java2D Disposer" daemon [_thread_blocked, id=16826, stack(0x00007fd271e32000,0x00007fd271f33000)]
  0x00007fd2a45ae000 JavaThread "process reaper" daemon [_thread_blocked, id=16828, stack(0x00007fd272d03000,0x00007fd272d25000)]
  0x00007fd250309800 JavaThread "C2 CompilerThread2" daemon [_thread_blocked, id=16829, stack(0x00007fd271b18000,0x00007fd271c19000)]

Other Threads:
  0x00007fd2a416c800 VMThread "VM Thread" [stack: 0x00007fd28c273000,0x00007fd28c373000] [id=16807]
  0x00007fd2a41ed800 WatcherThread [stack: 0x00007fd272ff9000,0x00007fd2730f9000] [id=16823]
  0x00007fd2a4028800 GCTaskThread "GC Thread#0" [stack: 0x00007fd2aa1ae000,0x00007fd2aa2ae000] [id=16802]
  0x00007fd2a4070000 ConcurrentGCThread "G1 Main Marker" [stack: 0x00007fd2a866d000,0x00007fd2a876d000] [id=16803]
  0x00007fd2a4072000 ConcurrentGCThread "G1 Conc#0" [stack: 0x00007fd2a856b000,0x00007fd2a866b000] [id=16804]
  0x00007fd2a4135000 ConcurrentGCThread "G1 Refine#0" [stack: 0x00007fd28c57b000,0x00007fd28c67b000] [id=16805]
  0x00007fd2a4136800 ConcurrentGCThread "G1 Young RemSet Sampling" [stack: 0x00007fd28c479000,0x00007fd28c579000] [id=16806]

Threads with active compile tasks:

VM state:not at safepoint (normal execution)

VM Mutex/Monitor currently owned by a thread: None

Heap address: 0x0000000745c00000, size: 2980 MB, Compressed Oops mode: Zero based, Oop shift amount: 3
Narrow klass base: 0x0000000800000000, Narrow klass shift: 3
Compressed class space size: 1073741824 Address: 0x0000000840000000

Heap:
 garbage-first heap   total 194560K, used 18040K [0x0000000745c00000, 0x0000000800000000)
  region size 1024K, 19 young (19456K), 0 survivors (0K)
 Metaspace       used 6790K, capacity 7094K, committed 7296K, reserved 1056768K
  class space    used 748K, capacity 846K, committed 896K, reserved 1048576K
Heap Regions: E=young(eden), S=young(survivor), O=old, HS=humongous(starts), HC=humongous(continues), CS=collection set, F=free, A=archive, TAMS=top-at-mark-start (previous, next)
|   0|0x0000000745c00000, 0x0000000745c00000, 0x0000000745d00000|  0%| F|  |TAMS 0x0000000745c00000, 0x0000000745c00000| Untracked 
|   1|0x0000000745d00000, 0x0000000745d00000, 0x0000000745e00000|  0%| F|  |TAMS 0x0000000745d00000, 0x0000000745d00000| Untracked 
|   2|0x0000000745e00000, 0x0000000745e00000, 0x0000000745f00000|  0%| F|  |TAMS 0x0000000745e00000, 0x0000000745e00000| Untracked 
|   3|0x0000000745f00000, 0x0000000745f00000, 0x0000000746000000|  0%| F|  |TAMS 0x0000000745f00000, 0x0000000745f00000| Untracked 
|   4|0x0000000746000000, 0x0000000746000000, 0x0000000746100000|  0%| F|  |TAMS 0x0000000746000000, 0x0000000746000000| Untracked 
|   5|0x0000000746100000, 0x0000000746100000, 0x0000000746200000|  0%| F|  |TAMS 0x0000000746100000, 0x0000000746100000| Untracked 
|   6|0x0000000746200000, 0x0000000746200000, 0x0000000746300000|  0%| F|  |TAMS 0x0000000746200000, 0x0000000746200000| Untracked 
|   7|0x0000000746300000, 0x0000000746300000, 0x0000000746400000|  0%| F|  |TAMS 0x0000000746300000, 0x0000000746300000| Untracked 
|   8|0x0000000746400000, 0x0000000746400000, 0x0000000746500000|  0%| F|  |TAMS 0x0000000746400000, 0x0000000746400000| Untracked 
|   9|0x0000000746500000, 0x0000000746500000, 0x0000000746600000|  0%| F|  |TAMS 0x0000000746500000, 0x0000000746500000| Untracked 
|  10|0x0000000746600000, 0x0000000746600000, 0x0000000746700000|  0%| F|  |TAMS 0x0000000746600000, 0x0000000746600000| Untracked 
|  11|0x0000000746700000, 0x0000000746700000, 0x0000000746800000|  0%| F|  |TAMS 0x0000000746700000, 0x0000000746700000| Untracked 
|  12|0x0000000746800000, 0x0000000746800000, 0x0000000746900000|  0%| F|  |TAMS 0x0000000746800000, 0x0000000746800000| Untracked 
|  13|0x0000000746900000, 0x0000000746900000, 0x0000000746a00000|  0%| F|  |TAMS 0x0000000746900000, 0x0000000746900000| Untracked 
|  14|0x0000000746a00000, 0x0000000746a00000, 0x0000000746b00000|  0%| F|  |TAMS 0x0000000746a00000, 0x0000000746a00000| Untracked 
|  15|0x0000000746b00000, 0x0000000746b00000, 0x0000000746c00000|  0%| F|  |TAMS 0x0000000746b00000, 0x0000000746b00000| Untracked 
|  16|0x0000000746c00000, 0x0000000746c00000, 0x0000000746d00000|  0%| F|  |TAMS 0x0000000746c00000, 0x0000000746c00000| Untracked 
|  17|0x0000000746d00000, 0x0000000746d00000, 0x0000000746e00000|  0%| F|  |TAMS 0x0000000746d00000, 0x0000000746d00000| Untracked 
|  18|0x0000000746e00000, 0x0000000746e00000, 0x0000000746f00000|  0%| F|  |TAMS 0x0000000746e00000, 0x0000000746e00000| Untracked 
|  19|0x0000000746f00000, 0x0000000746f00000, 0x0000000747000000|  0%| F|  |TAMS 0x0000000746f00000, 0x0000000746f00000| Untracked 
|  20|0x0000000747000000, 0x0000000747000000, 0x0000000747100000|  0%| F|  |TAMS 0x0000000747000000, 0x0000000747000000| Untracked 
|  21|0x0000000747100000, 0x0000000747100000, 0x0000000747200000|  0%| F|  |TAMS 0x0000000747100000, 0x0000000747100000| Untracked 
|  22|0x0000000747200000, 0x0000000747200000, 0x0000000747300000|  0%| F|  |TAMS 0x0000000747200000, 0x0000000747200000| Untracked 
|  23|0x0000000747300000, 0x0000000747300000, 0x0000000747400000|  0%| F|  |TAMS 0x0000000747300000, 0x0000000747300000| Untracked 
|  24|0x0000000747400000, 0x0000000747400000, 0x0000000747500000|  0%| F|  |TAMS 0x0000000747400000, 0x0000000747400000| Untracked 
|  25|0x0000000747500000, 0x0000000747500000, 0x0000000747600000|  0%| F|  |TAMS 0x0000000747500000, 0x0000000747500000| Untracked 
|  26|0x0000000747600000, 0x0000000747600000, 0x0000000747700000|  0%| F|  |TAMS 0x0000000747600000, 0x0000000747600000| Untracked 
|  27|0x0000000747700000, 0x0000000747700000, 0x0000000747800000|  0%| F|  |TAMS 0x0000000747700000, 0x0000000747700000| Untracked 
|  28|0x0000000747800000, 0x0000000747800000, 0x0000000747900000|  0%| F|  |TAMS 0x0000000747800000, 0x0000000747800000| Untracked 
|  29|0x0000000747900000, 0x0000000747900000, 0x0000000747a00000|  0%| F|  |TAMS 0x0000000747900000, 0x0000000747900000| Untracked 
|  30|0x0000000747a00000, 0x0000000747a00000, 0x0000000747b00000|  0%| F|  |TAMS 0x0000000747a00000, 0x0000000747a00000| Untracked 
|  31|0x0000000747b00000, 0x0000000747b00000, 0x0000000747c00000|  0%| F|  |TAMS 0x0000000747b00000, 0x0000000747b00000| Untracked 
|  32|0x0000000747c00000, 0x0000000747c00000, 0x0000000747d00000|  0%| F|  |TAMS 0x0000000747c00000, 0x0000000747c00000| Untracked 
|  33|0x0000000747d00000, 0x0000000747d00000, 0x0000000747e00000|  0%| F|  |TAMS 0x0000000747d00000, 0x0000000747d00000| Untracked 
|  34|0x0000000747e00000, 0x0000000747e00000, 0x0000000747f00000|  0%| F|  |TAMS 0x0000000747e00000, 0x0000000747e00000| Untracked 
|  35|0x0000000747f00000, 0x0000000747f00000, 0x0000000748000000|  0%| F|  |TAMS 0x0000000747f00000, 0x0000000747f00000| Untracked 
|  36|0x0000000748000000, 0x0000000748000000, 0x0000000748100000|  0%| F|  |TAMS 0x0000000748000000, 0x0000000748000000| Untracked 
|  37|0x0000000748100000, 0x0000000748100000, 0x0000000748200000|  0%| F|  |TAMS 0x0000000748100000, 0x0000000748100000| Untracked 
|  38|0x0000000748200000, 0x0000000748200000, 0x0000000748300000|  0%| F|  |TAMS 0x0000000748200000, 0x0000000748200000| Untracked 
|  39|0x0000000748300000, 0x0000000748300000, 0x0000000748400000|  0%| F|  |TAMS 0x0000000748300000, 0x0000000748300000| Untracked 
|  40|0x0000000748400000, 0x0000000748400000, 0x0000000748500000|  0%| F|  |TAMS 0x0000000748400000, 0x0000000748400000| Untracked 
|  41|0x0000000748500000, 0x0000000748500000, 0x0000000748600000|  0%| F|  |TAMS 0x0000000748500000, 0x0000000748500000| Untracked 
|  42|0x0000000748600000, 0x0000000748600000, 0x0000000748700000|  0%| F|  |TAMS 0x0000000748600000, 0x0000000748600000| Untracked 
|  43|0x0000000748700000, 0x0000000748700000, 0x0000000748800000|  0%| F|  |TAMS 0x0000000748700000, 0x0000000748700000| Untracked 
|  44|0x0000000748800000, 0x0000000748800000, 0x0000000748900000|  0%| F|  |TAMS 0x0000000748800000, 0x0000000748800000| Untracked 
|  45|0x0000000748900000, 0x0000000748900000, 0x0000000748a00000|  0%| F|  |TAMS 0x0000000748900000, 0x0000000748900000| Untracked 
|  46|0x0000000748a00000, 0x0000000748a00000, 0x0000000748b00000|  0%| F|  |TAMS 0x0000000748a00000, 0x0000000748a00000| Untracked 
|  47|0x0000000748b00000, 0x0000000748b00000, 0x0000000748c00000|  0%| F|  |TAMS 0x0000000748b00000, 0x0000000748b00000| Untracked 
|  48|0x0000000748c00000, 0x0000000748c00000, 0x0000000748d00000|  0%| F|  |TAMS 0x0000000748c00000, 0x0000000748c00000| Untracked 
|  49|0x0000000748d00000, 0x0000000748d00000, 0x0000000748e00000|  0%| F|  |TAMS 0x0000000748d00000, 0x0000000748d00000| Untracked 
|  50|0x0000000748e00000, 0x0000000748e00000, 0x0000000748f00000|  0%| F|  |TAMS 0x0000000748e00000, 0x0000000748e00000| Untracked 
|  51|0x0000000748f00000, 0x0000000748f00000, 0x0000000749000000|  0%| F|  |TAMS 0x0000000748f00000, 0x0000000748f00000| Untracked 
|  52|0x0000000749000000, 0x0000000749000000, 0x0000000749100000|  0%| F|  |TAMS 0x0000000749000000, 0x0000000749000000| Untracked 
|  53|0x0000000749100000, 0x0000000749100000, 0x0000000749200000|  0%| F|  |TAMS 0x0000000749100000, 0x0000000749100000| Untracked 
|  54|0x0000000749200000, 0x0000000749200000, 0x0000000749300000|  0%| F|  |TAMS 0x0000000749200000, 0x0000000749200000| Untracked 
|  55|0x0000000749300000, 0x0000000749300000, 0x0000000749400000|  0%| F|  |TAMS 0x0000000749300000, 0x0000000749300000| Untracked 
|  56|0x0000000749400000, 0x0000000749400000, 0x0000000749500000|  0%| F|  |TAMS 0x0000000749400000, 0x0000000749400000| Untracked 
|  57|0x0000000749500000, 0x0000000749500000, 0x0000000749600000|  0%| F|  |TAMS 0x0000000749500000, 0x0000000749500000| Untracked 
|  58|0x0000000749600000, 0x0000000749600000, 0x0000000749700000|  0%| F|  |TAMS 0x0000000749600000, 0x0000000749600000| Untracked 
|  59|0x0000000749700000, 0x0000000749700000, 0x0000000749800000|  0%| F|  |TAMS 0x0000000749700000, 0x0000000749700000| Untracked 
|  60|0x0000000749800000, 0x0000000749800000, 0x0000000749900000|  0%| F|  |TAMS 0x0000000749800000, 0x0000000749800000| Untracked 
|  61|0x0000000749900000, 0x0000000749900000, 0x0000000749a00000|  0%| F|  |TAMS 0x0000000749900000, 0x0000000749900000| Untracked 
|  62|0x0000000749a00000, 0x0000000749a00000, 0x0000000749b00000|  0%| F|  |TAMS 0x0000000749a00000, 0x0000000749a00000| Untracked 
|  63|0x0000000749b00000, 0x0000000749b00000, 0x0000000749c00000|  0%| F|  |TAMS 0x0000000749b00000, 0x0000000749b00000| Untracked 
|  64|0x0000000749c00000, 0x0000000749c00000, 0x0000000749d00000|  0%| F|  |TAMS 0x0000000749c00000, 0x0000000749c00000| Untracked 
|  65|0x0000000749d00000, 0x0000000749d00000, 0x0000000749e00000|  0%| F|  |TAMS 0x0000000749d00000, 0x0000000749d00000| Untracked 
|  66|0x0000000749e00000, 0x0000000749e00000, 0x0000000749f00000|  0%| F|  |TAMS 0x0000000749e00000, 0x0000000749e00000| Untracked 
|  67|0x0000000749f00000, 0x0000000749f00000, 0x000000074a000000|  0%| F|  |TAMS 0x0000000749f00000, 0x0000000749f00000| Untracked 
|  68|0x000000074a000000, 0x000000074a000000, 0x000000074a100000|  0%| F|  |TAMS 0x000000074a000000, 0x000000074a000000| Untracked 
|  69|0x000000074a100000, 0x000000074a100000, 0x000000074a200000|  0%| F|  |TAMS 0x000000074a100000, 0x000000074a100000| Untracked 
|  70|0x000000074a200000, 0x000000074a200000, 0x000000074a300000|  0%| F|  |TAMS 0x000000074a200000, 0x000000074a200000| Untracked 
|  71|0x000000074a300000, 0x000000074a300000, 0x000000074a400000|  0%| F|  |TAMS 0x000000074a300000, 0x000000074a300000| Untracked 
|  72|0x000000074a400000, 0x000000074a400000, 0x000000074a500000|  0%| F|  |TAMS 0x000000074a400000, 0x000000074a400000| Untracked 
|  73|0x000000074a500000, 0x000000074a500000, 0x000000074a600000|  0%| F|  |TAMS 0x000000074a500000, 0x000000074a500000| Untracked 
|  74|0x000000074a600000, 0x000000074a600000, 0x000000074a700000|  0%| F|  |TAMS 0x000000074a600000, 0x000000074a600000| Untracked 
|  75|0x000000074a700000, 0x000000074a700000, 0x000000074a800000|  0%| F|  |TAMS 0x000000074a700000, 0x000000074a700000| Untracked 
|  76|0x000000074a800000, 0x000000074a800000, 0x000000074a900000|  0%| F|  |TAMS 0x000000074a800000, 0x000000074a800000| Untracked 
|  77|0x000000074a900000, 0x000000074a900000, 0x000000074aa00000|  0%| F|  |TAMS 0x000000074a900000, 0x000000074a900000| Untracked 
|  78|0x000000074aa00000, 0x000000074aa00000, 0x000000074ab00000|  0%| F|  |TAMS 0x000000074aa00000, 0x000000074aa00000| Untracked 
|  79|0x000000074ab00000, 0x000000074ab00000, 0x000000074ac00000|  0%| F|  |TAMS 0x000000074ab00000, 0x000000074ab00000| Untracked 
|  80|0x000000074ac00000, 0x000000074ac00000, 0x000000074ad00000|  0%| F|  |TAMS 0x000000074ac00000, 0x000000074ac00000| Untracked 
|  81|0x000000074ad00000, 0x000000074ad00000, 0x000000074ae00000|  0%| F|  |TAMS 0x000000074ad00000, 0x000000074ad00000| Untracked 
|  82|0x000000074ae00000, 0x000000074ae00000, 0x000000074af00000|  0%| F|  |TAMS 0x000000074ae00000, 0x000000074ae00000| Untracked 
|  83|0x000000074af00000, 0x000000074af00000, 0x000000074b000000|  0%| F|  |TAMS 0x000000074af00000, 0x000000074af00000| Untracked 
|  84|0x000000074b000000, 0x000000074b000000, 0x000000074b100000|  0%| F|  |TAMS 0x000000074b000000, 0x000000074b000000| Untracked 
|  85|0x000000074b100000, 0x000000074b100000, 0x000000074b200000|  0%| F|  |TAMS 0x000000074b100000, 0x000000074b100000| Untracked 
|  86|0x000000074b200000, 0x000000074b200000, 0x000000074b300000|  0%| F|  |TAMS 0x000000074b200000, 0x000000074b200000| Untracked 
|  87|0x000000074b300000, 0x000000074b300000, 0x000000074b400000|  0%| F|  |TAMS 0x000000074b300000, 0x000000074b300000| Untracked 
|  88|0x000000074b400000, 0x000000074b400000, 0x000000074b500000|  0%| F|  |TAMS 0x000000074b400000, 0x000000074b400000| Untracked 
|  89|0x000000074b500000, 0x000000074b500000, 0x000000074b600000|  0%| F|  |TAMS 0x000000074b500000, 0x000000074b500000| Untracked 
|  90|0x000000074b600000, 0x000000074b600000, 0x000000074b700000|  0%| F|  |TAMS 0x000000074b600000, 0x000000074b600000| Untracked 
|  91|0x000000074b700000, 0x000000074b700000, 0x000000074b800000|  0%| F|  |TAMS 0x000000074b700000, 0x000000074b700000| Untracked 
|  92|0x000000074b800000, 0x000000074b800000, 0x000000074b900000|  0%| F|  |TAMS 0x000000074b800000, 0x000000074b800000| Untracked 
|  93|0x000000074b900000, 0x000000074b900000, 0x000000074ba00000|  0%| F|  |TAMS 0x000000074b900000, 0x000000074b900000| Untracked 
|  94|0x000000074ba00000, 0x000000074ba00000, 0x000000074bb00000|  0%| F|  |TAMS 0x000000074ba00000, 0x000000074ba00000| Untracked 
|  95|0x000000074bb00000, 0x000000074bb00000, 0x000000074bc00000|  0%| F|  |TAMS 0x000000074bb00000, 0x000000074bb00000| Untracked 
|  96|0x000000074bc00000, 0x000000074bc00000, 0x000000074bd00000|  0%| F|  |TAMS 0x000000074bc00000, 0x000000074bc00000| Untracked 
|  97|0x000000074bd00000, 0x000000074bd00000, 0x000000074be00000|  0%| F|  |TAMS 0x000000074bd00000, 0x000000074bd00000| Untracked 
|  98|0x000000074be00000, 0x000000074be00000, 0x000000074bf00000|  0%| F|  |TAMS 0x000000074be00000, 0x000000074be00000| Untracked 
|  99|0x000000074bf00000, 0x000000074bf00000, 0x000000074c000000|  0%| F|  |TAMS 0x000000074bf00000, 0x000000074bf00000| Untracked 
| 100|0x000000074c000000, 0x000000074c000000, 0x000000074c100000|  0%| F|  |TAMS 0x000000074c000000, 0x000000074c000000| Untracked 
| 101|0x000000074c100000, 0x000000074c100000, 0x000000074c200000|  0%| F|  |TAMS 0x000000074c100000, 0x000000074c100000| Untracked 
| 102|0x000000074c200000, 0x000000074c200000, 0x000000074c300000|  0%| F|  |TAMS 0x000000074c200000, 0x000000074c200000| Untracked 
| 103|0x000000074c300000, 0x000000074c300000, 0x000000074c400000|  0%| F|  |TAMS 0x000000074c300000, 0x000000074c300000| Untracked 
| 104|0x000000074c400000, 0x000000074c400000, 0x000000074c500000|  0%| F|  |TAMS 0x000000074c400000, 0x000000074c400000| Untracked 
| 105|0x000000074c500000, 0x000000074c500000, 0x000000074c600000|  0%| F|  |TAMS 0x000000074c500000, 0x000000074c500000| Untracked 
| 106|0x000000074c600000, 0x000000074c600000, 0x000000074c700000|  0%| F|  |TAMS 0x000000074c600000, 0x000000074c600000| Untracked 
| 107|0x000000074c700000, 0x000000074c700000, 0x000000074c800000|  0%| F|  |TAMS 0x000000074c700000, 0x000000074c700000| Untracked 
| 108|0x000000074c800000, 0x000000074c800000, 0x000000074c900000|  0%| F|  |TAMS 0x000000074c800000, 0x000000074c800000| Untracked 
| 109|0x000000074c900000, 0x000000074c900000, 0x000000074ca00000|  0%| F|  |TAMS 0x000000074c900000, 0x000000074c900000| Untracked 
| 110|0x000000074ca00000, 0x000000074ca00000, 0x000000074cb00000|  0%| F|  |TAMS 0x000000074ca00000, 0x000000074ca00000| Untracked 
| 111|0x000000074cb00000, 0x000000074cb00000, 0x000000074cc00000|  0%| F|  |TAMS 0x000000074cb00000, 0x000000074cb00000| Untracked 
| 112|0x000000074cc00000, 0x000000074cc00000, 0x000000074cd00000|  0%| F|  |TAMS 0x000000074cc00000, 0x000000074cc00000| Untracked 
| 113|0x000000074cd00000, 0x000000074cd00000, 0x000000074ce00000|  0%| F|  |TAMS 0x000000074cd00000, 0x000000074cd00000| Untracked 
| 114|0x000000074ce00000, 0x000000074ce00000, 0x000000074cf00000|  0%| F|  |TAMS 0x000000074ce00000, 0x000000074ce00000| Untracked 
| 115|0x000000074cf00000, 0x000000074cf00000, 0x000000074d000000|  0%| F|  |TAMS 0x000000074cf00000, 0x000000074cf00000| Untracked 
| 116|0x000000074d000000, 0x000000074d000000, 0x000000074d100000|  0%| F|  |TAMS 0x000000074d000000, 0x000000074d000000| Untracked 
| 117|0x000000074d100000, 0x000000074d100000, 0x000000074d200000|  0%| F|  |TAMS 0x000000074d100000, 0x000000074d100000| Untracked 
| 118|0x000000074d200000, 0x000000074d200000, 0x000000074d300000|  0%| F|  |TAMS 0x000000074d200000, 0x000000074d200000| Untracked 
| 119|0x000000074d300000, 0x000000074d300000, 0x000000074d400000|  0%| F|  |TAMS 0x000000074d300000, 0x000000074d300000| Untracked 
| 120|0x000000074d400000, 0x000000074d400000, 0x000000074d500000|  0%| F|  |TAMS 0x000000074d400000, 0x000000074d400000| Untracked 
| 121|0x000000074d500000, 0x000000074d500000, 0x000000074d600000|  0%| F|  |TAMS 0x000000074d500000, 0x000000074d500000| Untracked 
| 122|0x000000074d600000, 0x000000074d600000, 0x000000074d700000|  0%| F|  |TAMS 0x000000074d600000, 0x000000074d600000| Untracked 
| 123|0x000000074d700000, 0x000000074d700000, 0x000000074d800000|  0%| F|  |TAMS 0x000000074d700000, 0x000000074d700000| Untracked 
| 124|0x000000074d800000, 0x000000074d800000, 0x000000074d900000|  0%| F|  |TAMS 0x000000074d800000, 0x000000074d800000| Untracked 
| 125|0x000000074d900000, 0x000000074d900000, 0x000000074da00000|  0%| F|  |TAMS 0x000000074d900000, 0x000000074d900000| Untracked 
| 126|0x000000074da00000, 0x000000074da00000, 0x000000074db00000|  0%| F|  |TAMS 0x000000074da00000, 0x000000074da00000| Untracked 
| 127|0x000000074db00000, 0x000000074db00000, 0x000000074dc00000|  0%| F|  |TAMS 0x000000074db00000, 0x000000074db00000| Untracked 
| 128|0x000000074dc00000, 0x000000074dc00000, 0x000000074dd00000|  0%| F|  |TAMS 0x000000074dc00000, 0x000000074dc00000| Untracked 
| 129|0x000000074dd00000, 0x000000074dd00000, 0x000000074de00000|  0%| F|  |TAMS 0x000000074dd00000, 0x000000074dd00000| Untracked 
| 130|0x000000074de00000, 0x000000074de00000, 0x000000074df00000|  0%| F|  |TAMS 0x000000074de00000, 0x000000074de00000| Untracked 
| 131|0x000000074df00000, 0x000000074df00000, 0x000000074e000000|  0%| F|  |TAMS 0x000000074df00000, 0x000000074df00000| Untracked 
| 132|0x000000074e000000, 0x000000074e000000, 0x000000074e100000|  0%| F|  |TAMS 0x000000074e000000, 0x000000074e000000| Untracked 
| 133|0x000000074e100000, 0x000000074e100000, 0x000000074e200000|  0%| F|  |TAMS 0x000000074e100000, 0x000000074e100000| Untracked 
| 134|0x000000074e200000, 0x000000074e200000, 0x000000074e300000|  0%| F|  |TAMS 0x000000074e200000, 0x000000074e200000| Untracked 
| 135|0x000000074e300000, 0x000000074e300000, 0x000000074e400000|  0%| F|  |TAMS 0x000000074e300000, 0x000000074e300000| Untracked 
| 136|0x000000074e400000, 0x000000074e400000, 0x000000074e500000|  0%| F|  |TAMS 0x000000074e400000, 0x000000074e400000| Untracked 
| 137|0x000000074e500000, 0x000000074e500000, 0x000000074e600000|  0%| F|  |TAMS 0x000000074e500000, 0x000000074e500000| Untracked 
| 138|0x000000074e600000, 0x000000074e600000, 0x000000074e700000|  0%| F|  |TAMS 0x000000074e600000, 0x000000074e600000| Untracked 
| 139|0x000000074e700000, 0x000000074e700000, 0x000000074e800000|  0%| F|  |TAMS 0x000000074e700000, 0x000000074e700000| Untracked 
| 140|0x000000074e800000, 0x000000074e800000, 0x000000074e900000|  0%| F|  |TAMS 0x000000074e800000, 0x000000074e800000| Untracked 
| 141|0x000000074e900000, 0x000000074e900000, 0x000000074ea00000|  0%| F|  |TAMS 0x000000074e900000, 0x000000074e900000| Untracked 
| 142|0x000000074ea00000, 0x000000074ea00000, 0x000000074eb00000|  0%| F|  |TAMS 0x000000074ea00000, 0x000000074ea00000| Untracked 
| 143|0x000000074eb00000, 0x000000074eb00000, 0x000000074ec00000|  0%| F|  |TAMS 0x000000074eb00000, 0x000000074eb00000| Untracked 
| 144|0x000000074ec00000, 0x000000074ec00000, 0x000000074ed00000|  0%| F|  |TAMS 0x000000074ec00000, 0x000000074ec00000| Untracked 
| 145|0x000000074ed00000, 0x000000074ed00000, 0x000000074ee00000|  0%| F|  |TAMS 0x000000074ed00000, 0x000000074ed00000| Untracked 
| 146|0x000000074ee00000, 0x000000074ee00000, 0x000000074ef00000|  0%| F|  |TAMS 0x000000074ee00000, 0x000000074ee00000| Untracked 
| 147|0x000000074ef00000, 0x000000074ef00000, 0x000000074f000000|  0%| F|  |TAMS 0x000000074ef00000, 0x000000074ef00000| Untracked 
| 148|0x000000074f000000, 0x000000074f000000, 0x000000074f100000|  0%| F|  |TAMS 0x000000074f000000, 0x000000074f000000| Untracked 
| 149|0x000000074f100000, 0x000000074f100000, 0x000000074f200000|  0%| F|  |TAMS 0x000000074f100000, 0x000000074f100000| Untracked 
| 150|0x000000074f200000, 0x000000074f200000, 0x000000074f300000|  0%| F|  |TAMS 0x000000074f200000, 0x000000074f200000| Untracked 
| 151|0x000000074f300000, 0x000000074f300000, 0x000000074f400000|  0%| F|  |TAMS 0x000000074f300000, 0x000000074f300000| Untracked 
| 152|0x000000074f400000, 0x000000074f400000, 0x000000074f500000|  0%| F|  |TAMS 0x000000074f400000, 0x000000074f400000| Untracked 
| 153|0x000000074f500000, 0x000000074f500000, 0x000000074f600000|  0%| F|  |TAMS 0x000000074f500000, 0x000000074f500000| Untracked 
| 154|0x000000074f600000, 0x000000074f600000, 0x000000074f700000|  0%| F|  |TAMS 0x000000074f600000, 0x000000074f600000| Untracked 
| 155|0x000000074f700000, 0x000000074f700000, 0x000000074f800000|  0%| F|  |TAMS 0x000000074f700000, 0x000000074f700000| Untracked 
| 156|0x000000074f800000, 0x000000074f800000, 0x000000074f900000|  0%| F|  |TAMS 0x000000074f800000, 0x000000074f800000| Untracked 
| 157|0x000000074f900000, 0x000000074f900000, 0x000000074fa00000|  0%| F|  |TAMS 0x000000074f900000, 0x000000074f900000| Untracked 
| 158|0x000000074fa00000, 0x000000074fa00000, 0x000000074fb00000|  0%| F|  |TAMS 0x000000074fa00000, 0x000000074fa00000| Untracked 
| 159|0x000000074fb00000, 0x000000074fb00000, 0x000000074fc00000|  0%| F|  |TAMS 0x000000074fb00000, 0x000000074fb00000| Untracked 
| 160|0x000000074fc00000, 0x000000074fc00000, 0x000000074fd00000|  0%| F|  |TAMS 0x000000074fc00000, 0x000000074fc00000| Untracked 
| 161|0x000000074fd00000, 0x000000074fd00000, 0x000000074fe00000|  0%| F|  |TAMS 0x000000074fd00000, 0x000000074fd00000| Untracked 
| 162|0x000000074fe00000, 0x000000074fe00000, 0x000000074ff00000|  0%| F|  |TAMS 0x000000074fe00000, 0x000000074fe00000| Untracked 
| 163|0x000000074ff00000, 0x000000074ff00000, 0x0000000750000000|  0%| F|  |TAMS 0x000000074ff00000, 0x000000074ff00000| Untracked 
| 164|0x0000000750000000, 0x0000000750000000, 0x0000000750100000|  0%| F|  |TAMS 0x0000000750000000, 0x0000000750000000| Untracked 
| 165|0x0000000750100000, 0x0000000750100000, 0x0000000750200000|  0%| F|  |TAMS 0x0000000750100000, 0x0000000750100000| Untracked 
| 166|0x0000000750200000, 0x0000000750200000, 0x0000000750300000|  0%| F|  |TAMS 0x0000000750200000, 0x0000000750200000| Untracked 
| 167|0x0000000750300000, 0x0000000750300000, 0x0000000750400000|  0%| F|  |TAMS 0x0000000750300000, 0x0000000750300000| Untracked 
| 168|0x0000000750400000, 0x0000000750400000, 0x0000000750500000|  0%| F|  |TAMS 0x0000000750400000, 0x0000000750400000| Untracked 
| 169|0x0000000750500000, 0x00000007505f7118, 0x0000000750600000| 96%| E|  |TAMS 0x0000000750500000, 0x0000000750500000| Complete 
| 170|0x0000000750600000, 0x0000000750700000, 0x0000000750700000|100%| E|CS|TAMS 0x0000000750600000, 0x0000000750600000| Complete 
| 171|0x0000000750700000, 0x0000000750800000, 0x0000000750800000|100%| E|CS|TAMS 0x0000000750700000, 0x0000000750700000| Complete 
| 172|0x0000000750800000, 0x0000000750900000, 0x0000000750900000|100%| E|CS|TAMS 0x0000000750800000, 0x0000000750800000| Complete 
| 173|0x0000000750900000, 0x0000000750a00000, 0x0000000750a00000|100%| E|CS|TAMS 0x0000000750900000, 0x0000000750900000| Complete 
| 174|0x0000000750a00000, 0x0000000750b00000, 0x0000000750b00000|100%| E|CS|TAMS 0x0000000750a00000, 0x0000000750a00000| Complete 
| 175|0x0000000750b00000, 0x0000000750c00000, 0x0000000750c00000|100%| E|CS|TAMS 0x0000000750b00000, 0x0000000750b00000| Complete 
| 176|0x0000000750c00000, 0x0000000750d00000, 0x0000000750d00000|100%| E|  |TAMS 0x0000000750c00000, 0x0000000750c00000| Complete 
| 177|0x0000000750d00000, 0x0000000750e00000, 0x0000000750e00000|100%| E|CS|TAMS 0x0000000750d00000, 0x0000000750d00000| Complete 
| 178|0x0000000750e00000, 0x0000000750f00000, 0x0000000750f00000|100%| E|CS|TAMS 0x0000000750e00000, 0x0000000750e00000| Complete 
| 179|0x0000000750f00000, 0x0000000751000000, 0x0000000751000000|100%| E|CS|TAMS 0x0000000750f00000, 0x0000000750f00000| Complete 
| 180|0x0000000751000000, 0x0000000751100000, 0x0000000751100000|100%| E|CS|TAMS 0x0000000751000000, 0x0000000751000000| Complete 
| 181|0x0000000751100000, 0x0000000751200000, 0x0000000751200000|100%| E|CS|TAMS 0x0000000751100000, 0x0000000751100000| Complete 
| 182|0x0000000751200000, 0x0000000751300000, 0x0000000751300000|100%| E|CS|TAMS 0x0000000751200000, 0x0000000751200000| Complete 
| 183|0x0000000751300000, 0x0000000751400000, 0x0000000751400000|100%| E|CS|TAMS 0x0000000751300000, 0x0000000751300000| Complete 
| 184|0x0000000751400000, 0x0000000751500000, 0x0000000751500000|100%| E|CS|TAMS 0x0000000751400000, 0x0000000751400000| Complete 
| 185|0x0000000751500000, 0x0000000751600000, 0x0000000751600000|100%| E|CS|TAMS 0x0000000751500000, 0x0000000751500000| Complete 
| 186|0x0000000751600000, 0x0000000751700000, 0x0000000751700000|100%| E|CS|TAMS 0x0000000751600000, 0x0000000751600000| Complete 
| 187|0x0000000751700000, 0x0000000751800000, 0x0000000751800000|100%| E|CS|TAMS 0x0000000751700000, 0x0000000751700000| Complete 
|1954|0x00000007bfe00000, 0x00000007bfe34000, 0x00000007bff00000| 20%|OA|  |TAMS 0x00000007bfe00000, 0x00000007bfe00000| Untracked 
|1955|0x00000007bff00000, 0x00000007bff6a000, 0x00000007c0000000| 41%|CA|  |TAMS 0x00000007bff00000, 0x00000007bff00000| Untracked 

Card table byte_map: [0x00007fd2a8e00000,0x00007fd2a93d2000] _byte_map_base: 0x00007fd2a53d2000

Marking Bits (Prev, Next): (CMBitMap*) 0x00007fd2a40637b8, (CMBitMap*) 0x00007fd2a40637f0
 Prev Bits: [0x00007fd285170000, 0x00007fd288000000)
 Next Bits: [0x00007fd2822e0000, 0x00007fd285170000)

Polling page: 0x00007fd2abe83000

Metaspace:

Usage:
  Non-class:      6.10 MB capacity,     5.90 MB ( 97%) used,   190.77 KB (  3%) free+waste,    15.88 KB ( <1%) overhead. 
      Class:    846.00 KB capacity,   748.66 KB ( 88%) used,    88.34 KB ( 10%) free+waste,     9.00 KB (  1%) overhead. 
       Both:      6.93 MB capacity,     6.63 MB ( 96%) used,   279.11 KB (  4%) free+waste,    24.88 KB ( <1%) overhead. 

Virtual space:
  Non-class space:        8.00 MB reserved,       6.25 MB ( 78%) committed 
      Class space:        1.00 GB reserved,     896.00 KB ( <1%) committed 
             Both:        1.01 GB reserved,       7.12 MB ( <1%) committed 

Chunk freelists:
   Non-Class:  24.00 KB
       Class:  18.00 KB
        Both:  42.00 KB

CodeHeap 'non-profiled nmethods': size=120032Kb used=351Kb max_used=351Kb free=119681Kb
 bounds [0x00007fd294446000, 0x00007fd2946b6000, 0x00007fd29b97e000]
CodeHeap 'profiled nmethods': size=120028Kb used=2056Kb max_used=2056Kb free=117971Kb
 bounds [0x00007fd28cf0f000, 0x00007fd28d17f000, 0x00007fd294446000]
CodeHeap 'non-nmethods': size=5700Kb used=1165Kb max_used=1191Kb free=4534Kb
 bounds [0x00007fd28c97e000, 0x00007fd28cbee000, 0x00007fd28cf0f000]
 total_blobs=1632 nmethods=1000 adapters=332
 compilation: enabled
              stopped_count=0, restarted_count=0
 full_count=0

Compilation events (10 events):
Event: 0.509 Thread 0x00007fd2a417f000  999       3       java.lang.Class::reflectionData (43 bytes)
Event: 0.509 Thread 0x00007fd2a417f000 nmethod 999 0x00007fd28d110310 code [0x00007fd28d110500, 0x00007fd28d110998]
Event: 0.509 Thread 0x00007fd2a417f000 1000       3       java.lang.reflect.Method::copy (84 bytes)
Event: 0.509 Thread 0x00007fd2a417f000 nmethod 1000 0x00007fd28d110b10 code [0x00007fd28d110d00, 0x00007fd28d1111d8]
Event: 0.510 Thread 0x00007fd2a417d000 nmethod 984 0x00007fd294499610 code [0x00007fd2944997c0, 0x00007fd294499ba8]
Event: 0.510 Thread 0x00007fd2a417d000  987       4       java.io.DataOutputStream::incCount (20 bytes)
Event: 0.510 Thread 0x00007fd2502bf800 nmethod 955 0x00007fd294499d10 code [0x00007fd294499f40, 0x00007fd29449ab60]
Event: 0.510 Thread 0x00007fd2502bf800  995       4       java.lang.PublicMethods$Key::matches (31 bytes)
Event: 0.511 Thread 0x00007fd2a417d000 nmethod 987 0x00007fd29449b290 code [0x00007fd29449b420, 0x00007fd29449b4b8]
Event: 0.511 Thread 0x00007fd2a417d000  971       4       java.util.HashMap::get (23 bytes)

GC Heap History (0 events):
No events

Deoptimization events (7 events):
Event: 0.106 Thread 0x00007fd2a4012800 Uncommon trap: reason=unstable_if action=reinterpret pc=0x00007fd29444ab48 method=java.lang.String.hashCode()I @ 14 c2
Event: 0.202 Thread 0x00007fd2a4012800 Uncommon trap: reason=unstable_if action=reinterpret pc=0x00007fd29445ef00 method=java.io.BufferedReader.read()I @ 19 c2
Event: 0.350 Thread 0x00007fd2a4012800 Uncommon trap: reason=unstable_if action=reinterpret pc=0x00007fd29444b604 method=java.lang.String.isLatin1()Z @ 10 c2
Event: 0.387 Thread 0x00007fd2a4012800 Uncommon trap: reason=unstable_if action=reinterpret pc=0x00007fd29447cd88 method=java.util.jar.JarFile.checkForSpecialAttributes()V @ 4 c2
Event: 0.454 Thread 0x00007fd2a4012800 Uncommon trap: reason=unstable_if action=reinterpret pc=0x00007fd29447566c method=java.lang.StringLatin1.replace([BCC)Ljava/lang/String; @ 19 c2
Event: 0.458 Thread 0x00007fd2a4012800 Uncommon trap: reason=unstable_if action=reinterpret pc=0x00007fd294479828 method=java.lang.StringUTF16.compress([CI[BII)I @ 20 c2
Event: 0.494 Thread 0x00007fd2a4012800 Uncommon trap: reason=unstable_if action=reinterpret pc=0x00007fd2944934ac method=java.util.HashMap.getNode(ILjava/lang/Object;)Ljava/util/HashMap$Node; @ 62 c2

Classes redefined (0 events):
No events

Internal exceptions (10 events):
Event: 0.244 Thread 0x00007fd2a4012800 Exception <a 'java/lang/NoSuchMethodError'{0x0000000751285658}: java.lang.invoke.DirectMethodHandle$Holder.invokeStatic(Ljava/lang/Object;Ljava/lang/Object;Ljava/lang/Object;Ljava/lang/Object;I)Ljava/lang/Object;> (0x0000000751285658) thrown at [/build/op
Event: 0.364 Thread 0x00007fd2a4012800 Exception <a 'java/lang/ClassNotFoundException'{0x0000000750ecc8b8}: sun/awt/resources/spi/awtProvider> (0x0000000750ecc8b8) thrown at [/build/openjdk-11-GO4RM2/openjdk-11-11.0.3+1/src/hotspot/share/classfile/systemDictionary.cpp, line 231]
Event: 0.375 Thread 0x00007fd2a4012800 Exception <a 'java/io/FileNotFoundException'{0x0000000750d370f8}> (0x0000000750d370f8) thrown at [/build/openjdk-11-GO4RM2/openjdk-11-11.0.3+1/src/hotspot/share/prims/jni.cpp, line 615]
Event: 0.452 Thread 0x00007fd2a4012800 Exception <a 'java/lang/NoSuchMethodError'{0x0000000750ab14d0}: java.lang.invoke.DirectMethodHandle$Holder.invokeStaticInit(Ljava/lang/Object;Ljava/lang/Object;JLjava/lang/Object;)Ljava/lang/Object;> (0x0000000750ab14d0) thrown at [/build/openjdk-11-GO4RM
Event: 0.453 Thread 0x00007fd2a4012800 Exception <a 'java/lang/NoSuchMethodError'{0x0000000750abd4b8}: java.lang.invoke.Invokers$Holder.linkToTargetMethod(Ljava/lang/Object;JLjava/lang/Object;)Ljava/lang/Object;> (0x0000000750abd4b8) thrown at [/build/openjdk-11-GO4RM2/openjdk-11-11.0.3+1/src/
Event: 0.455 Thread 0x00007fd2a4012800 Exception <a 'java/lang/NoSuchMethodError'{0x0000000750ac4298}: java.lang.invoke.DirectMethodHandle$Holder.invokeStatic(Ljava/lang/Object;Ljava/lang/Object;Ljava/lang/Object;I)Ljava/lang/Object;> (0x0000000750ac4298) thrown at [/build/openjdk-11-GO4RM2/op
Event: 0.455 Thread 0x00007fd2a4012800 Exception <a 'java/lang/NoSuchMethodError'{0x0000000750ac7bb0}: java.lang.invoke.DirectMethodHandle$Holder.invokeSpecial(Ljava/lang/Object;Ljava/lang/Object;Ljava/lang/Object;Ljava/lang/Object;I)Ljava/lang/Object;> (0x0000000750ac7bb0) thrown at [/build/o
Event: 0.455 Thread 0x00007fd2a4012800 Exception <a 'java/lang/NoSuchMethodError'{0x0000000750acac10}: java.lang.invoke.Invokers$Holder.linkToTargetMethod(Ljava/lang/Object;Ljava/lang/Object;ILjava/lang/Object;)Ljava/lang/Object;> (0x0000000750acac10) thrown at [/build/openjdk-11-GO4RM2/openjd
Event: 0.466 Thread 0x00007fd2a4012800 Exception <a 'java/lang/UnsatisfiedLinkError'{0x0000000750941e18}: libtesseract.so: 동적 오브젝트 파일을 열 수 없습니다: 그런 파일이나 디렉터리가 없습니다> (0x0000000750941e18) thrown at [/build/openjdk-11-GO4RM2/openjdk-11-1
Event: 0.466 Thread 0x00007fd2a4012800 Exception <a 'java/lang/UnsatisfiedLinkError'{0x0000000750943658}: libtesseract.so: 동적 오브젝트 파일을 열 수 없습니다: 그런 파일이나 디렉터리가 없습니다> (0x0000000750943658) thrown at [/build/openjdk-11-GO4RM2/openjdk-11-1

Events (10 events):
Event: 0.510 loading class java/lang/reflect/AnnotatedType
Event: 0.510 loading class java/lang/reflect/AnnotatedType done
Event: 0.510 loading class com/sun/jna/Library$Handler$FunctionInfo
Event: 0.510 loading class com/sun/jna/Library$Handler$FunctionInfo done
Event: 0.510 loading class com/sun/jna/NativeMappedConverter
Event: 0.510 loading class com/sun/jna/NativeMappedConverter done
Event: 0.511 loading class com/sun/jna/TypeConverter
Event: 0.511 loading class com/sun/jna/TypeConverter done
Event: 0.511 loading class com/sun/jna/Klass
Event: 0.511 loading class com/sun/jna/Klass done


Dynamic libraries:
745c00000-751800000 rw-p 00000000 00:00 0 
751800000-7bfe00000 ---p 00000000 00:00 0 
7bfe00000-7bfe34000 rw-p 0111b000 103:02 12190533                        /usr/lib/jvm/java-11-openjdk-amd64/lib/server/classes.jsa
7bfe34000-7bff00000 rw-p 00000000 00:00 0 
7bff00000-7bff6a000 rw-p 010b1000 103:02 12190533                        /usr/lib/jvm/java-11-openjdk-amd64/lib/server/classes.jsa
7bff6a000-7c0000000 rw-p 00000000 00:00 0 
7c0000000-800000000 ---p 00000000 00:00 0 
800000000-800002000 rwxp 00001000 103:02 12190533                        /usr/lib/jvm/java-11-openjdk-amd64/lib/server/classes.jsa
800002000-8010b0000 rw-p 00003000 103:02 12190533                        /usr/lib/jvm/java-11-openjdk-amd64/lib/server/classes.jsa
840000000-8400e0000 rw-p 00000000 00:00 0 
8400e0000-880000000 ---p 00000000 00:00 0 
558ab9fb7000-558ab9fb8000 r--p 00000000 103:02 12060292                  /usr/lib/jvm/java-11-openjdk-amd64/bin/java
558ab9fb8000-558ab9fb9000 r-xp 00001000 103:02 12060292                  /usr/lib/jvm/java-11-openjdk-amd64/bin/java
558ab9fb9000-558ab9fba000 r--p 00002000 103:02 12060292                  /usr/lib/jvm/java-11-openjdk-amd64/bin/java
558ab9fba000-558ab9fbb000 r--p 00002000 103:02 12060292                  /usr/lib/jvm/java-11-openjdk-amd64/bin/java
558ab9fbb000-558ab9fbc000 rw-p 00003000 103:02 12060292                  /usr/lib/jvm/java-11-openjdk-amd64/bin/java
558aba672000-558aba693000 rw-p 00000000 00:00 0                          [heap]
7fd228000000-7fd228021000 rw-p 00000000 00:00 0 
7fd228021000-7fd22c000000 ---p 00000000 00:00 0 
7fd22c000000-7fd22c080000 rw-p 00000000 00:00 0 
7fd22c080000-7fd230000000 ---p 00000000 00:00 0 
7fd230000000-7fd230165000 rw-p 00000000 00:00 0 
7fd230165000-7fd234000000 ---p 00000000 00:00 0 
7fd234000000-7fd234021000 rw-p 00000000 00:00 0 
7fd234021000-7fd238000000 ---p 00000000 00:00 0 
7fd238000000-7fd238021000 rw-p 00000000 00:00 0 
7fd238021000-7fd23c000000 ---p 00000000 00:00 0 
7fd23c000000-7fd23c021000 rw-p 00000000 00:00 0 
7fd23c021000-7fd240000000 ---p 00000000 00:00 0 
7fd240000000-7fd240021000 rw-p 00000000 00:00 0 
7fd240021000-7fd244000000 ---p 00000000 00:00 0 
7fd244000000-7fd244021000 rw-p 00000000 00:00 0 
7fd244021000-7fd248000000 ---p 00000000 00:00 0 
7fd248000000-7fd248021000 rw-p 00000000 00:00 0 
7fd248021000-7fd24c000000 ---p 00000000 00:00 0 
7fd24c000000-7fd24c021000 rw-p 00000000 00:00 0 
7fd24c021000-7fd250000000 ---p 00000000 00:00 0 
7fd250000000-7fd2504ab000 rw-p 00000000 00:00 0 
7fd2504ab000-7fd254000000 ---p 00000000 00:00 0 
7fd254000000-7fd254021000 rw-p 00000000 00:00 0 
7fd254021000-7fd258000000 ---p 00000000 00:00 0 
7fd258000000-7fd258021000 rw-p 00000000 00:00 0 
7fd258021000-7fd25c000000 ---p 00000000 00:00 0 
7fd25c000000-7fd25c2a1000 rw-p 00000000 00:00 0 
7fd25c2a1000-7fd260000000 ---p 00000000 00:00 0 
7fd260000000-7fd260021000 rw-p 00000000 00:00 0 
7fd260021000-7fd264000000 ---p 00000000 00:00 0 
7fd264000000-7fd264021000 rw-p 00000000 00:00 0 
7fd264021000-7fd268000000 ---p 00000000 00:00 0 
7fd268000000-7fd268021000 rw-p 00000000 00:00 0 
7fd268021000-7fd26c000000 ---p 00000000 00:00 0 
7fd26c000000-7fd26c021000 rw-p 00000000 00:00 0 
7fd26c021000-7fd270000000 ---p 00000000 00:00 0 
7fd27052a000-7fd270535000 r-xp 00000000 103:02 11538457                  /usr/lib/x86_64-linux-gnu/libjbig.so.0
7fd270535000-7fd270734000 ---p 0000b000 103:02 11538457                  /usr/lib/x86_64-linux-gnu/libjbig.so.0
7fd270734000-7fd270735000 r--p 0000a000 103:02 11538457                  /usr/lib/x86_64-linux-gnu/libjbig.so.0
7fd270735000-7fd270738000 rw-p 0000b000 103:02 11538457                  /usr/lib/x86_64-linux-gnu/libjbig.so.0
7fd270738000-7fd27073b000 r--p 00000000 103:02 11539375                  /usr/lib/x86_64-linux-gnu/liblzma.so.5.2.4
7fd27073b000-7fd270753000 r-xp 00003000 103:02 11539375                  /usr/lib/x86_64-linux-gnu/liblzma.so.5.2.4
7fd270753000-7fd27075e000 r--p 0001b000 103:02 11539375                  /usr/lib/x86_64-linux-gnu/liblzma.so.5.2.4
7fd27075e000-7fd27075f000 r--p 00025000 103:02 11539375                  /usr/lib/x86_64-linux-gnu/liblzma.so.5.2.4
7fd27075f000-7fd270760000 rw-p 00026000 103:02 11539375                  /usr/lib/x86_64-linux-gnu/liblzma.so.5.2.4
7fd270760000-7fd270765000 r--p 00000000 103:02 11536062                  /usr/lib/x86_64-linux-gnu/libzstd.so.1.3.8
7fd270765000-7fd2707ed000 r-xp 00005000 103:02 11536062                  /usr/lib/x86_64-linux-gnu/libzstd.so.1.3.8
7fd2707ed000-7fd2707fd000 r--p 0008d000 103:02 11536062                  /usr/lib/x86_64-linux-gnu/libzstd.so.1.3.8
7fd2707fd000-7fd2707fe000 ---p 0009d000 103:02 11536062                  /usr/lib/x86_64-linux-gnu/libzstd.so.1.3.8
7fd2707fe000-7fd2707ff000 r--p 0009d000 103:02 11536062                  /usr/lib/x86_64-linux-gnu/libzstd.so.1.3.8
7fd2707ff000-7fd270800000 rw-p 0009e000 103:02 11536062                  /usr/lib/x86_64-linux-gnu/libzstd.so.1.3.8
7fd270800000-7fd270804000 r--p 00000000 103:02 11539079                  /usr/lib/x86_64-linux-gnu/libopenjp2.so.2.3.0
7fd270804000-7fd270845000 r-xp 00004000 103:02 11539079                  /usr/lib/x86_64-linux-gnu/libopenjp2.so.2.3.0
7fd270845000-7fd270854000 r--p 00045000 103:02 11539079                  /usr/lib/x86_64-linux-gnu/libopenjp2.so.2.3.0
7fd270854000-7fd270855000 ---p 00054000 103:02 11539079                  /usr/lib/x86_64-linux-gnu/libopenjp2.so.2.3.0
7fd270855000-7fd270856000 r--p 00054000 103:02 11539079                  /usr/lib/x86_64-linux-gnu/libopenjp2.so.2.3.0
7fd270856000-7fd270857000 rw-p 00055000 103:02 11539079                  /usr/lib/x86_64-linux-gnu/libopenjp2.so.2.3.0
7fd270857000-7fd2708bd000 r-xp 00000000 103:02 11539462                  /usr/lib/x86_64-linux-gnu/libwebp.so.6.0.2
7fd2708bd000-7fd270abc000 ---p 00066000 103:02 11539462                  /usr/lib/x86_64-linux-gnu/libwebp.so.6.0.2
7fd270abc000-7fd270abd000 r--p 00065000 103:02 11539462                  /usr/lib/x86_64-linux-gnu/libwebp.so.6.0.2
7fd270abd000-7fd270abe000 rw-p 00066000 103:02 11539462                  /usr/lib/x86_64-linux-gnu/libwebp.so.6.0.2
7fd270abe000-7fd270ac0000 rw-p 00000000 00:00 0 
7fd270ac0000-7fd270ac9000 r--p 00000000 103:02 11534355                  /usr/lib/x86_64-linux-gnu/libtiff.so.5.4.0
7fd270ac9000-7fd270b0c000 r-xp 00009000 103:02 11534355                  /usr/lib/x86_64-linux-gnu/libtiff.so.5.4.0
7fd270b0c000-7fd270b3a000 r--p 0004c000 103:02 11534355                  /usr/lib/x86_64-linux-gnu/libtiff.so.5.4.0
7fd270b3a000-7fd270b3e000 r--p 00079000 103:02 11534355                  /usr/lib/x86_64-linux-gnu/libtiff.so.5.4.0
7fd270b3e000-7fd270b3f000 rw-p 0007d000 103:02 11534355                  /usr/lib/x86_64-linux-gnu/libtiff.so.5.4.0
7fd270b3f000-7fd270b47000 r-xp 00000000 103:02 11538135                  /usr/lib/x86_64-linux-gnu/libgif.so.7.0.0
7fd270b47000-7fd270d46000 ---p 00008000 103:02 11538135                  /usr/lib/x86_64-linux-gnu/libgif.so.7.0.0
7fd270d46000-7fd270d47000 r--p 00007000 103:02 11538135                  /usr/lib/x86_64-linux-gnu/libgif.so.7.0.0
7fd270d47000-7fd270d48000 rw-p 00008000 103:02 11538135                  /usr/lib/x86_64-linux-gnu/libgif.so.7.0.0
7fd270d48000-7fd270daf000 r-xp 00000000 103:02 11538463                  /usr/lib/x86_64-linux-gnu/libjpeg.so.62.2.0
7fd270daf000-7fd270faf000 ---p 00067000 103:02 11538463                  /usr/lib/x86_64-linux-gnu/libjpeg.so.62.2.0
7fd270faf000-7fd270fb0000 r--p 00067000 103:02 11538463                  /usr/lib/x86_64-linux-gnu/libjpeg.so.62.2.0
7fd270fb0000-7fd270fb1000 rw-p 00068000 103:02 11538463                  /usr/lib/x86_64-linux-gnu/libjpeg.so.62.2.0
7fd270fb1000-7fd270fb7000 r--p 00000000 103:02 11534376                  /usr/lib/x86_64-linux-gnu/libpng16.so.16.36.0
7fd270fb7000-7fd270fdc000 r-xp 00006000 103:02 11534376                  /usr/lib/x86_64-linux-gnu/libpng16.so.16.36.0
7fd270fdc000-7fd270fe8000 r--p 0002b000 103:02 11534376                  /usr/lib/x86_64-linux-gnu/libpng16.so.16.36.0
7fd270fe8000-7fd270fe9000 r--p 00036000 103:02 11534376                  /usr/lib/x86_64-linux-gnu/libpng16.so.16.36.0
7fd270fe9000-7fd270fea000 rw-p 00037000 103:02 11534376                  /usr/lib/x86_64-linux-gnu/libpng16.so.16.36.0
7fd270fea000-7fd270ff1000 r--p 00000000 103:02 11538076                  /usr/lib/x86_64-linux-gnu/libgomp.so.1.0.0
7fd270ff1000-7fd271010000 r-xp 00007000 103:02 11538076                  /usr/lib/x86_64-linux-gnu/libgomp.so.1.0.0
7fd271010000-7fd271019000 r--p 00026000 103:02 11538076                  /usr/lib/x86_64-linux-gnu/libgomp.so.1.0.0
7fd271019000-7fd27101a000 r--p 0002e000 103:02 11538076                  /usr/lib/x86_64-linux-gnu/libgomp.so.1.0.0
7fd27101a000-7fd27101b000 rw-p 0002f000 103:02 11538076                  /usr/lib/x86_64-linux-gnu/libgomp.so.1.0.0
7fd27101b000-7fd27128a000 r-xp 00000000 103:02 11541199                  /usr/lib/x86_64-linux-gnu/liblept.so.5.0.3
7fd27128a000-7fd27148a000 ---p 0026f000 103:02 11541199                  /usr/lib/x86_64-linux-gnu/liblept.so.5.0.3
7fd27148a000-7fd27148b000 r--p 0026f000 103:02 11541199                  /usr/lib/x86_64-linux-gnu/liblept.so.5.0.3
7fd27148b000-7fd271494000 rw-p 00270000 103:02 11541199                  /usr/lib/x86_64-linux-gnu/liblept.so.5.0.3
7fd2714c5000-7fd271558000 r--p 00000000 103:02 11536371                  /usr/lib/x86_64-linux-gnu/libtesseract.so.4.0.0
7fd271558000-7fd271752000 r-xp 00093000 103:02 11536371                  /usr/lib/x86_64-linux-gnu/libtesseract.so.4.0.0
7fd271752000-7fd2717ff000 r--p 0028d000 103:02 11536371                  /usr/lib/x86_64-linux-gnu/libtesseract.so.4.0.0
7fd2717ff000-7fd27180b000 r--p 00339000 103:02 11536371                  /usr/lib/x86_64-linux-gnu/libtesseract.so.4.0.0
7fd27180b000-7fd27180c000 rw-p 00345000 103:02 11536371                  /usr/lib/x86_64-linux-gnu/libtesseract.so.4.0.0
7fd27180c000-7fd271ab0000 rw-p 00000000 00:00 0 
7fd271b18000-7fd271b1c000 ---p 00000000 00:00 0 
7fd271b1c000-7fd271c19000 rw-p 00000000 00:00 0 
7fd271c19000-7fd271c31000 r-xp 00000000 103:02 7869117                   /root/.cache/JNA/temp/jna578975974375241262.tmp (deleted)
7fd271c31000-7fd271e31000 ---p 00018000 103:02 7869117                   /root/.cache/JNA/temp/jna578975974375241262.tmp (deleted)
7fd271e31000-7fd271e32000 rw-p 00018000 103:02 7869117                   /root/.cache/JNA/temp/jna578975974375241262.tmp (deleted)
7fd271e32000-7fd271e36000 ---p 00000000 00:00 0 
7fd271e36000-7fd271f33000 rw-p 00000000 00:00 0 
7fd271f33000-7fd271f37000 r--p 00000000 103:02 11538035                  /usr/lib/x86_64-linux-gnu/libbsd.so.0.9.1
7fd271f37000-7fd271f46000 r-xp 00004000 103:02 11538035                  /usr/lib/x86_64-linux-gnu/libbsd.so.0.9.1
7fd271f46000-7fd271f49000 r--p 00013000 103:02 11538035                  /usr/lib/x86_64-linux-gnu/libbsd.so.0.9.1
7fd271f49000-7fd271f4a000 ---p 00016000 103:02 11538035                  /usr/lib/x86_64-linux-gnu/libbsd.so.0.9.1
7fd271f4a000-7fd271f4b000 r--p 00016000 103:02 11538035                  /usr/lib/x86_64-linux-gnu/libbsd.so.0.9.1
7fd271f4b000-7fd271f4c000 rw-p 00017000 103:02 11538035                  /usr/lib/x86_64-linux-gnu/libbsd.so.0.9.1
7fd271f4c000-7fd271f4d000 rw-p 00000000 00:00 0 
7fd271f4d000-7fd271f52000 r-xp 00000000 103:02 11537430                  /usr/lib/x86_64-linux-gnu/libXdmcp.so.6.0.0
7fd271f52000-7fd272151000 ---p 00005000 103:02 11537430                  /usr/lib/x86_64-linux-gnu/libXdmcp.so.6.0.0
7fd272151000-7fd272152000 r--p 00004000 103:02 11537430                  /usr/lib/x86_64-linux-gnu/libXdmcp.so.6.0.0
7fd272152000-7fd272153000 rw-p 00005000 103:02 11537430                  /usr/lib/x86_64-linux-gnu/libXdmcp.so.6.0.0
7fd272153000-7fd272155000 r-xp 00000000 103:02 11537415                  /usr/lib/x86_64-linux-gnu/libXau.so.6.0.0
7fd272155000-7fd272355000 ---p 00002000 103:02 11537415                  /usr/lib/x86_64-linux-gnu/libXau.so.6.0.0
7fd272355000-7fd272356000 r--p 00002000 103:02 11537415                  /usr/lib/x86_64-linux-gnu/libXau.so.6.0.0
7fd272356000-7fd272357000 rw-p 00003000 103:02 11537415                  /usr/lib/x86_64-linux-gnu/libXau.so.6.0.0
7fd272357000-7fd272363000 r--p 00000000 103:02 11539605                  /usr/lib/x86_64-linux-gnu/libxcb.so.1.1.0
7fd272363000-7fd272376000 r-xp 0000c000 103:02 11539605                  /usr/lib/x86_64-linux-gnu/libxcb.so.1.1.0
7fd272376000-7fd27237f000 r--p 0001f000 103:02 11539605                  /usr/lib/x86_64-linux-gnu/libxcb.so.1.1.0
7fd27237f000-7fd272380000 r--p 00027000 103:02 11539605                  /usr/lib/x86_64-linux-gnu/libxcb.so.1.1.0
7fd272380000-7fd272381000 rw-p 00028000 103:02 11539605                  /usr/lib/x86_64-linux-gnu/libxcb.so.1.1.0
7fd272381000-7fd272390000 r-xp 00000000 103:02 11537444                  /usr/lib/x86_64-linux-gnu/libXi.so.6.1.0
7fd272390000-7fd27258f000 ---p 0000f000 103:02 11537444                  /usr/lib/x86_64-linux-gnu/libXi.so.6.1.0
7fd27258f000-7fd272590000 r--p 0000e000 103:02 11537444                  /usr/lib/x86_64-linux-gnu/libXi.so.6.1.0
7fd272590000-7fd272591000 rw-p 0000f000 103:02 11537444                  /usr/lib/x86_64-linux-gnu/libXi.so.6.1.0
7fd272591000-7fd272596000 r-xp 00000000 103:02 11537467                  /usr/lib/x86_64-linux-gnu/libXtst.so.6.1.0
7fd272596000-7fd272795000 ---p 00005000 103:02 11537467                  /usr/lib/x86_64-linux-gnu/libXtst.so.6.1.0
7fd272795000-7fd272796000 r--p 00004000 103:02 11537467                  /usr/lib/x86_64-linux-gnu/libXtst.so.6.1.0
7fd272796000-7fd272797000 rw-p 00005000 103:02 11537467                  /usr/lib/x86_64-linux-gnu/libXtst.so.6.1.0
7fd272797000-7fd2727a0000 r-xp 00000000 103:02 11537459                  /usr/lib/x86_64-linux-gnu/libXrender.so.1.3.0
7fd2727a0000-7fd27299f000 ---p 00009000 103:02 11537459                  /usr/lib/x86_64-linux-gnu/libXrender.so.1.3.0
7fd27299f000-7fd2729a0000 r--p 00008000 103:02 11537459                  /usr/lib/x86_64-linux-gnu/libXrender.so.1.3.0
7fd2729a0000-7fd2729a1000 rw-p 00009000 103:02 11537459                  /usr/lib/x86_64-linux-gnu/libXrender.so.1.3.0
7fd2729a1000-7fd2729bd000 r--p 00000000 103:02 11537409                  /usr/lib/x86_64-linux-gnu/libX11.so.6.3.0
7fd2729bd000-7fd272a47000 r-xp 0001c000 103:02 11537409                  /usr/lib/x86_64-linux-gnu/libX11.so.6.3.0
7fd272a47000-7fd272adb000 r--p 000a6000 103:02 11537409                  /usr/lib/x86_64-linux-gnu/libX11.so.6.3.0
7fd272adb000-7fd272adc000 ---p 0013a000 103:02 11537409                  /usr/lib/x86_64-linux-gnu/libX11.so.6.3.0
7fd272adc000-7fd272add000 r--p 0013a000 103:02 11537409                  /usr/lib/x86_64-linux-gnu/libX11.so.6.3.0
7fd272add000-7fd272ae2000 rw-p 0013b000 103:02 11537409                  /usr/lib/x86_64-linux-gnu/libX11.so.6.3.0
7fd272ae2000-7fd272af3000 r-xp 00000000 103:02 11537434                  /usr/lib/x86_64-linux-gnu/libXext.so.6.4.0
7fd272af3000-7fd272cf2000 ---p 00011000 103:02 11537434                  /usr/lib/x86_64-linux-gnu/libXext.so.6.4.0
7fd272cf2000-7fd272cf3000 r--p 00010000 103:02 11537434                  /usr/lib/x86_64-linux-gnu/libXext.so.6.4.0
7fd272cf3000-7fd272cf4000 rw-p 00011000 103:02 11537434                  /usr/lib/x86_64-linux-gnu/libXext.so.6.4.0
7fd272d03000-7fd272d07000 ---p 00000000 00:00 0 
7fd272d07000-7fd272d25000 rw-p 00000000 00:00 0 
7fd272d25000-7fd272d51000 r--p 00000000 103:02 12060888                  /usr/lib/jvm/java-11-openjdk-amd64/lib/libawt.so
7fd272d51000-7fd272db7000 r-xp 0002c000 103:02 12060888                  /usr/lib/jvm/java-11-openjdk-amd64/lib/libawt.so
7fd272db7000-7fd272dc4000 r--p 00092000 103:02 12060888                  /usr/lib/jvm/java-11-openjdk-amd64/lib/libawt.so
7fd272dc4000-7fd272dc5000 r--p 0009e000 103:02 12060888                  /usr/lib/jvm/java-11-openjdk-amd64/lib/libawt.so
7fd272dc5000-7fd272dd0000 rw-p 0009f000 103:02 12060888                  /usr/lib/jvm/java-11-openjdk-amd64/lib/libawt.so
7fd272dd0000-7fd272df5000 rw-p 00000000 00:00 0 
7fd272df5000-7fd272df9000 ---p 00000000 00:00 0 
7fd272df9000-7fd272ef6000 rw-p 00000000 00:00 0 
7fd272ef6000-7fd272efa000 ---p 00000000 00:00 0 
7fd272efa000-7fd272ff7000 rw-p 00000000 00:00 0 
7fd272ff7000-7fd272ff8000 ---p 00000000 00:00 0 
7fd272ff8000-7fd2730f9000 rw-p 00000000 00:00 0 
7fd2730f9000-7fd2730fd000 ---p 00000000 00:00 0 
7fd2730fd000-7fd2731fa000 rw-p 00000000 00:00 0 
7fd2731fa000-7fd2731fe000 ---p 00000000 00:00 0 
7fd2731fe000-7fd2732fb000 rw-p 00000000 00:00 0 
7fd2732fb000-7fd2732ff000 ---p 00000000 00:00 0 
7fd2732ff000-7fd2733fc000 rw-p 00000000 00:00 0 
7fd2733fc000-7fd273400000 ---p 00000000 00:00 0 
7fd273400000-7fd2734fd000 rw-p 00000000 00:00 0 
7fd2734fd000-7fd273501000 ---p 00000000 00:00 0 
7fd273501000-7fd2735fe000 rw-p 00000000 00:00 0 
7fd2735fe000-7fd273602000 ---p 00000000 00:00 0 
7fd273602000-7fd2736ff000 rw-p 00000000 00:00 0 
7fd2736ff000-7fd273703000 ---p 00000000 00:00 0 
7fd273703000-7fd273e40000 rw-p 00000000 00:00 0 
7fd273e40000-7fd274000000 ---p 00000000 00:00 0 
7fd274000000-7fd274021000 rw-p 00000000 00:00 0 
7fd274021000-7fd278000000 ---p 00000000 00:00 0 
7fd278000000-7fd278021000 rw-p 00000000 00:00 0 
7fd278021000-7fd27c000000 ---p 00000000 00:00 0 
7fd27c000000-7fd27c021000 rw-p 00000000 00:00 0 
7fd27c021000-7fd280000000 ---p 00000000 00:00 0 
7fd280010000-7fd280020000 r--p 00000000 103:02 12060891                  /usr/lib/jvm/java-11-openjdk-amd64/lib/libawt_xawt.so
7fd280020000-7fd28005c000 r-xp 00010000 103:02 12060891                  /usr/lib/jvm/java-11-openjdk-amd64/lib/libawt_xawt.so
7fd28005c000-7fd28006d000 r--p 0004c000 103:02 12060891                  /usr/lib/jvm/java-11-openjdk-amd64/lib/libawt_xawt.so
7fd28006d000-7fd28006e000 ---p 0005d000 103:02 12060891                  /usr/lib/jvm/java-11-openjdk-amd64/lib/libawt_xawt.so
7fd28006e000-7fd28006f000 r--p 0005d000 103:02 12060891                  /usr/lib/jvm/java-11-openjdk-amd64/lib/libawt_xawt.so
7fd28006f000-7fd280072000 rw-p 0005e000 103:02 12060891                  /usr/lib/jvm/java-11-openjdk-amd64/lib/libawt_xawt.so
7fd280072000-7fd280074000 rw-p 00000000 00:00 0 
7fd280074000-7fd28009b000 r--p 00000000 103:02 666791                    /usr/share/locale/ko/LC_MESSAGES/libc.mo
7fd28009b000-7fd28009f000 ---p 00000000 00:00 0 
7fd28009f000-7fd28019c000 rw-p 00000000 00:00 0 
7fd28019c000-7fd280251000 r--p 00000000 103:02 12193063                  /usr/lib/locale/ko_KR.utf8/LC_CTYPE
7fd280251000-7fd2802e0000 r--p 00000000 103:02 12193062                  /usr/lib/locale/ko_KR.utf8/LC_COLLATE
7fd2802e0000-7fd2825d0000 rw-p 00000000 00:00 0 
7fd2825d0000-7fd284168000 ---p 00000000 00:00 0 
7fd284168000-7fd284170000 rw-p 00000000 00:00 0 
7fd284170000-7fd285170000 ---p 00000000 00:00 0 
7fd285170000-7fd285460000 rw-p 00000000 00:00 0 
7fd285460000-7fd286ff8000 ---p 00000000 00:00 0 
7fd286ff8000-7fd287000000 rw-p 00000000 00:00 0 
7fd287000000-7fd288000000 ---p 00000000 00:00 0 
7fd288000000-7fd288021000 rw-p 00000000 00:00 0 
7fd288021000-7fd28c000000 ---p 00000000 00:00 0 
7fd28c012000-7fd28c043000 rw-p 00000000 00:00 0 
7fd28c043000-7fd28c047000 r--p 00000000 103:02 12060926                  /usr/lib/jvm/java-11-openjdk-amd64/lib/libnet.so
7fd28c047000-7fd28c056000 r-xp 00004000 103:02 12060926                  /usr/lib/jvm/java-11-openjdk-amd64/lib/libnet.so
7fd28c056000-7fd28c05a000 r--p 00013000 103:02 12060926                  /usr/lib/jvm/java-11-openjdk-amd64/lib/libnet.so
7fd28c05a000-7fd28c05b000 r--p 00016000 103:02 12060926                  /usr/lib/jvm/java-11-openjdk-amd64/lib/libnet.so
7fd28c05b000-7fd28c05c000 rw-p 00017000 103:02 12060926                  /usr/lib/jvm/java-11-openjdk-amd64/lib/libnet.so
7fd28c05c000-7fd28c063000 r--p 00000000 103:02 12060928                  /usr/lib/jvm/java-11-openjdk-amd64/lib/libnio.so
7fd28c063000-7fd28c06a000 r-xp 00007000 103:02 12060928                  /usr/lib/jvm/java-11-openjdk-amd64/lib/libnio.so
7fd28c06a000-7fd28c06d000 r--p 0000e000 103:02 12060928                  /usr/lib/jvm/java-11-openjdk-amd64/lib/libnio.so
7fd28c06d000-7fd28c06e000 r--p 00010000 103:02 12060928                  /usr/lib/jvm/java-11-openjdk-amd64/lib/libnio.so
7fd28c06e000-7fd28c06f000 rw-p 00011000 103:02 12060928                  /usr/lib/jvm/java-11-openjdk-amd64/lib/libnio.so
7fd28c06f000-7fd28c073000 ---p 00000000 00:00 0 
7fd28c073000-7fd28c170000 rw-p 00000000 00:00 0 
7fd28c170000-7fd28c174000 ---p 00000000 00:00 0 
7fd28c174000-7fd28c271000 rw-p 00000000 00:00 0 
7fd28c271000-7fd28c272000 ---p 00000000 00:00 0 
7fd28c272000-7fd28c477000 rw-p 00000000 00:00 0 
7fd28c477000-7fd28c478000 ---p 00000000 00:00 0 
7fd28c478000-7fd28c579000 rw-p 00000000 00:00 0 
7fd28c579000-7fd28c57a000 ---p 00000000 00:00 0 
7fd28c57a000-7fd28c97e000 rw-p 00000000 00:00 0 
7fd28c97e000-7fd28cbee000 rwxp 00000000 00:00 0 
7fd28cbee000-7fd28cf0f000 ---p 00000000 00:00 0 
7fd28cf0f000-7fd28d17f000 rwxp 00000000 00:00 0 
7fd28d17f000-7fd294446000 ---p 00000000 00:00 0 
7fd294446000-7fd2946b6000 rwxp 00000000 00:00 0 
7fd2946b6000-7fd29b97e000 ---p 00000000 00:00 0 
7fd29b97e000-7fd2a4000000 r--s 00000000 103:02 12060946                  /usr/lib/jvm/java-11-openjdk-amd64/lib/modules
7fd2a4000000-7fd2a4837000 rw-p 00000000 00:00 0 
7fd2a4837000-7fd2a8000000 ---p 00000000 00:00 0 
7fd2a800b000-7fd2a800c000 r--p 00000000 103:02 12060893                  /usr/lib/jvm/java-11-openjdk-amd64/lib/libdt_socket.so
7fd2a800c000-7fd2a800f000 r-xp 00001000 103:02 12060893                  /usr/lib/jvm/java-11-openjdk-amd64/lib/libdt_socket.so
7fd2a800f000-7fd2a8010000 r--p 00004000 103:02 12060893                  /usr/lib/jvm/java-11-openjdk-amd64/lib/libdt_socket.so
7fd2a8010000-7fd2a8011000 r--p 00004000 103:02 12060893                  /usr/lib/jvm/java-11-openjdk-amd64/lib/libdt_socket.so
7fd2a8011000-7fd2a8012000 rw-p 00005000 103:02 12060893                  /usr/lib/jvm/java-11-openjdk-amd64/lib/libdt_socket.so
7fd2a8012000-7fd2a8013000 r--p 00000000 103:02 12060389                  /usr/lib/locale/aa_ET/LC_NUMERIC
7fd2a8013000-7fd2a8014000 r--p 00000000 103:02 12193068                  /usr/lib/locale/ko_KR.utf8/LC_TIME
7fd2a8014000-7fd2a8015000 r--p 00000000 103:02 12193066                  /usr/lib/locale/ko_KR.utf8/LC_MONETARY
7fd2a8015000-7fd2a8016000 r--p 00000000 103:02 12193065                  /usr/lib/locale/ko_KR.utf8/LC_MESSAGES/SYS_LC_MESSAGES
7fd2a8016000-7fd2a8017000 r--p 00000000 103:02 12059827                  /usr/lib/locale/aa_DJ.utf8/LC_PAPER
7fd2a8017000-7fd2a8018000 r--p 00000000 103:02 12060419                  /usr/lib/locale/agr_PE/LC_NAME
7fd2a8018000-7fd2a8019000 r--p 00000000 103:02 12193061                  /usr/lib/locale/ko_KR.utf8/LC_ADDRESS
7fd2a8019000-7fd2a801a000 r--p 00000000 103:02 12193067                  /usr/lib/locale/ko_KR.utf8/LC_TELEPHONE
7fd2a801a000-7fd2a801b000 r--p 00000000 103:02 12059821                  /usr/lib/locale/aa_DJ.utf8/LC_MEASUREMENT
7fd2a801b000-7fd2a8022000 r--s 00000000 103:02 12064997                  /usr/lib/x86_64-linux-gnu/gconv/gconv-modules.cache
7fd2a8022000-7fd2a8569000 rw-p 00000000 00:00 0 
7fd2a8569000-7fd2a856a000 ---p 00000000 00:00 0 
7fd2a856a000-7fd2a866b000 rw-p 00000000 00:00 0 
7fd2a866b000-7fd2a866c000 ---p 00000000 00:00 0 
7fd2a866c000-7fd2a888c000 rw-p 00000000 00:00 0 
7fd2a888c000-7fd2a8bff000 ---p 00000000 00:00 0 
7fd2a8bff000-7fd2a8c00000 rw-p 00000000 00:00 0 
7fd2a8c00000-7fd2a8e00000 ---p 00000000 00:00 0 
7fd2a8e00000-7fd2a8e5e000 rw-p 00000000 00:00 0 
7fd2a8e5e000-7fd2a91d1000 ---p 00000000 00:00 0 
7fd2a91d1000-7fd2a91d2000 rw-p 00000000 00:00 0 
7fd2a91d2000-7fd2a93d2000 ---p 00000000 00:00 0 
7fd2a93d2000-7fd2a9430000 rw-p 00000000 00:00 0 
7fd2a9430000-7fd2a97a3000 ---p 00000000 00:00 0 
7fd2a97a3000-7fd2a97a4000 rw-p 00000000 00:00 0 
7fd2a97a4000-7fd2a99a4000 ---p 00000000 00:00 0 
7fd2a99a4000-7fd2aa1ac000 rw-p 00000000 00:00 0 
7fd2aa1ac000-7fd2aa1ad000 ---p 00000000 00:00 0 
7fd2aa1ad000-7fd2aa2b3000 rw-p 00000000 00:00 0 
7fd2aa2b3000-7fd2aa399000 ---p 00000000 00:00 0 
7fd2aa399000-7fd2aa39e000 rw-p 00000000 00:00 0 
7fd2aa39e000-7fd2aa484000 ---p 00000000 00:00 0 
7fd2aa484000-7fd2aa489000 rw-p 00000000 00:00 0 
7fd2aa489000-7fd2aa490000 ---p 00000000 00:00 0 
7fd2aa490000-7fd2aa492000 r--p 00000000 103:02 12060913                  /usr/lib/jvm/java-11-openjdk-amd64/lib/libjimage.so
7fd2aa492000-7fd2aa495000 r-xp 00002000 103:02 12060913                  /usr/lib/jvm/java-11-openjdk-amd64/lib/libjimage.so
7fd2aa495000-7fd2aa497000 r--p 00005000 103:02 12060913                  /usr/lib/jvm/java-11-openjdk-amd64/lib/libjimage.so
7fd2aa497000-7fd2aa498000 r--p 00006000 103:02 12060913                  /usr/lib/jvm/java-11-openjdk-amd64/lib/libjimage.so
7fd2aa498000-7fd2aa499000 rw-p 00007000 103:02 12060913                  /usr/lib/jvm/java-11-openjdk-amd64/lib/libjimage.so
7fd2aa499000-7fd2aa49b000 r--p 00000000 103:02 12060943                  /usr/lib/jvm/java-11-openjdk-amd64/lib/libzip.so
7fd2aa49b000-7fd2aa49f000 r-xp 00002000 103:02 12060943                  /usr/lib/jvm/java-11-openjdk-amd64/lib/libzip.so
7fd2aa49f000-7fd2aa4a1000 r--p 00006000 103:02 12060943                  /usr/lib/jvm/java-11-openjdk-amd64/lib/libzip.so
7fd2aa4a1000-7fd2aa4a2000 r--p 00007000 103:02 12060943                  /usr/lib/jvm/java-11-openjdk-amd64/lib/libzip.so
7fd2aa4a2000-7fd2aa4a3000 rw-p 00008000 103:02 12060943                  /usr/lib/jvm/java-11-openjdk-amd64/lib/libzip.so
7fd2aa4a3000-7fd2aa4a5000 r--p 00000000 103:02 12060910                  /usr/lib/jvm/java-11-openjdk-amd64/lib/libjdwp.so
7fd2aa4a5000-7fd2aa4d1000 r-xp 00002000 103:02 12060910                  /usr/lib/jvm/java-11-openjdk-amd64/lib/libjdwp.so
7fd2aa4d1000-7fd2aa4df000 r--p 0002e000 103:02 12060910                  /usr/lib/jvm/java-11-openjdk-amd64/lib/libjdwp.so
7fd2aa4df000-7fd2aa4e0000 r--p 0003b000 103:02 12060910                  /usr/lib/jvm/java-11-openjdk-amd64/lib/libjdwp.so
7fd2aa4e0000-7fd2aa4e1000 rw-p 0003c000 103:02 12060910                  /usr/lib/jvm/java-11-openjdk-amd64/lib/libjdwp.so
7fd2aa4e1000-7fd2aa4ee000 r--p 00000000 103:02 12060906                  /usr/lib/jvm/java-11-openjdk-amd64/lib/libjava.so
7fd2aa4ee000-7fd2aa503000 r-xp 0000d000 103:02 12060906                  /usr/lib/jvm/java-11-openjdk-amd64/lib/libjava.so
7fd2aa503000-7fd2aa50a000 r--p 00022000 103:02 12060906                  /usr/lib/jvm/java-11-openjdk-amd64/lib/libjava.so
7fd2aa50a000-7fd2aa50b000 r--p 00028000 103:02 12060906                  /usr/lib/jvm/java-11-openjdk-amd64/lib/libjava.so
7fd2aa50b000-7fd2aa50d000 rw-p 00029000 103:02 12060906                  /usr/lib/jvm/java-11-openjdk-amd64/lib/libjava.so
7fd2aa50d000-7fd2aa50f000 r--p 00000000 103:02 11538333                  /usr/lib/x86_64-linux-gnu/librt-2.28.so
7fd2aa50f000-7fd2aa513000 r-xp 00002000 103:02 11538333                  /usr/lib/x86_64-linux-gnu/librt-2.28.so
7fd2aa513000-7fd2aa515000 r--p 00006000 103:02 11538333                  /usr/lib/x86_64-linux-gnu/librt-2.28.so
7fd2aa515000-7fd2aa516000 r--p 00007000 103:02 11538333                  /usr/lib/x86_64-linux-gnu/librt-2.28.so
7fd2aa516000-7fd2aa517000 rw-p 00008000 103:02 11538333                  /usr/lib/x86_64-linux-gnu/librt-2.28.so
7fd2aa517000-7fd2aa51b000 ---p 00000000 00:00 0 
7fd2aa51b000-7fd2aa618000 rw-p 00000000 00:00 0 
7fd2aa618000-7fd2aa61b000 r--p 00000000 103:02 11537664                  /usr/lib/x86_64-linux-gnu/libgcc_s.so.1
7fd2aa61b000-7fd2aa62c000 r-xp 00003000 103:02 11537664                  /usr/lib/x86_64-linux-gnu/libgcc_s.so.1
7fd2aa62c000-7fd2aa62f000 r--p 00014000 103:02 11537664                  /usr/lib/x86_64-linux-gnu/libgcc_s.so.1
7fd2aa62f000-7fd2aa630000 ---p 00017000 103:02 11537664                  /usr/lib/x86_64-linux-gnu/libgcc_s.so.1
7fd2aa630000-7fd2aa631000 r--p 00017000 103:02 11537664                  /usr/lib/x86_64-linux-gnu/libgcc_s.so.1
7fd2aa631000-7fd2aa632000 rw-p 00018000 103:02 11537664                  /usr/lib/x86_64-linux-gnu/libgcc_s.so.1
7fd2aa632000-7fd2aa63f000 r--p 00000000 103:02 11538227                  /usr/lib/x86_64-linux-gnu/libm-2.28.so
7fd2aa63f000-7fd2aa6de000 r-xp 0000d000 103:02 11538227                  /usr/lib/x86_64-linux-gnu/libm-2.28.so
7fd2aa6de000-7fd2aa7b3000 r--p 000ac000 103:02 11538227                  /usr/lib/x86_64-linux-gnu/libm-2.28.so
7fd2aa7b3000-7fd2aa7b4000 r--p 00180000 103:02 11538227                  /usr/lib/x86_64-linux-gnu/libm-2.28.so
7fd2aa7b4000-7fd2aa7b5000 rw-p 00181000 103:02 11538227                  /usr/lib/x86_64-linux-gnu/libm-2.28.so
7fd2aa7b5000-7fd2aa83e000 r--p 00000000 103:02 11536901                  /usr/lib/x86_64-linux-gnu/libstdc++.so.6.0.25
7fd2aa83e000-7fd2aa8ea000 r-xp 00089000 103:02 11536901                  /usr/lib/x86_64-linux-gnu/libstdc++.so.6.0.25
7fd2aa8ea000-7fd2aa928000 r--p 00135000 103:02 11536901                  /usr/lib/x86_64-linux-gnu/libstdc++.so.6.0.25
7fd2aa928000-7fd2aa929000 ---p 00173000 103:02 11536901                  /usr/lib/x86_64-linux-gnu/libstdc++.so.6.0.25
7fd2aa929000-7fd2aa933000 r--p 00173000 103:02 11536901                  /usr/lib/x86_64-linux-gnu/libstdc++.so.6.0.25
7fd2aa933000-7fd2aa935000 rw-p 0017d000 103:02 11536901                  /usr/lib/x86_64-linux-gnu/libstdc++.so.6.0.25
7fd2aa935000-7fd2aa939000 rw-p 00000000 00:00 0 
7fd2aa939000-7fd2aaba7000 r--p 00000000 103:02 12191693                  /usr/lib/jvm/java-11-openjdk-amd64/lib/server/libjvm.so
7fd2aaba7000-7fd2ab6c5000 r-xp 0026e000 103:02 12191693                  /usr/lib/jvm/java-11-openjdk-amd64/lib/server/libjvm.so
7fd2ab6c5000-7fd2ab8fd000 r--p 00d8c000 103:02 12191693                  /usr/lib/jvm/java-11-openjdk-amd64/lib/server/libjvm.so
7fd2ab8fd000-7fd2ab8fe000 ---p 00fc4000 103:02 12191693                  /usr/lib/jvm/java-11-openjdk-amd64/lib/server/libjvm.so
7fd2ab8fe000-7fd2ab9bb000 r--p 00fc4000 103:02 12191693                  /usr/lib/jvm/java-11-openjdk-amd64/lib/server/libjvm.so
7fd2ab9bb000-7fd2ab9f4000 rw-p 01081000 103:02 12191693                  /usr/lib/jvm/java-11-openjdk-amd64/lib/server/libjvm.so
7fd2ab9f4000-7fd2aba4c000 rw-p 00000000 00:00 0 
7fd2aba4c000-7fd2aba6e000 r--p 00000000 103:02 11538219                  /usr/lib/x86_64-linux-gnu/libc-2.28.so
7fd2aba6e000-7fd2abbb6000 r-xp 00022000 103:02 11538219                  /usr/lib/x86_64-linux-gnu/libc-2.28.so
7fd2abbb6000-7fd2abc02000 r--p 0016a000 103:02 11538219                  /usr/lib/x86_64-linux-gnu/libc-2.28.so
7fd2abc02000-7fd2abc03000 ---p 001b6000 103:02 11538219                  /usr/lib/x86_64-linux-gnu/libc-2.28.so
7fd2abc03000-7fd2abc07000 r--p 001b6000 103:02 11538219                  /usr/lib/x86_64-linux-gnu/libc-2.28.so
7fd2abc07000-7fd2abc09000 rw-p 001ba000 103:02 11538219                  /usr/lib/x86_64-linux-gnu/libc-2.28.so
7fd2abc09000-7fd2abc0d000 rw-p 00000000 00:00 0 
7fd2abc0d000-7fd2abc0e000 r--p 00000000 103:02 11538225                  /usr/lib/x86_64-linux-gnu/libdl-2.28.so
7fd2abc0e000-7fd2abc0f000 r-xp 00001000 103:02 11538225                  /usr/lib/x86_64-linux-gnu/libdl-2.28.so
7fd2abc0f000-7fd2abc10000 r--p 00002000 103:02 11538225                  /usr/lib/x86_64-linux-gnu/libdl-2.28.so
7fd2abc10000-7fd2abc11000 r--p 00002000 103:02 11538225                  /usr/lib/x86_64-linux-gnu/libdl-2.28.so
7fd2abc11000-7fd2abc12000 rw-p 00003000 103:02 11538225                  /usr/lib/x86_64-linux-gnu/libdl-2.28.so
7fd2abc12000-7fd2abc15000 r--p 00000000 103:02 12191689                  /usr/lib/jvm/java-11-openjdk-amd64/lib/jli/libjli.so
7fd2abc15000-7fd2abc1f000 r-xp 00003000 103:02 12191689                  /usr/lib/jvm/java-11-openjdk-amd64/lib/jli/libjli.so
7fd2abc1f000-7fd2abc22000 r--p 0000d000 103:02 12191689                  /usr/lib/jvm/java-11-openjdk-amd64/lib/jli/libjli.so
7fd2abc22000-7fd2abc23000 r--p 0000f000 103:02 12191689                  /usr/lib/jvm/java-11-openjdk-amd64/lib/jli/libjli.so
7fd2abc23000-7fd2abc24000 rw-p 00010000 103:02 12191689                  /usr/lib/jvm/java-11-openjdk-amd64/lib/jli/libjli.so
7fd2abc24000-7fd2abc2a000 r--p 00000000 103:02 11538330                  /usr/lib/x86_64-linux-gnu/libpthread-2.28.so
7fd2abc2a000-7fd2abc39000 r-xp 00006000 103:02 11538330                  /usr/lib/x86_64-linux-gnu/libpthread-2.28.so
7fd2abc39000-7fd2abc3f000 r--p 00015000 103:02 11538330                  /usr/lib/x86_64-linux-gnu/libpthread-2.28.so
7fd2abc3f000-7fd2abc40000 r--p 0001a000 103:02 11538330                  /usr/lib/x86_64-linux-gnu/libpthread-2.28.so
7fd2abc40000-7fd2abc41000 rw-p 0001b000 103:02 11538330                  /usr/lib/x86_64-linux-gnu/libpthread-2.28.so
7fd2abc41000-7fd2abc45000 rw-p 00000000 00:00 0 
7fd2abc45000-7fd2abc61000 r-xp 00000000 103:02 11539641                  /usr/lib/x86_64-linux-gnu/libz.so.1.2.11
7fd2abc61000-7fd2abe61000 ---p 0001c000 103:02 11539641                  /usr/lib/x86_64-linux-gnu/libz.so.1.2.11
7fd2abe61000-7fd2abe62000 r--p 0001c000 103:02 11539641                  /usr/lib/x86_64-linux-gnu/libz.so.1.2.11
7fd2abe62000-7fd2abe63000 rw-p 0001d000 103:02 11539641                  /usr/lib/x86_64-linux-gnu/libz.so.1.2.11
7fd2abe63000-7fd2abe65000 rw-p 00000000 00:00 0 
7fd2abe65000-7fd2abe66000 r--p 00000000 103:02 12193064                  /usr/lib/locale/ko_KR.utf8/LC_IDENTIFICATION
7fd2abe66000-7fd2abe6e000 rw-s 00000000 103:02 6298179                   /tmp/hsperfdata_root/16800
7fd2abe6e000-7fd2abe71000 r--p 00000000 103:02 11538318                  /usr/lib/x86_64-linux-gnu/libnss_files-2.28.so
7fd2abe71000-7fd2abe78000 r-xp 00003000 103:02 11538318                  /usr/lib/x86_64-linux-gnu/libnss_files-2.28.so
7fd2abe78000-7fd2abe7a000 r--p 0000a000 103:02 11538318                  /usr/lib/x86_64-linux-gnu/libnss_files-2.28.so
7fd2abe7a000-7fd2abe7b000 ---p 0000c000 103:02 11538318                  /usr/lib/x86_64-linux-gnu/libnss_files-2.28.so
7fd2abe7b000-7fd2abe7c000 r--p 0000c000 103:02 11538318                  /usr/lib/x86_64-linux-gnu/libnss_files-2.28.so
7fd2abe7c000-7fd2abe7d000 rw-p 0000d000 103:02 11538318                  /usr/lib/x86_64-linux-gnu/libnss_files-2.28.so
7fd2abe7d000-7fd2abe83000 rw-p 00000000 00:00 0 
7fd2abe83000-7fd2abe84000 ---p 00000000 00:00 0 
7fd2abe84000-7fd2abe85000 r--p 00000000 00:00 0 
7fd2abe85000-7fd2abe8a000 r--p 00000000 103:02 12060940                  /usr/lib/jvm/java-11-openjdk-amd64/lib/libverify.so
7fd2abe8a000-7fd2abe91000 r-xp 00005000 103:02 12060940                  /usr/lib/jvm/java-11-openjdk-amd64/lib/libverify.so
7fd2abe91000-7fd2abe93000 r--p 0000c000 103:02 12060940                  /usr/lib/jvm/java-11-openjdk-amd64/lib/libverify.so
7fd2abe93000-7fd2abe95000 r--p 0000d000 103:02 12060940                  /usr/lib/jvm/java-11-openjdk-amd64/lib/libverify.so
7fd2abe95000-7fd2abe96000 rw-p 0000f000 103:02 12060940                  /usr/lib/jvm/java-11-openjdk-amd64/lib/libverify.so
7fd2abe96000-7fd2abe97000 r--p 00000000 103:02 11536842                  /usr/lib/x86_64-linux-gnu/ld-2.28.so
7fd2abe97000-7fd2abeb5000 r-xp 00001000 103:02 11536842                  /usr/lib/x86_64-linux-gnu/ld-2.28.so
7fd2abeb5000-7fd2abebd000 r--p 0001f000 103:02 11536842                  /usr/lib/x86_64-linux-gnu/ld-2.28.so
7fd2abebd000-7fd2abebe000 r--p 00026000 103:02 11536842                  /usr/lib/x86_64-linux-gnu/ld-2.28.so
7fd2abebe000-7fd2abebf000 rw-p 00027000 103:02 11536842                  /usr/lib/x86_64-linux-gnu/ld-2.28.so
7fd2abebf000-7fd2abec0000 rw-p 00000000 00:00 0 
7ffc27e5b000-7ffc27e7d000 rw-p 00000000 00:00 0                          [stack]
7ffc27f62000-7ffc27f65000 r--p 00000000 00:00 0                          [vvar]
7ffc27f65000-7ffc27f67000 r-xp 00000000 00:00 0                          [vdso]


VM Arguments:
jvm_args: -agentlib:jdwp=transport=dt_socket,server=n,suspend=y,address=localhost:42435 -Dfile.encoding=UTF-8 
java_command: com.recognizer.Recognizer
java_class_path (initial): /inz/git/number-plate-recognizer/target/classes:/root/.m2/repository/net/java/dev/jna/jna/5.2.0/jna-5.2.0.jar:/root/.m2/repository/com/github/jai-imageio/jai-imageio-core/1.4.0/jai-imageio-core-1.4.0.jar:/root/.m2/repository/org/ghost4j/ghost4j/1.0.1/ghost4j-1.0.1.jar:/root/.m2/repository/log4j/log4j/1.2.17/log4j-1.2.17.jar:/root/.m2/repository/commons-beanutils/commons-beanutils/1.9.2/commons-beanutils-1.9.2.jar:/root/.m2/repository/commons-collections/commons-collections/3.2.1/commons-collections-3.2.1.jar:/root/.m2/repository/org/apache/xmlgraphics/xmlgraphics-commons/1.4/xmlgraphics-commons-1.4.jar:/root/.m2/repository/com/lowagie/itext/2.1.7/itext-2.1.7.jar:/root/.m2/repository/org/apache/pdfbox/pdfbox/2.0.14/pdfbox-2.0.14.jar:/root/.m2/repository/org/apache/pdfbox/fontbox/2.0.14/fontbox-2.0.14.jar:/root/.m2/repository/commons-logging/commons-logging/1.2/commons-logging-1.2.jar:/root/.m2/repository/org/apache/pdfbox/pdfbox-tools/2.0.14/pdfbox-tools-2.0.14.jar:/root/.m2/repository/org/apache/pdfbox/pdfbox-debugger/2.0.14/pdfbox-debugger-2.0.14.jar:/root/.m2/repository/org/apache/pdfbox/jbig2-imageio/3.0.2/jbig2-imageio-3.0.2.jar:/root/.m2/repository/commons-io/commons-io/2.6/commons-io-2.6.jar:/root/.m2/repository/net/sourceforge/lept4j/lept4j/1.12.0/lept4j-1.12.0.jar:/root/.m2/repository/org/jboss/jboss-vfs/3.2.14.Final/jboss-vfs-3.2.14.Final.jar:/root/.m2/repository/org/jboss/logging/jboss-logging/3.1.4.GA/jboss-logging-3.1.4.GA.jar:/root/.m2/repository/ch/qos/logback/logback-classic/1.2.3/logback-classic-1.2.3.jar:/root/.m2/repository/ch/qos/logback/logback-core/1.2.3/logback-core-1.2.3.jar:/root/.m2/repository/org/slf4j/slf4j-api/1.7.25/slf4j-api-1.7.25.jar:/root/.m2/repository/org/slf4j/jul-to-slf4j/1.7.26/jul-to-slf4j-1.7.26.jar:/root/.m2/repository/org/slf4j/jcl-over-slf4j/1.7.26/jcl-over-slf4j-1.7.26.jar:/root/.m2/repository/org/slf4j/log4j-over-slf4j/1.7.26/log4j-over-slf4j-1.7.26.jar
Launcher Type: SUN_STANDARD

[Global flags]
     intx CICompilerCount                          = 4                                         {product} {ergonomic}
     uint ConcGCThreads                            = 2                                         {product} {ergonomic}
     uint G1ConcRefinementThreads                  = 8                                         {product} {ergonomic}
   size_t G1HeapRegionSize                         = 1048576                                   {product} {ergonomic}
    uintx GCDrainStackTargetSize                   = 64                                        {product} {ergonomic}
   size_t InitialHeapSize                          = 197132288                                 {product} {ergonomic}
   size_t MarkStackSize                            = 4194304                                   {product} {ergonomic}
   size_t MaxHeapSize                              = 3124756480                                {product} {ergonomic}
   size_t MaxNewSize                               = 1874853888                                {product} {ergonomic}
   size_t MinHeapDeltaBytes                        = 1048576                                   {product} {ergonomic}
    uintx NonNMethodCodeHeapSize                   = 5835340                                {pd product} {ergonomic}
    uintx NonProfiledCodeHeapSize                  = 122911450                              {pd product} {ergonomic}
    uintx ProfiledCodeHeapSize                     = 122911450                              {pd product} {ergonomic}
    uintx ReservedCodeCacheSize                    = 251658240                              {pd product} {ergonomic}
     bool SegmentedCodeCache                       = true                                      {product} {ergonomic}
     bool UseCompressedClassPointers               = true                                 {lp64_product} {ergonomic}
     bool UseCompressedOops                        = true                                 {lp64_product} {ergonomic}
     bool UseG1GC                                  = true                                      {product} {ergonomic}

Logging:
Log output configuration:
 #0: stdout all=warning uptime,level,tags
 #1: stderr all=off uptime,level,tags

Environment Variables:
JAVA_HOME=/usr/lib/jvm/java-11-openjdk-amd64
PATH=/bin/lscript:/bin/lscript:/usr/local/sbin:/usr/local/bin:/usr/sbin:/usr/bin:/sbin:/bin:/usr/lib/jvm/java-11-openjdk-amd64/bin:/usr/share/ant/bin
USERNAME=root
SHELL=/bin/bash
DISPLAY=:1

Signal Handlers:
SIGSEGV: [libjvm.so+0xd19af0], sa_mask[0]=11111111011111111101111111111110, sa_flags=SA_RESTART|SA_SIGINFO
SIGBUS: [libjvm.so+0xd19af0], sa_mask[0]=11111111011111111101111111111110, sa_flags=SA_RESTART|SA_SIGINFO
SIGFPE: [libjvm.so+0xd19af0], sa_mask[0]=11111111011111111101111111111110, sa_flags=SA_RESTART|SA_SIGINFO
SIGPIPE: [libjvm.so+0xb21690], sa_mask[0]=11111111011111111101111111111110, sa_flags=SA_RESTART|SA_SIGINFO
SIGXFSZ: [libjvm.so+0xb21690], sa_mask[0]=11111111011111111101111111111110, sa_flags=SA_RESTART|SA_SIGINFO
SIGILL: [libjvm.so+0xd19af0], sa_mask[0]=11111111011111111101111111111110, sa_flags=SA_RESTART|SA_SIGINFO
SIGUSR2: [libjvm.so+0xb21520], sa_mask[0]=00000000000000000000000000000000, sa_flags=SA_RESTART|SA_SIGINFO
SIGHUP: [libjvm.so+0xb21a90], sa_mask[0]=11111111011111111101111111111110, sa_flags=SA_RESTART|SA_SIGINFO
SIGINT: [libjvm.so+0xb21a90], sa_mask[0]=11111111011111111101111111111110, sa_flags=SA_RESTART|SA_SIGINFO
SIGTERM: [libjvm.so+0xb21a90], sa_mask[0]=11111111011111111101111111111110, sa_flags=SA_RESTART|SA_SIGINFO
SIGQUIT: [libjvm.so+0xb21a90], sa_mask[0]=11111111011111111101111111111110, sa_flags=SA_RESTART|SA_SIGINFO


---------------  S Y S T E M  ---------------

OS:DISTRIB_ID=Kali
DISTRIB_RELEASE=kali-rolling
DISTRIB_CODENAME=kali-rolling
DISTRIB_DESCRIPTION="Kali GNU/Linux Rolling"
uname:Linux 4.19.0-kali4-amd64 #1 SMP Debian 4.19.28-2kali1 (2019-03-18) x86_64
libc:glibc 2.28 NPTL 2.28 
rlimit: STACK 8192k, CORE 0k, NPROC 47304, NOFILE 1048576, AS infinity, DATA infinity, FSIZE infinity
load average:1.31 1.32 1.17

/proc/meminfo:
MemTotal:       12204584 kB
MemFree:         3873388 kB
MemAvailable:    8254616 kB
Buffers:          530752 kB
Cached:          4188584 kB
SwapCached:            0 kB
Active:          5045356 kB
Inactive:        2538580 kB
Active(anon):    2751656 kB
Inactive(anon):   551320 kB
Active(file):    2293700 kB
Inactive(file):  1987260 kB
Unevictable:          32 kB
Mlocked:              32 kB
SwapTotal:      12489724 kB
SwapFree:       12489724 kB
Dirty:             32944 kB
Writeback:             0 kB
AnonPages:       2751292 kB
Mapped:           771252 kB
Shmem:            576084 kB
Slab:             574872 kB
SReclaimable:     424320 kB
SUnreclaim:       150552 kB
KernelStack:       15136 kB
PageTables:        34796 kB
NFS_Unstable:          0 kB
Bounce:                0 kB
WritebackTmp:          0 kB
CommitLimit:    18592016 kB
Committed_AS:   10839020 kB
VmallocTotal:   34359738367 kB
VmallocUsed:           0 kB
VmallocChunk:          0 kB
Percpu:             3744 kB
HardwareCorrupted:     0 kB
AnonHugePages:    948224 kB
ShmemHugePages:        0 kB
ShmemPmdMapped:        0 kB
HugePages_Total:       0
HugePages_Free:        0
HugePages_Rsvd:        0
HugePages_Surp:        0
Hugepagesize:       2048 kB
Hugetlb:               0 kB
DirectMap4k:      312948 kB
DirectMap2M:    12177408 kB
DirectMap1G:           0 kB


/proc/sys/kernel/threads-max (system-wide limit on the number of threads):
94608


/proc/sys/vm/max_map_count (maximum number of memory map areas a process may have):
65530


/proc/sys/kernel/pid_max (system-wide limit on number of process identifiers):
32768



container (cgroup) information:
container_type: cgroupv1
cpu_cpuset_cpus: 0-7
cpu_memory_nodes: 0
active_processor_count: 8
cpu_quota: -1
cpu_period: 100000
cpu_shares: -1
memory_limit_in_bytes: -1
memory_and_swap_limit_in_bytes: -2
memory_soft_limit_in_bytes: -1
memory_usage_in_bytes: 5030375424
memory_max_usage_in_bytes: 6285438976


CPU:total 8 (initial active 8) (4 cores per cpu, 2 threads per core) family 6 model 142 stepping 10, cmov, cx8, fxsr, mmx, sse, sse2, sse3, ssse3, sse4.1, sse4.2, popcnt, avx, avx2, aes, clmul, erms, 3dnowpref, lzcnt, ht, tsc, tscinvbit, bmi1, bmi2, adx, fma
CPU Model and flags from /proc/cpuinfo:
model name	: Intel(R) Core(TM) i7-8550U CPU @ 1.80GHz
flags		: fpu vme de pse tsc msr pae mce cx8 apic sep mtrr pge mca cmov pat pse36 clflush dts acpi mmx fxsr sse sse2 ss ht tm pbe syscall nx pdpe1gb rdtscp lm constant_tsc art arch_perfmon pebs bts rep_good nopl xtopology nonstop_tsc cpuid aperfmperf tsc_known_freq pni pclmulqdq dtes64 monitor ds_cpl vmx est tm2 ssse3 sdbg fma cx16 xtpr pdcm pcid sse4_1 sse4_2 x2apic movbe popcnt tsc_deadline_timer aes xsave avx f16c rdrand lahf_lm abm 3dnowprefetch cpuid_fault epb invpcid_single pti ssbd ibrs ibpb stibp tpr_shadow vnmi flexpriority ept vpid ept_ad fsgsbase tsc_adjust bmi1 avx2 smep bmi2 erms invpcid mpx rdseed adx smap clflushopt intel_pt xsaveopt xsavec xgetbv1 xsaves dtherm ida arat pln pts hwp hwp_notify hwp_act_window hwp_epp flush_l1d

Memory: 4k page, physical 12204584k(3873388k free), swap 12489724k(12489724k free)

vm_info: OpenJDK 64-Bit Server VM (11.0.3+1-Debian-1) for linux-amd64 JRE (11.0.3+1-Debian-1), built on Feb 27 2019 14:44:14 by "buildd" with gcc 8.2.0

END.
